
*** Running vivado
    with args -log design_1_PSDMonitorTop_0_0.vds -m64 -product Vivado -mode batch -messageDb vivado.pb -notrace -source design_1_PSDMonitorTop_0_0.tcl


****** Vivado v2024.1 (64-bit)
  **** SW Build 5076996 on Wed May 22 18:36:09 MDT 2024
  **** IP Build 5075265 on Wed May 22 21:45:21 MDT 2024
  **** SharedData Build 5076995 on Wed May 22 18:29:18 MDT 2024
  **** Start of session at: Mon Apr 20 15:57:09 2026
    ** Copyright 1986-2022 Xilinx, Inc. All Rights Reserved.
    ** Copyright 2022-2024 Advanced Micro Devices, Inc. All Rights Reserved.

source design_1_PSDMonitorTop_0_0.tcl -notrace
INFO: [IP_Flow 19-234] Refreshing IP repositories
INFO: [IP_Flow 19-1700] Loaded user IP repository '/home/levlabcukomen/Desktop/VitisProjects/PSDMonitor/PSDMonitor/PSDMonitorTop/hls/impl/ip'.
INFO: [IP_Flow 19-2313] Loaded Vivado IP repository '/home/levlabcukomen/tools/Vivado/2024.1/data/ip'.
INFO: [IP_Flow 19-6924] IPCACHE: Running cache check for IP inst: design_1_PSDMonitorTop_0_0
Command: synth_design -top design_1_PSDMonitorTop_0_0 -part xc7z010clg400-1 -incremental_mode off -mode out_of_context
Starting synth_design
Attempting to get a license for feature 'Synthesis' and/or device 'xc7z010'
INFO: [Common 17-349] Got license for feature 'Synthesis' and/or device 'xc7z010'
INFO: [Device 21-403] Loading part xc7z010clg400-1
INFO: [Device 21-9227] Part: xc7z010clg400-1 does not have CEAM library.
INFO: [Synth 8-7079] Multithreading enabled for synth_design using a maximum of 4 processes.
INFO: [Synth 8-7078] Launching helper process for spawning children vivado processes
INFO: [Synth 8-7075] Helper process launched with PID 4058134
---------------------------------------------------------------------------------
Starting RTL Elaboration : Time (s): cpu = 00:00:03 ; elapsed = 00:00:03 . Memory (MB): peak = 2208.168 ; gain = 411.746 ; free physical = 11110 ; free virtual = 40265
---------------------------------------------------------------------------------
INFO: [Synth 8-6157] synthesizing module 'design_1_PSDMonitorTop_0_0' [/home/levlabcukomen/Desktop/VitisProjects/PSDMonitor/PSDMonitor/PSDMonitor.gen/sources_1/bd/design_1/ip/design_1_PSDMonitorTop_0_0/synth/design_1_PSDMonitorTop_0_0.v:53]
INFO: [Synth 8-6157] synthesizing module 'PSDMonitorTop' [/home/levlabcukomen/Desktop/VitisProjects/PSDMonitor/PSDMonitor/PSDMonitor.gen/sources_1/bd/design_1/ipshared/d660/hdl/verilog/PSDMonitorTop.v:9]
INFO: [Synth 8-6157] synthesizing module 'PSDMonitorTop_CTRL_s_axi' [/home/levlabcukomen/Desktop/VitisProjects/PSDMonitor/PSDMonitor/PSDMonitor.gen/sources_1/bd/design_1/ipshared/d660/hdl/verilog/PSDMonitorTop_CTRL_s_axi.v:9]
INFO: [Synth 8-155] case statement is not full and has no default [/home/levlabcukomen/Desktop/VitisProjects/PSDMonitor/PSDMonitor/PSDMonitor.gen/sources_1/bd/design_1/ipshared/d660/hdl/verilog/PSDMonitorTop_CTRL_s_axi.v:214]
INFO: [Synth 8-6155] done synthesizing module 'PSDMonitorTop_CTRL_s_axi' (0#1) [/home/levlabcukomen/Desktop/VitisProjects/PSDMonitor/PSDMonitor/PSDMonitor.gen/sources_1/bd/design_1/ipshared/d660/hdl/verilog/PSDMonitorTop_CTRL_s_axi.v:9]
INFO: [Synth 8-6157] synthesizing module 'PSDMonitorTop_flow_control_loop_pipe' [/home/levlabcukomen/Desktop/VitisProjects/PSDMonitor/PSDMonitor/PSDMonitor.gen/sources_1/bd/design_1/ipshared/d660/hdl/verilog/PSDMonitorTop_flow_control_loop_pipe.v:11]
INFO: [Synth 8-6155] done synthesizing module 'PSDMonitorTop_flow_control_loop_pipe' (0#1) [/home/levlabcukomen/Desktop/VitisProjects/PSDMonitor/PSDMonitor/PSDMonitor.gen/sources_1/bd/design_1/ipshared/d660/hdl/verilog/PSDMonitorTop_flow_control_loop_pipe.v:11]
INFO: [Synth 8-6157] synthesizing module 'PSDMonitorTop_regslice_both' [/home/levlabcukomen/Desktop/VitisProjects/PSDMonitor/PSDMonitor/PSDMonitor.gen/sources_1/bd/design_1/ipshared/d660/hdl/verilog/PSDMonitorTop_regslice_both.v:9]
INFO: [Synth 8-6155] done synthesizing module 'PSDMonitorTop_regslice_both' (0#1) [/home/levlabcukomen/Desktop/VitisProjects/PSDMonitor/PSDMonitor/PSDMonitor.gen/sources_1/bd/design_1/ipshared/d660/hdl/verilog/PSDMonitorTop_regslice_both.v:9]
INFO: [Synth 8-6157] synthesizing module 'PSDMonitorTop_regslice_both__parameterized0' [/home/levlabcukomen/Desktop/VitisProjects/PSDMonitor/PSDMonitor/PSDMonitor.gen/sources_1/bd/design_1/ipshared/d660/hdl/verilog/PSDMonitorTop_regslice_both.v:9]
INFO: [Synth 8-6155] done synthesizing module 'PSDMonitorTop_regslice_both__parameterized0' (0#1) [/home/levlabcukomen/Desktop/VitisProjects/PSDMonitor/PSDMonitor/PSDMonitor.gen/sources_1/bd/design_1/ipshared/d660/hdl/verilog/PSDMonitorTop_regslice_both.v:9]
INFO: [Synth 8-6157] synthesizing module 'PSDMonitorTop_regslice_both__parameterized1' [/home/levlabcukomen/Desktop/VitisProjects/PSDMonitor/PSDMonitor/PSDMonitor.gen/sources_1/bd/design_1/ipshared/d660/hdl/verilog/PSDMonitorTop_regslice_both.v:9]
INFO: [Synth 8-6155] done synthesizing module 'PSDMonitorTop_regslice_both__parameterized1' (0#1) [/home/levlabcukomen/Desktop/VitisProjects/PSDMonitor/PSDMonitor/PSDMonitor.gen/sources_1/bd/design_1/ipshared/d660/hdl/verilog/PSDMonitorTop_regslice_both.v:9]
INFO: [Synth 8-6155] done synthesizing module 'PSDMonitorTop' (0#1) [/home/levlabcukomen/Desktop/VitisProjects/PSDMonitor/PSDMonitor/PSDMonitor.gen/sources_1/bd/design_1/ipshared/d660/hdl/verilog/PSDMonitorTop.v:9]
INFO: [Synth 8-6155] done synthesizing module 'design_1_PSDMonitorTop_0_0' (0#1) [/home/levlabcukomen/Desktop/VitisProjects/PSDMonitor/PSDMonitor/PSDMonitor.gen/sources_1/bd/design_1/ip/design_1_PSDMonitorTop_0_0/synth/design_1_PSDMonitorTop_0_0.v:53]
WARNING: [Synth 8-6014] Unused sequential element int_ap_done_reg was removed.  [/home/levlabcukomen/Desktop/VitisProjects/PSDMonitor/PSDMonitor/PSDMonitor.gen/sources_1/bd/design_1/ipshared/d660/hdl/verilog/PSDMonitorTop_CTRL_s_axi.v:282]
WARNING: [Synth 8-6014] Unused sequential element ap_phi_reg_pp0_iter1_val_adc1_1_reg_98_reg was removed.  [/home/levlabcukomen/Desktop/VitisProjects/PSDMonitor/PSDMonitor/PSDMonitor.gen/sources_1/bd/design_1/ipshared/d660/hdl/verilog/PSDMonitorTop.v:383]
WARNING: [Synth 8-6014] Unused sequential element error_accum_reg was removed.  [/home/levlabcukomen/Desktop/VitisProjects/PSDMonitor/PSDMonitor/PSDMonitor.gen/sources_1/bd/design_1/ipshared/d660/hdl/verilog/PSDMonitorTop.v:394]
WARNING: [Synth 8-6014] Unused sequential element fake_counter_reg was removed.  [/home/levlabcukomen/Desktop/VitisProjects/PSDMonitor/PSDMonitor/PSDMonitor.gen/sources_1/bd/design_1/ipshared/d660/hdl/verilog/PSDMonitorTop.v:400]
WARNING: [Synth 8-7129] Port ap_done_int in module PSDMonitorTop_flow_control_loop_pipe is either unconnected or has no load
WARNING: [Synth 8-7129] Port AWADDR[1] in module PSDMonitorTop_CTRL_s_axi is either unconnected or has no load
WARNING: [Synth 8-7129] Port AWADDR[0] in module PSDMonitorTop_CTRL_s_axi is either unconnected or has no load
WARNING: [Synth 8-7129] Port m_axi_gmem_AWREADY in module PSDMonitorTop is either unconnected or has no load
WARNING: [Synth 8-7129] Port m_axi_gmem_WREADY in module PSDMonitorTop is either unconnected or has no load
WARNING: [Synth 8-7129] Port m_axi_gmem_ARREADY in module PSDMonitorTop is either unconnected or has no load
WARNING: [Synth 8-7129] Port m_axi_gmem_RVALID in module PSDMonitorTop is either unconnected or has no load
WARNING: [Synth 8-7129] Port m_axi_gmem_RDATA[31] in module PSDMonitorTop is either unconnected or has no load
WARNING: [Synth 8-7129] Port m_axi_gmem_RDATA[30] in module PSDMonitorTop is either unconnected or has no load
WARNING: [Synth 8-7129] Port m_axi_gmem_RDATA[29] in module PSDMonitorTop is either unconnected or has no load
WARNING: [Synth 8-7129] Port m_axi_gmem_RDATA[28] in module PSDMonitorTop is either unconnected or has no load
WARNING: [Synth 8-7129] Port m_axi_gmem_RDATA[27] in module PSDMonitorTop is either unconnected or has no load
WARNING: [Synth 8-7129] Port m_axi_gmem_RDATA[26] in module PSDMonitorTop is either unconnected or has no load
WARNING: [Synth 8-7129] Port m_axi_gmem_RDATA[25] in module PSDMonitorTop is either unconnected or has no load
WARNING: [Synth 8-7129] Port m_axi_gmem_RDATA[24] in module PSDMonitorTop is either unconnected or has no load
WARNING: [Synth 8-7129] Port m_axi_gmem_RDATA[23] in module PSDMonitorTop is either unconnected or has no load
WARNING: [Synth 8-7129] Port m_axi_gmem_RDATA[22] in module PSDMonitorTop is either unconnected or has no load
WARNING: [Synth 8-7129] Port m_axi_gmem_RDATA[21] in module PSDMonitorTop is either unconnected or has no load
WARNING: [Synth 8-7129] Port m_axi_gmem_RDATA[20] in module PSDMonitorTop is either unconnected or has no load
WARNING: [Synth 8-7129] Port m_axi_gmem_RDATA[19] in module PSDMonitorTop is either unconnected or has no load
WARNING: [Synth 8-7129] Port m_axi_gmem_RDATA[18] in module PSDMonitorTop is either unconnected or has no load
WARNING: [Synth 8-7129] Port m_axi_gmem_RDATA[17] in module PSDMonitorTop is either unconnected or has no load
WARNING: [Synth 8-7129] Port m_axi_gmem_RDATA[16] in module PSDMonitorTop is either unconnected or has no load
WARNING: [Synth 8-7129] Port m_axi_gmem_RDATA[15] in module PSDMonitorTop is either unconnected or has no load
WARNING: [Synth 8-7129] Port m_axi_gmem_RDATA[14] in module PSDMonitorTop is either unconnected or has no load
WARNING: [Synth 8-7129] Port m_axi_gmem_RDATA[13] in module PSDMonitorTop is either unconnected or has no load
WARNING: [Synth 8-7129] Port m_axi_gmem_RDATA[12] in module PSDMonitorTop is either unconnected or has no load
WARNING: [Synth 8-7129] Port m_axi_gmem_RDATA[11] in module PSDMonitorTop is either unconnected or has no load
WARNING: [Synth 8-7129] Port m_axi_gmem_RDATA[10] in module PSDMonitorTop is either unconnected or has no load
WARNING: [Synth 8-7129] Port m_axi_gmem_RDATA[9] in module PSDMonitorTop is either unconnected or has no load
WARNING: [Synth 8-7129] Port m_axi_gmem_RDATA[8] in module PSDMonitorTop is either unconnected or has no load
WARNING: [Synth 8-7129] Port m_axi_gmem_RDATA[7] in module PSDMonitorTop is either unconnected or has no load
WARNING: [Synth 8-7129] Port m_axi_gmem_RDATA[6] in module PSDMonitorTop is either unconnected or has no load
WARNING: [Synth 8-7129] Port m_axi_gmem_RDATA[5] in module PSDMonitorTop is either unconnected or has no load
WARNING: [Synth 8-7129] Port m_axi_gmem_RDATA[4] in module PSDMonitorTop is either unconnected or has no load
WARNING: [Synth 8-7129] Port m_axi_gmem_RDATA[3] in module PSDMonitorTop is either unconnected or has no load
WARNING: [Synth 8-7129] Port m_axi_gmem_RDATA[2] in module PSDMonitorTop is either unconnected or has no load
WARNING: [Synth 8-7129] Port m_axi_gmem_RDATA[1] in module PSDMonitorTop is either unconnected or has no load
WARNING: [Synth 8-7129] Port m_axi_gmem_RDATA[0] in module PSDMonitorTop is either unconnected or has no load
WARNING: [Synth 8-7129] Port m_axi_gmem_RLAST in module PSDMonitorTop is either unconnected or has no load
WARNING: [Synth 8-7129] Port m_axi_gmem_RID[0] in module PSDMonitorTop is either unconnected or has no load
WARNING: [Synth 8-7129] Port m_axi_gmem_RUSER[0] in module PSDMonitorTop is either unconnected or has no load
WARNING: [Synth 8-7129] Port m_axi_gmem_RRESP[1] in module PSDMonitorTop is either unconnected or has no load
WARNING: [Synth 8-7129] Port m_axi_gmem_RRESP[0] in module PSDMonitorTop is either unconnected or has no load
WARNING: [Synth 8-7129] Port m_axi_gmem_BVALID in module PSDMonitorTop is either unconnected or has no load
WARNING: [Synth 8-7129] Port m_axi_gmem_BRESP[1] in module PSDMonitorTop is either unconnected or has no load
WARNING: [Synth 8-7129] Port m_axi_gmem_BRESP[0] in module PSDMonitorTop is either unconnected or has no load
WARNING: [Synth 8-7129] Port m_axi_gmem_BID[0] in module PSDMonitorTop is either unconnected or has no load
WARNING: [Synth 8-7129] Port m_axi_gmem_BUSER[0] in module PSDMonitorTop is either unconnected or has no load
---------------------------------------------------------------------------------
Finished RTL Elaboration : Time (s): cpu = 00:00:04 ; elapsed = 00:00:04 . Memory (MB): peak = 2298.105 ; gain = 501.684 ; free physical = 11037 ; free virtual = 40194
---------------------------------------------------------------------------------
---------------------------------------------------------------------------------
Start Handling Custom Attributes
---------------------------------------------------------------------------------
---------------------------------------------------------------------------------
Finished Handling Custom Attributes : Time (s): cpu = 00:00:04 ; elapsed = 00:00:04 . Memory (MB): peak = 2312.949 ; gain = 516.527 ; free physical = 11036 ; free virtual = 40193
---------------------------------------------------------------------------------
---------------------------------------------------------------------------------
Finished RTL Optimization Phase 1 : Time (s): cpu = 00:00:04 ; elapsed = 00:00:04 . Memory (MB): peak = 2312.949 ; gain = 516.527 ; free physical = 11036 ; free virtual = 40193
---------------------------------------------------------------------------------
Netlist sorting complete. Time (s): cpu = 00:00:00 ; elapsed = 00:00:00 . Memory (MB): peak = 2312.949 ; gain = 0.000 ; free physical = 11036 ; free virtual = 40193
INFO: [Project 1-570] Preparing netlist for logic optimization

Processing XDC Constraints
Initializing timing engine
Parsing XDC File [/home/levlabcukomen/Desktop/VitisProjects/PSDMonitor/PSDMonitor/PSDMonitor.gen/sources_1/bd/design_1/ip/design_1_PSDMonitorTop_0_0/constraints/PSDMonitorTop_ooc.xdc] for cell 'inst'
Finished Parsing XDC File [/home/levlabcukomen/Desktop/VitisProjects/PSDMonitor/PSDMonitor/PSDMonitor.gen/sources_1/bd/design_1/ip/design_1_PSDMonitorTop_0_0/constraints/PSDMonitorTop_ooc.xdc] for cell 'inst'
Parsing XDC File [/home/levlabcukomen/Desktop/VitisProjects/PSDMonitor/PSDMonitor/PSDMonitor.runs/design_1_PSDMonitorTop_0_0_synth_1/dont_touch.xdc]
Finished Parsing XDC File [/home/levlabcukomen/Desktop/VitisProjects/PSDMonitor/PSDMonitor/PSDMonitor.runs/design_1_PSDMonitorTop_0_0_synth_1/dont_touch.xdc]
Completed Processing XDC Constraints

Netlist sorting complete. Time (s): cpu = 00:00:00 ; elapsed = 00:00:00 . Memory (MB): peak = 2463.699 ; gain = 0.000 ; free physical = 11037 ; free virtual = 40194
INFO: [Project 1-111] Unisim Transformation Summary:
No Unisim elements were transformed.

Constraint Validation Runtime : Time (s): cpu = 00:00:00.02 ; elapsed = 00:00:00.01 . Memory (MB): peak = 2463.699 ; gain = 0.000 ; free physical = 11037 ; free virtual = 40194
INFO: [Designutils 20-5008] Incremental synthesis strategy off
---------------------------------------------------------------------------------
Finished Constraint Validation : Time (s): cpu = 00:00:08 ; elapsed = 00:00:08 . Memory (MB): peak = 2463.699 ; gain = 667.277 ; free physical = 11027 ; free virtual = 40184
---------------------------------------------------------------------------------
---------------------------------------------------------------------------------
Start Loading Part and Timing Information
---------------------------------------------------------------------------------
Loading part: xc7z010clg400-1
---------------------------------------------------------------------------------
Finished Loading Part and Timing Information : Time (s): cpu = 00:00:08 ; elapsed = 00:00:08 . Memory (MB): peak = 2471.703 ; gain = 675.281 ; free physical = 11027 ; free virtual = 40184
---------------------------------------------------------------------------------
---------------------------------------------------------------------------------
Start Applying 'set_property' XDC Constraints
---------------------------------------------------------------------------------
Applied set_property KEEP_HIERARCHY = SOFT for inst. (constraint file  /home/levlabcukomen/Desktop/VitisProjects/PSDMonitor/PSDMonitor/PSDMonitor.runs/design_1_PSDMonitorTop_0_0_synth_1/dont_touch.xdc, line 9).
---------------------------------------------------------------------------------
Finished applying 'set_property' XDC Constraints : Time (s): cpu = 00:00:08 ; elapsed = 00:00:08 . Memory (MB): peak = 2471.703 ; gain = 675.281 ; free physical = 11027 ; free virtual = 40184
---------------------------------------------------------------------------------
INFO: [Synth 8-802] inferred FSM for state register 'wstate_reg' in module 'PSDMonitorTop_CTRL_s_axi'
INFO: [Synth 8-802] inferred FSM for state register 'rstate_reg' in module 'PSDMonitorTop_CTRL_s_axi'
INFO: [Synth 8-802] inferred FSM for state register 'state_reg' in module 'PSDMonitorTop_regslice_both'
INFO: [Synth 8-802] inferred FSM for state register 'state_reg' in module 'PSDMonitorTop_regslice_both__parameterized0'
INFO: [Synth 8-802] inferred FSM for state register 'state_reg' in module 'PSDMonitorTop_regslice_both__parameterized1'
---------------------------------------------------------------------------------------------------
                   State |                     New Encoding |                Previous Encoding 
---------------------------------------------------------------------------------------------------
                  iSTATE |                             0001 |                               11
*
                  WRIDLE |                             0010 |                               00
                  WRDATA |                             0100 |                               01
                  WRRESP |                             1000 |                               10
---------------------------------------------------------------------------------------------------
INFO: [Synth 8-3354] encoded FSM with state register 'wstate_reg' using encoding 'one-hot' in module 'PSDMonitorTop_CTRL_s_axi'
---------------------------------------------------------------------------------------------------
                   State |                     New Encoding |                Previous Encoding 
---------------------------------------------------------------------------------------------------
                  iSTATE |                              001 |                               10
*
                  RDIDLE |                              010 |                               00
                  RDDATA |                              100 |                               01
---------------------------------------------------------------------------------------------------
INFO: [Synth 8-3354] encoded FSM with state register 'rstate_reg' using encoding 'one-hot' in module 'PSDMonitorTop_CTRL_s_axi'
---------------------------------------------------------------------------------------------------
                   State |                     New Encoding |                Previous Encoding 
---------------------------------------------------------------------------------------------------
                    ZERO |                               00 |                               10
                     ONE |                               10 |                               11
                     TWO |                               01 |                               01
---------------------------------------------------------------------------------------------------
INFO: [Synth 8-3354] encoded FSM with state register 'state_reg' using encoding 'sequential' in module 'PSDMonitorTop_regslice_both'
---------------------------------------------------------------------------------------------------
                   State |                     New Encoding |                Previous Encoding 
---------------------------------------------------------------------------------------------------
                    ZERO |                               00 |                               10
                     ONE |                               10 |                               11
                     TWO |                               01 |                               01
---------------------------------------------------------------------------------------------------
INFO: [Synth 8-3354] encoded FSM with state register 'state_reg' using encoding 'sequential' in module 'PSDMonitorTop_regslice_both__parameterized0'
---------------------------------------------------------------------------------------------------
                   State |                     New Encoding |                Previous Encoding 
---------------------------------------------------------------------------------------------------
                    ZERO |                               00 |                               10
                     ONE |                               10 |                               11
                     TWO |                               01 |                               01
---------------------------------------------------------------------------------------------------
INFO: [Synth 8-3354] encoded FSM with state register 'state_reg' using encoding 'sequential' in module 'PSDMonitorTop_regslice_both__parameterized1'
---------------------------------------------------------------------------------
Finished RTL Optimization Phase 2 : Time (s): cpu = 00:00:08 ; elapsed = 00:00:09 . Memory (MB): peak = 2471.703 ; gain = 675.281 ; free physical = 11025 ; free virtual = 40183
---------------------------------------------------------------------------------
---------------------------------------------------------------------------------
Start RTL Component Statistics 
---------------------------------------------------------------------------------
Detailed RTL Component Info : 
+---XORs : 
	   2 Input      1 Bit         XORs := 2     
+---Registers : 
	               32 Bit    Registers := 6     
	                6 Bit    Registers := 1     
	                4 Bit    Registers := 4     
	                2 Bit    Registers := 5     
	                1 Bit    Registers := 20    
+---Muxes : 
	   2 Input   32 Bit        Muxes := 2     
	   4 Input    4 Bit        Muxes := 1     
	   2 Input    4 Bit        Muxes := 5     
	   3 Input    3 Bit        Muxes := 1     
	   2 Input    3 Bit        Muxes := 2     
	   2 Input    2 Bit        Muxes := 40    
	   3 Input    2 Bit        Muxes := 12    
	   4 Input    2 Bit        Muxes := 4     
	   2 Input    1 Bit        Muxes := 20    
---------------------------------------------------------------------------------
Finished RTL Component Statistics 
---------------------------------------------------------------------------------
---------------------------------------------------------------------------------
Start Part Resource Summary
---------------------------------------------------------------------------------
Part Resources:
DSPs: 80 (col length:40)
BRAMs: 120 (col length: RAMB18 40 RAMB36 20)
---------------------------------------------------------------------------------
Finished Part Resource Summary
---------------------------------------------------------------------------------
---------------------------------------------------------------------------------
Start Cross Boundary and Area Optimization
---------------------------------------------------------------------------------
WARNING: [Synth 8-7080] Parallel synthesis criteria is not met
WARNING: [Synth 8-7129] Port m_axi_gmem_AWREADY in module PSDMonitorTop is either unconnected or has no load
WARNING: [Synth 8-7129] Port m_axi_gmem_WREADY in module PSDMonitorTop is either unconnected or has no load
WARNING: [Synth 8-7129] Port m_axi_gmem_ARREADY in module PSDMonitorTop is either unconnected or has no load
WARNING: [Synth 8-7129] Port m_axi_gmem_RVALID in module PSDMonitorTop is either unconnected or has no load
WARNING: [Synth 8-7129] Port m_axi_gmem_RDATA[31] in module PSDMonitorTop is either unconnected or has no load
WARNING: [Synth 8-7129] Port m_axi_gmem_RDATA[30] in module PSDMonitorTop is either unconnected or has no load
WARNING: [Synth 8-7129] Port m_axi_gmem_RDATA[29] in module PSDMonitorTop is either unconnected or has no load
WARNING: [Synth 8-7129] Port m_axi_gmem_RDATA[28] in module PSDMonitorTop is either unconnected or has no load
WARNING: [Synth 8-7129] Port m_axi_gmem_RDATA[27] in module PSDMonitorTop is either unconnected or has no load
WARNING: [Synth 8-7129] Port m_axi_gmem_RDATA[26] in module PSDMonitorTop is either unconnected or has no load
WARNING: [Synth 8-7129] Port m_axi_gmem_RDATA[25] in module PSDMonitorTop is either unconnected or has no load
WARNING: [Synth 8-7129] Port m_axi_gmem_RDATA[24] in module PSDMonitorTop is either unconnected or has no load
WARNING: [Synth 8-7129] Port m_axi_gmem_RDATA[23] in module PSDMonitorTop is either unconnected or has no load
WARNING: [Synth 8-7129] Port m_axi_gmem_RDATA[22] in module PSDMonitorTop is either unconnected or has no load
WARNING: [Synth 8-7129] Port m_axi_gmem_RDATA[21] in module PSDMonitorTop is either unconnected or has no load
WARNING: [Synth 8-7129] Port m_axi_gmem_RDATA[20] in module PSDMonitorTop is either unconnected or has no load
WARNING: [Synth 8-7129] Port m_axi_gmem_RDATA[19] in module PSDMonitorTop is either unconnected or has no load
WARNING: [Synth 8-7129] Port m_axi_gmem_RDATA[18] in module PSDMonitorTop is either unconnected or has no load
WARNING: [Synth 8-7129] Port m_axi_gmem_RDATA[17] in module PSDMonitorTop is either unconnected or has no load
WARNING: [Synth 8-7129] Port m_axi_gmem_RDATA[16] in module PSDMonitorTop is either unconnected or has no load
WARNING: [Synth 8-7129] Port m_axi_gmem_RDATA[15] in module PSDMonitorTop is either unconnected or has no load
WARNING: [Synth 8-7129] Port m_axi_gmem_RDATA[14] in module PSDMonitorTop is either unconnected or has no load
WARNING: [Synth 8-7129] Port m_axi_gmem_RDATA[13] in module PSDMonitorTop is either unconnected or has no load
WARNING: [Synth 8-7129] Port m_axi_gmem_RDATA[12] in module PSDMonitorTop is either unconnected or has no load
WARNING: [Synth 8-7129] Port m_axi_gmem_RDATA[11] in module PSDMonitorTop is either unconnected or has no load
WARNING: [Synth 8-7129] Port m_axi_gmem_RDATA[10] in module PSDMonitorTop is either unconnected or has no load
WARNING: [Synth 8-7129] Port m_axi_gmem_RDATA[9] in module PSDMonitorTop is either unconnected or has no load
WARNING: [Synth 8-7129] Port m_axi_gmem_RDATA[8] in module PSDMonitorTop is either unconnected or has no load
WARNING: [Synth 8-7129] Port m_axi_gmem_RDATA[7] in module PSDMonitorTop is either unconnected or has no load
WARNING: [Synth 8-7129] Port m_axi_gmem_RDATA[6] in module PSDMonitorTop is either unconnected or has no load
WARNING: [Synth 8-7129] Port m_axi_gmem_RDATA[5] in module PSDMonitorTop is either unconnected or has no load
WARNING: [Synth 8-7129] Port m_axi_gmem_RDATA[4] in module PSDMonitorTop is either unconnected or has no load
WARNING: [Synth 8-7129] Port m_axi_gmem_RDATA[3] in module PSDMonitorTop is either unconnected or has no load
WARNING: [Synth 8-7129] Port m_axi_gmem_RDATA[2] in module PSDMonitorTop is either unconnected or has no load
WARNING: [Synth 8-7129] Port m_axi_gmem_RDATA[1] in module PSDMonitorTop is either unconnected or has no load
WARNING: [Synth 8-7129] Port m_axi_gmem_RDATA[0] in module PSDMonitorTop is either unconnected or has no load
WARNING: [Synth 8-7129] Port m_axi_gmem_RLAST in module PSDMonitorTop is either unconnected or has no load
WARNING: [Synth 8-7129] Port m_axi_gmem_RID[0] in module PSDMonitorTop is either unconnected or has no load
WARNING: [Synth 8-7129] Port m_axi_gmem_RUSER[0] in module PSDMonitorTop is either unconnected or has no load
WARNING: [Synth 8-7129] Port m_axi_gmem_RRESP[1] in module PSDMonitorTop is either unconnected or has no load
WARNING: [Synth 8-7129] Port m_axi_gmem_RRESP[0] in module PSDMonitorTop is either unconnected or has no load
WARNING: [Synth 8-7129] Port m_axi_gmem_BVALID in module PSDMonitorTop is either unconnected or has no load
WARNING: [Synth 8-7129] Port m_axi_gmem_BRESP[1] in module PSDMonitorTop is either unconnected or has no load
WARNING: [Synth 8-7129] Port m_axi_gmem_BRESP[0] in module PSDMonitorTop is either unconnected or has no load
WARNING: [Synth 8-7129] Port m_axi_gmem_BID[0] in module PSDMonitorTop is either unconnected or has no load
WARNING: [Synth 8-7129] Port m_axi_gmem_BUSER[0] in module PSDMonitorTop is either unconnected or has no load
WARNING: [Synth 8-7129] Port adc_in_TDATA[31] in module PSDMonitorTop is either unconnected or has no load
WARNING: [Synth 8-7129] Port adc_in_TDATA[30] in module PSDMonitorTop is either unconnected or has no load
WARNING: [Synth 8-7129] Port adc_in_TDATA[29] in module PSDMonitorTop is either unconnected or has no load
WARNING: [Synth 8-7129] Port adc_in_TDATA[28] in module PSDMonitorTop is either unconnected or has no load
WARNING: [Synth 8-7129] Port adc_in_TDATA[27] in module PSDMonitorTop is either unconnected or has no load
INFO: [Common 17-14] Message 'Synth 8-7129' appears 100 times and further instances of the messages will be disabled. Use the Tcl command set_msg_config to change the current settings.
WARNING: [Synth 8-3332] Sequential element (CTRL_s_axi_U/FSM_onehot_wstate_reg[0]) is unused and will be removed from module PSDMonitorTop.
WARNING: [Synth 8-3332] Sequential element (CTRL_s_axi_U/FSM_onehot_rstate_reg[0]) is unused and will be removed from module PSDMonitorTop.
WARNING: [Synth 8-3332] Sequential element (regslice_both_adc_in_V_keep_V_U/FSM_sequential_state_reg[1]) is unused and will be removed from module PSDMonitorTop.
WARNING: [Synth 8-3332] Sequential element (regslice_both_adc_in_V_keep_V_U/FSM_sequential_state_reg[0]) is unused and will be removed from module PSDMonitorTop.
WARNING: [Synth 8-3332] Sequential element (regslice_both_adc_in_V_strb_V_U/FSM_sequential_state_reg[1]) is unused and will be removed from module PSDMonitorTop.
WARNING: [Synth 8-3332] Sequential element (regslice_both_adc_in_V_strb_V_U/FSM_sequential_state_reg[0]) is unused and will be removed from module PSDMonitorTop.
WARNING: [Synth 8-3332] Sequential element (regslice_both_adc_in_V_last_V_U/FSM_sequential_state_reg[1]) is unused and will be removed from module PSDMonitorTop.
WARNING: [Synth 8-3332] Sequential element (regslice_both_adc_in_V_last_V_U/FSM_sequential_state_reg[0]) is unused and will be removed from module PSDMonitorTop.
---------------------------------------------------------------------------------
Finished Cross Boundary and Area Optimization : Time (s): cpu = 00:00:10 ; elapsed = 00:00:10 . Memory (MB): peak = 2471.703 ; gain = 675.281 ; free physical = 11020 ; free virtual = 40178
---------------------------------------------------------------------------------
---------------------------------------------------------------------------------
Start Applying XDC Timing Constraints
---------------------------------------------------------------------------------
---------------------------------------------------------------------------------
Finished Applying XDC Timing Constraints : Time (s): cpu = 00:00:13 ; elapsed = 00:00:14 . Memory (MB): peak = 2471.703 ; gain = 675.281 ; free physical = 11023 ; free virtual = 40181
---------------------------------------------------------------------------------
---------------------------------------------------------------------------------
Start Timing Optimization
---------------------------------------------------------------------------------
---------------------------------------------------------------------------------
Finished Timing Optimization : Time (s): cpu = 00:00:14 ; elapsed = 00:00:14 . Memory (MB): peak = 2471.703 ; gain = 675.281 ; free physical = 11076 ; free virtual = 40233
---------------------------------------------------------------------------------
---------------------------------------------------------------------------------
Start Technology Mapping
---------------------------------------------------------------------------------
---------------------------------------------------------------------------------
Finished Technology Mapping : Time (s): cpu = 00:00:14 ; elapsed = 00:00:14 . Memory (MB): peak = 2471.703 ; gain = 675.281 ; free physical = 11076 ; free virtual = 40233
---------------------------------------------------------------------------------
---------------------------------------------------------------------------------
Start IO Insertion
---------------------------------------------------------------------------------
---------------------------------------------------------------------------------
Start Flattening Before IO Insertion
---------------------------------------------------------------------------------
---------------------------------------------------------------------------------
Finished Flattening Before IO Insertion
---------------------------------------------------------------------------------
---------------------------------------------------------------------------------
Start Final Netlist Cleanup
---------------------------------------------------------------------------------
---------------------------------------------------------------------------------
Finished Final Netlist Cleanup
---------------------------------------------------------------------------------
---------------------------------------------------------------------------------
Finished IO Insertion : Time (s): cpu = 00:00:16 ; elapsed = 00:00:17 . Memory (MB): peak = 2471.703 ; gain = 675.281 ; free physical = 11004 ; free virtual = 40162
---------------------------------------------------------------------------------
---------------------------------------------------------------------------------
Start Renaming Generated Instances
---------------------------------------------------------------------------------
---------------------------------------------------------------------------------
Finished Renaming Generated Instances : Time (s): cpu = 00:00:16 ; elapsed = 00:00:17 . Memory (MB): peak = 2471.703 ; gain = 675.281 ; free physical = 11004 ; free virtual = 40162
---------------------------------------------------------------------------------
---------------------------------------------------------------------------------
Start Rebuilding User Hierarchy
---------------------------------------------------------------------------------
---------------------------------------------------------------------------------
Finished Rebuilding User Hierarchy : Time (s): cpu = 00:00:16 ; elapsed = 00:00:17 . Memory (MB): peak = 2471.703 ; gain = 675.281 ; free physical = 11004 ; free virtual = 40162
---------------------------------------------------------------------------------
---------------------------------------------------------------------------------
Start Renaming Generated Ports
---------------------------------------------------------------------------------
---------------------------------------------------------------------------------
Finished Renaming Generated Ports : Time (s): cpu = 00:00:16 ; elapsed = 00:00:17 . Memory (MB): peak = 2471.703 ; gain = 675.281 ; free physical = 11004 ; free virtual = 40162
---------------------------------------------------------------------------------
---------------------------------------------------------------------------------
Start Handling Custom Attributes
---------------------------------------------------------------------------------
---------------------------------------------------------------------------------
Finished Handling Custom Attributes : Time (s): cpu = 00:00:16 ; elapsed = 00:00:17 . Memory (MB): peak = 2471.703 ; gain = 675.281 ; free physical = 11004 ; free virtual = 40162
---------------------------------------------------------------------------------
---------------------------------------------------------------------------------
Start Renaming Generated Nets
---------------------------------------------------------------------------------
---------------------------------------------------------------------------------
Finished Renaming Generated Nets : Time (s): cpu = 00:00:16 ; elapsed = 00:00:17 . Memory (MB): peak = 2471.703 ; gain = 675.281 ; free physical = 11004 ; free virtual = 40162
---------------------------------------------------------------------------------
---------------------------------------------------------------------------------
Start Writing Synthesis Report
---------------------------------------------------------------------------------

Report BlackBoxes: 
+-+--------------+----------+
| |BlackBox name |Instances |
+-+--------------+----------+
+-+--------------+----------+

Report Cell Usage: 
+------+-----+------+
|      |Cell |Count |
+------+-----+------+
|1     |LUT1 |     1|
|2     |LUT2 |     3|
|3     |LUT3 |   100|
|4     |LUT4 |    14|
|5     |LUT5 |    48|
|6     |LUT6 |    20|
|7     |FDRE |   154|
|8     |FDSE |     1|
+------+-----+------+
---------------------------------------------------------------------------------
Finished Writing Synthesis Report : Time (s): cpu = 00:00:16 ; elapsed = 00:00:17 . Memory (MB): peak = 2471.703 ; gain = 675.281 ; free physical = 11004 ; free virtual = 40162
---------------------------------------------------------------------------------
Synthesis finished with 0 errors, 0 critical warnings and 89 warnings.
Synthesis Optimization Runtime : Time (s): cpu = 00:00:15 ; elapsed = 00:00:16 . Memory (MB): peak = 2471.703 ; gain = 524.531 ; free physical = 11003 ; free virtual = 40161
Synthesis Optimization Complete : Time (s): cpu = 00:00:17 ; elapsed = 00:00:17 . Memory (MB): peak = 2471.711 ; gain = 675.281 ; free physical = 11003 ; free virtual = 40161
INFO: [Project 1-571] Translating synthesized netlist
Netlist sorting complete. Time (s): cpu = 00:00:00 ; elapsed = 00:00:00 . Memory (MB): peak = 2471.711 ; gain = 0.000 ; free physical = 11341 ; free virtual = 40499
INFO: [Project 1-570] Preparing netlist for logic optimization
INFO: [Opt 31-138] Pushed 0 inverter(s) to 0 load pin(s).
Netlist sorting complete. Time (s): cpu = 00:00:00 ; elapsed = 00:00:00 . Memory (MB): peak = 2527.730 ; gain = 0.000 ; free physical = 11353 ; free virtual = 40511
INFO: [Project 1-111] Unisim Transformation Summary:
No Unisim elements were transformed.

Synth Design complete | Checksum: e82dd01a
INFO: [Common 17-83] Releasing license: Synthesis
44 Infos, 113 Warnings, 0 Critical Warnings and 0 Errors encountered.
synth_design completed successfully
synth_design: Time (s): cpu = 00:00:22 ; elapsed = 00:00:20 . Memory (MB): peak = 2527.730 ; gain = 1063.551 ; free physical = 11353 ; free virtual = 40511
INFO: [Common 17-2834] synth_design peak Physical Memory [PSS] (MB): overall = 1952.944; main = 1565.556; forked = 414.498
INFO: [Common 17-2834] synth_design peak Virtual Memory [VSS] (MB): overall = 3567.328; main = 2527.734; forked = 1095.621
Write ShapeDB Complete: Time (s): cpu = 00:00:00 ; elapsed = 00:00:00 . Memory (MB): peak = 2551.742 ; gain = 0.000 ; free physical = 11353 ; free virtual = 40511
INFO: [Common 17-1381] The checkpoint '/home/levlabcukomen/Desktop/VitisProjects/PSDMonitor/PSDMonitor/PSDMonitor.runs/design_1_PSDMonitorTop_0_0_synth_1/design_1_PSDMonitorTop_0_0.dcp' has been generated.
INFO: [Coretcl 2-1648] Added synthesis output to IP cache for IP design_1_PSDMonitorTop_0_0, cache-ID = b11fc2fda922237f
INFO: [Coretcl 2-1174] Renamed 3 cell refs.
Write ShapeDB Complete: Time (s): cpu = 00:00:00 ; elapsed = 00:00:00 . Memory (MB): peak = 2551.742 ; gain = 0.000 ; free physical = 11311 ; free virtual = 40469
INFO: [Common 17-1381] The checkpoint '/home/levlabcukomen/Desktop/VitisProjects/PSDMonitor/PSDMonitor/PSDMonitor.runs/design_1_PSDMonitorTop_0_0_synth_1/design_1_PSDMonitorTop_0_0.dcp' has been generated.
INFO: [Vivado 12-24828] Executing command : report_utilization -file design_1_PSDMonitorTop_0_0_utilization_synth.rpt -pb design_1_PSDMonitorTop_0_0_utilization_synth.pb
INFO: [Common 17-206] Exiting Vivado at Mon Apr 20 15:57:37 2026...
