Copyright 1986-2022 Xilinx, Inc. All Rights Reserved. Copyright 2022-2024 Advanced Micro Devices, Inc. All Rights Reserved.
---------------------------------------------------------------------------------------------------------------------------------------------
| Tool Version : Vivado v.2024.1 (lin64) Build 5076996 Wed May 22 18:36:09 MDT 2024
| Date         : Mon Apr 20 15:56:33 2026
| Host         : levlabcukomen-OMEN-30L-Desktop-GT13-0xxx running 64-bit Ubuntu 22.04.5 LTS
| Command      : upgrade_ip
| Device       : xc7z010clg400-1
---------------------------------------------------------------------------------------------------------------------------------------------

Upgrade Log for IP 'design_1_PSDMonitorTop_0_0'

1. Summary
----------

CAUTION (success, with warnings) in the upgrade of design_1_PSDMonitorTop_0_0 (xilinx.com:hls:PSDMonitorTop:1.0) from (Rev. 2114574049) to (Rev. 2114574054)

After upgrade, an IP may have parameter and port differences compared to the original customization. Please review the parameters within the IP customization GUI to ensure proper functionality. Also, please review the updated IP instantiation template to ensure proper connectivity, and update your design if required.

2. Interface Information
------------------------

Detected external interface differences while upgrading 'design_1_PSDMonitorTop_0_0'.


-Upgrade has removed interface 'ap_ctrl'


3. Connection Warnings
----------------------

Detected external port differences while upgrading 'design_1_PSDMonitorTop_0_0'. These changes may impact your design.


-Upgrade has removed port 'ap_done'

-Upgrade has removed port 'ap_idle'

-Upgrade has removed port 'ap_ready'

-Upgrade has removed port 'ap_start'

-Upgrade has added port 'interrupt'







Copyright 1986-2022 Xilinx, Inc. All Rights Reserved. Copyright 2022-2024 Advanced Micro Devices, Inc. All Rights Reserved.
---------------------------------------------------------------------------------------------------------------------------------------------
| Tool Version : Vivado v.2024.1 (lin64) Build 5076996 Wed May 22 18:36:09 MDT 2024
| Date         : Mon Apr 20 15:50:55 2026
| Host         : levlabcukomen-OMEN-30L-Desktop-GT13-0xxx running 64-bit Ubuntu 22.04.5 LTS
| Command      : upgrade_ip
| Device       : xc7z010clg400-1
---------------------------------------------------------------------------------------------------------------------------------------------

Upgrade Log for IP 'design_1_PSDMonitorTop_0_0'

1. Summary
----------

CAUTION (success, with warnings) in the upgrade of design_1_PSDMonitorTop_0_0 (xilinx.com:hls:PSDMonitorTop:1.0) from (Rev. 2114574027) to (Rev. 2114574049)

After upgrade, an IP may have parameter and port differences compared to the original customization. Please review the parameters within the IP customization GUI to ensure proper functionality. Also, please review the updated IP instantiation template to ensure proper connectivity, and update your design if required.

2. Interface Information
------------------------

Detected external interface differences while upgrading 'design_1_PSDMonitorTop_0_0'.


-Upgrade has added interface 'ap_ctrl' (xilinx.com:interface:acc_handshake:1.0)


3. Connection Warnings
----------------------

Detected external port differences while upgrading 'design_1_PSDMonitorTop_0_0'. These changes may impact your design.


-Upgrade has added port 'ap_done'

-Upgrade has added port 'ap_idle'

-Upgrade has added port 'ap_ready'

-Upgrade has added port 'ap_start'







Copyright 1986-2022 Xilinx, Inc. All Rights Reserved. Copyright 2022-2024 Advanced Micro Devices, Inc. All Rights Reserved.
---------------------------------------------------------------------------------------------------------------------------------------------
| Tool Version : Vivado v.2024.1 (lin64) Build 5076996 Wed May 22 18:36:09 MDT 2024
| Date         : Mon Apr 20 15:28:18 2026
| Host         : levlabcukomen-OMEN-30L-Desktop-GT13-0xxx running 64-bit Ubuntu 22.04.5 LTS
| Command      : upgrade_ip
| Device       : xc7z010clg400-1
---------------------------------------------------------------------------------------------------------------------------------------------

Upgrade Log for IP 'design_1_PSDMonitorTop_0_0'

1. Summary
----------

SUCCESS in the upgrade of design_1_PSDMonitorTop_0_0 (xilinx.com:hls:PSDMonitorTop:1.0) from (Rev. 2114574020) to (Rev. 2114574027)






Copyright 1986-2022 Xilinx, Inc. All Rights Reserved. Copyright 2022-2024 Advanced Micro Devices, Inc. All Rights Reserved.
---------------------------------------------------------------------------------------------------------------------------------------------
| Tool Version : Vivado v.2024.1 (lin64) Build 5076996 Wed May 22 18:36:09 MDT 2024
| Date         : Mon Apr 20 15:21:25 2026
| Host         : levlabcukomen-OMEN-30L-Desktop-GT13-0xxx running 64-bit Ubuntu 22.04.5 LTS
| Command      : upgrade_ip
| Device       : xc7z010clg400-1
---------------------------------------------------------------------------------------------------------------------------------------------

Upgrade Log for IP 'design_1_PSDMonitorTop_0_0'

1. Summary
----------

SUCCESS in the upgrade of design_1_PSDMonitorTop_0_0 (xilinx.com:hls:PSDMonitorTop:1.0) from (Rev. 2114573990) to (Rev. 2114574020)






Copyright 1986-2022 Xilinx, Inc. All Rights Reserved. Copyright 2022-2024 Advanced Micro Devices, Inc. All Rights Reserved.
---------------------------------------------------------------------------------------------------------------------------------------------
| Tool Version : Vivado v.2024.1 (lin64) Build 5076996 Wed May 22 18:36:09 MDT 2024
| Date         : Mon Apr 20 14:50:44 2026
| Host         : levlabcukomen-OMEN-30L-Desktop-GT13-0xxx running 64-bit Ubuntu 22.04.5 LTS
| Command      : upgrade_ip
| Device       : xc7z010clg400-1
---------------------------------------------------------------------------------------------------------------------------------------------

Upgrade Log for IP 'design_1_PSDMonitorTop_0_0'

1. Summary
----------

SUCCESS in the upgrade of design_1_PSDMonitorTop_0_0 (xilinx.com:hls:PSDMonitorTop:1.0) from (Rev. 2114573982) to (Rev. 2114573990)






Copyright 1986-2022 Xilinx, Inc. All Rights Reserved. Copyright 2022-2024 Advanced Micro Devices, Inc. All Rights Reserved.
---------------------------------------------------------------------------------------------------------------------------------------------
| Tool Version : Vivado v.2024.1 (lin64) Build 5076996 Wed May 22 18:36:09 MDT 2024
| Date         : Mon Apr 20 14:42:59 2026
| Host         : levlabcukomen-OMEN-30L-Desktop-GT13-0xxx running 64-bit Ubuntu 22.04.5 LTS
| Command      : upgrade_ip
| Device       : xc7z010clg400-1
---------------------------------------------------------------------------------------------------------------------------------------------

Upgrade Log for IP 'design_1_rst_clk_wiz_0_125M_1'

1. Summary
----------

SUCCESS in the update of design_1_rst_clk_wiz_0_125M_1 (xilinx.com:ip:proc_sys_reset:5.0 (Rev. 15)) to current project options.






Copyright 1986-2022 Xilinx, Inc. All Rights Reserved. Copyright 2022-2024 Advanced Micro Devices, Inc. All Rights Reserved.
---------------------------------------------------------------------------------------------------------------------------------------------
| Tool Version : Vivado v.2024.1 (lin64) Build 5076996 Wed May 22 18:36:09 MDT 2024
| Date         : Mon Apr 20 14:42:59 2026
| Host         : levlabcukomen-OMEN-30L-Desktop-GT13-0xxx running 64-bit Ubuntu 22.04.5 LTS
| Command      : upgrade_ip
| Device       : xc7z010clg400-1
---------------------------------------------------------------------------------------------------------------------------------------------

Upgrade Log for IP 'design_1_ps7_0_axi_periph_1'

1. Summary
----------

SUCCESS in the update of design_1_ps7_0_axi_periph_1 (xilinx.com:ip:axi_interconnect:2.1 (Rev. 32)) to current project options.






Copyright 1986-2022 Xilinx, Inc. All Rights Reserved. Copyright 2022-2024 Advanced Micro Devices, Inc. All Rights Reserved.
---------------------------------------------------------------------------------------------------------------------------------------------
| Tool Version : Vivado v.2024.1 (lin64) Build 5076996 Wed May 22 18:36:09 MDT 2024
| Date         : Mon Apr 20 14:42:59 2026
| Host         : levlabcukomen-OMEN-30L-Desktop-GT13-0xxx running 64-bit Ubuntu 22.04.5 LTS
| Command      : upgrade_ip
| Device       : xc7z010clg400-1
---------------------------------------------------------------------------------------------------------------------------------------------

Upgrade Log for IP 'design_1_processing_system7_0_0'

1. Summary
----------

SUCCESS in the update of design_1_processing_system7_0_0 (xilinx.com:ip:processing_system7:5.5 (Rev. 6)) to current project options.

2. Upgrade messages
-------------------

WARNING: upgrade cannot add parameter PCW_TRACE_INTERNAL_WIDTH with default value 32 : a parameter called PCW_TRACE_INTERNAL_WIDTH already exists in processing_system7_v5_5
WARNING: upgrade cannot add parameter PCW_USE_AXI_NONSECURE with default value 0 : a parameter called PCW_USE_AXI_NONSECURE already exists in processing_system7_v5_5
WARNING: upgrade cannot add parameter PCW_EN_PTP_ENET0 with default value 1 : a parameter called PCW_EN_PTP_ENET0 already exists in processing_system7_v5_5
WARNING: upgrade cannot add parameter PCW_EN_PTP_ENET0 with default value 1 : a parameter called PCW_EN_PTP_ENET0 already exists in processing_system7_v5_5
WARNING: upgrade cannot add parameter PCW_GP0_NUM_WRITE_THREADS with default value 4 : a parameter called PCW_GP0_NUM_WRITE_THREADS already exists in processing_system7_v5_5
WARNING: upgrade cannot add parameter PCW_GP0_NUM_READ_THREADS with default value 4 : a parameter called PCW_GP0_NUM_READ_THREADS already exists in processing_system7_v5_5
WARNING: upgrade cannot add parameter PCW_GP1_NUM_WRITE_THREADS with default value 4 : a parameter called PCW_GP1_NUM_WRITE_THREADS already exists in processing_system7_v5_5
WARNING: upgrade cannot add parameter PCW_GP1_NUM_READ_THREADS with default value 4 : a parameter called PCW_GP1_NUM_READ_THREADS already exists in processing_system7_v5_5
WARNING: upgrade cannot add parameter PCW_GP0_EN_MODIFIABLE_TXN with default value 0 : a parameter called PCW_GP0_EN_MODIFIABLE_TXN already exists in processing_system7_v5_5
WARNING: upgrade cannot add parameter PCW_GP1_EN_MODIFIABLE_TXN with default value 0 : a parameter called PCW_GP1_EN_MODIFIABLE_TXN already exists in processing_system7_v5_5






Copyright 1986-2022 Xilinx, Inc. All Rights Reserved. Copyright 2022-2024 Advanced Micro Devices, Inc. All Rights Reserved.
---------------------------------------------------------------------------------------------------------------------------------------------
| Tool Version : Vivado v.2024.1 (lin64) Build 5076996 Wed May 22 18:36:09 MDT 2024
| Date         : Mon Apr 20 14:42:59 2026
| Host         : levlabcukomen-OMEN-30L-Desktop-GT13-0xxx running 64-bit Ubuntu 22.04.5 LTS
| Command      : upgrade_ip
| Device       : xc7z010clg400-1
---------------------------------------------------------------------------------------------------------------------------------------------

Upgrade Log for IP 'design_1_clk_wiz_0_0'

1. Summary
----------

SUCCESS in the update of design_1_clk_wiz_0_0 (xilinx.com:ip:clk_wiz:6.0 (Rev. 14)) to current project options.






Copyright 1986-2022 Xilinx, Inc. All Rights Reserved. Copyright 2022-2024 Advanced Micro Devices, Inc. All Rights Reserved.
---------------------------------------------------------------------------------------------------------------------------------------------
| Tool Version : Vivado v.2024.1 (lin64) Build 5076996 Wed May 22 18:36:09 MDT 2024
| Date         : Mon Apr 20 14:42:59 2026
| Host         : levlabcukomen-OMEN-30L-Desktop-GT13-0xxx running 64-bit Ubuntu 22.04.5 LTS
| Command      : upgrade_ip
| Device       : xc7z010clg400-1
---------------------------------------------------------------------------------------------------------------------------------------------

Upgrade Log for IP 'design_1_axi_mem_intercon_0'

1. Summary
----------

SUCCESS in the update of design_1_axi_mem_intercon_0 (xilinx.com:ip:axi_interconnect:2.1 (Rev. 32)) to current project options.






Copyright 1986-2022 Xilinx, Inc. All Rights Reserved. Copyright 2022-2024 Advanced Micro Devices, Inc. All Rights Reserved.
---------------------------------------------------------------------------------------------------------------------------------------------
| Tool Version : Vivado v.2024.1 (lin64) Build 5076996 Wed May 22 18:36:09 MDT 2024
| Date         : Mon Apr 20 14:42:58 2026
| Host         : levlabcukomen-OMEN-30L-Desktop-GT13-0xxx running 64-bit Ubuntu 22.04.5 LTS
| Command      : upgrade_ip
| Device       : xc7z010clg400-1
---------------------------------------------------------------------------------------------------------------------------------------------

Upgrade Log for IP 'design_1_PSDMonitorTop_0_0'

1. Summary
----------

SUCCESS in the upgrade of design_1_PSDMonitorTop_0_0 (xilinx.com:hls:PSDMonitorTop:1.0) from (Rev. 2114573818) to (Rev. 2114573982)






Copyright 1986-2022 Xilinx, Inc. All Rights Reserved. Copyright 2022-2024 Advanced Micro Devices, Inc. All Rights Reserved.
---------------------------------------------------------------------------------------------------------------------------------------------
| Tool Version : Vivado v.2024.1 (lin64) Build 5076996 Wed May 22 18:36:09 MDT 2024
| Date         : Mon Apr 20 11:59:10 2026
| Host         : levlabcukomen-OMEN-30L-Desktop-GT13-0xxx running 64-bit Ubuntu 22.04.5 LTS
| Command      : upgrade_ip
| Device       : xc7z020clg400-1
---------------------------------------------------------------------------------------------------------------------------------------------

Upgrade Log for IP 'design_1_PSDMonitorTop_0_0'

1. Summary
----------

SUCCESS in the upgrade of design_1_PSDMonitorTop_0_0 (xilinx.com:hls:PSDMonitorTop:1.0) from (Rev. 2114573752) to (Rev. 2114573818)

