

================================================================
== Vitis HLS Report for 'PSDMonitorTop'
================================================================
* Date:           Mon Apr 20 16:09:50 2026

* Version:        2024.1 (Build 5069499 on May 21 2024)
* Project:        PSDMonitorTop
* Solution:       hls (Vivado IP Flow Target)
* Product family: zynq
* Target device:  xc7z010-clg400-1


================================================================
== Performance Estimates
================================================================
+ Timing: 
    * Summary: 
    +--------+---------+----------+------------+
    |  Clock |  Target | Estimated| Uncertainty|
    +--------+---------+----------+------------+
    |ap_clk  |  8.00 ns|  5.840 ns|     2.16 ns|
    +--------+---------+----------+------------+

+ Latency: 
    * Summary: 
    +---------+---------+----------+----------+-----+-----+---------+
    |  Latency (cycles) |  Latency (absolute) |  Interval | Pipeline|
    |   min   |   max   |    min   |    max   | min | max |   Type  |
    +---------+---------+----------+----------+-----+-----+---------+
    |        ?|        ?|         ?|         ?|    ?|    ?|       no|
    +---------+---------+----------+----------+-----+-----+---------+

    + Detail: 
        * Instance: 
        +--------------------------------------------------+----------------------------------------+---------+---------+----------+----------+-----+-----+-----------------------------------------------+
        |                                                  |                                        |  Latency (cycles) |  Latency (absolute) |  Interval |                    Pipeline                   |
        |                     Instance                     |                 Module                 |   min   |   max   |    min   |    max   | min | max |                      Type                     |
        +--------------------------------------------------+----------------------------------------+---------+---------+----------+----------+-----+-----+-----------------------------------------------+
        |grp_PSDMonitorTop_Pipeline_VITIS_LOOP_27_1_fu_98  |PSDMonitorTop_Pipeline_VITIS_LOOP_27_1  |        ?|        ?|         ?|         ?|    0|    0|  loop auto-rewind stp(delay=0 clock cycles(s))|
        +--------------------------------------------------+----------------------------------------+---------+---------+----------+----------+-----+-----+-----------------------------------------------+

        * Loop: 
        N/A



================================================================
== Utilization Estimates
================================================================
* Summary: 
+-----------------+---------+----+-------+-------+-----+
|       Name      | BRAM_18K| DSP|   FF  |  LUT  | URAM|
+-----------------+---------+----+-------+-------+-----+
|DSP              |        -|   -|      -|      -|    -|
|Expression       |        -|   -|      -|      -|    -|
|FIFO             |        -|   -|      -|      -|    -|
|Instance         |        1|   -|   1266|   1448|    -|
|Memory           |        -|   -|      -|      -|    -|
|Multiplexer      |        -|   -|      0|     61|    -|
|Register         |        -|   -|    134|      -|    -|
+-----------------+---------+----+-------+-------+-----+
|Total            |        1|   0|   1400|   1509|    0|
+-----------------+---------+----+-------+-------+-----+
|Available        |      120|  80|  35200|  17600|    0|
+-----------------+---------+----+-------+-------+-----+
|Utilization (%)  |       ~0|   0|      3|      8|    0|
+-----------------+---------+----+-------+-------+-----+

+ Detail: 
    * Instance: 
    +--------------------------------------------------+----------------------------------------+---------+----+-----+-----+-----+
    |                     Instance                     |                 Module                 | BRAM_18K| DSP|  FF | LUT | URAM|
    +--------------------------------------------------+----------------------------------------+---------+----+-----+-----+-----+
    |CTRL_s_axi_U                                      |CTRL_s_axi                              |        0|   0|  144|  232|    0|
    |grp_PSDMonitorTop_Pipeline_VITIS_LOOP_27_1_fu_98  |PSDMonitorTop_Pipeline_VITIS_LOOP_27_1  |        0|   0|  432|  473|    0|
    |gmem_m_axi_U                                      |gmem_m_axi                              |        1|   0|  690|  743|    0|
    +--------------------------------------------------+----------------------------------------+---------+----+-----+-----+-----+
    |Total                                             |                                        |        1|   0| 1266| 1448|    0|
    +--------------------------------------------------+----------------------------------------+---------+----+-----+-----+-----+

    * DSP: 
    N/A

    * Memory: 
    N/A

    * FIFO: 
    N/A

    * Expression: 
    N/A

    * Multiplexer: 
    +----------------------------+----+-----------+-----+-----------+
    |            Name            | LUT| Input Size| Bits| Total Bits|
    +----------------------------+----+-----------+-----+-----------+
    |adc_in_TREADY_int_regslice  |   9|          2|    1|          2|
    |ap_NS_fsm                   |  25|          5|    1|          5|
    |gmem_AWVALID                |   9|          2|    1|          2|
    |gmem_BREADY                 |   9|          2|    1|          2|
    |gmem_WVALID                 |   9|          2|    1|          2|
    +----------------------------+----+-----------+-----+-----------+
    |Total                       |  61|         13|    5|         13|
    +----------------------------+----+-----------+-----+-----------+

    * Register: 
    +---------------------------------------------------------------+----+----+-----+-----------+
    |                              Name                             | FF | LUT| Bits| Const Bits|
    +---------------------------------------------------------------+----+----+-----+-----------+
    |ap_CS_fsm                                                      |   4|   0|    4|          0|
    |error_accum                                                    |  32|   0|   32|          0|
    |error_accum_flag_0_loc_fu_82                                   |   1|   0|    1|          0|
    |grp_PSDMonitorTop_Pipeline_VITIS_LOOP_27_1_fu_98_ap_start_reg  |   1|   0|    1|          0|
    |max_samples_read_reg_138                                       |  32|   0|   32|          0|
    |ram_buffer_read_reg_143                                        |  64|   0|   64|          0|
    +---------------------------------------------------------------+----+----+-----+-----------+
    |Total                                                          | 134|   0|  134|          0|
    +---------------------------------------------------------------+----+----+-----+-----------+



================================================================
== Interface
================================================================
* Summary: 
+---------------------+-----+-----+------------+-----------------+--------------+
|      RTL Ports      | Dir | Bits|  Protocol  |  Source Object  |    C Type    |
+---------------------+-----+-----+------------+-----------------+--------------+
|s_axi_CTRL_AWVALID   |   in|    1|       s_axi|             CTRL|        scalar|
|s_axi_CTRL_AWREADY   |  out|    1|       s_axi|             CTRL|        scalar|
|s_axi_CTRL_AWADDR    |   in|    6|       s_axi|             CTRL|        scalar|
|s_axi_CTRL_WVALID    |   in|    1|       s_axi|             CTRL|        scalar|
|s_axi_CTRL_WREADY    |  out|    1|       s_axi|             CTRL|        scalar|
|s_axi_CTRL_WDATA     |   in|   32|       s_axi|             CTRL|        scalar|
|s_axi_CTRL_WSTRB     |   in|    4|       s_axi|             CTRL|        scalar|
|s_axi_CTRL_ARVALID   |   in|    1|       s_axi|             CTRL|        scalar|
|s_axi_CTRL_ARREADY   |  out|    1|       s_axi|             CTRL|        scalar|
|s_axi_CTRL_ARADDR    |   in|    6|       s_axi|             CTRL|        scalar|
|s_axi_CTRL_RVALID    |  out|    1|       s_axi|             CTRL|        scalar|
|s_axi_CTRL_RREADY    |   in|    1|       s_axi|             CTRL|        scalar|
|s_axi_CTRL_RDATA     |  out|   32|       s_axi|             CTRL|        scalar|
|s_axi_CTRL_RRESP     |  out|    2|       s_axi|             CTRL|        scalar|
|s_axi_CTRL_BVALID    |  out|    1|       s_axi|             CTRL|        scalar|
|s_axi_CTRL_BREADY    |   in|    1|       s_axi|             CTRL|        scalar|
|s_axi_CTRL_BRESP     |  out|    2|       s_axi|             CTRL|        scalar|
|ap_clk               |   in|    1|  ap_ctrl_hs|    PSDMonitorTop|  return value|
|ap_rst_n             |   in|    1|  ap_ctrl_hs|    PSDMonitorTop|  return value|
|interrupt            |  out|    1|  ap_ctrl_hs|    PSDMonitorTop|  return value|
|m_axi_gmem_AWVALID   |  out|    1|       m_axi|             gmem|       pointer|
|m_axi_gmem_AWREADY   |   in|    1|       m_axi|             gmem|       pointer|
|m_axi_gmem_AWADDR    |  out|   64|       m_axi|             gmem|       pointer|
|m_axi_gmem_AWID      |  out|    1|       m_axi|             gmem|       pointer|
|m_axi_gmem_AWLEN     |  out|    8|       m_axi|             gmem|       pointer|
|m_axi_gmem_AWSIZE    |  out|    3|       m_axi|             gmem|       pointer|
|m_axi_gmem_AWBURST   |  out|    2|       m_axi|             gmem|       pointer|
|m_axi_gmem_AWLOCK    |  out|    2|       m_axi|             gmem|       pointer|
|m_axi_gmem_AWCACHE   |  out|    4|       m_axi|             gmem|       pointer|
|m_axi_gmem_AWPROT    |  out|    3|       m_axi|             gmem|       pointer|
|m_axi_gmem_AWQOS     |  out|    4|       m_axi|             gmem|       pointer|
|m_axi_gmem_AWREGION  |  out|    4|       m_axi|             gmem|       pointer|
|m_axi_gmem_AWUSER    |  out|    1|       m_axi|             gmem|       pointer|
|m_axi_gmem_WVALID    |  out|    1|       m_axi|             gmem|       pointer|
|m_axi_gmem_WREADY    |   in|    1|       m_axi|             gmem|       pointer|
|m_axi_gmem_WDATA     |  out|   32|       m_axi|             gmem|       pointer|
|m_axi_gmem_WSTRB     |  out|    4|       m_axi|             gmem|       pointer|
|m_axi_gmem_WLAST     |  out|    1|       m_axi|             gmem|       pointer|
|m_axi_gmem_WID       |  out|    1|       m_axi|             gmem|       pointer|
|m_axi_gmem_WUSER     |  out|    1|       m_axi|             gmem|       pointer|
|m_axi_gmem_ARVALID   |  out|    1|       m_axi|             gmem|       pointer|
|m_axi_gmem_ARREADY   |   in|    1|       m_axi|             gmem|       pointer|
|m_axi_gmem_ARADDR    |  out|   64|       m_axi|             gmem|       pointer|
|m_axi_gmem_ARID      |  out|    1|       m_axi|             gmem|       pointer|
|m_axi_gmem_ARLEN     |  out|    8|       m_axi|             gmem|       pointer|
|m_axi_gmem_ARSIZE    |  out|    3|       m_axi|             gmem|       pointer|
|m_axi_gmem_ARBURST   |  out|    2|       m_axi|             gmem|       pointer|
|m_axi_gmem_ARLOCK    |  out|    2|       m_axi|             gmem|       pointer|
|m_axi_gmem_ARCACHE   |  out|    4|       m_axi|             gmem|       pointer|
|m_axi_gmem_ARPROT    |  out|    3|       m_axi|             gmem|       pointer|
|m_axi_gmem_ARQOS     |  out|    4|       m_axi|             gmem|       pointer|
|m_axi_gmem_ARREGION  |  out|    4|       m_axi|             gmem|       pointer|
|m_axi_gmem_ARUSER    |  out|    1|       m_axi|             gmem|       pointer|
|m_axi_gmem_RVALID    |   in|    1|       m_axi|             gmem|       pointer|
|m_axi_gmem_RREADY    |  out|    1|       m_axi|             gmem|       pointer|
|m_axi_gmem_RDATA     |   in|   32|       m_axi|             gmem|       pointer|
|m_axi_gmem_RLAST     |   in|    1|       m_axi|             gmem|       pointer|
|m_axi_gmem_RID       |   in|    1|       m_axi|             gmem|       pointer|
|m_axi_gmem_RUSER     |   in|    1|       m_axi|             gmem|       pointer|
|m_axi_gmem_RRESP     |   in|    2|       m_axi|             gmem|       pointer|
|m_axi_gmem_BVALID    |   in|    1|       m_axi|             gmem|       pointer|
|m_axi_gmem_BREADY    |  out|    1|       m_axi|             gmem|       pointer|
|m_axi_gmem_BRESP     |   in|    2|       m_axi|             gmem|       pointer|
|m_axi_gmem_BID       |   in|    1|       m_axi|             gmem|       pointer|
|m_axi_gmem_BUSER     |   in|    1|       m_axi|             gmem|       pointer|
|adc_in_TDATA         |   in|   32|        axis|  adc_in_V_data_V|       pointer|
|adc_in_TVALID        |   in|    1|        axis|  adc_in_V_last_V|       pointer|
|adc_in_TREADY        |  out|    1|        axis|  adc_in_V_last_V|       pointer|
|adc_in_TLAST         |   in|    1|        axis|  adc_in_V_last_V|       pointer|
|adc_in_TKEEP         |   in|    4|        axis|  adc_in_V_keep_V|       pointer|
|adc_in_TSTRB         |   in|    4|        axis|  adc_in_V_strb_V|       pointer|
+---------------------+-----+-----+------------+-----------------+--------------+

