

================================================================
== Vitis HLS Report for 'PSDMonitorTop_Pipeline_VITIS_LOOP_27_1'
================================================================
* Date:           Mon Apr 20 16:09:50 2026

* Version:        2024.1 (Build 5069499 on May 21 2024)
* Project:        PSDMonitorTop
* Solution:       hls (Vivado IP Flow Target)
* Product family: zynq
* Target device:  xc7z010-clg400-1


================================================================
== Performance Estimates
================================================================
+ Timing: 
    * Summary: 
    +--------+---------+----------+------------+
    |  Clock |  Target | Estimated| Uncertainty|
    +--------+---------+----------+------------+
    |ap_clk  |  8.00 ns|  5.840 ns|     2.16 ns|
    +--------+---------+----------+------------+

+ Latency: 
    * Summary: 
    +---------+---------+----------+----------+-----+-----+-----------------------------------------------+
    |  Latency (cycles) |  Latency (absolute) |  Interval |                    Pipeline                   |
    |   min   |   max   |    min   |    max   | min | max |                      Type                     |
    +---------+---------+----------+----------+-----+-----+-----------------------------------------------+
    |        ?|        ?|         ?|         ?|    0|    0|  loop auto-rewind stp(delay=0 clock cycles(s))|
    +---------+---------+----------+----------+-----+-----+-----------------------------------------------+

    + Detail: 
        * Instance: 
        N/A

        * Loop: 
        +-------------------+---------+---------+----------+-----------+-----------+------+----------+
        |                   |  Latency (cycles) | Iteration|  Initiation Interval  | Trip |          |
        |     Loop Name     |   min   |   max   |  Latency |  achieved |   target  | Count| Pipelined|
        +-------------------+---------+---------+----------+-----------+-----------+------+----------+
        |- VITIS_LOOP_27_1  |        ?|        ?|         9|          1|          1|     ?|       yes|
        +-------------------+---------+---------+----------+-----------+-----------+------+----------+



================================================================
== Utilization Estimates
================================================================
* Summary: 
+-----------------+---------+----+-------+-------+-----+
|       Name      | BRAM_18K| DSP|   FF  |  LUT  | URAM|
+-----------------+---------+----+-------+-------+-----+
|DSP              |        -|   -|      -|      -|    -|
|Expression       |        -|   -|      0|    263|    -|
|FIFO             |        -|   -|      -|      -|    -|
|Instance         |        -|   -|      -|      -|    -|
|Memory           |        -|   -|      -|      -|    -|
|Multiplexer      |        -|   -|      0|    114|    -|
|Register         |        -|   -|    432|     96|    -|
+-----------------+---------+----+-------+-------+-----+
|Total            |        0|   0|    432|    473|    0|
+-----------------+---------+----+-------+-------+-----+
|Available        |      120|  80|  35200|  17600|    0|
+-----------------+---------+----+-------+-------+-----+
|Utilization (%)  |        0|   0|      1|      2|    0|
+-----------------+---------+----+-------+-------+-----+

+ Detail: 
    * Instance: 
    N/A

    * DSP: 
    N/A

    * Memory: 
    N/A

    * FIFO: 
    N/A

    * Expression: 
    +------------------------------------+----------+----+---+----+------------+------------+
    |            Variable Name           | Operation| DSP| FF| LUT| Bitwidth P0| Bitwidth P1|
    +------------------------------------+----------+----+---+----+------------+------------+
    |add_ln38_fu_313_p2                  |         +|   0|  0|  23|          16|           7|
    |add_ln41_fu_332_p2                  |         +|   0|  0|  39|          32|          32|
    |add_ln47_fu_266_p2                  |         +|   0|  0|  71|          64|          64|
    |add_ln54_fu_247_p2                  |         +|   0|  0|  12|          11|           1|
    |mem_idx_3_fu_292_p2                 |         +|   0|  0|  39|          32|           1|
    |ap_block_pp0_stage0_01001           |       and|   0|  0|   2|           1|           1|
    |ap_block_state3_io                  |       and|   0|  0|   2|           1|           1|
    |ap_block_state4_io                  |       and|   0|  0|   2|           1|           1|
    |ap_block_state9_pp0_stage0_iter8    |       and|   0|  0|   2|           1|           1|
    |ap_condition_279                    |       and|   0|  0|   2|           1|           1|
    |ap_condition_465                    |       and|   0|  0|   2|           1|           1|
    |ap_condition_469                    |       and|   0|  0|   2|           1|           1|
    |ap_condition_473                    |       and|   0|  0|   2|           1|           1|
    |ap_predicate_op63_writereq_state3   |       and|   0|  0|   2|           1|           1|
    |ap_predicate_op65_write_state4      |       and|   0|  0|   2|           1|           1|
    |ap_predicate_op70_writeresp_state9  |       and|   0|  0|   2|           1|           1|
    |empty_nbread_fu_132_p5_0            |       and|   0|  0|   2|           1|           0|
    |icmp_ln27_fu_219_p2                 |      icmp|   0|  0|  39|          32|          32|
    |icmp_ln43_fu_241_p2                 |      icmp|   0|  0|  12|          11|          10|
    |ap_block_pp0_stage0_11001           |        or|   0|  0|   2|           1|           1|
    |ap_enable_pp0                       |       xor|   0|  0|   2|           1|           2|
    +------------------------------------+----------+----+---+----+------------+------------+
    |Total                               |          |   0|  0| 263|         212|         161|
    +------------------------------------+----------+----+---+----+------------+------------+

    * Multiplexer: 
    +---------------------------------------------+----+-----------+-----+-----------+
    |                     Name                    | LUT| Input Size| Bits| Total Bits|
    +---------------------------------------------+----+-----------+-----+-----------+
    |ap_done_int                                  |   9|          2|    1|          2|
    |ap_enable_reg_pp0_iter1                      |   9|          2|    1|          2|
    |ap_phi_mux_error_accum_flag_0_phi_fu_178_p4  |   9|          2|    1|          2|
    |ap_phi_mux_storemerge_phi_fu_190_p4          |  14|          3|   11|         33|
    |ap_phi_reg_pp0_iter2_val_adc1_2_reg_197      |  14|          3|   16|         48|
    |ap_sig_allocacmp_mem_idx_2                   |   9|          2|   32|         64|
    |error_accum_loc_0_fu_106                     |  14|          3|   32|         96|
    |gmem_blk_n_AW                                |   9|          2|    1|          2|
    |gmem_blk_n_B                                 |   9|          2|    1|          2|
    |gmem_blk_n_W                                 |   9|          2|    1|          2|
    |mem_idx_fu_110                               |   9|          2|   32|         64|
    +---------------------------------------------+----+-----------+-----+-----------+
    |Total                                        | 114|         25|  129|        317|
    +---------------------------------------------+----+-----------+-----+-----------+

    * Register: 
    +-----------------------------------------+----+----+-----+-----------+
    |                   Name                  | FF | LUT| Bits| Const Bits|
    +-----------------------------------------+----+----+-----+-----------+
    |ap_CS_fsm                                |   1|   0|    1|          0|
    |ap_done_reg                              |   1|   0|    1|          0|
    |ap_enable_reg_pp0_iter1                  |   1|   0|    1|          0|
    |ap_enable_reg_pp0_iter2                  |   1|   0|    1|          0|
    |ap_enable_reg_pp0_iter3                  |   1|   0|    1|          0|
    |ap_enable_reg_pp0_iter4                  |   1|   0|    1|          0|
    |ap_enable_reg_pp0_iter5                  |   1|   0|    1|          0|
    |ap_enable_reg_pp0_iter6                  |   1|   0|    1|          0|
    |ap_enable_reg_pp0_iter7                  |   1|   0|    1|          0|
    |ap_enable_reg_pp0_iter8                  |   1|   0|    1|          0|
    |ap_loop_exit_ready_pp0_iter1_reg         |   1|   0|    1|          0|
    |ap_loop_exit_ready_pp0_iter2_reg         |   1|   0|    1|          0|
    |ap_loop_exit_ready_pp0_iter3_reg         |   1|   0|    1|          0|
    |ap_loop_exit_ready_pp0_iter4_reg         |   1|   0|    1|          0|
    |ap_loop_exit_ready_pp0_iter5_reg         |   1|   0|    1|          0|
    |ap_loop_exit_ready_pp0_iter6_reg         |   1|   0|    1|          0|
    |ap_loop_exit_ready_pp0_iter7_reg         |   1|   0|    1|          0|
    |ap_phi_reg_pp0_iter1_val_adc1_2_reg_197  |  16|   0|   16|          0|
    |ap_phi_reg_pp0_iter2_val_adc1_2_reg_197  |  16|   0|   16|          0|
    |avg_error_reg_406                        |  16|   0|   16|          0|
    |counter                                  |  11|   0|   11|          0|
    |error_accum_flag_0_reg_174               |   1|   0|    1|          0|
    |error_accum_loc_0_fu_106                 |  32|   0|   32|          0|
    |fake_counter                             |  16|   0|   16|          0|
    |gmem_addr_reg_395                        |  64|   0|   64|          0|
    |icmp_ln27_reg_378                        |   1|   0|    1|          0|
    |icmp_ln43_reg_391                        |   1|   0|    1|          0|
    |mem_idx_fu_110                           |  32|   0|   32|          0|
    |p_vld_reg_382                            |   1|   0|    1|          0|
    |val_adc1_reg_386                         |  16|   0|   16|          0|
    |gmem_addr_reg_395                        |  64|  32|   64|          0|
    |icmp_ln27_reg_378                        |  64|  32|    1|          0|
    |icmp_ln43_reg_391                        |  64|  32|    1|          0|
    +-----------------------------------------+----+----+-----+-----------+
    |Total                                    | 432|  96|  306|          0|
    +-----------------------------------------+----+----+-----+-----------+



================================================================
== Interface
================================================================
* Summary: 
+-------------------------------+-----+-----+------------+----------------------------------------+--------------+
|           RTL Ports           | Dir | Bits|  Protocol  |              Source Object             |    C Type    |
+-------------------------------+-----+-----+------------+----------------------------------------+--------------+
|ap_clk                         |   in|    1|  ap_ctrl_hs|  PSDMonitorTop_Pipeline_VITIS_LOOP_27_1|  return value|
|ap_rst                         |   in|    1|  ap_ctrl_hs|  PSDMonitorTop_Pipeline_VITIS_LOOP_27_1|  return value|
|ap_start                       |   in|    1|  ap_ctrl_hs|  PSDMonitorTop_Pipeline_VITIS_LOOP_27_1|  return value|
|ap_done                        |  out|    1|  ap_ctrl_hs|  PSDMonitorTop_Pipeline_VITIS_LOOP_27_1|  return value|
|ap_idle                        |  out|    1|  ap_ctrl_hs|  PSDMonitorTop_Pipeline_VITIS_LOOP_27_1|  return value|
|ap_ready                       |  out|    1|  ap_ctrl_hs|  PSDMonitorTop_Pipeline_VITIS_LOOP_27_1|  return value|
|m_axi_gmem_AWVALID             |  out|    1|       m_axi|                                    gmem|       pointer|
|m_axi_gmem_AWREADY             |   in|    1|       m_axi|                                    gmem|       pointer|
|m_axi_gmem_AWADDR              |  out|   64|       m_axi|                                    gmem|       pointer|
|m_axi_gmem_AWID                |  out|    1|       m_axi|                                    gmem|       pointer|
|m_axi_gmem_AWLEN               |  out|   32|       m_axi|                                    gmem|       pointer|
|m_axi_gmem_AWSIZE              |  out|    3|       m_axi|                                    gmem|       pointer|
|m_axi_gmem_AWBURST             |  out|    2|       m_axi|                                    gmem|       pointer|
|m_axi_gmem_AWLOCK              |  out|    2|       m_axi|                                    gmem|       pointer|
|m_axi_gmem_AWCACHE             |  out|    4|       m_axi|                                    gmem|       pointer|
|m_axi_gmem_AWPROT              |  out|    3|       m_axi|                                    gmem|       pointer|
|m_axi_gmem_AWQOS               |  out|    4|       m_axi|                                    gmem|       pointer|
|m_axi_gmem_AWREGION            |  out|    4|       m_axi|                                    gmem|       pointer|
|m_axi_gmem_AWUSER              |  out|    1|       m_axi|                                    gmem|       pointer|
|m_axi_gmem_WVALID              |  out|    1|       m_axi|                                    gmem|       pointer|
|m_axi_gmem_WREADY              |   in|    1|       m_axi|                                    gmem|       pointer|
|m_axi_gmem_WDATA               |  out|   16|       m_axi|                                    gmem|       pointer|
|m_axi_gmem_WSTRB               |  out|    2|       m_axi|                                    gmem|       pointer|
|m_axi_gmem_WLAST               |  out|    1|       m_axi|                                    gmem|       pointer|
|m_axi_gmem_WID                 |  out|    1|       m_axi|                                    gmem|       pointer|
|m_axi_gmem_WUSER               |  out|    1|       m_axi|                                    gmem|       pointer|
|m_axi_gmem_ARVALID             |  out|    1|       m_axi|                                    gmem|       pointer|
|m_axi_gmem_ARREADY             |   in|    1|       m_axi|                                    gmem|       pointer|
|m_axi_gmem_ARADDR              |  out|   64|       m_axi|                                    gmem|       pointer|
|m_axi_gmem_ARID                |  out|    1|       m_axi|                                    gmem|       pointer|
|m_axi_gmem_ARLEN               |  out|   32|       m_axi|                                    gmem|       pointer|
|m_axi_gmem_ARSIZE              |  out|    3|       m_axi|                                    gmem|       pointer|
|m_axi_gmem_ARBURST             |  out|    2|       m_axi|                                    gmem|       pointer|
|m_axi_gmem_ARLOCK              |  out|    2|       m_axi|                                    gmem|       pointer|
|m_axi_gmem_ARCACHE             |  out|    4|       m_axi|                                    gmem|       pointer|
|m_axi_gmem_ARPROT              |  out|    3|       m_axi|                                    gmem|       pointer|
|m_axi_gmem_ARQOS               |  out|    4|       m_axi|                                    gmem|       pointer|
|m_axi_gmem_ARREGION            |  out|    4|       m_axi|                                    gmem|       pointer|
|m_axi_gmem_ARUSER              |  out|    1|       m_axi|                                    gmem|       pointer|
|m_axi_gmem_RVALID              |   in|    1|       m_axi|                                    gmem|       pointer|
|m_axi_gmem_RREADY              |  out|    1|       m_axi|                                    gmem|       pointer|
|m_axi_gmem_RDATA               |   in|   16|       m_axi|                                    gmem|       pointer|
|m_axi_gmem_RLAST               |   in|    1|       m_axi|                                    gmem|       pointer|
|m_axi_gmem_RID                 |   in|    1|       m_axi|                                    gmem|       pointer|
|m_axi_gmem_RFIFONUM            |   in|   10|       m_axi|                                    gmem|       pointer|
|m_axi_gmem_RUSER               |   in|    1|       m_axi|                                    gmem|       pointer|
|m_axi_gmem_RRESP               |   in|    2|       m_axi|                                    gmem|       pointer|
|m_axi_gmem_BVALID              |   in|    1|       m_axi|                                    gmem|       pointer|
|m_axi_gmem_BREADY              |  out|    1|       m_axi|                                    gmem|       pointer|
|m_axi_gmem_BRESP               |   in|    2|       m_axi|                                    gmem|       pointer|
|m_axi_gmem_BID                 |   in|    1|       m_axi|                                    gmem|       pointer|
|m_axi_gmem_BUSER               |   in|    1|       m_axi|                                    gmem|       pointer|
|error_accum_load               |   in|   32|     ap_none|                        error_accum_load|        scalar|
|max_samples                    |   in|   32|     ap_none|                             max_samples|        scalar|
|ram_buffer                     |   in|   64|     ap_none|                              ram_buffer|        scalar|
|adc_in_TDATA                   |   in|   32|        axis|                         adc_in_V_data_V|       pointer|
|adc_in_TVALID                  |   in|    1|        axis|                         adc_in_V_data_V|       pointer|
|adc_in_TREADY                  |  out|    1|        axis|                         adc_in_V_last_V|       pointer|
|adc_in_TLAST                   |   in|    1|        axis|                         adc_in_V_last_V|       pointer|
|adc_in_TKEEP                   |   in|    4|        axis|                         adc_in_V_keep_V|       pointer|
|adc_in_TSTRB                   |   in|    4|        axis|                         adc_in_V_strb_V|       pointer|
|error_accum_flag_0_out         |  out|    1|      ap_vld|                  error_accum_flag_0_out|       pointer|
|error_accum_flag_0_out_ap_vld  |  out|    1|      ap_vld|                  error_accum_flag_0_out|       pointer|
|error_accum_loc_0_out          |  out|   32|      ap_vld|                   error_accum_loc_0_out|       pointer|
|error_accum_loc_0_out_ap_vld   |  out|    1|      ap_vld|                   error_accum_loc_0_out|       pointer|
+-------------------------------+-----+-----+------------+----------------------------------------+--------------+

