INFO: [v++ 60-1548] Creating build summary session with primary output /home/levlabcukomen/Desktop/VitisProjects/PSDMonitor/PSDMonitor/PSDMonitorTop/PSDMonitorTop.hlscompile_summary, at Mon Apr 20 10:29:18 2026
INFO: [v++ 82-31] Launching vitis_hls: vitis_hls -nolog -run csynth -work_dir /home/levlabcukomen/Desktop/VitisProjects/PSDMonitor/PSDMonitor/PSDMonitorTop -config /home/levlabcukomen/Desktop/VitisProjects/PSDMonitor/PSDMonitor/hls_config.cfg -cmdlineconfig /home/levlabcukomen/Desktop/VitisProjects/PSDMonitor/PSDMonitor/PSDMonitorTop/hls/config.cmdline
INFO: [HLS 200-10] For user 'levlabcukomen' on host 'levlabcukomen-OMEN-30L-Desktop-GT13-0xxx' (Linux_x86_64 version 6.8.0-100-generic) on Mon Apr 20 10:29:21 PDT 2026
INFO: [HLS 200-10] On os Ubuntu 22.04.5 LTS
INFO: [HLS 200-10] In directory '/home/levlabcukomen/Desktop/VitisProjects/PSDMonitor/PSDMonitor'
INFO: [HLS 200-2005] Using work_dir /home/levlabcukomen/Desktop/VitisProjects/PSDMonitor/PSDMonitor/PSDMonitorTop 
INFO: [HLS 200-1505] Using default flow_target 'vivado'
Resolution: For help on HLS 200-1505 see docs.xilinx.com/access/sources/dita/topic?Doc_Version=2024.1%20English&url=ug1448-hls-guidance&resourceid=200-1505.html
INFO: [HLS 200-1465] Applying ini 'syn.file=PSDMonitor.cpp' from /home/levlabcukomen/Desktop/VitisProjects/PSDMonitor/PSDMonitor/hls_config.cfg(9)
INFO: [HLS 200-10] Adding design file '/home/levlabcukomen/Desktop/VitisProjects/PSDMonitor/PSDMonitor/PSDMonitor.cpp' to the project
INFO: [HLS 200-1465] Applying ini 'syn.top=PSDMonitorTop' from /home/levlabcukomen/Desktop/VitisProjects/PSDMonitor/PSDMonitor/hls_config.cfg(7)
INFO: [HLS 200-1465] Applying ini 'flow_target=vivado' from /home/levlabcukomen/Desktop/VitisProjects/PSDMonitor/PSDMonitor/hls_config.cfg(4)
INFO: [HLS 200-1505] Using flow_target 'vivado'
Resolution: For help on HLS 200-1505 see docs.xilinx.com/access/sources/dita/topic?Doc_Version=2024.1%20English&url=ug1448-hls-guidance&resourceid=200-1505.html
INFO: [HLS 200-1465] Applying ini 'part=xc7z020clg400-1' from /home/levlabcukomen/Desktop/VitisProjects/PSDMonitor/PSDMonitor/hls_config.cfg(1)
INFO: [HLS 200-1611] Setting target device to 'xc7z020-clg400-1'
INFO: [HLS 200-1465] Applying ini 'clock=8ns' from /home/levlabcukomen/Desktop/VitisProjects/PSDMonitor/PSDMonitor/hls_config.cfg(8)
INFO: [SYN 201-201] Setting up clock 'default' with a period of 8ns.
INFO: [HLS 200-1465] Applying ini 'package.output.format=ip_catalog' from /home/levlabcukomen/Desktop/VitisProjects/PSDMonitor/PSDMonitor/hls_config.cfg(5)
INFO: [HLS 200-111] Finished File checks and directory preparation: CPU user time: 2.51 seconds. CPU system time: 0.18 seconds. Elapsed time: 2.56 seconds; current allocated memory: 340.207 MB.
INFO: [HLS 200-10] Analyzing design file 'PSDMonitor.cpp' ... 
WARNING: [HLS 207-5569] unexpected pragma parameter 'adc_in' (PSDMonitor.cpp:16:28)
WARNING: [HLS 207-5569] unexpected pragma parameter 'dma_out' (PSDMonitor.cpp:17:28)
WARNING: [HLS 207-5569] unexpected pragma parameter 'ap_control_none' (PSDMonitor.cpp:19:23)
INFO: [HLS 200-111] Finished Source Code Analysis and Preprocessing: CPU user time: 2.35 seconds. CPU system time: 0.38 seconds. Elapsed time: 2.72 seconds; current allocated memory: 341.891 MB.
INFO: [HLS 200-777] Using interface defaults for 'Vivado' flow target.
INFO: [HLS 200-1995] There were 508 instructions in the design after the 'Compile/Link' phase of compilation. See the Design Size Report for more details: /home/levlabcukomen/Desktop/VitisProjects/PSDMonitor/PSDMonitor/PSDMonitorTop/hls/syn/report/csynth_design_size.rpt
INFO: [HLS 200-1995] There were 62 instructions in the design after the 'Unroll/Inline (step 1)' phase of compilation. See the Design Size Report for more details: /home/levlabcukomen/Desktop/VitisProjects/PSDMonitor/PSDMonitor/PSDMonitorTop/hls/syn/report/csynth_design_size.rpt
INFO: [HLS 200-1995] There were 56 instructions in the design after the 'Unroll/Inline (step 2)' phase of compilation. See the Design Size Report for more details: /home/levlabcukomen/Desktop/VitisProjects/PSDMonitor/PSDMonitor/PSDMonitorTop/hls/syn/report/csynth_design_size.rpt
INFO: [HLS 200-1995] There were 56 instructions in the design after the 'Unroll/Inline (step 3)' phase of compilation. See the Design Size Report for more details: /home/levlabcukomen/Desktop/VitisProjects/PSDMonitor/PSDMonitor/PSDMonitorTop/hls/syn/report/csynth_design_size.rpt
INFO: [HLS 200-1995] There were 56 instructions in the design after the 'Unroll/Inline (step 4)' phase of compilation. See the Design Size Report for more details: /home/levlabcukomen/Desktop/VitisProjects/PSDMonitor/PSDMonitor/PSDMonitorTop/hls/syn/report/csynth_design_size.rpt
INFO: [HLS 200-1995] There were 56 instructions in the design after the 'Array/Struct (step 1)' phase of compilation. See the Design Size Report for more details: /home/levlabcukomen/Desktop/VitisProjects/PSDMonitor/PSDMonitor/PSDMonitorTop/hls/syn/report/csynth_design_size.rpt
INFO: [HLS 200-1995] There were 56 instructions in the design after the 'Array/Struct (step 2)' phase of compilation. See the Design Size Report for more details: /home/levlabcukomen/Desktop/VitisProjects/PSDMonitor/PSDMonitor/PSDMonitorTop/hls/syn/report/csynth_design_size.rpt
INFO: [HLS 200-1995] There were 56 instructions in the design after the 'Array/Struct (step 3)' phase of compilation. See the Design Size Report for more details: /home/levlabcukomen/Desktop/VitisProjects/PSDMonitor/PSDMonitor/PSDMonitorTop/hls/syn/report/csynth_design_size.rpt
INFO: [HLS 200-1995] There were 56 instructions in the design after the 'Array/Struct (step 4)' phase of compilation. See the Design Size Report for more details: /home/levlabcukomen/Desktop/VitisProjects/PSDMonitor/PSDMonitor/PSDMonitorTop/hls/syn/report/csynth_design_size.rpt
WARNING: [HLS 214-255] Ignore aggregate pragma/directive on AXI-Stream (with side-channel) interface 'dma_out' (PSDMonitor.cpp:14:0)
WARNING: [HLS 214-255] Ignore aggregate pragma/directive on AXI-Stream (with side-channel) interface 'adc_in' (PSDMonitor.cpp:14:0)
ERROR: [HLS 214-208] The ap_axis|ap_axiu|qdma_axis|hls::axis data types must only be used for AXI-Stream ports in the interface. 'dma_out' is not an AXI-Stream and/or is not a port in the interface
ERROR: [HLS 200-1715] Encountered problem during source synthesis
ERROR: Pre-synthesis failed.
INFO: [HLS 200-112] Total CPU user time: 6.43 seconds. Total CPU system time: 0.79 seconds. Total elapsed time: 11.91 seconds; peak allocated memory: 342.855 MB.
