INFO: [vitis-run 60-1548] Creating build summary session with primary output /home/levlabcukomen/Desktop/VitisProjects/PSDMonitor/PSDMonitor/PSDMonitorTop/PSDMonitorTop.hlsrun_package_summary, at Mon Apr 20 14:50:12 2026
INFO: [vitis-run 82-31] Launching vitis_hls: vitis_hls -nolog -run package -work_dir /home/levlabcukomen/Desktop/VitisProjects/PSDMonitor/PSDMonitor/PSDMonitorTop -config /home/levlabcukomen/Desktop/VitisProjects/PSDMonitor/PSDMonitor/hls_config.cfg -cmdlineconfig /home/levlabcukomen/Desktop/VitisProjects/PSDMonitor/PSDMonitor/PSDMonitorTop/hls/config.cmdline
INFO: [HLS 200-10] For user 'levlabcukomen' on host 'levlabcukomen-OMEN-30L-Desktop-GT13-0xxx' (Linux_x86_64 version 6.8.0-100-generic) on Mon Apr 20 14:50:14 PDT 2026
INFO: [HLS 200-10] On os Ubuntu 22.04.5 LTS
INFO: [HLS 200-10] In directory '/home/levlabcukomen/Desktop/VitisProjects/PSDMonitor/PSDMonitor'
INFO: [HLS 200-2005] Using work_dir /home/levlabcukomen/Desktop/VitisProjects/PSDMonitor/PSDMonitor/PSDMonitorTop 
INFO: [HLS 200-1611] Setting target device to 'xc7z010-clg400-1'
INFO: [HLS 200-1505] Using default flow_target 'vivado'
Resolution: For help on HLS 200-1505 see docs.xilinx.com/access/sources/dita/topic?Doc_Version=2024.1%20English&url=ug1448-hls-guidance&resourceid=200-1505.html
INFO: [HLS 200-1465] Applying ini 'syn.file=PSDMonitor.cpp' from /home/levlabcukomen/Desktop/VitisProjects/PSDMonitor/PSDMonitor/hls_config.cfg(9)
INFO: [HLS 200-10] Adding design file '/home/levlabcukomen/Desktop/VitisProjects/PSDMonitor/PSDMonitor/PSDMonitor.cpp' to the project
INFO: [HLS 200-1465] Applying ini 'syn.top=PSDMonitorTop' from /home/levlabcukomen/Desktop/VitisProjects/PSDMonitor/PSDMonitor/hls_config.cfg(7)
INFO: [HLS 200-1465] Applying ini 'flow_target=vivado' from /home/levlabcukomen/Desktop/VitisProjects/PSDMonitor/PSDMonitor/hls_config.cfg(4)
INFO: [HLS 200-1505] Using flow_target 'vivado'
Resolution: For help on HLS 200-1505 see docs.xilinx.com/access/sources/dita/topic?Doc_Version=2024.1%20English&url=ug1448-hls-guidance&resourceid=200-1505.html
INFO: [HLS 200-1465] Applying ini 'part=xc7z010clg400-1' from /home/levlabcukomen/Desktop/VitisProjects/PSDMonitor/PSDMonitor/hls_config.cfg(1)
INFO: [HLS 200-1465] Applying ini 'clock=8ns' from /home/levlabcukomen/Desktop/VitisProjects/PSDMonitor/PSDMonitor/hls_config.cfg(8)
INFO: [SYN 201-201] Setting up clock 'default' with a period of 8ns.
INFO: [HLS 200-1465] Applying ini 'package.output.format=ip_catalog' from /home/levlabcukomen/Desktop/VitisProjects/PSDMonitor/PSDMonitor/hls_config.cfg(5)
INFO: [IMPL 213-8] Exporting RTL as a Vivado IP.

****** Vivado v2024.1 (64-bit)
  **** SW Build 5076996 on Wed May 22 18:36:09 MDT 2024
  **** IP Build 5075265 on Wed May 22 21:45:21 MDT 2024
  **** SharedData Build 5076995 on Wed May 22 18:29:18 MDT 2024
  **** Start of session at: Mon Apr 20 14:50:17 2026
    ** Copyright 1986-2022 Xilinx, Inc. All Rights Reserved.
    ** Copyright 2022-2024 Advanced Micro Devices, Inc. All Rights Reserved.

source run_ippack.tcl -notrace
INFO: calling package_hls_ip ip_types=vitis sysgen json_file=/home/levlabcukomen/Desktop/VitisProjects/PSDMonitor/PSDMonitor/PSDMonitorTop/hls/hls_data.json outdir=/home/levlabcukomen/Desktop/VitisProjects/PSDMonitor/PSDMonitor/PSDMonitorTop/hls/impl/ip srcdir=/home/levlabcukomen/Desktop/VitisProjects/PSDMonitor/PSDMonitor/PSDMonitorTop/hls sort_interfaces_ports=false
INFO: Copied 1 ipmisc file(s) to /home/levlabcukomen/Desktop/VitisProjects/PSDMonitor/PSDMonitor/PSDMonitorTop/hls/impl/ip/misc
INFO: Copied 6 verilog file(s) to /home/levlabcukomen/Desktop/VitisProjects/PSDMonitor/PSDMonitor/PSDMonitorTop/hls/impl/ip/hdl/verilog
INFO: Copied 4 vhdl file(s) to /home/levlabcukomen/Desktop/VitisProjects/PSDMonitor/PSDMonitor/PSDMonitorTop/hls/impl/ip/hdl/vhdl
INFO: Copied 10 swdriver file(s) to /home/levlabcukomen/Desktop/VitisProjects/PSDMonitor/PSDMonitor/PSDMonitorTop/hls/impl/ip/drivers
ipx::create_core: Time (s): cpu = 00:00:05 ; elapsed = 00:00:05 . Memory (MB): peak = 1478.500 ; gain = 24.836 ; free physical = 13346 ; free virtual = 42374
INFO: Import ports from HDL: /home/levlabcukomen/Desktop/VitisProjects/PSDMonitor/PSDMonitor/PSDMonitorTop/hls/impl/ip/hdl/vhdl/PSDMonitorTop.vhd (PSDMonitorTop)
INFO: Add axi4lite interface s_axi_CTRL
INFO: Add clock interface ap_clk
INFO: Add reset interface ap_rst_n
INFO: Add axi4full interface m_axi_gmem
INFO: [IP_Flow 19-234] Refreshing IP repositories
INFO: [IP_Flow 19-1704] No user IP repositories specified
INFO: [IP_Flow 19-2313] Loaded Vivado IP repository '/home/levlabcukomen/tools/Vivado/2024.1/data/ip'.
INFO: Add axi4stream interface adc_in
INFO: Calling post_process_vitis to specialize IP
INFO: Calling post_process_sysgen to specialize IP
Generating sysgen info xml from json file
INFO: Created IP /home/levlabcukomen/Desktop/VitisProjects/PSDMonitor/PSDMonitor/PSDMonitorTop/hls/impl/ip/component.xml
INFO: Created IP archive /home/levlabcukomen/Desktop/VitisProjects/PSDMonitor/PSDMonitor/PSDMonitorTop/hls/impl/ip/xilinx_com_hls_PSDMonitorTop_1_0.zip
INFO: [Common 17-206] Exiting Vivado at Mon Apr 20 14:50:25 2026...
INFO: [HLS 200-802] Generated output file PSDMonitorTop/PSDMonitorTop.zip
INFO: [HLS 200-112] Total CPU user time: 12.7 seconds. Total CPU system time: 0.65 seconds. Total elapsed time: 15.63 seconds; peak allocated memory: 397.922 MB.
INFO: [vitis-run 60-791] Total elapsed time: 0h 0m 19s
