INFO: [v++ 60-1548] Creating build summary session with primary output /home/levlabcukomen/Desktop/VitisProjects/PSDMonitor/PSDMonitor/PSDMonitorTop/PSDMonitorTop.hlscompile_summary, at Mon Apr 20 15:49:01 2026
INFO: [v++ 82-31] Launching vitis_hls: vitis_hls -nolog -run csynth -work_dir /home/levlabcukomen/Desktop/VitisProjects/PSDMonitor/PSDMonitor/PSDMonitorTop -config /home/levlabcukomen/Desktop/VitisProjects/PSDMonitor/PSDMonitor/hls_config.cfg -cmdlineconfig /home/levlabcukomen/Desktop/VitisProjects/PSDMonitor/PSDMonitor/PSDMonitorTop/hls/config.cmdline
INFO: [HLS 200-10] For user 'levlabcukomen' on host 'levlabcukomen-OMEN-30L-Desktop-GT13-0xxx' (Linux_x86_64 version 6.8.0-100-generic) on Mon Apr 20 15:49:03 PDT 2026
INFO: [HLS 200-10] On os Ubuntu 22.04.5 LTS
INFO: [HLS 200-10] In directory '/home/levlabcukomen/Desktop/VitisProjects/PSDMonitor/PSDMonitor'
INFO: [HLS 200-2005] Using work_dir /home/levlabcukomen/Desktop/VitisProjects/PSDMonitor/PSDMonitor/PSDMonitorTop 
INFO: [HLS 200-1505] Using default flow_target 'vivado'
Resolution: For help on HLS 200-1505 see docs.xilinx.com/access/sources/dita/topic?Doc_Version=2024.1%20English&url=ug1448-hls-guidance&resourceid=200-1505.html
INFO: [HLS 200-1465] Applying ini 'syn.file=PSDMonitor.cpp' from /home/levlabcukomen/Desktop/VitisProjects/PSDMonitor/PSDMonitor/hls_config.cfg(9)
INFO: [HLS 200-10] Adding design file '/home/levlabcukomen/Desktop/VitisProjects/PSDMonitor/PSDMonitor/PSDMonitor.cpp' to the project
INFO: [HLS 200-1465] Applying ini 'syn.top=PSDMonitorTop' from /home/levlabcukomen/Desktop/VitisProjects/PSDMonitor/PSDMonitor/hls_config.cfg(7)
INFO: [HLS 200-1465] Applying ini 'flow_target=vivado' from /home/levlabcukomen/Desktop/VitisProjects/PSDMonitor/PSDMonitor/hls_config.cfg(4)
INFO: [HLS 200-1505] Using flow_target 'vivado'
Resolution: For help on HLS 200-1505 see docs.xilinx.com/access/sources/dita/topic?Doc_Version=2024.1%20English&url=ug1448-hls-guidance&resourceid=200-1505.html
INFO: [HLS 200-1465] Applying ini 'part=xc7z010clg400-1' from /home/levlabcukomen/Desktop/VitisProjects/PSDMonitor/PSDMonitor/hls_config.cfg(1)
INFO: [HLS 200-1611] Setting target device to 'xc7z010-clg400-1'
INFO: [HLS 200-1465] Applying ini 'clock=8ns' from /home/levlabcukomen/Desktop/VitisProjects/PSDMonitor/PSDMonitor/hls_config.cfg(8)
INFO: [SYN 201-201] Setting up clock 'default' with a period of 8ns.
INFO: [HLS 200-1465] Applying ini 'package.output.format=ip_catalog' from /home/levlabcukomen/Desktop/VitisProjects/PSDMonitor/PSDMonitor/hls_config.cfg(5)
INFO: [HLS 200-111] Finished File checks and directory preparation: CPU user time: 2.5 seconds. CPU system time: 0.2 seconds. Elapsed time: 2.55 seconds; current allocated memory: 340.246 MB.
INFO: [HLS 200-10] Analyzing design file 'PSDMonitor.cpp' ... 
INFO: [HLS 200-111] Finished Source Code Analysis and Preprocessing: CPU user time: 2.31 seconds. CPU system time: 0.38 seconds. Elapsed time: 2.69 seconds; current allocated memory: 341.895 MB.
INFO: [HLS 200-777] Using interface defaults for 'Vivado' flow target.
INFO: [HLS 200-1995] There were 337 instructions in the design after the 'Compile/Link' phase of compilation. See the Design Size Report for more details: /home/levlabcukomen/Desktop/VitisProjects/PSDMonitor/PSDMonitor/PSDMonitorTop/hls/syn/report/csynth_design_size.rpt
INFO: [HLS 200-1995] There were 78 instructions in the design after the 'Unroll/Inline (step 1)' phase of compilation. See the Design Size Report for more details: /home/levlabcukomen/Desktop/VitisProjects/PSDMonitor/PSDMonitor/PSDMonitorTop/hls/syn/report/csynth_design_size.rpt
INFO: [HLS 200-1995] There were 62 instructions in the design after the 'Unroll/Inline (step 2)' phase of compilation. See the Design Size Report for more details: /home/levlabcukomen/Desktop/VitisProjects/PSDMonitor/PSDMonitor/PSDMonitorTop/hls/syn/report/csynth_design_size.rpt
INFO: [HLS 200-1995] There were 62 instructions in the design after the 'Unroll/Inline (step 3)' phase of compilation. See the Design Size Report for more details: /home/levlabcukomen/Desktop/VitisProjects/PSDMonitor/PSDMonitor/PSDMonitorTop/hls/syn/report/csynth_design_size.rpt
INFO: [HLS 200-1995] There were 62 instructions in the design after the 'Unroll/Inline (step 4)' phase of compilation. See the Design Size Report for more details: /home/levlabcukomen/Desktop/VitisProjects/PSDMonitor/PSDMonitor/PSDMonitorTop/hls/syn/report/csynth_design_size.rpt
INFO: [HLS 200-1995] There were 46 instructions in the design after the 'Array/Struct (step 1)' phase of compilation. See the Design Size Report for more details: /home/levlabcukomen/Desktop/VitisProjects/PSDMonitor/PSDMonitor/PSDMonitorTop/hls/syn/report/csynth_design_size.rpt
INFO: [HLS 200-1995] There were 46 instructions in the design after the 'Array/Struct (step 2)' phase of compilation. See the Design Size Report for more details: /home/levlabcukomen/Desktop/VitisProjects/PSDMonitor/PSDMonitor/PSDMonitorTop/hls/syn/report/csynth_design_size.rpt
INFO: [HLS 200-1995] There were 46 instructions in the design after the 'Array/Struct (step 3)' phase of compilation. See the Design Size Report for more details: /home/levlabcukomen/Desktop/VitisProjects/PSDMonitor/PSDMonitor/PSDMonitorTop/hls/syn/report/csynth_design_size.rpt
INFO: [HLS 200-1995] There were 46 instructions in the design after the 'Array/Struct (step 4)' phase of compilation. See the Design Size Report for more details: /home/levlabcukomen/Desktop/VitisProjects/PSDMonitor/PSDMonitor/PSDMonitorTop/hls/syn/report/csynth_design_size.rpt
INFO: [HLS 200-1995] There were 30 instructions in the design after the 'Array/Struct (step 5)' phase of compilation. See the Design Size Report for more details: /home/levlabcukomen/Desktop/VitisProjects/PSDMonitor/PSDMonitor/PSDMonitorTop/hls/syn/report/csynth_design_size.rpt
INFO: [HLS 200-1995] There were 30 instructions in the design after the 'Performance (step 1)' phase of compilation. See the Design Size Report for more details: /home/levlabcukomen/Desktop/VitisProjects/PSDMonitor/PSDMonitor/PSDMonitorTop/hls/syn/report/csynth_design_size.rpt
INFO: [HLS 200-1995] There were 30 instructions in the design after the 'Performance (step 2)' phase of compilation. See the Design Size Report for more details: /home/levlabcukomen/Desktop/VitisProjects/PSDMonitor/PSDMonitor/PSDMonitorTop/hls/syn/report/csynth_design_size.rpt
INFO: [HLS 200-1995] There were 30 instructions in the design after the 'Performance (step 3)' phase of compilation. See the Design Size Report for more details: /home/levlabcukomen/Desktop/VitisProjects/PSDMonitor/PSDMonitor/PSDMonitorTop/hls/syn/report/csynth_design_size.rpt
INFO: [HLS 200-1995] There were 30 instructions in the design after the 'Performance (step 4)' phase of compilation. See the Design Size Report for more details: /home/levlabcukomen/Desktop/VitisProjects/PSDMonitor/PSDMonitor/PSDMonitorTop/hls/syn/report/csynth_design_size.rpt
INFO: [HLS 200-1995] There were 35 instructions in the design after the 'HW Transforms (step 1)' phase of compilation. See the Design Size Report for more details: /home/levlabcukomen/Desktop/VitisProjects/PSDMonitor/PSDMonitor/PSDMonitorTop/hls/syn/report/csynth_design_size.rpt
INFO: [HLS 200-1995] There were 38 instructions in the design after the 'HW Transforms (step 2)' phase of compilation. See the Design Size Report for more details: /home/levlabcukomen/Desktop/VitisProjects/PSDMonitor/PSDMonitor/PSDMonitorTop/hls/syn/report/csynth_design_size.rpt
INFO: [HLS 200-111] Finished Compiling Optimization and Transform: CPU user time: 1.62 seconds. CPU system time: 0.28 seconds. Elapsed time: 6.61 seconds; current allocated memory: 343.551 MB.
INFO: [HLS 200-111] Finished Checking Pragmas: CPU user time: 0 seconds. CPU system time: 0 seconds. Elapsed time: 0 seconds; current allocated memory: 343.551 MB.
INFO: [HLS 200-10] Starting code transformations ...
INFO: [HLS 200-111] Finished Standard Transforms: CPU user time: 0.01 seconds. CPU system time: 0 seconds. Elapsed time: 0.01 seconds; current allocated memory: 343.672 MB.
INFO: [HLS 200-10] Checking synthesizability ...
WARNING: [SYNCHK 200-77] The top function 'PSDMonitorTop' (PSDMonitor.cpp:11) has no outputs. Possible cause(s) are: (1) Output parameters are passed by value; (2) intended outputs (parameters or global variables) are never written; (3) there are infinite loops.
INFO: [SYNCHK 200-10] 0 error(s), 1 warning(s).
INFO: [HLS 200-111] Finished Checking Synthesizability: CPU user time: 0.01 seconds. CPU system time: 0 seconds. Elapsed time: 0 seconds; current allocated memory: 343.684 MB.
INFO: [HLS 200-111] Finished Loop, function and other optimizations: CPU user time: 0.01 seconds. CPU system time: 0 seconds. Elapsed time: 0.02 seconds; current allocated memory: 365.398 MB.
INFO: [HLS 200-111] Finished Architecture Synthesis: CPU user time: 0.02 seconds. CPU system time: 0 seconds. Elapsed time: 0.02 seconds; current allocated memory: 365.398 MB.
INFO: [HLS 200-10] Starting hardware synthesis ...
INFO: [HLS 200-10] Synthesizing 'PSDMonitorTop' ...
INFO: [HLS 200-10] ----------------------------------------------------------------
INFO: [HLS 200-42] -- Implementing module 'PSDMonitorTop' 
INFO: [HLS 200-10] ----------------------------------------------------------------
INFO: [SCHED 204-11] Starting scheduling ...
INFO: [SCHED 204-61] Pipelining loop 'VITIS_LOOP_27_1'.
INFO: [HLS 200-1470] Pipelining result : Target II = 1, Final II = 1, Depth = 2, loop 'VITIS_LOOP_27_1'
INFO: [SCHED 204-11] Finished scheduling.
INFO: [HLS 200-111] Finished Scheduling: CPU user time: 0.02 seconds. CPU system time: 0.02 seconds. Elapsed time: 0.03 seconds; current allocated memory: 365.398 MB.
INFO: [BIND 205-100] Starting micro-architecture generation ...
INFO: [BIND 205-101] Performing variable lifetime analysis.
INFO: [BIND 205-101] Exploring resource sharing.
INFO: [BIND 205-101] Binding ...
INFO: [BIND 205-100] Finished micro-architecture generation.
INFO: [HLS 200-111] Finished Binding: CPU user time: 0.01 seconds. CPU system time: 0 seconds. Elapsed time: 0.01 seconds; current allocated memory: 365.398 MB.
INFO: [HLS 200-10] ----------------------------------------------------------------
INFO: [HLS 200-10] -- Generating RTL for module 'PSDMonitorTop' 
INFO: [HLS 200-10] ----------------------------------------------------------------
WARNING: [RTGEN 206-101] Design contains AXI ports. Reset is fixed to synchronous and active low.
INFO: [RTGEN 206-500] Setting interface mode on port 'PSDMonitorTop/gmem' to 'm_axi'.
INFO: [RTGEN 206-500] Setting interface mode on port 'PSDMonitorTop/adc_in_V_data_V' to 'axis' (register, both mode).
INFO: [RTGEN 206-500] Setting interface mode on port 'PSDMonitorTop/adc_in_V_keep_V' to 'axis' (register, both mode).
INFO: [RTGEN 206-500] Setting interface mode on port 'PSDMonitorTop/adc_in_V_strb_V' to 'axis' (register, both mode).
INFO: [RTGEN 206-500] Setting interface mode on port 'PSDMonitorTop/adc_in_V_last_V' to 'axis' (register, both mode).
INFO: [RTGEN 206-500] Setting interface mode on port 'PSDMonitorTop/ram_buffer' to 's_axilite & ap_none'.
INFO: [RTGEN 206-500] Setting interface mode on port 'PSDMonitorTop/max_samples' to 's_axilite & ap_none'.
INFO: [RTGEN 206-500] Setting interface mode on function 'PSDMonitorTop' to 'ap_ctrl_hs'.
WARNING: [RTGEN 206-101] Register 'fake_counter' is power-on initialization.
WARNING: [RTGEN 206-101] Register 'error_accum' is power-on initialization.
INFO: [HLS 200-1030] Apply Unified Pipeline Control on module 'PSDMonitorTop' pipeline 'VITIS_LOOP_27_1' pipeline type 'loop pipeline'
INFO: [RTGEN 206-100] Bundling port 'ram_buffer' and 'max_samples' to AXI-Lite port CTRL.
WARNING: [RTGEN 206-101] Port 'PSDMonitorTop/m_axi_gmem_AWVALID' has no fanin or fanout and is left dangling.
               Please use C simulation to confirm this function argument can be read from or written to.
WARNING: [RTGEN 206-101] Setting dangling out port 'PSDMonitorTop/m_axi_gmem_AWVALID' to 0.
WARNING: [RTGEN 206-101] Port 'PSDMonitorTop/m_axi_gmem_AWREADY' has no fanin or fanout and is left dangling.
               Please use C simulation to confirm this function argument can be read from or written to.
WARNING: [RTGEN 206-101] Port 'PSDMonitorTop/m_axi_gmem_AWADDR' has no fanin or fanout and is left dangling.
               Please use C simulation to confirm this function argument can be read from or written to.
WARNING: [RTGEN 206-101] Setting dangling out port 'PSDMonitorTop/m_axi_gmem_AWADDR' to 0.
WARNING: [RTGEN 206-101] Port 'PSDMonitorTop/m_axi_gmem_AWID' has no fanin or fanout and is left dangling.
               Please use C simulation to confirm this function argument can be read from or written to.
WARNING: [RTGEN 206-101] Setting dangling out port 'PSDMonitorTop/m_axi_gmem_AWID' to 0.
WARNING: [RTGEN 206-101] Port 'PSDMonitorTop/m_axi_gmem_AWLEN' has no fanin or fanout and is left dangling.
               Please use C simulation to confirm this function argument can be read from or written to.
WARNING: [RTGEN 206-101] Setting dangling out port 'PSDMonitorTop/m_axi_gmem_AWLEN' to 0.
WARNING: [RTGEN 206-101] Port 'PSDMonitorTop/m_axi_gmem_AWSIZE' has no fanin or fanout and is left dangling.
               Please use C simulation to confirm this function argument can be read from or written to.
WARNING: [RTGEN 206-101] Setting dangling out port 'PSDMonitorTop/m_axi_gmem_AWSIZE' to 0.
WARNING: [RTGEN 206-101] Port 'PSDMonitorTop/m_axi_gmem_AWBURST' has no fanin or fanout and is left dangling.
               Please use C simulation to confirm this function argument can be read from or written to.
WARNING: [RTGEN 206-101] Setting dangling out port 'PSDMonitorTop/m_axi_gmem_AWBURST' to 0.
WARNING: [RTGEN 206-101] Port 'PSDMonitorTop/m_axi_gmem_AWLOCK' has no fanin or fanout and is left dangling.
               Please use C simulation to confirm this function argument can be read from or written to.
WARNING: [RTGEN 206-101] Setting dangling out port 'PSDMonitorTop/m_axi_gmem_AWLOCK' to 0.
WARNING: [RTGEN 206-101] Port 'PSDMonitorTop/m_axi_gmem_AWCACHE' has no fanin or fanout and is left dangling.
               Please use C simulation to confirm this function argument can be read from or written to.
WARNING: [RTGEN 206-101] Setting dangling out port 'PSDMonitorTop/m_axi_gmem_AWCACHE' to 0.
WARNING: [RTGEN 206-101] Port 'PSDMonitorTop/m_axi_gmem_AWPROT' has no fanin or fanout and is left dangling.
               Please use C simulation to confirm this function argument can be read from or written to.
WARNING: [RTGEN 206-101] Setting dangling out port 'PSDMonitorTop/m_axi_gmem_AWPROT' to 0.
WARNING: [RTGEN 206-101] Port 'PSDMonitorTop/m_axi_gmem_AWQOS' has no fanin or fanout and is left dangling.
               Please use C simulation to confirm this function argument can be read from or written to.
WARNING: [RTGEN 206-101] Setting dangling out port 'PSDMonitorTop/m_axi_gmem_AWQOS' to 0.
WARNING: [RTGEN 206-101] Port 'PSDMonitorTop/m_axi_gmem_AWREGION' has no fanin or fanout and is left dangling.
               Please use C simulation to confirm this function argument can be read from or written to.
WARNING: [RTGEN 206-101] Setting dangling out port 'PSDMonitorTop/m_axi_gmem_AWREGION' to 0.
WARNING: [RTGEN 206-101] Port 'PSDMonitorTop/m_axi_gmem_AWUSER' has no fanin or fanout and is left dangling.
               Please use C simulation to confirm this function argument can be read from or written to.
WARNING: [RTGEN 206-101] Setting dangling out port 'PSDMonitorTop/m_axi_gmem_AWUSER' to 0.
WARNING: [RTGEN 206-101] Port 'PSDMonitorTop/m_axi_gmem_WVALID' has no fanin or fanout and is left dangling.
               Please use C simulation to confirm this function argument can be read from or written to.
WARNING: [RTGEN 206-101] Setting dangling out port 'PSDMonitorTop/m_axi_gmem_WVALID' to 0.
WARNING: [RTGEN 206-101] Port 'PSDMonitorTop/m_axi_gmem_WREADY' has no fanin or fanout and is left dangling.
               Please use C simulation to confirm this function argument can be read from or written to.
WARNING: [RTGEN 206-101] Port 'PSDMonitorTop/m_axi_gmem_WDATA' has no fanin or fanout and is left dangling.
               Please use C simulation to confirm this function argument can be read from or written to.
WARNING: [RTGEN 206-101] Setting dangling out port 'PSDMonitorTop/m_axi_gmem_WDATA' to 0.
WARNING: [RTGEN 206-101] Port 'PSDMonitorTop/m_axi_gmem_WSTRB' has no fanin or fanout and is left dangling.
               Please use C simulation to confirm this function argument can be read from or written to.
WARNING: [RTGEN 206-101] Setting dangling out port 'PSDMonitorTop/m_axi_gmem_WSTRB' to 0.
WARNING: [RTGEN 206-101] Port 'PSDMonitorTop/m_axi_gmem_WLAST' has no fanin or fanout and is left dangling.
               Please use C simulation to confirm this function argument can be read from or written to.
WARNING: [RTGEN 206-101] Setting dangling out port 'PSDMonitorTop/m_axi_gmem_WLAST' to 0.
WARNING: [RTGEN 206-101] Port 'PSDMonitorTop/m_axi_gmem_WID' has no fanin or fanout and is left dangling.
               Please use C simulation to confirm this function argument can be read from or written to.
WARNING: [RTGEN 206-101] Setting dangling out port 'PSDMonitorTop/m_axi_gmem_WID' to 0.
WARNING: [RTGEN 206-101] Port 'PSDMonitorTop/m_axi_gmem_WUSER' has no fanin or fanout and is left dangling.
               Please use C simulation to confirm this function argument can be read from or written to.
WARNING: [RTGEN 206-101] Setting dangling out port 'PSDMonitorTop/m_axi_gmem_WUSER' to 0.
WARNING: [RTGEN 206-101] Port 'PSDMonitorTop/m_axi_gmem_ARVALID' has no fanin or fanout and is left dangling.
               Please use C simulation to confirm this function argument can be read from or written to.
WARNING: [RTGEN 206-101] Setting dangling out port 'PSDMonitorTop/m_axi_gmem_ARVALID' to 0.
WARNING: [RTGEN 206-101] Port 'PSDMonitorTop/m_axi_gmem_ARREADY' has no fanin or fanout and is left dangling.
               Please use C simulation to confirm this function argument can be read from or written to.
WARNING: [RTGEN 206-101] Port 'PSDMonitorTop/m_axi_gmem_ARADDR' has no fanin or fanout and is left dangling.
               Please use C simulation to confirm this function argument can be read from or written to.
WARNING: [RTGEN 206-101] Setting dangling out port 'PSDMonitorTop/m_axi_gmem_ARADDR' to 0.
WARNING: [RTGEN 206-101] Port 'PSDMonitorTop/m_axi_gmem_ARID' has no fanin or fanout and is left dangling.
               Please use C simulation to confirm this function argument can be read from or written to.
WARNING: [RTGEN 206-101] Setting dangling out port 'PSDMonitorTop/m_axi_gmem_ARID' to 0.
WARNING: [RTGEN 206-101] Port 'PSDMonitorTop/m_axi_gmem_ARLEN' has no fanin or fanout and is left dangling.
               Please use C simulation to confirm this function argument can be read from or written to.
WARNING: [RTGEN 206-101] Setting dangling out port 'PSDMonitorTop/m_axi_gmem_ARLEN' to 0.
WARNING: [RTGEN 206-101] Port 'PSDMonitorTop/m_axi_gmem_ARSIZE' has no fanin or fanout and is left dangling.
               Please use C simulation to confirm this function argument can be read from or written to.
WARNING: [RTGEN 206-101] Setting dangling out port 'PSDMonitorTop/m_axi_gmem_ARSIZE' to 0.
WARNING: [RTGEN 206-101] Port 'PSDMonitorTop/m_axi_gmem_ARBURST' has no fanin or fanout and is left dangling.
               Please use C simulation to confirm this function argument can be read from or written to.
WARNING: [RTGEN 206-101] Setting dangling out port 'PSDMonitorTop/m_axi_gmem_ARBURST' to 0.
WARNING: [RTGEN 206-101] Port 'PSDMonitorTop/m_axi_gmem_ARLOCK' has no fanin or fanout and is left dangling.
               Please use C simulation to confirm this function argument can be read from or written to.
WARNING: [RTGEN 206-101] Setting dangling out port 'PSDMonitorTop/m_axi_gmem_ARLOCK' to 0.
WARNING: [RTGEN 206-101] Port 'PSDMonitorTop/m_axi_gmem_ARCACHE' has no fanin or fanout and is left dangling.
               Please use C simulation to confirm this function argument can be read from or written to.
WARNING: [RTGEN 206-101] Setting dangling out port 'PSDMonitorTop/m_axi_gmem_ARCACHE' to 0.
WARNING: [RTGEN 206-101] Port 'PSDMonitorTop/m_axi_gmem_ARPROT' has no fanin or fanout and is left dangling.
               Please use C simulation to confirm this function argument can be read from or written to.
WARNING: [RTGEN 206-101] Setting dangling out port 'PSDMonitorTop/m_axi_gmem_ARPROT' to 0.
WARNING: [RTGEN 206-101] Port 'PSDMonitorTop/m_axi_gmem_ARQOS' has no fanin or fanout and is left dangling.
               Please use C simulation to confirm this function argument can be read from or written to.
WARNING: [RTGEN 206-101] Setting dangling out port 'PSDMonitorTop/m_axi_gmem_ARQOS' to 0.
WARNING: [RTGEN 206-101] Port 'PSDMonitorTop/m_axi_gmem_ARREGION' has no fanin or fanout and is left dangling.
               Please use C simulation to confirm this function argument can be read from or written to.
WARNING: [RTGEN 206-101] Setting dangling out port 'PSDMonitorTop/m_axi_gmem_ARREGION' to 0.
WARNING: [RTGEN 206-101] Port 'PSDMonitorTop/m_axi_gmem_ARUSER' has no fanin or fanout and is left dangling.
               Please use C simulation to confirm this function argument can be read from or written to.
WARNING: [RTGEN 206-101] Setting dangling out port 'PSDMonitorTop/m_axi_gmem_ARUSER' to 0.
WARNING: [RTGEN 206-101] Port 'PSDMonitorTop/m_axi_gmem_RVALID' has no fanin or fanout and is left dangling.
               Please use C simulation to confirm this function argument can be read from or written to.
WARNING: [RTGEN 206-101] Port 'PSDMonitorTop/m_axi_gmem_RREADY' has no fanin or fanout and is left dangling.
               Please use C simulation to confirm this function argument can be read from or written to.
WARNING: [RTGEN 206-101] Setting dangling out port 'PSDMonitorTop/m_axi_gmem_RREADY' to 0.
WARNING: [RTGEN 206-101] Port 'PSDMonitorTop/m_axi_gmem_RDATA' has no fanin or fanout and is left dangling.
               Please use C simulation to confirm this function argument can be read from or written to.
WARNING: [RTGEN 206-101] Port 'PSDMonitorTop/m_axi_gmem_RLAST' has no fanin or fanout and is left dangling.
               Please use C simulation to confirm this function argument can be read from or written to.
WARNING: [RTGEN 206-101] Port 'PSDMonitorTop/m_axi_gmem_RID' has no fanin or fanout and is left dangling.
               Please use C simulation to confirm this function argument can be read from or written to.
WARNING: [RTGEN 206-101] Port 'PSDMonitorTop/m_axi_gmem_RUSER' has no fanin or fanout and is left dangling.
               Please use C simulation to confirm this function argument can be read from or written to.
WARNING: [RTGEN 206-101] Port 'PSDMonitorTop/m_axi_gmem_RRESP' has no fanin or fanout and is left dangling.
               Please use C simulation to confirm this function argument can be read from or written to.
WARNING: [RTGEN 206-101] Port 'PSDMonitorTop/m_axi_gmem_BVALID' has no fanin or fanout and is left dangling.
               Please use C simulation to confirm this function argument can be read from or written to.
WARNING: [RTGEN 206-101] Port 'PSDMonitorTop/m_axi_gmem_BREADY' has no fanin or fanout and is left dangling.
               Please use C simulation to confirm this function argument can be read from or written to.
WARNING: [RTGEN 206-101] Setting dangling out port 'PSDMonitorTop/m_axi_gmem_BREADY' to 0.
WARNING: [RTGEN 206-101] Port 'PSDMonitorTop/m_axi_gmem_BRESP' has no fanin or fanout and is left dangling.
               Please use C simulation to confirm this function argument can be read from or written to.
WARNING: [RTGEN 206-101] Port 'PSDMonitorTop/m_axi_gmem_BID' has no fanin or fanout and is left dangling.
               Please use C simulation to confirm this function argument can be read from or written to.
WARNING: [RTGEN 206-101] Port 'PSDMonitorTop/m_axi_gmem_BUSER' has no fanin or fanout and is left dangling.
               Please use C simulation to confirm this function argument can be read from or written to.
INFO: [RTGEN 206-100] Finished creating RTL model for 'PSDMonitorTop'.
INFO: [HLS 200-111] Finished Creating RTL model: CPU user time: 0.06 seconds. CPU system time: 0.01 seconds. Elapsed time: 0.06 seconds; current allocated memory: 365.398 MB.
INFO: [HLS 200-111] Finished Generating all RTL models: CPU user time: 0.13 seconds. CPU system time: 0 seconds. Elapsed time: 0.14 seconds; current allocated memory: 365.398 MB.
INFO: [HLS 200-111] Finished Updating report files: CPU user time: 0.31 seconds. CPU system time: 0.02 seconds. Elapsed time: 0.32 seconds; current allocated memory: 365.398 MB.
INFO: [VHDL 208-304] Generating VHDL RTL for PSDMonitorTop.
INFO: [VLOG 209-307] Generating Verilog RTL for PSDMonitorTop.
INFO: [HLS 200-790] **** Loop Constraint Status: All loop constraints were satisfied.
INFO: [HLS 200-789] **** Estimated Fmax: 214.68 MHz
INFO: [HLS 200-112] Total CPU user time: 7.01 seconds. Total CPU system time: 0.91 seconds. Total elapsed time: 12.48 seconds; peak allocated memory: 365.398 MB.
INFO: [v++ 60-791] Total elapsed time: 0h 0m 16s
