INFO: [v++ 60-1548] Creating build summary session with primary output /home/levlabcukomen/Desktop/VitisProjects/PSDMonitor/PSDMonitor/PSDMonitorTop/PSDMonitorTop.hlscompile_summary, at Mon Apr 20 15:18:16 2026
INFO: [v++ 82-31] Launching vitis_hls: vitis_hls -nolog -run csynth -work_dir /home/levlabcukomen/Desktop/VitisProjects/PSDMonitor/PSDMonitor/PSDMonitorTop -config /home/levlabcukomen/Desktop/VitisProjects/PSDMonitor/PSDMonitor/hls_config.cfg -cmdlineconfig /home/levlabcukomen/Desktop/VitisProjects/PSDMonitor/PSDMonitor/PSDMonitorTop/hls/config.cmdline
INFO: [HLS 200-10] For user 'levlabcukomen' on host 'levlabcukomen-OMEN-30L-Desktop-GT13-0xxx' (Linux_x86_64 version 6.8.0-100-generic) on Mon Apr 20 15:18:19 PDT 2026
INFO: [HLS 200-10] On os Ubuntu 22.04.5 LTS
INFO: [HLS 200-10] In directory '/home/levlabcukomen/Desktop/VitisProjects/PSDMonitor/PSDMonitor'
INFO: [HLS 200-2005] Using work_dir /home/levlabcukomen/Desktop/VitisProjects/PSDMonitor/PSDMonitor/PSDMonitorTop 
INFO: [HLS 200-1505] Using default flow_target 'vivado'
Resolution: For help on HLS 200-1505 see docs.xilinx.com/access/sources/dita/topic?Doc_Version=2024.1%20English&url=ug1448-hls-guidance&resourceid=200-1505.html
INFO: [HLS 200-1465] Applying ini 'syn.file=PSDMonitor.cpp' from /home/levlabcukomen/Desktop/VitisProjects/PSDMonitor/PSDMonitor/hls_config.cfg(9)
INFO: [HLS 200-10] Adding design file '/home/levlabcukomen/Desktop/VitisProjects/PSDMonitor/PSDMonitor/PSDMonitor.cpp' to the project
INFO: [HLS 200-1465] Applying ini 'syn.top=PSDMonitorTop' from /home/levlabcukomen/Desktop/VitisProjects/PSDMonitor/PSDMonitor/hls_config.cfg(7)
INFO: [HLS 200-1465] Applying ini 'flow_target=vivado' from /home/levlabcukomen/Desktop/VitisProjects/PSDMonitor/PSDMonitor/hls_config.cfg(4)
INFO: [HLS 200-1505] Using flow_target 'vivado'
Resolution: For help on HLS 200-1505 see docs.xilinx.com/access/sources/dita/topic?Doc_Version=2024.1%20English&url=ug1448-hls-guidance&resourceid=200-1505.html
INFO: [HLS 200-1465] Applying ini 'part=xc7z010clg400-1' from /home/levlabcukomen/Desktop/VitisProjects/PSDMonitor/PSDMonitor/hls_config.cfg(1)
INFO: [HLS 200-1611] Setting target device to 'xc7z010-clg400-1'
INFO: [HLS 200-1465] Applying ini 'clock=8ns' from /home/levlabcukomen/Desktop/VitisProjects/PSDMonitor/PSDMonitor/hls_config.cfg(8)
INFO: [SYN 201-201] Setting up clock 'default' with a period of 8ns.
INFO: [HLS 200-1465] Applying ini 'package.output.format=ip_catalog' from /home/levlabcukomen/Desktop/VitisProjects/PSDMonitor/PSDMonitor/hls_config.cfg(5)
INFO: [HLS 200-111] Finished File checks and directory preparation: CPU user time: 2.52 seconds. CPU system time: 0.22 seconds. Elapsed time: 2.6 seconds; current allocated memory: 340.238 MB.
INFO: [HLS 200-10] Analyzing design file 'PSDMonitor.cpp' ... 
ERROR: [HLS 207-2972] no member named 'nb' in 'hls::stream<hls::axis<ap_uint<32>, 0, 0, 0, '8', false>, 0>' (PSDMonitor.cpp:31:16)
ERROR: [HLS 207-3777] use of undeclared identifier 'val_adc1'; did you mean 'val_adc'? (PSDMonitor.cpp:35:9)
INFO: [HLS 207-4436] 'val_adc' declared here (PSDMonitor.cpp:29:12)
ERROR: [HLS 207-3344] no viable overloaded '=' (PSDMonitor.cpp:35:18)
INFO: [HLS 207-4378] candidate function (the implicit move assignment operator) not viable: no known conversion from 'short' to 'hls::axis<ap_uint<32>, 0, 0, 0, '8', false>' for 1st argument (/home/levlabcukomen/tools/Vitis_HLS/2024.1/common/technology/autopilot/ap_axi_sdata.h:98:8)
INFO: [HLS 207-4378] candidate function (the implicit copy assignment operator) not viable: no known conversion from 'short' to 'const hls::axis<ap_uint<32>, 0, 0, 0, '8', false>' for 1st argument (/home/levlabcukomen/tools/Vitis_HLS/2024.1/common/technology/autopilot/ap_axi_sdata.h:98:8)
ERROR: [HLS 207-1213] expected ';' after expression (PSDMonitor.cpp:36:28)
ERROR: [HLS 207-3776] use of undeclared identifier 'val_adc1' (PSDMonitor.cpp:41:24)
ERROR:  
INFO: [HLS 200-112] Total CPU user time: 2.99 seconds. Total CPU system time: 0.37 seconds. Total elapsed time: 3.22 seconds; peak allocated memory: 341.504 MB.
