# 
# Steps log generated by v++
# This log file contains a collection of steps that describe the kernel compilation flow
# Note: Some steps are tagged as internal, these steps are for debugging purposes and 
#       are not expected to be able to run independently.
# 

# The following environment variables are set when running v++
Environment variables :
------------------------------------------
SHELL=/bin/bash
SESSION_MANAGER=local/levlabcukomen-OMEN-30L-Desktop-GT13-0xxx:@/tmp/.ICE-unix/3272684,unix/levlabcukomen-OMEN-30L-Desktop-GT13-0xxx:/tmp/.ICE-unix/3272684
QT_ACCESSIBILITY=1
XDG_CONFIG_DIRS=/etc/xdg/xdg-ubuntu:/etc/xdg
SSH_AGENT_LAUNCHER=gnome-keyring
XDG_MENU_PREFIX=gnome-
GTK_IM_MODULE=ibus
RDI_APPROOT=/home/levlabcukomen/tools/Vitis/2024.1
RDI_JAVA_PLATFORM=
XIL_PA_NO_DEFAULT_OVERRIDE=1
SHARED_DATA_HOME=/home/levlabcukomen/tools/SharedData/2024.1
TK_LIBRARY=/home/levlabcukomen/tools/Vitis/2024.1/tps/tk/tk8.5
AUTOPILOT_TECH=/home/levlabcukomen/tools/Vitis_HLS/2024.1/common/technology
LANGUAGE=en_US:en
FREETYPE_PROPERTIES=truetype:interpreter-version=35
XIL_SUPPRESS_OVERRIDE_WARNINGS=1
RDI_BINROOT=/home/levlabcukomen/tools/Vitis/2024.1/bin
XILINX_VIVADO=/home/levlabcukomen/tools/Vivado/2024.1
JAVA_HOME=/home/levlabcukomen/tools/Vitis/2024.1/tps/lnx64/jre11.0.16_1/
GNOME_SHELL_SESSION_MODE=ubuntu
SSH_AUTH_SOCK=/run/user/1000/keyring/ssh
RDI_OPT_EXT=.o
RDI_INSTALLVER=2024.1
RDI_INSTALLROOT=/home/levlabcukomen/tools
THEIA_DEFAULT_PLUGINS=local-dir:/home/levlabcukomen/tools/Vitis/2024.1/ide/electron-app/lnx64/resources/app/plugins
RDI_PATCHROOT=
XMODIFIERS=@im=ibus
DESKTOP_SESSION=ubuntu
VIVADO_HLS_ARG_DBG=0
XILINX_VITIS_AIETOOLS=/home/levlabcukomen/tools/Vitis/2024.1/aietools
GTK_MODULES=gail:atk-bridge
XIL_NO_OVERRIDE=0
RDI_LIBDIR=/home/levlabcukomen/tools/Vitis/2024.1/lib/lnx64.o/Ubuntu/22:/home/levlabcukomen/tools/Vitis/2024.1/lib/lnx64.o/Ubuntu:/home/levlabcukomen/tools/Vitis/2024.1/lib/lnx64.o
PWD=/home/levlabcukomen/Desktop/VitisProjects/PSDMonitor/PSDMonitor
LOGNAME=levlabcukomen
XDG_SESSION_DESKTOP=ubuntu
THEIA_ELECTRON_VERSION=15.5.7
XDG_SESSION_TYPE=x11
_RDI_DONT_SET_XILINX_AS_PATH=True
AUTOESL_OS=Linux
ROOT_SWTICH_INGUI=1
GPG_AGENT_INFO=/run/user/1000/gnupg/S.gpg-agent:0:1
SYSTEMD_EXEC_PID=3272716
SWT_GTK3=1
XAUTHORITY=/run/user/1000/gdm/Xauthority
AUTOESL_VIVADO_HLS_VERSION=true
AUTOPILOT_TOOL=/home/levlabcukomen/tools/Vitis_HLS/2024.1/lnx64/tools
RDI_PREPEND_PATH=/home/levlabcukomen/tools/Vitis/2024.1/bin:/home/levlabcukomen/tools/Vitis/2024.1/bin
XILINX_DSP=
GJS_DEBUG_TOPICS=JS ERROR;JS LOG
WINDOWPATH=2
THEIA_PLUGINS=local-dir:/home/levlabcukomen/.theia/plugins
HOME=/home/levlabcukomen
USERNAME=levlabcukomen
SYNTH_COMMON=/home/levlabcukomen/tools/Vitis/2024.1/scripts/rt/data
LANG=en_US.UTF-8
AUTOESL_ROOT=/home/levlabcukomen/tools/Vitis_HLS/2024.1
XDG_CURRENT_DESKTOP=Unity
AUTOPILOT_MACH=/home/levlabcukomen/tools/Vitis_HLS/2024.1/lnx64
XILINX_HLS_TPS_PATH=/home/levlabcukomen/tools/Vitis_HLS/2024.1/tps:/home/levlabcukomen/tools/Vitis/2024.1/tps
XILINX_HLS=/home/levlabcukomen/tools/Vitis_HLS/2024.1
HDI_PROCESSOR=x86_64
RDI_BUILD=yes
RDI_PROG=/home/levlabcukomen/tools/Vitis/2024.1/bin/unwrapped/lnx64.o/v++
INVOCATION_ID=365aebeed70845768198ddb05bb93ac7
MANAGERPID=3272451
RDI_SESSION_INFO=/home/levlabcukomen:levlabcukomen-OMEN-30L-Desktop-GT13-0xxx_1776704951_3275595
CHROME_DESKTOP=Vitis Unified IDE.desktop
RT_TCL_PATH=/home/levlabcukomen/tools/Vitis/2024.1/scripts/rt/base_tcl/tcl
HLS_VERSION=2024.1
GJS_DEBUG_OUTPUT=stderr
XILINX_SDK=/home/levlabcukomen/tools/Vitis/2024.1
RDI_SHARED_DATA=/home/levlabcukomen/tools/SharedData/2024.1/data
GRAPHVIZ_DOT=/home/levlabcukomen/tools/Vitis_HLS/2024.1/tps/lnx64/dot-2.28
VSCODE_API_VERSION=1.53.2
XDG_SESSION_CLASS=user
PYTHONPATH=/home/levlabcukomen/tools/Vitis/2024.1/cli/:/home/levlabcukomen/tools/Vitis/2024.1/cli/python-packages/site-packages:/home/levlabcukomen/tools/Vitis/2024.1/cli/proto:/home/levlabcukomen/tools/Vitis/2024.1/tps/lnx64/python-3.8.3/lib/python3.8/lib-dynload/:/home/levlabcukomen/tools/Vitis/2024.1/tps/lnx64/python-3.8.3/lib/python3.8/:/home/levlabcukomen/tools/Vitis/2024.1/tps/lnx64/python-3.8.3/lib/python3.8/lib-dynload/:/home/levlabcukomen/tools/Vitis/2024.1/tps/lnx64/python-3.8.3/lib/python3.8:/home/levlabcukomen/tools/Vitis/2024.1/cli/:/home/levlabcukomen/tools/Vitis/2024.1/cli/python-packages/site-packages:/home/levlabcukomen/tools/Vitis/2024.1/cli/python-packages/lnx64:/home/levlabcukomen/tools/Vitis/2024.1/cli/proto:/home/levlabcukomen/tools/Vitis/2024.1/scripts/python_pkg
AUTOPILOT_CONFIG=/home/levlabcukomen/tools/Vitis_HLS/2024.1/common/config
XILINX_OPENCL=/home/levlabcukomen/tools/Vitis_HLS/2024.1
PYTHONHOME=/home/levlabcukomen/tools/Vitis/2024.1/tps/lnx64/python-3.8.3/
USER=levlabcukomen
XILINX_PLANAHEAD=/home/levlabcukomen/tools/Vitis/2024.1
RDI_BASEROOT=/home/levlabcukomen/tools/Vitis
LOPPER_DTC_FLAGS=-b 0 -@
RDI_TPS_ROOT=/home/levlabcukomen/tools/Vivado/2024.1/tps/lnx64
RDI_JAVA_VERSION=11.0.16_1
IDE_SKIP_SERVER_LICENSE=1
RDI_DATADIR=/home/levlabcukomen/tools/SharedData/2024.1/data:/home/levlabcukomen/tools/Vitis/2024.1/data
THEIA_ELECTRON_TOKEN={"value":"34d88b25-28a2-4723-88ef-3f94af921967"}
DISPLAY=:1
SHLVL=6
RDI_USE_JDK11=1
QT_IM_MODULE=ibus
XILINX_VIVADO_HLS=/home/levlabcukomen/tools/Vivado/2024.1
XIL_CHECK_TCL_DEBUG=False
LD_LIBRARY_PATH=/home/levlabcukomen/tools/Vitis/2024.1/tps/lnx64/java-cef-95.0.4638.69/bin/lib/linux64:/home/levlabcukomen/tools/Vitis/2024.1/tps/lnx64/javafx-sdk-11.0.2/lib:/home/levlabcukomen/tools/Vitis/2024.1/lib/lnx64.o/Ubuntu/22:/home/levlabcukomen/tools/Vitis/2024.1/lib/lnx64.o/Ubuntu:/home/levlabcukomen/tools/Vitis/2024.1/lib/lnx64.o:/home/levlabcukomen/tools/Vitis/2024.1/tps/lnx64/jre11.0.16_1/lib/:/home/levlabcukomen/tools/Vitis/2024.1/tps/lnx64/jre11.0.16_1/lib//server:/home/levlabcukomen/tools/Vitis/2024.1/lib/lnx64.o/Ubuntu/22:/home/levlabcukomen/tools/Vitis/2024.1/lib/lnx64.o/Ubuntu:/home/levlabcukomen/tools/Vitis/2024.1/lib/lnx64.o:/home/levlabcukomen/tools/Vitis/2024.1/tps/lnx64/cmake-3.24.2/libs/Ubuntu/22:/home/levlabcukomen/tools/Vitis/2024.1/tps/lnx64/cmake-3.24.2/libs/Ubuntu:/home/levlabcukomen/tools/Vitis/2024.1/tps/lnx64/cmake-3.24.2/libs:/home/levlabcukomen/tools/Vitis/2024.1/lib/lnx64.o/Ubuntu/22:/home/levlabcukomen/tools/Vitis/2024.1/lib/lnx64.o/Ubuntu:/home/levlabcukomen/tools/Vitis/2024.1/lib/lnx64.o:/home/levlabcukomen/tools/Vitis/2024.1/tps/lnx64/python-3.8.3/lib:/home/levlabcukomen/tools/Vitis/2024.1/tps/lnx64/cmake-3.24.2/libs/Ubuntu/22:/home/levlabcukomen/tools/Vitis/2024.1/tps/lnx64/cmake-3.24.2/libs/Ubuntu:/home/levlabcukomen/tools/Vitis/2024.1/tps/lnx64/cmake-3.24.2/libs:/home/levlabcukomen/tools/Vitis/2024.1/lib/lnx64.o:/home/levlabcukomen/tools/Vitis/2024.1/lib/lnx64.o/Ubuntu/22:/home/levlabcukomen/tools/Vitis/2024.1/lib/lnx64.o/Ubuntu:/home/levlabcukomen/tools/Vitis/2024.1/lib/lnx64.o:/home/levlabcukomen/tools/Vitis/2024.1/tps/lnx64/python-3.8.3/lib:/home/levlabcukomen/tools/Vitis/2024.1/aietools/lib/lnx64.o:/home/levlabcukomen/tools/Vitis_HLS/2024.1/lib/lnx64.o/Ubuntu/22:/home/levlabcukomen/tools/Vitis_HLS/2024.1/lib/lnx64.o/Ubuntu:/home/levlabcukomen/tools/Vitis_HLS/2024.1/lib/lnx64.o:/home/levlabcukomen/tools/Vitis_HLS/2024.1/lib/lnx64.o:/home/levlabcukomen/tools/Vitis_HLS/2024.1/tps/lnx64/dot-2.28/lib:/home/levlabcukomen/tools/Vitis_HLS/2024.1/lnx64/bin:/home/levlabcukomen/tools/Vitis_HLS/2024.1/lib/lnx64.o/Ubuntu/22:/home/levlabcukomen/tools/Vitis_HLS/2024.1/lib/lnx64.o/Ubuntu:/home/levlabcukomen/tools/Vitis_HLS/2024.1/lib/lnx64.o:/home/levlabcukomen/tools/Vitis_HLS/2024.1/tps/lnx64/jre11.0.16_1/lib/:/home/levlabcukomen/tools/Vitis_HLS/2024.1/tps/lnx64/jre11.0.16_1/lib//server:/usr/local/cuda-12.8/lib64:/home/levlabcukomen/tools/Vitis_HLS/2024.1/bin/../lnx64/tools/dot/lib:/home/levlabcukomen/tools/Vitis_HLS/2024.1/lnx64/tools/fpo_v7_0:/home/levlabcukomen/tools/Vitis_HLS/2024.1/lnx64/tools/fft_v9_1:/home/levlabcukomen/tools/Vitis_HLS/2024.1/lnx64/tools/fir_v7_0:/home/levlabcukomen/tools/Vitis_HLS/2024.1/lnx64/tools/dds_v6_0:/home/levlabcukomen/tools/Vitis_HLS/2024.1/lnx64/lib/csim:/home/levlabcukomen/tools/Vitis/2024.1/bin/../lnx64/tools/dot/lib
HDIPRELDPATH=/home/levlabcukomen/tools/Vitis/2024.1/lib/lnx64.o/Ubuntu/22:/home/levlabcukomen/tools/Vitis/2024.1/lib/lnx64.o/Ubuntu:/home/levlabcukomen/tools/Vitis/2024.1/lib/lnx64.o:/home/levlabcukomen/tools/Vitis/2024.1/tps/lnx64/cmake-3.24.2/libs/Ubuntu/22:/home/levlabcukomen/tools/Vitis/2024.1/tps/lnx64/cmake-3.24.2/libs/Ubuntu:/home/levlabcukomen/tools/Vitis/2024.1/tps/lnx64/cmake-3.24.2/libs:/home/levlabcukomen/tools/Vitis/2024.1/lib/lnx64.o/Ubuntu/22:/home/levlabcukomen/tools/Vitis/2024.1/lib/lnx64.o/Ubuntu:/home/levlabcukomen/tools/Vitis/2024.1/lib/lnx64.o:/home/levlabcukomen/tools/Vitis/2024.1/tps/lnx64/python-3.8.3/lib:/home/levlabcukomen/tools/Vitis/2024.1/tps/lnx64/cmake-3.24.2/libs/Ubuntu/22:/home/levlabcukomen/tools/Vitis/2024.1/tps/lnx64/cmake-3.24.2/libs/Ubuntu:/home/levlabcukomen/tools/Vitis/2024.1/tps/lnx64/cmake-3.24.2/libs:/home/levlabcukomen/tools/Vitis/2024.1/lib/lnx64.o:/home/levlabcukomen/tools/Vitis/2024.1/lib/lnx64.o/Ubuntu/22:/home/levlabcukomen/tools/Vitis/2024.1/lib/lnx64.o/Ubuntu:/home/levlabcukomen/tools/Vitis/2024.1/lib/lnx64.o:/home/levlabcukomen/tools/Vitis/2024.1/tps/lnx64/python-3.8.3/lib:/home/levlabcukomen/tools/Vitis/2024.1/aietools/lib/lnx64.o:/home/levlabcukomen/tools/Vitis_HLS/2024.1/lib/lnx64.o/Ubuntu/22:/home/levlabcukomen/tools/Vitis_HLS/2024.1/lib/lnx64.o/Ubuntu:/home/levlabcukomen/tools/Vitis_HLS/2024.1/lib/lnx64.o:/home/levlabcukomen/tools/Vitis_HLS/2024.1/lib/lnx64.o:/home/levlabcukomen/tools/Vitis_HLS/2024.1/tps/lnx64/dot-2.28/lib:/home/levlabcukomen/tools/Vitis_HLS/2024.1/lnx64/bin:/home/levlabcukomen/tools/Vitis_HLS/2024.1/lib/lnx64.o/Ubuntu/22:/home/levlabcukomen/tools/Vitis_HLS/2024.1/lib/lnx64.o/Ubuntu:/home/levlabcukomen/tools/Vitis_HLS/2024.1/lib/lnx64.o:/home/levlabcukomen/tools/Vitis_HLS/2024.1/tps/lnx64/jre11.0.16_1/lib/:/home/levlabcukomen/tools/Vitis_HLS/2024.1/tps/lnx64/jre11.0.16_1/lib//server:/usr/local/cuda-12.8/lib64:/home/levlabcukomen/tools/Vitis_HLS/2024.1/bin/../lnx64/tools/dot/lib:/home/levlabcukomen/tools/Vitis_HLS/2024.1/lnx64/tools/fpo_v7_0:/home/levlabcukomen/tools/Vitis_HLS/2024.1/lnx64/tools/fft_v9_1:/home/levlabcukomen/tools/Vitis_HLS/2024.1/lnx64/tools/fir_v7_0:/home/levlabcukomen/tools/Vitis_HLS/2024.1/lnx64/tools/dds_v6_0:/home/levlabcukomen/tools/Vitis_HLS/2024.1/lnx64/lib/csim:/home/levlabcukomen/tools/Vitis/2024.1/bin/../lnx64/tools/dot/lib
XDG_RUNTIME_DIR=/run/user/1000
TCMALLOC_LARGE_ALLOC_REPORT_THRESHOLD=4294967296
TCL_LIBRARY=/home/levlabcukomen/tools/Vitis/2024.1/tps/tcl/tcl8.6
_XILINX_HLS_HIDE_BANNER_SUBPROC=1
LC_ALL=en_US.UTF-8
JOURNAL_STREAM=8:79096897
XDG_DATA_DIRS=/usr/share/ubuntu:/usr/share/gnome:/usr/local/share/:/usr/share/:/var/lib/snapd/desktop
RDI_VERBOSE=0
PATH=/home/levlabcukomen/tools/Vivado/2024.1/tps/lnx64/binutils-2.26/bin:/home/levlabcukomen/tools/Vitis/2024.1/bin/../gnu/aarch64/lin/aarch64-linux/bin:/home/levlabcukomen/tools/Vitis/2024.1/bin/../gnu/ppc64le/4.9.3/lnx64/bin:/home/levlabcukomen/tools/Vitis/2024.1/bin/../gnu/aarch32/lin/gcc-arm-linux-gnueabi/bin:/home/levlabcukomen/tools/Vivado/2024.1/tps/lnx64/gcc-8.3.0/bin:/home/levlabcukomen/tools/Vivado/2024.1/gnu/microblaze/lin/bin:/home/levlabcukomen/tools/Vitis/2024.1/bin:/home/levlabcukomen/tools/Vitis/2024.1/tps/lnx64/jre11.0.16_1/bin:/home/levlabcukomen/tools/Vitis/2024.1/gnu/microblaze/lin/bin:/home/levlabcukomen/tools/Vitis/2024.1/gnu/arm/lin/bin:/home/levlabcukomen/tools/Vitis/2024.1/gnu/microblaze/linux_toolchain/nt64_be/bin:/home/levlabcukomen/tools/Vitis/2024.1/gnu/microblaze/linux_toolchain/nt64_le/bin:/home/levlabcukomen/tools/Vitis/2024.1/gnu/aarch32/lin/gcc-arm-linux-gnueabi/bin:/home/levlabcukomen/tools/Vitis/2024.1/gnu/aarch32/lin/gcc-arm-none-eabi/bin:/home/levlabcukomen/tools/Vitis/2024.1/gnu/aarch64/lin/aarch64-linux/bin:/home/levlabcukomen/tools/Vitis/2024.1/gnu/aarch64/lin/aarch64-none/bin:/home/levlabcukomen/tools/Vitis/2024.1/gnu/armr5/lin/gcc-arm-none-eabi/bin:/home/levlabcukomen/tools/Vitis/2024.1/tps/lnx64/cmake-3.24.2/bin:/home/levlabcukomen/tools/Vitis/2024.1/lnx64/tools/clang/bin:/home/levlabcukomen/tools/Vitis/2024.1/tps/lnx64/python-3.8.3//bin:/home/levlabcukomen/tools/Vitis/2024.1/tps/lnx64/jre11.0.16_1//bin:/home/levlabcukomen/tools/Vitis/2024.1/aietools/bin:/home/levlabcukomen/tools/Vivado/2024.1/bin:/home/levlabcukomen/tools/Vitis/2024.1/tps/lnx64/git-2.16.2/bin:/home/levlabcukomen/tools/Vitis/2024.1/gnu/riscv/lin/riscv64-unknown-elf/bin:/home/levlabcukomen/tools/Vitis_HLS/2024.1/bin:/home/levlabcukomen/tools/Model_Composer/2024.1/bin:/home/levlabcukomen/tools/Vitis/2024.1/gnu/microblaze/linux_toolchain/lin64_le/bin:/home/levlabcukomen/tools/DocNav:/home/levlabcukomen/tools/Vivado/2024.1/tps/lnx64/binutils-2.37/bin:/home/levlabcukomen/tools/Vitis_HLS/2024.1/tps/lnx64/gcc-8.3.0/bin:/home/levlabcukomen/tools/Vitis_HLS/2024.1/lnx64/bin:/home/levlabcukomen/tools/Vitis_HLS/2024.1/lnx64/tools/bin:/home/levlabcukomen/tools/Vitis_HLS/2024.1/tps/lnx64/gdb-9.2/bin:/home/levlabcukomen/tools/Vitis_HLS/2024.1/tps/lnx64/jre11.0.16_1/bin:/opt/qemu/bin:/opt/crosstool-ng/bin:/usr/local/cuda-12.8/bin:/usr/local/sbin:/usr/local/bin:/usr/sbin:/usr/bin:/sbin:/bin:/usr/games:/usr/local/games:/snap/bin
RT_LIBPATH=/home/levlabcukomen/tools/Vitis/2024.1/scripts/rt/data
GDMSESSION=ubuntu
ORIGINAL_XDG_CURRENT_DESKTOP=ubuntu:GNOME
HDI_APPROOT=/home/levlabcukomen/tools/Vitis/2024.1
DBUS_SESSION_BUS_ADDRESS=unix:path=/run/user/1000/bus
RDI_PLATFORM=lnx64
THEIA_APP_PROJECT_PATH=/home/levlabcukomen/tools/Vitis/2024.1/ide/electron-app/lnx64/resources/app
MYVIVADO=
BUILDINFO=SW Build 5074859 on 2024-05-20-23:21:20
XILINX_OPENCL_CLANG=/home/levlabcukomen/tools/Vitis_HLS/2024.1/lnx64/tools/clang
AUTOPILOT_ROOT=/home/levlabcukomen/tools/Vitis_HLS/2024.1
ISL_IOSTREAMS_RSA=/home/levlabcukomen/tools/Vitis/2024.1/tps/isl
AUTOESL_JAVA=/home/levlabcukomen/tools/Vitis_HLS/2024.1/tps/lnx64/jre11.0.16_1/bin/java
GIO_LAUNCHED_DESKTOP_FILE_PID=3275595
GIO_LAUNCHED_DESKTOP_FILE=/home/levlabcukomen/Desktop/Vitis HLS 2024.1.desktop
LC_NUMERIC=C
XILINX_VITIS=/home/levlabcukomen/tools/Vitis/2024.1
OLDPWD=/home/levlabcukomen/tools/Vitis/2024.1/bin
XILINX_VCXX=/home/levlabcukomen/tools/Vitis_HLS/2024.1/vcxx
_=/home/levlabcukomen/tools/Vitis/2024.1/bin/unwrapped/lnx64.o/v++
XILINX_CD_CONNECT_ID=46419
XILINX_CD_SESSION=d1b0a543-8712-437e-ac2d-da21505e9c22


V++ command line:
------------------------------------------
/home/levlabcukomen/tools/Vitis/2024.1/bin/unwrapped/lnx64.o/v++ -c --mode hls --config /home/levlabcukomen/Desktop/VitisProjects/PSDMonitor/PSDMonitor/hls_config.cfg --work_dir PSDMonitorTop 

FINAL PROGRAM OPTIONS
--compile
--config /home/levlabcukomen/Desktop/VitisProjects/PSDMonitor/PSDMonitor/hls_config.cfg
--hls.clock 8ns
--hls.flow_target vivado
--hls.package.output.format ip_catalog
--hls.package.output.syn false
--hls.syn.file PSDMonitor.cpp
--hls.syn.top PSDMonitorTop
--mode hls
--part xc7z020clg400-1
--target hw
--work_dir PSDMonitorTop

PARSED COMMAND LINE OPTIONS
-c 
--mode hls 
--config /home/levlabcukomen/Desktop/VitisProjects/PSDMonitor/PSDMonitor/hls_config.cfg 
--work_dir PSDMonitorTop 

PARSED CONFIG FILE (1) OPTIONS
file: /home/levlabcukomen/Desktop/VitisProjects/PSDMonitor/PSDMonitor/hls_config.cfg
part xc7z020clg400-1 
hls.flow_target vivado 
hls.package.output.format ip_catalog 
hls.package.output.syn false 
hls.syn.top PSDMonitorTop 
hls.clock 8ns 
hls.syn.file PSDMonitor.cpp 


==========================================
new:  steps log generated by v++ for new launch 
timestamp: 20 Apr 2026 10:29:18
------------------------------------------
V++ internal step: writing a config file for vitis_hls: /home/levlabcukomen/Desktop/VitisProjects/PSDMonitor/PSDMonitor/PSDMonitorTop/hls/config.cmdline
timestamp: 20 Apr 2026 10:29:18
V++ internal step status: success
------------------------------------------
V++ internal step: running vitis_hls
timestamp: 20 Apr 2026 10:29:18
working dir: /home/levlabcukomen/Desktop/VitisProjects/PSDMonitor/PSDMonitor
cmd: vitis_hls -nolog -run csynth -work_dir /home/levlabcukomen/Desktop/VitisProjects/PSDMonitor/PSDMonitor/PSDMonitorTop -config /home/levlabcukomen/Desktop/VitisProjects/PSDMonitor/PSDMonitor/hls_config.cfg -cmdlineconfig /home/levlabcukomen/Desktop/VitisProjects/PSDMonitor/PSDMonitor/PSDMonitorTop/hls/config.cmdline
V++ internal step status: fail

------------------------------------------
V++ command line :
------------------------------------------
/home/levlabcukomen/tools/Vitis/2024.1/bin/unwrapped/lnx64.o/v++ -c --mode hls --config /home/levlabcukomen/Desktop/VitisProjects/PSDMonitor/PSDMonitor/hls_config.cfg --work_dir PSDMonitorTop 
  Options from -O    : 
  Options from *.ini : 
  Options from Hw Platform : 

==========================================
new:  steps log generated by v++ for new launch 
timestamp: 20 Apr 2026 10:33:06
------------------------------------------
V++ internal step: writing a config file for vitis_hls: /home/levlabcukomen/Desktop/VitisProjects/PSDMonitor/PSDMonitor/PSDMonitorTop/hls/config.cmdline
timestamp: 20 Apr 2026 10:33:06
V++ internal step status: success
------------------------------------------
V++ internal step: running vitis_hls
timestamp: 20 Apr 2026 10:33:06
working dir: /home/levlabcukomen/Desktop/VitisProjects/PSDMonitor/PSDMonitor
cmd: vitis_hls -nolog -run csynth -work_dir /home/levlabcukomen/Desktop/VitisProjects/PSDMonitor/PSDMonitor/PSDMonitorTop -config /home/levlabcukomen/Desktop/VitisProjects/PSDMonitor/PSDMonitor/hls_config.cfg -cmdlineconfig /home/levlabcukomen/Desktop/VitisProjects/PSDMonitor/PSDMonitor/PSDMonitorTop/hls/config.cmdline
V++ internal step status: success

------------------------------------------
V++ command line :
------------------------------------------
/home/levlabcukomen/tools/Vitis/2024.1/bin/unwrapped/lnx64.o/v++ -c --mode hls --config /home/levlabcukomen/Desktop/VitisProjects/PSDMonitor/PSDMonitor/hls_config.cfg --work_dir PSDMonitorTop 
  Options from -O    : 
  Options from *.ini : 
  Options from Hw Platform : 

==========================================
new:  steps log generated by v++ for new launch 
timestamp: 20 Apr 2026 10:33:36
------------------------------------------
V++ internal step: writing a config file for vitis_hls: /home/levlabcukomen/Desktop/VitisProjects/PSDMonitor/PSDMonitor/PSDMonitorTop/hls/config.cmdline
timestamp: 20 Apr 2026 10:33:36
V++ internal step status: success
------------------------------------------
V++ internal step: running vitis_hls
timestamp: 20 Apr 2026 10:33:36
working dir: /home/levlabcukomen/Desktop/VitisProjects/PSDMonitor/PSDMonitor
cmd: vitis_hls -nolog -run csynth -work_dir /home/levlabcukomen/Desktop/VitisProjects/PSDMonitor/PSDMonitor/PSDMonitorTop -config /home/levlabcukomen/Desktop/VitisProjects/PSDMonitor/PSDMonitor/hls_config.cfg -cmdlineconfig /home/levlabcukomen/Desktop/VitisProjects/PSDMonitor/PSDMonitor/PSDMonitorTop/hls/config.cmdline
V++ internal step status: success

------------------------------------------
V++ command line :
------------------------------------------
/home/levlabcukomen/tools/Vitis/2024.1/bin/unwrapped/lnx64.o/v++ -c --mode hls --config /home/levlabcukomen/Desktop/VitisProjects/PSDMonitor/PSDMonitor/hls_config.cfg --work_dir PSDMonitorTop 
  Options from -O    : 
  Options from *.ini : 
  Options from Hw Platform : 

==========================================
new:  steps log generated by v++ for new launch 
timestamp: 20 Apr 2026 10:51:37
------------------------------------------
V++ internal step: writing a config file for vitis_hls: /home/levlabcukomen/Desktop/VitisProjects/PSDMonitor/PSDMonitor/PSDMonitorTop/hls/config.cmdline
timestamp: 20 Apr 2026 10:51:37
V++ internal step status: success
------------------------------------------
V++ internal step: running vitis_hls
timestamp: 20 Apr 2026 10:51:37
working dir: /home/levlabcukomen/Desktop/VitisProjects/PSDMonitor/PSDMonitor
cmd: vitis_hls -nolog -run csynth -work_dir /home/levlabcukomen/Desktop/VitisProjects/PSDMonitor/PSDMonitor/PSDMonitorTop -config /home/levlabcukomen/Desktop/VitisProjects/PSDMonitor/PSDMonitor/hls_config.cfg -cmdlineconfig /home/levlabcukomen/Desktop/VitisProjects/PSDMonitor/PSDMonitor/PSDMonitorTop/hls/config.cmdline
V++ internal step status: success

------------------------------------------
VITIS-RUN command line :
------------------------------------------
/home/levlabcukomen/tools/Vitis/2024.1/bin/unwrapped/lnx64.o/vitis-run --mode hls --package --config /home/levlabcukomen/Desktop/VitisProjects/PSDMonitor/PSDMonitor/hls_config.cfg --work_dir PSDMonitorTop 
  Options from -O    : 
  Options from *.ini : 
  Options from Hw Platform : 

==========================================
new:  steps log generated by v++ for new launch 
timestamp: 20 Apr 2026 10:52:28
------------------------------------------
VITIS-RUN internal step: writing a config file for vitis_hls: /home/levlabcukomen/Desktop/VitisProjects/PSDMonitor/PSDMonitor/PSDMonitorTop/hls/config.cmdline
timestamp: 20 Apr 2026 10:52:28
VITIS-RUN internal step status: success
------------------------------------------
VITIS-RUN internal step: running vitis_hls
timestamp: 20 Apr 2026 10:52:28
working dir: /home/levlabcukomen/Desktop/VitisProjects/PSDMonitor/PSDMonitor
cmd: vitis_hls -nolog -run package -work_dir /home/levlabcukomen/Desktop/VitisProjects/PSDMonitor/PSDMonitor/PSDMonitorTop -config /home/levlabcukomen/Desktop/VitisProjects/PSDMonitor/PSDMonitor/hls_config.cfg -cmdlineconfig /home/levlabcukomen/Desktop/VitisProjects/PSDMonitor/PSDMonitor/PSDMonitorTop/hls/config.cmdline
VITIS-RUN internal step status: success

------------------------------------------
V++ command line :
------------------------------------------
/home/levlabcukomen/tools/Vitis/2024.1/bin/unwrapped/lnx64.o/v++ -c --mode hls --config /home/levlabcukomen/Desktop/VitisProjects/PSDMonitor/PSDMonitor/hls_config.cfg --work_dir PSDMonitorTop 
  Options from -O    : 
  Options from *.ini : 
  Options from Hw Platform : 

==========================================
new:  steps log generated by v++ for new launch 
timestamp: 20 Apr 2026 11:58:16
------------------------------------------
V++ internal step: writing a config file for vitis_hls: /home/levlabcukomen/Desktop/VitisProjects/PSDMonitor/PSDMonitor/PSDMonitorTop/hls/config.cmdline
timestamp: 20 Apr 2026 11:58:16
V++ internal step status: success
------------------------------------------
V++ internal step: running vitis_hls
timestamp: 20 Apr 2026 11:58:16
working dir: /home/levlabcukomen/Desktop/VitisProjects/PSDMonitor/PSDMonitor
cmd: vitis_hls -nolog -run csynth -work_dir /home/levlabcukomen/Desktop/VitisProjects/PSDMonitor/PSDMonitor/PSDMonitorTop -config /home/levlabcukomen/Desktop/VitisProjects/PSDMonitor/PSDMonitor/hls_config.cfg -cmdlineconfig /home/levlabcukomen/Desktop/VitisProjects/PSDMonitor/PSDMonitor/PSDMonitorTop/hls/config.cmdline
V++ internal step status: success

------------------------------------------
VITIS-RUN command line :
------------------------------------------
/home/levlabcukomen/tools/Vitis/2024.1/bin/unwrapped/lnx64.o/vitis-run --mode hls --package --config /home/levlabcukomen/Desktop/VitisProjects/PSDMonitor/PSDMonitor/hls_config.cfg --work_dir PSDMonitorTop 
  Options from -O    : 
  Options from *.ini : 
  Options from Hw Platform : 

==========================================
new:  steps log generated by v++ for new launch 
timestamp: 20 Apr 2026 11:58:45
------------------------------------------
VITIS-RUN internal step: writing a config file for vitis_hls: /home/levlabcukomen/Desktop/VitisProjects/PSDMonitor/PSDMonitor/PSDMonitorTop/hls/config.cmdline
timestamp: 20 Apr 2026 11:58:45
VITIS-RUN internal step status: success
------------------------------------------
VITIS-RUN internal step: running vitis_hls
timestamp: 20 Apr 2026 11:58:45
working dir: /home/levlabcukomen/Desktop/VitisProjects/PSDMonitor/PSDMonitor
cmd: vitis_hls -nolog -run package -work_dir /home/levlabcukomen/Desktop/VitisProjects/PSDMonitor/PSDMonitor/PSDMonitorTop -config /home/levlabcukomen/Desktop/VitisProjects/PSDMonitor/PSDMonitor/hls_config.cfg -cmdlineconfig /home/levlabcukomen/Desktop/VitisProjects/PSDMonitor/PSDMonitor/PSDMonitorTop/hls/config.cmdline
VITIS-RUN internal step status: success

------------------------------------------
V++ command line :
------------------------------------------
/home/levlabcukomen/tools/Vitis/2024.1/bin/unwrapped/lnx64.o/v++ -c --mode hls --config /home/levlabcukomen/Desktop/VitisProjects/PSDMonitor/PSDMonitor/hls_config.cfg --work_dir PSDMonitorTop 
  Options from -O    : 
  Options from *.ini : 
  Options from Hw Platform : 

==========================================
new:  steps log generated by v++ for new launch 
timestamp: 20 Apr 2026 14:41:36
------------------------------------------
V++ internal step: writing a config file for vitis_hls: /home/levlabcukomen/Desktop/VitisProjects/PSDMonitor/PSDMonitor/PSDMonitorTop/hls/config.cmdline
timestamp: 20 Apr 2026 14:41:36
V++ internal step status: success
------------------------------------------
V++ internal step: running vitis_hls
timestamp: 20 Apr 2026 14:41:36
working dir: /home/levlabcukomen/Desktop/VitisProjects/PSDMonitor/PSDMonitor
cmd: vitis_hls -nolog -run csynth -work_dir /home/levlabcukomen/Desktop/VitisProjects/PSDMonitor/PSDMonitor/PSDMonitorTop -config /home/levlabcukomen/Desktop/VitisProjects/PSDMonitor/PSDMonitor/hls_config.cfg -cmdlineconfig /home/levlabcukomen/Desktop/VitisProjects/PSDMonitor/PSDMonitor/PSDMonitorTop/hls/config.cmdline
V++ internal step status: success

------------------------------------------
VITIS-RUN command line :
------------------------------------------
/home/levlabcukomen/tools/Vitis/2024.1/bin/unwrapped/lnx64.o/vitis-run --mode hls --package --config /home/levlabcukomen/Desktop/VitisProjects/PSDMonitor/PSDMonitor/hls_config.cfg --work_dir PSDMonitorTop 
  Options from -O    : 
  Options from *.ini : 
  Options from Hw Platform : 

==========================================
new:  steps log generated by v++ for new launch 
timestamp: 20 Apr 2026 14:42:02
------------------------------------------
VITIS-RUN internal step: writing a config file for vitis_hls: /home/levlabcukomen/Desktop/VitisProjects/PSDMonitor/PSDMonitor/PSDMonitorTop/hls/config.cmdline
timestamp: 20 Apr 2026 14:42:02
VITIS-RUN internal step status: success
------------------------------------------
VITIS-RUN internal step: running vitis_hls
timestamp: 20 Apr 2026 14:42:02
working dir: /home/levlabcukomen/Desktop/VitisProjects/PSDMonitor/PSDMonitor
cmd: vitis_hls -nolog -run package -work_dir /home/levlabcukomen/Desktop/VitisProjects/PSDMonitor/PSDMonitor/PSDMonitorTop -config /home/levlabcukomen/Desktop/VitisProjects/PSDMonitor/PSDMonitor/hls_config.cfg -cmdlineconfig /home/levlabcukomen/Desktop/VitisProjects/PSDMonitor/PSDMonitor/PSDMonitorTop/hls/config.cmdline
VITIS-RUN internal step status: success

------------------------------------------
V++ command line :
------------------------------------------
/home/levlabcukomen/tools/Vitis/2024.1/bin/unwrapped/lnx64.o/v++ -c --mode hls --config /home/levlabcukomen/Desktop/VitisProjects/PSDMonitor/PSDMonitor/hls_config.cfg --work_dir PSDMonitorTop 
  Options from -O    : 
  Options from *.ini : 
  Options from Hw Platform : 

==========================================
new:  steps log generated by v++ for new launch 
timestamp: 20 Apr 2026 14:49:24
------------------------------------------
V++ internal step: writing a config file for vitis_hls: /home/levlabcukomen/Desktop/VitisProjects/PSDMonitor/PSDMonitor/PSDMonitorTop/hls/config.cmdline
timestamp: 20 Apr 2026 14:49:24
V++ internal step status: success
------------------------------------------
V++ internal step: running vitis_hls
timestamp: 20 Apr 2026 14:49:24
working dir: /home/levlabcukomen/Desktop/VitisProjects/PSDMonitor/PSDMonitor
cmd: vitis_hls -nolog -run csynth -work_dir /home/levlabcukomen/Desktop/VitisProjects/PSDMonitor/PSDMonitor/PSDMonitorTop -config /home/levlabcukomen/Desktop/VitisProjects/PSDMonitor/PSDMonitor/hls_config.cfg -cmdlineconfig /home/levlabcukomen/Desktop/VitisProjects/PSDMonitor/PSDMonitor/PSDMonitorTop/hls/config.cmdline
V++ internal step status: success

------------------------------------------
VITIS-RUN command line :
------------------------------------------
/home/levlabcukomen/tools/Vitis/2024.1/bin/unwrapped/lnx64.o/vitis-run --mode hls --package --config /home/levlabcukomen/Desktop/VitisProjects/PSDMonitor/PSDMonitor/hls_config.cfg --work_dir PSDMonitorTop 
  Options from -O    : 
  Options from *.ini : 
  Options from Hw Platform : 

==========================================
new:  steps log generated by v++ for new launch 
timestamp: 20 Apr 2026 14:50:12
------------------------------------------
VITIS-RUN internal step: writing a config file for vitis_hls: /home/levlabcukomen/Desktop/VitisProjects/PSDMonitor/PSDMonitor/PSDMonitorTop/hls/config.cmdline
timestamp: 20 Apr 2026 14:50:12
VITIS-RUN internal step status: success
------------------------------------------
VITIS-RUN internal step: running vitis_hls
timestamp: 20 Apr 2026 14:50:12
working dir: /home/levlabcukomen/Desktop/VitisProjects/PSDMonitor/PSDMonitor
cmd: vitis_hls -nolog -run package -work_dir /home/levlabcukomen/Desktop/VitisProjects/PSDMonitor/PSDMonitor/PSDMonitorTop -config /home/levlabcukomen/Desktop/VitisProjects/PSDMonitor/PSDMonitor/hls_config.cfg -cmdlineconfig /home/levlabcukomen/Desktop/VitisProjects/PSDMonitor/PSDMonitor/PSDMonitorTop/hls/config.cmdline
VITIS-RUN internal step status: success

------------------------------------------
V++ command line :
------------------------------------------
/home/levlabcukomen/tools/Vitis/2024.1/bin/unwrapped/lnx64.o/v++ -c --mode hls --config /home/levlabcukomen/Desktop/VitisProjects/PSDMonitor/PSDMonitor/hls_config.cfg --work_dir PSDMonitorTop 
  Options from -O    : 
  Options from *.ini : 
  Options from Hw Platform : 

==========================================
new:  steps log generated by v++ for new launch 
timestamp: 20 Apr 2026 15:18:17
------------------------------------------
V++ internal step: writing a config file for vitis_hls: /home/levlabcukomen/Desktop/VitisProjects/PSDMonitor/PSDMonitor/PSDMonitorTop/hls/config.cmdline
timestamp: 20 Apr 2026 15:18:17
V++ internal step status: success
------------------------------------------
V++ internal step: running vitis_hls
timestamp: 20 Apr 2026 15:18:17
working dir: /home/levlabcukomen/Desktop/VitisProjects/PSDMonitor/PSDMonitor
cmd: vitis_hls -nolog -run csynth -work_dir /home/levlabcukomen/Desktop/VitisProjects/PSDMonitor/PSDMonitor/PSDMonitorTop -config /home/levlabcukomen/Desktop/VitisProjects/PSDMonitor/PSDMonitor/hls_config.cfg -cmdlineconfig /home/levlabcukomen/Desktop/VitisProjects/PSDMonitor/PSDMonitor/PSDMonitorTop/hls/config.cmdline
V++ internal step status: fail

------------------------------------------
V++ command line :
------------------------------------------
/home/levlabcukomen/tools/Vitis/2024.1/bin/unwrapped/lnx64.o/v++ -c --mode hls --config /home/levlabcukomen/Desktop/VitisProjects/PSDMonitor/PSDMonitor/hls_config.cfg --work_dir PSDMonitorTop 
  Options from -O    : 
  Options from *.ini : 
  Options from Hw Platform : 

==========================================
new:  steps log generated by v++ for new launch 
timestamp: 20 Apr 2026 15:19:23
------------------------------------------
V++ internal step: writing a config file for vitis_hls: /home/levlabcukomen/Desktop/VitisProjects/PSDMonitor/PSDMonitor/PSDMonitorTop/hls/config.cmdline
timestamp: 20 Apr 2026 15:19:23
V++ internal step status: success
------------------------------------------
V++ internal step: running vitis_hls
timestamp: 20 Apr 2026 15:19:23
working dir: /home/levlabcukomen/Desktop/VitisProjects/PSDMonitor/PSDMonitor
cmd: vitis_hls -nolog -run csynth -work_dir /home/levlabcukomen/Desktop/VitisProjects/PSDMonitor/PSDMonitor/PSDMonitorTop -config /home/levlabcukomen/Desktop/VitisProjects/PSDMonitor/PSDMonitor/hls_config.cfg -cmdlineconfig /home/levlabcukomen/Desktop/VitisProjects/PSDMonitor/PSDMonitor/PSDMonitorTop/hls/config.cmdline
V++ internal step status: fail

------------------------------------------
V++ command line :
------------------------------------------
/home/levlabcukomen/tools/Vitis/2024.1/bin/unwrapped/lnx64.o/v++ -c --mode hls --config /home/levlabcukomen/Desktop/VitisProjects/PSDMonitor/PSDMonitor/hls_config.cfg --work_dir PSDMonitorTop 
  Options from -O    : 
  Options from *.ini : 
  Options from Hw Platform : 

==========================================
new:  steps log generated by v++ for new launch 
timestamp: 20 Apr 2026 15:19:56
------------------------------------------
V++ internal step: writing a config file for vitis_hls: /home/levlabcukomen/Desktop/VitisProjects/PSDMonitor/PSDMonitor/PSDMonitorTop/hls/config.cmdline
timestamp: 20 Apr 2026 15:19:56
V++ internal step status: success
------------------------------------------
V++ internal step: running vitis_hls
timestamp: 20 Apr 2026 15:19:56
working dir: /home/levlabcukomen/Desktop/VitisProjects/PSDMonitor/PSDMonitor
cmd: vitis_hls -nolog -run csynth -work_dir /home/levlabcukomen/Desktop/VitisProjects/PSDMonitor/PSDMonitor/PSDMonitorTop -config /home/levlabcukomen/Desktop/VitisProjects/PSDMonitor/PSDMonitor/hls_config.cfg -cmdlineconfig /home/levlabcukomen/Desktop/VitisProjects/PSDMonitor/PSDMonitor/PSDMonitorTop/hls/config.cmdline
V++ internal step status: success

------------------------------------------
VITIS-RUN command line :
------------------------------------------
/home/levlabcukomen/tools/Vitis/2024.1/bin/unwrapped/lnx64.o/vitis-run --mode hls --package --config /home/levlabcukomen/Desktop/VitisProjects/PSDMonitor/PSDMonitor/hls_config.cfg --work_dir PSDMonitorTop 
  Options from -O    : 
  Options from *.ini : 
  Options from Hw Platform : 

==========================================
new:  steps log generated by v++ for new launch 
timestamp: 20 Apr 2026 15:20:26
------------------------------------------
VITIS-RUN internal step: writing a config file for vitis_hls: /home/levlabcukomen/Desktop/VitisProjects/PSDMonitor/PSDMonitor/PSDMonitorTop/hls/config.cmdline
timestamp: 20 Apr 2026 15:20:26
VITIS-RUN internal step status: success
------------------------------------------
VITIS-RUN internal step: running vitis_hls
timestamp: 20 Apr 2026 15:20:26
working dir: /home/levlabcukomen/Desktop/VitisProjects/PSDMonitor/PSDMonitor
cmd: vitis_hls -nolog -run package -work_dir /home/levlabcukomen/Desktop/VitisProjects/PSDMonitor/PSDMonitor/PSDMonitorTop -config /home/levlabcukomen/Desktop/VitisProjects/PSDMonitor/PSDMonitor/hls_config.cfg -cmdlineconfig /home/levlabcukomen/Desktop/VitisProjects/PSDMonitor/PSDMonitor/PSDMonitorTop/hls/config.cmdline
VITIS-RUN internal step status: success
