Mon Apr 20 10:29:16 2026: Running xcd server. This server was built by gradle.
Mon Apr 20 10:29:16 2026: Server was asked to start on port: '46419'
Mon Apr 20 10:29:16 2026: Server is using token UUID: 'ab024ecc-2501-49a5-8bd0-c2e9870e23fc'
Mon Apr 20 10:29:16 2026: SESSION_MGR: creating session with session uuid: '6d04a3e9-ade5-4ab9-8d63-1f78fcd2ec76' and name 'default'
Mon Apr 20 10:29:16 2026: Attempting to start server on port '46419'
Mon Apr 20 10:29:16 2026: XCD main fifo: created main fifo '/tmp/xcdmainab024ecc-2501-49a5-8bd0-c2e9870e23fc', fd read = 13
Mon Apr 20 10:29:16 2026: Running Dispatch Server
Mon Apr 20 10:29:16 2026: Version 2.2.0
Mon Apr 20 10:29:18 2026: Dispatch Server: Accepted socket connection from client
Mon Apr 20 10:29:18 2026: Starting Socket connection
Mon Apr 20 10:29:18 2026: EXCHANGE_TOKEN received, server token: ab024ecc-2501-49a5-8bd0-c2e9870e23fc, passed token: ab024ecc-2501-49a5-8bd0-c2e9870e23fc
Mon Apr 20 10:29:18 2026: DISPATCH_HANDLER: Adding handler from function makeHandler in library libxv_system_diagram
Mon Apr 20 10:29:18 2026: SESSION_MGR: creating session with session uuid: 'd1b0a543-8712-437e-ac2d-da21505e9c22' and name 'v++_compile_PSDMonitorTop'
Mon Apr 20 10:29:18 2026: KERNEL_SVC: creating session with uuid: 'd1b0a543-8712-437e-ac2d-da21505e9c22' and name 'v++_compile_PSDMonitorTop'
Mon Apr 20 10:29:18 2026: GUIDANCE_SMGR: creating guidance session with uuid: 'd1b0a543-8712-437e-ac2d-da21505e9c22' and name 'v++_compile_PSDMonitorTop'
Mon Apr 20 10:29:18 2026: SYSTEM_DIAGRAM: creating session with uuid: 'd1b0a543-8712-437e-ac2d-da21505e9c22' and name 'v++_compile_PSDMonitorTop'
Mon Apr 20 10:29:22 2026: Dispatch Server: Accepted socket connection from client
Mon Apr 20 10:29:22 2026: Starting Socket connection
Mon Apr 20 10:29:31 2026: SESSION_MGR: closing session for UUID 'd1b0a543-8712-437e-ac2d-da21505e9c22' with name 'v++_compile_PSDMonitorTop'
Mon Apr 20 10:29:31 2026: KERNEL_SVC: closing session for UUID 'd1b0a543-8712-437e-ac2d-da21505e9c22' with name 'v++_compile_PSDMonitorTop'
Mon Apr 20 10:29:31 2026: GUIDANCE_SMGR: closing session for UUID 'd1b0a543-8712-437e-ac2d-da21505e9c22' with name 'v++_compile_PSDMonitorTop'
Mon Apr 20 10:29:31 2026: SYSTEM_DIAGRAM: closing session for UUID 'd1b0a543-8712-437e-ac2d-da21505e9c22' with name 'v++_compile_PSDMonitorTop'
Mon Apr 20 10:29:31 2026: STOP_SERVER received, server token: ab024ecc-2501-49a5-8bd0-c2e9870e23fc, passed token: ab024ecc-2501-49a5-8bd0-c2e9870e23fc
Mon Apr 20 10:29:31 2026: Socket received request to stop server.
Mon Apr 20 10:29:31 2026: Dispatch Server: do_await_stop
Mon Apr 20 10:29:31 2026: Dispatch Server: stopping mainFifo_
Mon Apr 20 10:29:31 2026: XCD main fifo: Stopping
Mon Apr 20 10:29:31 2026: XCD main fifo: do_read error code: Operation canceled
Mon Apr 20 10:29:31 2026: XCD main fifo: bytes_transferred: 0
Mon Apr 20 10:29:31 2026: SERVER: destructor for server bound to port 46419
Mon Apr 20 10:29:31 2026: XCD main fifo: Good unlink of /tmp/xcdmainab024ecc-2501-49a5-8bd0-c2e9870e23fc
Mon Apr 20 10:29:31 2026: Server exiting with status 0.
Mon Apr 20 10:29:31 2026: Closing log file.
Mon Apr 20 10:33:05 2026: Running xcd server. This server was built by gradle.
Mon Apr 20 10:33:05 2026: Server was asked to start on port: '39075'
Mon Apr 20 10:33:05 2026: Server is using token UUID: 'b964fbd9-1c46-4b2b-9648-9ba0b8efd078'
Mon Apr 20 10:33:05 2026: SESSION_MGR: creating session with session uuid: '6d04a3e9-ade5-4ab9-8d63-1f78fcd2ec76' and name 'default'
Mon Apr 20 10:33:05 2026: Attempting to start server on port '39075'
Mon Apr 20 10:33:05 2026: XCD main fifo: created main fifo '/tmp/xcdmainb964fbd9-1c46-4b2b-9648-9ba0b8efd078', fd read = 13
Mon Apr 20 10:33:05 2026: Running Dispatch Server
Mon Apr 20 10:33:05 2026: Version 2.2.0
Mon Apr 20 10:33:06 2026: Dispatch Server: Accepted socket connection from client
Mon Apr 20 10:33:06 2026: Starting Socket connection
Mon Apr 20 10:33:06 2026: EXCHANGE_TOKEN received, server token: b964fbd9-1c46-4b2b-9648-9ba0b8efd078, passed token: b964fbd9-1c46-4b2b-9648-9ba0b8efd078
Mon Apr 20 10:33:06 2026: DISPATCH_HANDLER: Adding handler from function makeHandler in library libxv_system_diagram
Mon Apr 20 10:33:06 2026: SESSION_MGR: creating session with session uuid: '2e8d3d87-2085-4ace-8a04-bb5f96214805' and name 'v++_compile_PSDMonitorTop'
Mon Apr 20 10:33:06 2026: KERNEL_SVC: creating session with uuid: '2e8d3d87-2085-4ace-8a04-bb5f96214805' and name 'v++_compile_PSDMonitorTop'
Mon Apr 20 10:33:06 2026: GUIDANCE_SMGR: creating guidance session with uuid: '2e8d3d87-2085-4ace-8a04-bb5f96214805' and name 'v++_compile_PSDMonitorTop'
Mon Apr 20 10:33:06 2026: SYSTEM_DIAGRAM: creating session with uuid: '2e8d3d87-2085-4ace-8a04-bb5f96214805' and name 'v++_compile_PSDMonitorTop'
Mon Apr 20 10:33:10 2026: Dispatch Server: Accepted socket connection from client
Mon Apr 20 10:33:10 2026: Starting Socket connection
Mon Apr 20 10:33:20 2026: SESSION_MGR: closing session for UUID '2e8d3d87-2085-4ace-8a04-bb5f96214805' with name 'v++_compile_PSDMonitorTop'
Mon Apr 20 10:33:20 2026: KERNEL_SVC: closing session for UUID '2e8d3d87-2085-4ace-8a04-bb5f96214805' with name 'v++_compile_PSDMonitorTop'
Mon Apr 20 10:33:20 2026: GUIDANCE_SMGR: closing session for UUID '2e8d3d87-2085-4ace-8a04-bb5f96214805' with name 'v++_compile_PSDMonitorTop'
Mon Apr 20 10:33:20 2026: SYSTEM_DIAGRAM: closing session for UUID '2e8d3d87-2085-4ace-8a04-bb5f96214805' with name 'v++_compile_PSDMonitorTop'
Mon Apr 20 10:33:20 2026: STOP_SERVER received, server token: b964fbd9-1c46-4b2b-9648-9ba0b8efd078, passed token: b964fbd9-1c46-4b2b-9648-9ba0b8efd078
Mon Apr 20 10:33:20 2026: Socket received request to stop server.
Mon Apr 20 10:33:20 2026: Dispatch Server: do_await_stop
Mon Apr 20 10:33:20 2026: Dispatch Server: stopping mainFifo_
Mon Apr 20 10:33:20 2026: XCD main fifo: Stopping
Mon Apr 20 10:33:20 2026: XCD main fifo: do_read error code: Operation canceled
Mon Apr 20 10:33:20 2026: XCD main fifo: bytes_transferred: 0
Mon Apr 20 10:33:20 2026: SERVER: destructor for server bound to port 39075
Mon Apr 20 10:33:20 2026: XCD main fifo: Good unlink of /tmp/xcdmainb964fbd9-1c46-4b2b-9648-9ba0b8efd078
Mon Apr 20 10:33:20 2026: Server exiting with status 0.
Mon Apr 20 10:33:20 2026: Closing log file.
Mon Apr 20 10:33:35 2026: Running xcd server. This server was built by gradle.
Mon Apr 20 10:33:35 2026: Server was asked to start on port: '32829'
Mon Apr 20 10:33:35 2026: Server is using token UUID: '3cf2b873-4f90-42c6-b7f3-dc788efb67c7'
Mon Apr 20 10:33:35 2026: SESSION_MGR: creating session with session uuid: '6d04a3e9-ade5-4ab9-8d63-1f78fcd2ec76' and name 'default'
Mon Apr 20 10:33:35 2026: Attempting to start server on port '32829'
Mon Apr 20 10:33:35 2026: XCD main fifo: created main fifo '/tmp/xcdmain3cf2b873-4f90-42c6-b7f3-dc788efb67c7', fd read = 13
Mon Apr 20 10:33:35 2026: Running Dispatch Server
Mon Apr 20 10:33:35 2026: Version 2.2.0
Mon Apr 20 10:33:36 2026: Dispatch Server: Accepted socket connection from client
Mon Apr 20 10:33:36 2026: Starting Socket connection
Mon Apr 20 10:33:36 2026: EXCHANGE_TOKEN received, server token: 3cf2b873-4f90-42c6-b7f3-dc788efb67c7, passed token: 3cf2b873-4f90-42c6-b7f3-dc788efb67c7
Mon Apr 20 10:33:36 2026: DISPATCH_HANDLER: Adding handler from function makeHandler in library libxv_system_diagram
Mon Apr 20 10:33:36 2026: SESSION_MGR: creating session with session uuid: '096d4d52-4e59-41c7-8c0b-cb4d6472f6c5' and name 'v++_compile_PSDMonitorTop'
Mon Apr 20 10:33:36 2026: KERNEL_SVC: creating session with uuid: '096d4d52-4e59-41c7-8c0b-cb4d6472f6c5' and name 'v++_compile_PSDMonitorTop'
Mon Apr 20 10:33:36 2026: GUIDANCE_SMGR: creating guidance session with uuid: '096d4d52-4e59-41c7-8c0b-cb4d6472f6c5' and name 'v++_compile_PSDMonitorTop'
Mon Apr 20 10:33:36 2026: SYSTEM_DIAGRAM: creating session with uuid: '096d4d52-4e59-41c7-8c0b-cb4d6472f6c5' and name 'v++_compile_PSDMonitorTop'
Mon Apr 20 10:33:40 2026: Dispatch Server: Accepted socket connection from client
Mon Apr 20 10:33:40 2026: Starting Socket connection
Mon Apr 20 10:33:50 2026: SESSION_MGR: closing session for UUID '096d4d52-4e59-41c7-8c0b-cb4d6472f6c5' with name 'v++_compile_PSDMonitorTop'
Mon Apr 20 10:33:50 2026: KERNEL_SVC: closing session for UUID '096d4d52-4e59-41c7-8c0b-cb4d6472f6c5' with name 'v++_compile_PSDMonitorTop'
Mon Apr 20 10:33:50 2026: GUIDANCE_SMGR: closing session for UUID '096d4d52-4e59-41c7-8c0b-cb4d6472f6c5' with name 'v++_compile_PSDMonitorTop'
Mon Apr 20 10:33:50 2026: SYSTEM_DIAGRAM: closing session for UUID '096d4d52-4e59-41c7-8c0b-cb4d6472f6c5' with name 'v++_compile_PSDMonitorTop'
Mon Apr 20 10:33:50 2026: STOP_SERVER received, server token: 3cf2b873-4f90-42c6-b7f3-dc788efb67c7, passed token: 3cf2b873-4f90-42c6-b7f3-dc788efb67c7
Mon Apr 20 10:33:50 2026: Socket received request to stop server.
Mon Apr 20 10:33:50 2026: Dispatch Server: do_await_stop
Mon Apr 20 10:33:50 2026: Dispatch Server: stopping mainFifo_
Mon Apr 20 10:33:50 2026: XCD main fifo: Stopping
Mon Apr 20 10:33:50 2026: XCD main fifo: do_read error code: Operation canceled
Mon Apr 20 10:33:50 2026: XCD main fifo: bytes_transferred: 0
Mon Apr 20 10:33:50 2026: SERVER: destructor for server bound to port 32829
Mon Apr 20 10:33:50 2026: XCD main fifo: Good unlink of /tmp/xcdmain3cf2b873-4f90-42c6-b7f3-dc788efb67c7
Mon Apr 20 10:33:50 2026: Server exiting with status 0.
Mon Apr 20 10:33:50 2026: Closing log file.
Mon Apr 20 10:51:36 2026: Running xcd server. This server was built by gradle.
Mon Apr 20 10:51:36 2026: Server was asked to start on port: '38589'
Mon Apr 20 10:51:36 2026: Server is using token UUID: 'd6ef440b-ae58-4c61-8cf4-fbedf3608796'
Mon Apr 20 10:51:36 2026: SESSION_MGR: creating session with session uuid: '6d04a3e9-ade5-4ab9-8d63-1f78fcd2ec76' and name 'default'
Mon Apr 20 10:51:36 2026: Attempting to start server on port '38589'
Mon Apr 20 10:51:36 2026: XCD main fifo: created main fifo '/tmp/xcdmaind6ef440b-ae58-4c61-8cf4-fbedf3608796', fd read = 13
Mon Apr 20 10:51:36 2026: Running Dispatch Server
Mon Apr 20 10:51:36 2026: Version 2.2.0
Mon Apr 20 10:51:37 2026: Dispatch Server: Accepted socket connection from client
Mon Apr 20 10:51:37 2026: Starting Socket connection
Mon Apr 20 10:51:37 2026: EXCHANGE_TOKEN received, server token: d6ef440b-ae58-4c61-8cf4-fbedf3608796, passed token: d6ef440b-ae58-4c61-8cf4-fbedf3608796
Mon Apr 20 10:51:37 2026: DISPATCH_HANDLER: Adding handler from function makeHandler in library libxv_system_diagram
Mon Apr 20 10:51:37 2026: SESSION_MGR: creating session with session uuid: 'cd676f72-1ec0-418c-8743-4ba9a96df268' and name 'v++_compile_PSDMonitorTop'
Mon Apr 20 10:51:37 2026: KERNEL_SVC: creating session with uuid: 'cd676f72-1ec0-418c-8743-4ba9a96df268' and name 'v++_compile_PSDMonitorTop'
Mon Apr 20 10:51:37 2026: GUIDANCE_SMGR: creating guidance session with uuid: 'cd676f72-1ec0-418c-8743-4ba9a96df268' and name 'v++_compile_PSDMonitorTop'
Mon Apr 20 10:51:37 2026: SYSTEM_DIAGRAM: creating session with uuid: 'cd676f72-1ec0-418c-8743-4ba9a96df268' and name 'v++_compile_PSDMonitorTop'
Mon Apr 20 10:51:41 2026: Dispatch Server: Accepted socket connection from client
Mon Apr 20 10:51:41 2026: Starting Socket connection
Mon Apr 20 10:51:51 2026: SESSION_MGR: closing session for UUID 'cd676f72-1ec0-418c-8743-4ba9a96df268' with name 'v++_compile_PSDMonitorTop'
Mon Apr 20 10:51:51 2026: KERNEL_SVC: closing session for UUID 'cd676f72-1ec0-418c-8743-4ba9a96df268' with name 'v++_compile_PSDMonitorTop'
Mon Apr 20 10:51:51 2026: GUIDANCE_SMGR: closing session for UUID 'cd676f72-1ec0-418c-8743-4ba9a96df268' with name 'v++_compile_PSDMonitorTop'
Mon Apr 20 10:51:51 2026: SYSTEM_DIAGRAM: closing session for UUID 'cd676f72-1ec0-418c-8743-4ba9a96df268' with name 'v++_compile_PSDMonitorTop'
Mon Apr 20 10:51:51 2026: STOP_SERVER received, server token: d6ef440b-ae58-4c61-8cf4-fbedf3608796, passed token: d6ef440b-ae58-4c61-8cf4-fbedf3608796
Mon Apr 20 10:51:51 2026: Socket received request to stop server.
Mon Apr 20 10:51:51 2026: Dispatch Server: do_await_stop
Mon Apr 20 10:51:51 2026: Dispatch Server: stopping mainFifo_
Mon Apr 20 10:51:51 2026: XCD main fifo: Stopping
Mon Apr 20 10:51:51 2026: XCD main fifo: do_read error code: Operation canceled
Mon Apr 20 10:51:51 2026: XCD main fifo: bytes_transferred: 0
Mon Apr 20 10:51:51 2026: SERVER: destructor for server bound to port 38589
Mon Apr 20 10:51:51 2026: XCD main fifo: Good unlink of /tmp/xcdmaind6ef440b-ae58-4c61-8cf4-fbedf3608796
Mon Apr 20 10:51:51 2026: Server exiting with status 0.
Mon Apr 20 10:51:51 2026: Closing log file.
Mon Apr 20 10:52:26 2026: Running xcd server. This server was built by gradle.
Mon Apr 20 10:52:26 2026: Server was asked to start on port: '34039'
Mon Apr 20 10:52:26 2026: Server is using token UUID: '5f07a7c8-4a85-45fb-ace0-db55e9042274'
Mon Apr 20 10:52:26 2026: SESSION_MGR: creating session with session uuid: '6d04a3e9-ade5-4ab9-8d63-1f78fcd2ec76' and name 'default'
Mon Apr 20 10:52:26 2026: Attempting to start server on port '34039'
Mon Apr 20 10:52:26 2026: XCD main fifo: created main fifo '/tmp/xcdmain5f07a7c8-4a85-45fb-ace0-db55e9042274', fd read = 13
Mon Apr 20 10:52:26 2026: Running Dispatch Server
Mon Apr 20 10:52:26 2026: Version 2.2.0
Mon Apr 20 10:52:28 2026: Dispatch Server: Accepted socket connection from client
Mon Apr 20 10:52:28 2026: Starting Socket connection
Mon Apr 20 10:52:28 2026: EXCHANGE_TOKEN received, server token: 5f07a7c8-4a85-45fb-ace0-db55e9042274, passed token: 5f07a7c8-4a85-45fb-ace0-db55e9042274
Mon Apr 20 10:52:28 2026: DISPATCH_HANDLER: Adding handler from function makeHandler in library libxv_system_diagram
Mon Apr 20 10:52:28 2026: SESSION_MGR: creating session with session uuid: '328437a5-d89f-41c8-9489-4f7135b6151c' and name 'vitis-run_compile_PSDMonitorTop'
Mon Apr 20 10:52:28 2026: KERNEL_SVC: creating session with uuid: '328437a5-d89f-41c8-9489-4f7135b6151c' and name 'vitis-run_compile_PSDMonitorTop'
Mon Apr 20 10:52:28 2026: GUIDANCE_SMGR: creating guidance session with uuid: '328437a5-d89f-41c8-9489-4f7135b6151c' and name 'vitis-run_compile_PSDMonitorTop'
Mon Apr 20 10:52:28 2026: SYSTEM_DIAGRAM: creating session with uuid: '328437a5-d89f-41c8-9489-4f7135b6151c' and name 'vitis-run_compile_PSDMonitorTop'
Mon Apr 20 10:52:32 2026: Dispatch Server: Accepted socket connection from client
Mon Apr 20 10:52:32 2026: Starting Socket connection
Mon Apr 20 10:52:45 2026: SESSION_MGR: closing session for UUID '328437a5-d89f-41c8-9489-4f7135b6151c' with name 'vitis-run_compile_PSDMonitorTop'
Mon Apr 20 10:52:45 2026: KERNEL_SVC: closing session for UUID '328437a5-d89f-41c8-9489-4f7135b6151c' with name 'vitis-run_compile_PSDMonitorTop'
Mon Apr 20 10:52:45 2026: GUIDANCE_SMGR: closing session for UUID '328437a5-d89f-41c8-9489-4f7135b6151c' with name 'vitis-run_compile_PSDMonitorTop'
Mon Apr 20 10:52:45 2026: SYSTEM_DIAGRAM: closing session for UUID '328437a5-d89f-41c8-9489-4f7135b6151c' with name 'vitis-run_compile_PSDMonitorTop'
Mon Apr 20 10:52:45 2026: STOP_SERVER received, server token: 5f07a7c8-4a85-45fb-ace0-db55e9042274, passed token: 5f07a7c8-4a85-45fb-ace0-db55e9042274
Mon Apr 20 10:52:45 2026: Socket received request to stop server.
Mon Apr 20 10:52:45 2026: Dispatch Server: do_await_stop
Mon Apr 20 10:52:45 2026: Dispatch Server: stopping mainFifo_
Mon Apr 20 10:52:45 2026: XCD main fifo: Stopping
Mon Apr 20 10:52:45 2026: XCD main fifo: do_read error code: Operation canceled
Mon Apr 20 10:52:45 2026: XCD main fifo: bytes_transferred: 0
Mon Apr 20 10:52:45 2026: SERVER: destructor for server bound to port 34039
Mon Apr 20 10:52:45 2026: XCD main fifo: Good unlink of /tmp/xcdmain5f07a7c8-4a85-45fb-ace0-db55e9042274
Mon Apr 20 10:52:45 2026: Server exiting with status 0.
Mon Apr 20 10:52:45 2026: Closing log file.
Mon Apr 20 11:58:14 2026: Running xcd server. This server was built by gradle.
Mon Apr 20 11:58:14 2026: Server was asked to start on port: '39867'
Mon Apr 20 11:58:14 2026: Server is using token UUID: '15afc9e3-5d9b-4521-9d5c-1718ebafabd7'
Mon Apr 20 11:58:14 2026: SESSION_MGR: creating session with session uuid: '6d04a3e9-ade5-4ab9-8d63-1f78fcd2ec76' and name 'default'
Mon Apr 20 11:58:14 2026: Attempting to start server on port '39867'
Mon Apr 20 11:58:14 2026: XCD main fifo: created main fifo '/tmp/xcdmain15afc9e3-5d9b-4521-9d5c-1718ebafabd7', fd read = 13
Mon Apr 20 11:58:14 2026: Running Dispatch Server
Mon Apr 20 11:58:14 2026: Version 2.2.0
Mon Apr 20 11:58:16 2026: Dispatch Server: Accepted socket connection from client
Mon Apr 20 11:58:16 2026: Starting Socket connection
Mon Apr 20 11:58:16 2026: EXCHANGE_TOKEN received, server token: 15afc9e3-5d9b-4521-9d5c-1718ebafabd7, passed token: 15afc9e3-5d9b-4521-9d5c-1718ebafabd7
Mon Apr 20 11:58:16 2026: DISPATCH_HANDLER: Adding handler from function makeHandler in library libxv_system_diagram
Mon Apr 20 11:58:16 2026: SESSION_MGR: creating session with session uuid: '8a66ef29-3c16-4cc4-a063-1908c724d6ea' and name 'v++_compile_PSDMonitorTop'
Mon Apr 20 11:58:16 2026: KERNEL_SVC: creating session with uuid: '8a66ef29-3c16-4cc4-a063-1908c724d6ea' and name 'v++_compile_PSDMonitorTop'
Mon Apr 20 11:58:16 2026: GUIDANCE_SMGR: creating guidance session with uuid: '8a66ef29-3c16-4cc4-a063-1908c724d6ea' and name 'v++_compile_PSDMonitorTop'
Mon Apr 20 11:58:16 2026: SYSTEM_DIAGRAM: creating session with uuid: '8a66ef29-3c16-4cc4-a063-1908c724d6ea' and name 'v++_compile_PSDMonitorTop'
Mon Apr 20 11:58:19 2026: Dispatch Server: Accepted socket connection from client
Mon Apr 20 11:58:19 2026: Starting Socket connection
Mon Apr 20 11:58:30 2026: SESSION_MGR: closing session for UUID '8a66ef29-3c16-4cc4-a063-1908c724d6ea' with name 'v++_compile_PSDMonitorTop'
Mon Apr 20 11:58:30 2026: KERNEL_SVC: closing session for UUID '8a66ef29-3c16-4cc4-a063-1908c724d6ea' with name 'v++_compile_PSDMonitorTop'
Mon Apr 20 11:58:30 2026: GUIDANCE_SMGR: closing session for UUID '8a66ef29-3c16-4cc4-a063-1908c724d6ea' with name 'v++_compile_PSDMonitorTop'
Mon Apr 20 11:58:30 2026: SYSTEM_DIAGRAM: closing session for UUID '8a66ef29-3c16-4cc4-a063-1908c724d6ea' with name 'v++_compile_PSDMonitorTop'
Mon Apr 20 11:58:30 2026: STOP_SERVER received, server token: 15afc9e3-5d9b-4521-9d5c-1718ebafabd7, passed token: 15afc9e3-5d9b-4521-9d5c-1718ebafabd7
Mon Apr 20 11:58:30 2026: Socket received request to stop server.
Mon Apr 20 11:58:30 2026: Dispatch Server: do_await_stop
Mon Apr 20 11:58:30 2026: Dispatch Server: stopping mainFifo_
Mon Apr 20 11:58:30 2026: XCD main fifo: Stopping
Mon Apr 20 11:58:30 2026: XCD main fifo: do_read error code: Operation canceled
Mon Apr 20 11:58:30 2026: XCD main fifo: bytes_transferred: 0
Mon Apr 20 11:58:30 2026: SERVER: destructor for server bound to port 39867
Mon Apr 20 11:58:30 2026: XCD main fifo: Good unlink of /tmp/xcdmain15afc9e3-5d9b-4521-9d5c-1718ebafabd7
Mon Apr 20 11:58:30 2026: Server exiting with status 0.
Mon Apr 20 11:58:30 2026: Closing log file.
Mon Apr 20 11:58:44 2026: Running xcd server. This server was built by gradle.
Mon Apr 20 11:58:44 2026: Server was asked to start on port: '33739'
Mon Apr 20 11:58:44 2026: Server is using token UUID: '85f10682-fa2e-4671-b03d-a67960f7af4c'
Mon Apr 20 11:58:44 2026: SESSION_MGR: creating session with session uuid: '6d04a3e9-ade5-4ab9-8d63-1f78fcd2ec76' and name 'default'
Mon Apr 20 11:58:44 2026: Attempting to start server on port '33739'
Mon Apr 20 11:58:44 2026: XCD main fifo: created main fifo '/tmp/xcdmain85f10682-fa2e-4671-b03d-a67960f7af4c', fd read = 13
Mon Apr 20 11:58:44 2026: Running Dispatch Server
Mon Apr 20 11:58:44 2026: Version 2.2.0
Mon Apr 20 11:58:45 2026: Dispatch Server: Accepted socket connection from client
Mon Apr 20 11:58:45 2026: Starting Socket connection
Mon Apr 20 11:58:45 2026: EXCHANGE_TOKEN received, server token: 85f10682-fa2e-4671-b03d-a67960f7af4c, passed token: 85f10682-fa2e-4671-b03d-a67960f7af4c
Mon Apr 20 11:58:45 2026: DISPATCH_HANDLER: Adding handler from function makeHandler in library libxv_system_diagram
Mon Apr 20 11:58:45 2026: SESSION_MGR: creating session with session uuid: '970aa7e7-4e46-44e9-a960-47e09bc5491c' and name 'vitis-run_compile_PSDMonitorTop'
Mon Apr 20 11:58:45 2026: KERNEL_SVC: creating session with uuid: '970aa7e7-4e46-44e9-a960-47e09bc5491c' and name 'vitis-run_compile_PSDMonitorTop'
Mon Apr 20 11:58:45 2026: GUIDANCE_SMGR: creating guidance session with uuid: '970aa7e7-4e46-44e9-a960-47e09bc5491c' and name 'vitis-run_compile_PSDMonitorTop'
Mon Apr 20 11:58:45 2026: SYSTEM_DIAGRAM: creating session with uuid: '970aa7e7-4e46-44e9-a960-47e09bc5491c' and name 'vitis-run_compile_PSDMonitorTop'
Mon Apr 20 11:58:49 2026: Dispatch Server: Accepted socket connection from client
Mon Apr 20 11:58:49 2026: Starting Socket connection
Mon Apr 20 11:59:02 2026: SESSION_MGR: closing session for UUID '970aa7e7-4e46-44e9-a960-47e09bc5491c' with name 'vitis-run_compile_PSDMonitorTop'
Mon Apr 20 11:59:02 2026: KERNEL_SVC: closing session for UUID '970aa7e7-4e46-44e9-a960-47e09bc5491c' with name 'vitis-run_compile_PSDMonitorTop'
Mon Apr 20 11:59:02 2026: GUIDANCE_SMGR: closing session for UUID '970aa7e7-4e46-44e9-a960-47e09bc5491c' with name 'vitis-run_compile_PSDMonitorTop'
Mon Apr 20 11:59:02 2026: SYSTEM_DIAGRAM: closing session for UUID '970aa7e7-4e46-44e9-a960-47e09bc5491c' with name 'vitis-run_compile_PSDMonitorTop'
Mon Apr 20 11:59:02 2026: STOP_SERVER received, server token: 85f10682-fa2e-4671-b03d-a67960f7af4c, passed token: 85f10682-fa2e-4671-b03d-a67960f7af4c
Mon Apr 20 11:59:02 2026: Socket received request to stop server.
Mon Apr 20 11:59:02 2026: Dispatch Server: do_await_stop
Mon Apr 20 11:59:02 2026: Dispatch Server: stopping mainFifo_
Mon Apr 20 11:59:02 2026: XCD main fifo: Stopping
Mon Apr 20 11:59:02 2026: XCD main fifo: do_read error code: Operation canceled
Mon Apr 20 11:59:02 2026: XCD main fifo: bytes_transferred: 0
Mon Apr 20 11:59:02 2026: SERVER: destructor for server bound to port 33739
Mon Apr 20 11:59:02 2026: XCD main fifo: Good unlink of /tmp/xcdmain85f10682-fa2e-4671-b03d-a67960f7af4c
Mon Apr 20 11:59:02 2026: Server exiting with status 0.
Mon Apr 20 11:59:02 2026: Closing log file.
