

================================================================
== Vitis HLS Report for 'PSDMonitorTop_Pipeline_VITIS_LOOP_27_1'
================================================================
* Date:           Mon Apr 20 16:09:50 2026

* Version:        2024.1 (Build 5069499 on May 21 2024)
* Project:        PSDMonitorTop
* Solution:       hls (Vivado IP Flow Target)
* Product family: zynq
* Target device:  xc7z010-clg400-1


================================================================
== Performance Estimates
================================================================
+ Timing: 
    * Summary: 
    +--------+---------+----------+------------+
    |  Clock |  Target | Estimated| Uncertainty|
    +--------+---------+----------+------------+
    |ap_clk  |  8.00 ns|  5.840 ns|     2.16 ns|
    +--------+---------+----------+------------+

+ Latency: 
    * Summary: 
    +---------+---------+----------+----------+-----+-----+-----------------------------------------------+
    |  Latency (cycles) |  Latency (absolute) |  Interval |                    Pipeline                   |
    |   min   |   max   |    min   |    max   | min | max |                      Type                     |
    +---------+---------+----------+----------+-----+-----+-----------------------------------------------+
    |        ?|        ?|         ?|         ?|    0|    0|  loop auto-rewind stp(delay=0 clock cycles(s))|
    +---------+---------+----------+----------+-----+-----+-----------------------------------------------+

    + Detail: 
        * Instance: 
        N/A

        * Loop: 
        +-------------------+---------+---------+----------+-----------+-----------+------+----------+
        |                   |  Latency (cycles) | Iteration|  Initiation Interval  | Trip |          |
        |     Loop Name     |   min   |   max   |  Latency |  achieved |   target  | Count| Pipelined|
        +-------------------+---------+---------+----------+-----------+-----------+------+----------+
        |- VITIS_LOOP_27_1  |        ?|        ?|         9|          1|          1|     ?|       yes|
        +-------------------+---------+---------+----------+-----------+-----------+------+----------+



================================================================
== Utilization Estimates
================================================================
* Summary: 
+-----------------+---------+----+-------+-------+-----+
|       Name      | BRAM_18K| DSP|   FF  |  LUT  | URAM|
+-----------------+---------+----+-------+-------+-----+
|DSP              |        -|   -|      -|      -|    -|
|Expression       |        -|   -|      0|    263|    -|
|FIFO             |        -|   -|      -|      -|    -|
|Instance         |        -|   -|      -|      -|    -|
|Memory           |        -|   -|      -|      -|    -|
|Multiplexer      |        -|   -|      0|    114|    -|
|Register         |        -|   -|    432|     96|    -|
+-----------------+---------+----+-------+-------+-----+
|Total            |        0|   0|    432|    473|    0|
+-----------------+---------+----+-------+-------+-----+
|Available        |      120|  80|  35200|  17600|    0|
+-----------------+---------+----+-------+-------+-----+
|Utilization (%)  |        0|   0|      1|      2|    0|
+-----------------+---------+----+-------+-------+-----+

+ Detail: 
    * Instance: 
    N/A

    * DSP: 
    N/A

    * Memory: 
    N/A

    * FIFO: 
    N/A

    * Expression: 
    +------------------------------------+----------+----+---+----+------------+------------+
    |            Variable Name           | Operation| DSP| FF| LUT| Bitwidth P0| Bitwidth P1|
    +------------------------------------+----------+----+---+----+------------+------------+
    |add_ln38_fu_313_p2                  |         +|   0|  0|  23|          16|           7|
    |add_ln41_fu_332_p2                  |         +|   0|  0|  39|          32|          32|
    |add_ln47_fu_266_p2                  |         +|   0|  0|  71|          64|          64|
    |add_ln54_fu_247_p2                  |         +|   0|  0|  12|          11|           1|
    |mem_idx_3_fu_292_p2                 |         +|   0|  0|  39|          32|           1|
    |ap_block_pp0_stage0_01001           |       and|   0|  0|   2|           1|           1|
    |ap_block_state3_io                  |       and|   0|  0|   2|           1|           1|
    |ap_block_state4_io                  |       and|   0|  0|   2|           1|           1|
    |ap_block_state9_pp0_stage0_iter8    |       and|   0|  0|   2|           1|           1|
    |ap_condition_279                    |       and|   0|  0|   2|           1|           1|
    |ap_condition_465                    |       and|   0|  0|   2|           1|           1|
    |ap_condition_469                    |       and|   0|  0|   2|           1|           1|
    |ap_condition_473                    |       and|   0|  0|   2|           1|           1|
    |ap_predicate_op63_writereq_state3   |       and|   0|  0|   2|           1|           1|
    |ap_predicate_op65_write_state4      |       and|   0|  0|   2|           1|           1|
    |ap_predicate_op70_writeresp_state9  |       and|   0|  0|   2|           1|           1|
    |empty_nbread_fu_132_p5_0            |       and|   0|  0|   2|           1|           0|
    |icmp_ln27_fu_219_p2                 |      icmp|   0|  0|  39|          32|          32|
    |icmp_ln43_fu_241_p2                 |      icmp|   0|  0|  12|          11|          10|
    |ap_block_pp0_stage0_11001           |        or|   0|  0|   2|           1|           1|
    |ap_enable_pp0                       |       xor|   0|  0|   2|           1|           2|
    +------------------------------------+----------+----+---+----+------------+------------+
    |Total                               |          |   0|  0| 263|         212|         161|
    +------------------------------------+----------+----+---+----+------------+------------+

    * Multiplexer: 
    +---------------------------------------------+----+-----------+-----+-----------+
    |                     Name                    | LUT| Input Size| Bits| Total Bits|
    +---------------------------------------------+----+-----------+-----+-----------+
    |ap_done_int                                  |   9|          2|    1|          2|
    |ap_enable_reg_pp0_iter1                      |   9|          2|    1|          2|
    |ap_phi_mux_error_accum_flag_0_phi_fu_178_p4  |   9|          2|    1|          2|
    |ap_phi_mux_storemerge_phi_fu_190_p4          |  14|          3|   11|         33|
    |ap_phi_reg_pp0_iter2_val_adc1_2_reg_197      |  14|          3|   16|         48|
    |ap_sig_allocacmp_mem_idx_2                   |   9|          2|   32|         64|
    |error_accum_loc_0_fu_106                     |  14|          3|   32|         96|
    |gmem_blk_n_AW                                |   9|          2|    1|          2|
    |gmem_blk_n_B                                 |   9|          2|    1|          2|
    |gmem_blk_n_W                                 |   9|          2|    1|          2|
    |mem_idx_fu_110                               |   9|          2|   32|         64|
    +---------------------------------------------+----+-----------+-----+-----------+
    |Total                                        | 114|         25|  129|        317|
    +---------------------------------------------+----+-----------+-----+-----------+

    * Register: 
    +-----------------------------------------+----+----+-----+-----------+
    |                   Name                  | FF | LUT| Bits| Const Bits|
    +-----------------------------------------+----+----+-----+-----------+
    |ap_CS_fsm                                |   1|   0|    1|          0|
    |ap_done_reg                              |   1|   0|    1|          0|
    |ap_enable_reg_pp0_iter1                  |   1|   0|    1|          0|
    |ap_enable_reg_pp0_iter2                  |   1|   0|    1|          0|
    |ap_enable_reg_pp0_iter3                  |   1|   0|    1|          0|
    |ap_enable_reg_pp0_iter4                  |   1|   0|    1|          0|
    |ap_enable_reg_pp0_iter5                  |   1|   0|    1|          0|
    |ap_enable_reg_pp0_iter6                  |   1|   0|    1|          0|
    |ap_enable_reg_pp0_iter7                  |   1|   0|    1|          0|
    |ap_enable_reg_pp0_iter8                  |   1|   0|    1|          0|
    |ap_loop_exit_ready_pp0_iter1_reg         |   1|   0|    1|          0|
    |ap_loop_exit_ready_pp0_iter2_reg         |   1|   0|    1|          0|
    |ap_loop_exit_ready_pp0_iter3_reg         |   1|   0|    1|          0|
    |ap_loop_exit_ready_pp0_iter4_reg         |   1|   0|    1|          0|
    |ap_loop_exit_ready_pp0_iter5_reg         |   1|   0|    1|          0|
    |ap_loop_exit_ready_pp0_iter6_reg         |   1|   0|    1|          0|
    |ap_loop_exit_ready_pp0_iter7_reg         |   1|   0|    1|          0|
    |ap_phi_reg_pp0_iter1_val_adc1_2_reg_197  |  16|   0|   16|          0|
    |ap_phi_reg_pp0_iter2_val_adc1_2_reg_197  |  16|   0|   16|          0|
    |avg_error_reg_406                        |  16|   0|   16|          0|
    |counter                                  |  11|   0|   11|          0|
    |error_accum_flag_0_reg_174               |   1|   0|    1|          0|
    |error_accum_loc_0_fu_106                 |  32|   0|   32|          0|
    |fake_counter                             |  16|   0|   16|          0|
    |gmem_addr_reg_395                        |  64|   0|   64|          0|
    |icmp_ln27_reg_378                        |   1|   0|    1|          0|
    |icmp_ln43_reg_391                        |   1|   0|    1|          0|
    |mem_idx_fu_110                           |  32|   0|   32|          0|
    |p_vld_reg_382                            |   1|   0|    1|          0|
    |val_adc1_reg_386                         |  16|   0|   16|          0|
    |gmem_addr_reg_395                        |  64|  32|   64|          0|
    |icmp_ln27_reg_378                        |  64|  32|    1|          0|
    |icmp_ln43_reg_391                        |  64|  32|    1|          0|
    +-----------------------------------------+----+----+-----+-----------+
    |Total                                    | 432|  96|  306|          0|
    +-----------------------------------------+----+----+-----+-----------+



================================================================
== Interface
================================================================
* Summary: 
+-------------------------------+-----+-----+------------+----------------------------------------+--------------+
|           RTL Ports           | Dir | Bits|  Protocol  |              Source Object             |    C Type    |
+-------------------------------+-----+-----+------------+----------------------------------------+--------------+
|ap_clk                         |   in|    1|  ap_ctrl_hs|  PSDMonitorTop_Pipeline_VITIS_LOOP_27_1|  return value|
|ap_rst                         |   in|    1|  ap_ctrl_hs|  PSDMonitorTop_Pipeline_VITIS_LOOP_27_1|  return value|
|ap_start                       |   in|    1|  ap_ctrl_hs|  PSDMonitorTop_Pipeline_VITIS_LOOP_27_1|  return value|
|ap_done                        |  out|    1|  ap_ctrl_hs|  PSDMonitorTop_Pipeline_VITIS_LOOP_27_1|  return value|
|ap_idle                        |  out|    1|  ap_ctrl_hs|  PSDMonitorTop_Pipeline_VITIS_LOOP_27_1|  return value|
|ap_ready                       |  out|    1|  ap_ctrl_hs|  PSDMonitorTop_Pipeline_VITIS_LOOP_27_1|  return value|
|m_axi_gmem_AWVALID             |  out|    1|       m_axi|                                    gmem|       pointer|
|m_axi_gmem_AWREADY             |   in|    1|       m_axi|                                    gmem|       pointer|
|m_axi_gmem_AWADDR              |  out|   64|       m_axi|                                    gmem|       pointer|
|m_axi_gmem_AWID                |  out|    1|       m_axi|                                    gmem|       pointer|
|m_axi_gmem_AWLEN               |  out|   32|       m_axi|                                    gmem|       pointer|
|m_axi_gmem_AWSIZE              |  out|    3|       m_axi|                                    gmem|       pointer|
|m_axi_gmem_AWBURST             |  out|    2|       m_axi|                                    gmem|       pointer|
|m_axi_gmem_AWLOCK              |  out|    2|       m_axi|                                    gmem|       pointer|
|m_axi_gmem_AWCACHE             |  out|    4|       m_axi|                                    gmem|       pointer|
|m_axi_gmem_AWPROT              |  out|    3|       m_axi|                                    gmem|       pointer|
|m_axi_gmem_AWQOS               |  out|    4|       m_axi|                                    gmem|       pointer|
|m_axi_gmem_AWREGION            |  out|    4|       m_axi|                                    gmem|       pointer|
|m_axi_gmem_AWUSER              |  out|    1|       m_axi|                                    gmem|       pointer|
|m_axi_gmem_WVALID              |  out|    1|       m_axi|                                    gmem|       pointer|
|m_axi_gmem_WREADY              |   in|    1|       m_axi|                                    gmem|       pointer|
|m_axi_gmem_WDATA               |  out|   16|       m_axi|                                    gmem|       pointer|
|m_axi_gmem_WSTRB               |  out|    2|       m_axi|                                    gmem|       pointer|
|m_axi_gmem_WLAST               |  out|    1|       m_axi|                                    gmem|       pointer|
|m_axi_gmem_WID                 |  out|    1|       m_axi|                                    gmem|       pointer|
|m_axi_gmem_WUSER               |  out|    1|       m_axi|                                    gmem|       pointer|
|m_axi_gmem_ARVALID             |  out|    1|       m_axi|                                    gmem|       pointer|
|m_axi_gmem_ARREADY             |   in|    1|       m_axi|                                    gmem|       pointer|
|m_axi_gmem_ARADDR              |  out|   64|       m_axi|                                    gmem|       pointer|
|m_axi_gmem_ARID                |  out|    1|       m_axi|                                    gmem|       pointer|
|m_axi_gmem_ARLEN               |  out|   32|       m_axi|                                    gmem|       pointer|
|m_axi_gmem_ARSIZE              |  out|    3|       m_axi|                                    gmem|       pointer|
|m_axi_gmem_ARBURST             |  out|    2|       m_axi|                                    gmem|       pointer|
|m_axi_gmem_ARLOCK              |  out|    2|       m_axi|                                    gmem|       pointer|
|m_axi_gmem_ARCACHE             |  out|    4|       m_axi|                                    gmem|       pointer|
|m_axi_gmem_ARPROT              |  out|    3|       m_axi|                                    gmem|       pointer|
|m_axi_gmem_ARQOS               |  out|    4|       m_axi|                                    gmem|       pointer|
|m_axi_gmem_ARREGION            |  out|    4|       m_axi|                                    gmem|       pointer|
|m_axi_gmem_ARUSER              |  out|    1|       m_axi|                                    gmem|       pointer|
|m_axi_gmem_RVALID              |   in|    1|       m_axi|                                    gmem|       pointer|
|m_axi_gmem_RREADY              |  out|    1|       m_axi|                                    gmem|       pointer|
|m_axi_gmem_RDATA               |   in|   16|       m_axi|                                    gmem|       pointer|
|m_axi_gmem_RLAST               |   in|    1|       m_axi|                                    gmem|       pointer|
|m_axi_gmem_RID                 |   in|    1|       m_axi|                                    gmem|       pointer|
|m_axi_gmem_RFIFONUM            |   in|   10|       m_axi|                                    gmem|       pointer|
|m_axi_gmem_RUSER               |   in|    1|       m_axi|                                    gmem|       pointer|
|m_axi_gmem_RRESP               |   in|    2|       m_axi|                                    gmem|       pointer|
|m_axi_gmem_BVALID              |   in|    1|       m_axi|                                    gmem|       pointer|
|m_axi_gmem_BREADY              |  out|    1|       m_axi|                                    gmem|       pointer|
|m_axi_gmem_BRESP               |   in|    2|       m_axi|                                    gmem|       pointer|
|m_axi_gmem_BID                 |   in|    1|       m_axi|                                    gmem|       pointer|
|m_axi_gmem_BUSER               |   in|    1|       m_axi|                                    gmem|       pointer|
|error_accum_load               |   in|   32|     ap_none|                        error_accum_load|        scalar|
|max_samples                    |   in|   32|     ap_none|                             max_samples|        scalar|
|ram_buffer                     |   in|   64|     ap_none|                              ram_buffer|        scalar|
|adc_in_TDATA                   |   in|   32|        axis|                         adc_in_V_data_V|       pointer|
|adc_in_TVALID                  |   in|    1|        axis|                         adc_in_V_data_V|       pointer|
|adc_in_TREADY                  |  out|    1|        axis|                         adc_in_V_last_V|       pointer|
|adc_in_TLAST                   |   in|    1|        axis|                         adc_in_V_last_V|       pointer|
|adc_in_TKEEP                   |   in|    4|        axis|                         adc_in_V_keep_V|       pointer|
|adc_in_TSTRB                   |   in|    4|        axis|                         adc_in_V_strb_V|       pointer|
|error_accum_flag_0_out         |  out|    1|      ap_vld|                  error_accum_flag_0_out|       pointer|
|error_accum_flag_0_out_ap_vld  |  out|    1|      ap_vld|                  error_accum_flag_0_out|       pointer|
|error_accum_loc_0_out          |  out|   32|      ap_vld|                   error_accum_loc_0_out|       pointer|
|error_accum_loc_0_out_ap_vld   |  out|    1|      ap_vld|                   error_accum_loc_0_out|       pointer|
+-------------------------------+-----+-----+------------+----------------------------------------+--------------+

============================================================
+ Verbose Summary: Synthesis Manager
============================================================
InlineROM: 1
ExposeGlobal: 0
============================================================
+ Verbose Summary: CDFG Model
============================================================
IsTopModel: 0
ResetActiveHigh: 1
IsCombinational: 2
IsDatapathOnly: 2
HasWiredReturn: 1
HasMFsm: 2
HasVarLatency: 1
IsPipeline: 0
IsRtlPipelined: 0
IsInstanceOverlapped: 0
IsDontTouch: 0
HasImplIP: 0
IsGatedGlobalClock: 0

+ Individual pipeline summary: 
  * Pipeline-0: initiation interval (II) = 1, depth = 9


============================================================
+ Verbose Summary: Schedule
============================================================
* Number of FSM states : 9
* Pipeline : 1
  Pipeline-0 : II = 1, D = 9, States = { 1 2 3 4 5 6 7 8 9 }
* Dataflow Pipeline: 0

* FSM state transitions: 
1 --> 2 
2 --> 3 
3 --> 4 
4 --> 5 
5 --> 6 
6 --> 7 
7 --> 8 
8 --> 9 
9 --> 

* FSM state operations: 

State 1 <SV = 0> <Delay = 5.72>
ST_1 : Operation 12 [1/1] (0.00ns)   --->   "%error_accum_loc_0 = alloca i32 1"   --->   Operation 12 'alloca' 'error_accum_loc_0' <Predicate = true> <Delay = 0.00>
ST_1 : Operation 13 [1/1] (0.00ns)   --->   "%mem_idx = alloca i32 1" [PSDMonitor.cpp:27]   --->   Operation 13 'alloca' 'mem_idx' <Predicate = true> <Delay = 0.00>
ST_1 : Operation 14 [1/1] (0.00ns)   --->   "%specaxissidechannel_ln0 = specaxissidechannel void @_ssdm_op_SpecAXISSideChannel, i32 %adc_in_V_data_V, i4 %adc_in_V_keep_V, i4 %adc_in_V_strb_V, i1 0, i1 %adc_in_V_last_V, i1 0, i1 0, void @empty_4"   --->   Operation 14 'specaxissidechannel' 'specaxissidechannel_ln0' <Predicate = true> <Delay = 0.00>
ST_1 : Operation 15 [1/1] (0.00ns)   --->   "%specinterface_ln0 = specinterface void @_ssdm_op_SpecInterface, i1 %adc_in_V_last_V, i4 %adc_in_V_strb_V, i4 %adc_in_V_keep_V, i32 %adc_in_V_data_V, void @empty_7, i32 0, i32 0, void @empty_6, i32 0, i32 0, void @empty_1, void @empty_1, void @empty_1, i32 0, i32 0, i32 0, i32 0, void @empty_1, void @empty_1, i32 4294967295, i32 0, i32 0"   --->   Operation 15 'specinterface' 'specinterface_ln0' <Predicate = true> <Delay = 0.00>
ST_1 : Operation 16 [1/1] (0.00ns)   --->   "%specinterface_ln0 = specinterface void @_ssdm_op_SpecInterface, i16 %gmem, void @empty_0, i32 0, i32 0, void @empty_1, i32 0, i32 2000000, void @empty_2, void @empty_3, void @empty_1, i32 16, i32 16, i32 16, i32 16, void @empty_1, void @empty_1, i32 4294967295, i32 0, i32 0"   --->   Operation 16 'specinterface' 'specinterface_ln0' <Predicate = true> <Delay = 0.00>
ST_1 : Operation 17 [1/1] (0.00ns)   --->   "%ram_buffer_read = read i64 @_ssdm_op_Read.ap_auto.i64, i64 %ram_buffer"   --->   Operation 17 'read' 'ram_buffer_read' <Predicate = true> <Delay = 0.00>
ST_1 : Operation 18 [1/1] (0.00ns)   --->   "%max_samples_read = read i32 @_ssdm_op_Read.ap_auto.i32, i32 %max_samples"   --->   Operation 18 'read' 'max_samples_read' <Predicate = true> <Delay = 0.00>
ST_1 : Operation 19 [1/1] (0.00ns)   --->   "%error_accum_load_read = read i32 @_ssdm_op_Read.ap_auto.i32, i32 %error_accum_load"   --->   Operation 19 'read' 'error_accum_load_read' <Predicate = true> <Delay = 0.00>
ST_1 : Operation 20 [1/1] (1.58ns)   --->   "%store_ln27 = store i32 0, i32 %mem_idx" [PSDMonitor.cpp:27]   --->   Operation 20 'store' 'store_ln27' <Predicate = true> <Delay = 1.58>
ST_1 : Operation 21 [1/1] (1.70ns)   --->   "%store_ln0 = store i32 %error_accum_load_read, i32 %error_accum_loc_0"   --->   Operation 21 'store' 'store_ln0' <Predicate = true> <Delay = 1.70>
ST_1 : Operation 22 [1/1] (1.58ns)   --->   "%br_ln27 = br void %for.cond" [PSDMonitor.cpp:27]   --->   Operation 22 'br' 'br_ln27' <Predicate = true> <Delay = 1.58>
ST_1 : Operation 23 [1/1] (0.00ns)   --->   "%error_accum_flag_0 = phi i1 0, void %newFuncRoot, i1 1, void %if.end13"   --->   Operation 23 'phi' 'error_accum_flag_0' <Predicate = true> <Delay = 0.00>
ST_1 : Operation 24 [1/1] (0.00ns)   --->   "%mem_idx_2 = load i32 %mem_idx" [PSDMonitor.cpp:48]   --->   Operation 24 'load' 'mem_idx_2' <Predicate = true> <Delay = 0.00>
ST_1 : Operation 25 [1/1] (0.00ns)   --->   "%specbitsmap_ln0 = specbitsmap void @_ssdm_op_SpecBitsMap, i16 %gmem"   --->   Operation 25 'specbitsmap' 'specbitsmap_ln0' <Predicate = true> <Delay = 0.00>
ST_1 : Operation 26 [1/1] (2.55ns)   --->   "%icmp_ln27 = icmp_ult  i32 %mem_idx_2, i32 %max_samples_read" [PSDMonitor.cpp:27]   --->   Operation 26 'icmp' 'icmp_ln27' <Predicate = true> <Delay = 2.55> <CoreInst = "Cmp">   --->   Core 9 'Cmp' <Latency = 0> <II = 1> <Delay = 2.55> <FuncUnit> <Opcode : 'seteq' 'setne' 'setle' 'setge' 'setlt' 'setgt'> <InPorts = 2> <OutPorts = 1>
ST_1 : Operation 27 [1/1] (0.00ns)   --->   "%br_ln27 = br i1 %icmp_ln27, void %for.end.exitStub, void %for.body" [PSDMonitor.cpp:27]   --->   Operation 27 'br' 'br_ln27' <Predicate = true> <Delay = 0.00>
ST_1 : Operation 28 [1/1] (0.00ns)   --->   "%specpipeline_ln28 = specpipeline void @_ssdm_op_SpecPipeline, i32 1, i32 0, i32 0, i32 0, void @empty_1" [PSDMonitor.cpp:28]   --->   Operation 28 'specpipeline' 'specpipeline_ln28' <Predicate = (icmp_ln27)> <Delay = 0.00>
ST_1 : Operation 29 [1/1] (0.00ns)   --->   "%specloopname_ln27 = specloopname void @_ssdm_op_SpecLoopName, void @empty_9" [PSDMonitor.cpp:27]   --->   Operation 29 'specloopname' 'specloopname_ln27' <Predicate = (icmp_ln27)> <Delay = 0.00>
ST_1 : Operation 30 [1/1] (0.51ns)   --->   "%empty = nbread i42 @_ssdm_op_NbRead.axis.volatile.i32P0A.i4P0A.i4P0A.i1P0A, i32 %adc_in_V_data_V, i4 %adc_in_V_keep_V, i4 %adc_in_V_strb_V, i1 %adc_in_V_last_V" [PSDMonitor.cpp:33]   --->   Operation 30 'nbread' 'empty' <Predicate = (icmp_ln27)> <Delay = 0.51> <CoreInst = "regslice">   --->   Core 136 'regslice' <Latency = 0> <II = 1> <Delay = 1.86> <Adapter> <Opcode : 'read' 'write'>
ST_1 : Operation 31 [1/1] (0.00ns)   --->   "%p_vld = extractvalue i42 %empty" [PSDMonitor.cpp:33]   --->   Operation 31 'extractvalue' 'p_vld' <Predicate = (icmp_ln27)> <Delay = 0.00>
ST_1 : Operation 32 [1/1] (0.00ns)   --->   "%val_adc_data = extractvalue i42 %empty" [PSDMonitor.cpp:33]   --->   Operation 32 'extractvalue' 'val_adc_data' <Predicate = (icmp_ln27)> <Delay = 0.00>
ST_1 : Operation 33 [1/1] (0.00ns)   --->   "%br_ln33 = br i1 %p_vld, void %if.else, void %if.then" [PSDMonitor.cpp:33]   --->   Operation 33 'br' 'br_ln33' <Predicate = (icmp_ln27)> <Delay = 0.00>
ST_1 : Operation 34 [1/1] (0.00ns)   --->   "%val_adc1 = trunc i32 %val_adc_data" [PSDMonitor.cpp:34]   --->   Operation 34 'trunc' 'val_adc1' <Predicate = (icmp_ln27 & p_vld)> <Delay = 0.00>
ST_1 : Operation 35 [1/1] (0.00ns)   --->   "%counter_load = load i11 %counter" [PSDMonitor.cpp:43]   --->   Operation 35 'load' 'counter_load' <Predicate = (icmp_ln27)> <Delay = 0.00>
ST_1 : Operation 36 [1/1] (1.63ns)   --->   "%icmp_ln43 = icmp_eq  i11 %counter_load, i11 1023" [PSDMonitor.cpp:43]   --->   Operation 36 'icmp' 'icmp_ln43' <Predicate = (icmp_ln27)> <Delay = 1.63> <CoreInst = "Cmp">   --->   Core 9 'Cmp' <Latency = 0> <II = 1> <Delay = 1.63> <FuncUnit> <Opcode : 'seteq' 'setne' 'setle' 'setge' 'setlt' 'setgt'> <InPorts = 2> <OutPorts = 1>
ST_1 : Operation 37 [1/1] (0.00ns)   --->   "%br_ln43 = br i1 %icmp_ln43, void %if.else11, void %if.then7" [PSDMonitor.cpp:43]   --->   Operation 37 'br' 'br_ln43' <Predicate = (icmp_ln27)> <Delay = 0.00>
ST_1 : Operation 38 [1/1] (1.63ns)   --->   "%add_ln54 = add i11 %counter_load, i11 1" [PSDMonitor.cpp:54]   --->   Operation 38 'add' 'add_ln54' <Predicate = (icmp_ln27 & !icmp_ln43)> <Delay = 1.63> <CoreInst = "Adder">   --->   Core 1 'Adder' <Latency = 0> <II = 1> <Delay = 1.63> <FuncUnit> <Opcode : 'add' 'sub'> <InPorts = 2> <OutPorts = 1>
ST_1 : Operation 39 [1/1] (1.58ns)   --->   "%br_ln0 = br void %if.end13"   --->   Operation 39 'br' 'br_ln0' <Predicate = (icmp_ln27 & !icmp_ln43)> <Delay = 1.58>
ST_1 : Operation 40 [1/1] (0.00ns)   --->   "%shl_ln = bitconcatenate i33 @_ssdm_op_BitConcatenate.i33.i32.i1, i32 %mem_idx_2, i1 0" [PSDMonitor.cpp:47]   --->   Operation 40 'bitconcatenate' 'shl_ln' <Predicate = (icmp_ln27 & icmp_ln43)> <Delay = 0.00>
ST_1 : Operation 41 [1/1] (0.00ns)   --->   "%zext_ln47 = zext i33 %shl_ln" [PSDMonitor.cpp:47]   --->   Operation 41 'zext' 'zext_ln47' <Predicate = (icmp_ln27 & icmp_ln43)> <Delay = 0.00>
ST_1 : Operation 42 [1/1] (3.52ns)   --->   "%add_ln47 = add i64 %zext_ln47, i64 %ram_buffer_read" [PSDMonitor.cpp:47]   --->   Operation 42 'add' 'add_ln47' <Predicate = (icmp_ln27 & icmp_ln43)> <Delay = 3.52> <CoreInst = "Adder">   --->   Core 1 'Adder' <Latency = 0> <II = 1> <Delay = 3.52> <FuncUnit> <Opcode : 'add' 'sub'> <InPorts = 2> <OutPorts = 1>
ST_1 : Operation 43 [1/1] (0.00ns)   --->   "%trunc_ln = partselect i63 @_ssdm_op_PartSelect.i63.i64.i32.i32, i64 %add_ln47, i32 1, i32 63" [PSDMonitor.cpp:47]   --->   Operation 43 'partselect' 'trunc_ln' <Predicate = (icmp_ln27 & icmp_ln43)> <Delay = 0.00>
ST_1 : Operation 44 [1/1] (0.00ns)   --->   "%sext_ln47 = sext i63 %trunc_ln" [PSDMonitor.cpp:47]   --->   Operation 44 'sext' 'sext_ln47' <Predicate = (icmp_ln27 & icmp_ln43)> <Delay = 0.00>
ST_1 : Operation 45 [1/1] (0.00ns)   --->   "%gmem_addr = getelementptr i16 %gmem, i64 %sext_ln47" [PSDMonitor.cpp:47]   --->   Operation 45 'getelementptr' 'gmem_addr' <Predicate = (icmp_ln27 & icmp_ln43)> <Delay = 0.00>
ST_1 : Operation 46 [1/1] (2.55ns)   --->   "%mem_idx_3 = add i32 %mem_idx_2, i32 1" [PSDMonitor.cpp:48]   --->   Operation 46 'add' 'mem_idx_3' <Predicate = (icmp_ln27 & icmp_ln43)> <Delay = 2.55> <CoreInst = "Adder">   --->   Core 1 'Adder' <Latency = 0> <II = 1> <Delay = 2.55> <FuncUnit> <Opcode : 'add' 'sub'> <InPorts = 2> <OutPorts = 1>
ST_1 : Operation 47 [1/1] (1.58ns)   --->   "%store_ln27 = store i32 %mem_idx_3, i32 %mem_idx" [PSDMonitor.cpp:27]   --->   Operation 47 'store' 'store_ln27' <Predicate = (icmp_ln27 & icmp_ln43)> <Delay = 1.58>
ST_1 : Operation 48 [1/1] (1.58ns)   --->   "%br_ln53 = br void %if.end13" [PSDMonitor.cpp:53]   --->   Operation 48 'br' 'br_ln53' <Predicate = (icmp_ln27 & icmp_ln43)> <Delay = 1.58>
ST_1 : Operation 49 [1/1] (0.00ns)   --->   "%storemerge = phi i11 0, void %if.then7, i11 %add_ln54, void %if.else11" [PSDMonitor.cpp:54]   --->   Operation 49 'phi' 'storemerge' <Predicate = (icmp_ln27)> <Delay = 0.00>
ST_1 : Operation 50 [1/1] (0.00ns)   --->   "%store_ln52 = store i11 %storemerge, i11 %counter" [PSDMonitor.cpp:52]   --->   Operation 50 'store' 'store_ln52' <Predicate = (icmp_ln27)> <Delay = 0.00>
ST_1 : Operation 51 [1/1] (0.00ns)   --->   "%br_ln27 = br void %for.cond" [PSDMonitor.cpp:27]   --->   Operation 51 'br' 'br_ln27' <Predicate = (icmp_ln27)> <Delay = 0.00>

State 2 <SV = 1> <Delay = 2.07>
ST_2 : Operation 52 [1/1] (0.00ns)   --->   "%val_adc1_1 = load i16 %fake_counter" [PSDMonitor.cpp:37]   --->   Operation 52 'load' 'val_adc1_1' <Predicate = (icmp_ln27 & !p_vld)> <Delay = 0.00>
ST_2 : Operation 53 [1/1] (2.07ns)   --->   "%add_ln38 = add i16 %val_adc1_1, i16 100" [PSDMonitor.cpp:38]   --->   Operation 53 'add' 'add_ln38' <Predicate = (icmp_ln27 & !p_vld)> <Delay = 2.07> <CoreInst = "Adder">   --->   Core 1 'Adder' <Latency = 0> <II = 1> <Delay = 2.07> <FuncUnit> <Opcode : 'add' 'sub'> <InPorts = 2> <OutPorts = 1>
ST_2 : Operation 54 [1/1] (0.00ns)   --->   "%store_ln38 = store i16 %add_ln38, i16 %fake_counter" [PSDMonitor.cpp:38]   --->   Operation 54 'store' 'store_ln38' <Predicate = (icmp_ln27 & !p_vld)> <Delay = 0.00>
ST_2 : Operation 55 [1/1] (1.58ns)   --->   "%br_ln0 = br void %if.end"   --->   Operation 55 'br' 'br_ln0' <Predicate = (icmp_ln27 & !p_vld)> <Delay = 1.58>
ST_2 : Operation 56 [1/1] (1.58ns)   --->   "%br_ln35 = br void %if.end" [PSDMonitor.cpp:35]   --->   Operation 56 'br' 'br_ln35' <Predicate = (icmp_ln27 & p_vld)> <Delay = 1.58>

State 3 <SV = 2> <Delay = 5.84>
ST_3 : Operation 57 [1/1] (0.00ns) (grouped into LUT with out node add_ln41)   --->   "%val_adc1_2 = phi i16 %val_adc1, void %if.then, i16 %val_adc1_1, void %if.else"   --->   Operation 57 'phi' 'val_adc1_2' <Predicate = (icmp_ln27)> <Delay = 0.00>
ST_3 : Operation 58 [1/1] (0.00ns)   --->   "%error_accum_loc_0_load = load i32 %error_accum_loc_0" [PSDMonitor.cpp:41]   --->   Operation 58 'load' 'error_accum_loc_0_load' <Predicate = (icmp_ln27)> <Delay = 0.00>
ST_3 : Operation 59 [1/1] (0.00ns) (grouped into LUT with out node add_ln41)   --->   "%sext_ln41 = sext i16 %val_adc1_2" [PSDMonitor.cpp:41]   --->   Operation 59 'sext' 'sext_ln41' <Predicate = (icmp_ln27)> <Delay = 0.00>
ST_3 : Operation 60 [1/1] (2.55ns) (out node of the LUT)   --->   "%add_ln41 = add i32 %error_accum_loc_0_load, i32 %sext_ln41" [PSDMonitor.cpp:41]   --->   Operation 60 'add' 'add_ln41' <Predicate = (icmp_ln27)> <Delay = 2.55> <CoreInst = "Adder">   --->   Core 1 'Adder' <Latency = 0> <II = 1> <Delay = 2.55> <FuncUnit> <Opcode : 'add' 'sub'> <InPorts = 2> <OutPorts = 1>
ST_3 : Operation 61 [1/1] (1.70ns)   --->   "%store_ln41 = store i32 %add_ln41, i32 %error_accum_loc_0" [PSDMonitor.cpp:41]   --->   Operation 61 'store' 'store_ln41' <Predicate = (icmp_ln27 & !icmp_ln43)> <Delay = 1.70>
ST_3 : Operation 62 [1/1] (0.00ns)   --->   "%avg_error = partselect i16 @_ssdm_op_PartSelect.i16.i32.i32.i32, i32 %add_ln41, i32 10, i32 25" [PSDMonitor.cpp:44]   --->   Operation 62 'partselect' 'avg_error' <Predicate = (icmp_ln27 & icmp_ln43)> <Delay = 0.00>
ST_3 : Operation 63 [1/1] (5.84ns)   --->   "%gmem_addr_req = writereq i1 @_ssdm_op_WriteReq.m_axi.i16P1A, i64 %gmem_addr, i64 1" [PSDMonitor.cpp:47]   --->   Operation 63 'writereq' 'gmem_addr_req' <Predicate = (icmp_ln27 & icmp_ln43)> <Delay = 5.84> <CoreInst = "m_axi">   --->   Core 111 'm_axi' <Latency = 0> <II = 1> <Delay = 1.00> <Adapter> <Opcode : 'read' 'write' 'readreq' 'writereq' 'writeresp'>
ST_3 : Operation 64 [1/1] (1.70ns)   --->   "%store_ln0 = store i32 0, i32 %error_accum_loc_0"   --->   Operation 64 'store' 'store_ln0' <Predicate = (icmp_ln27 & icmp_ln43)> <Delay = 1.70>

State 4 <SV = 3> <Delay = 5.84>
ST_4 : Operation 65 [1/1] (5.84ns)   --->   "%write_ln47 = write void @_ssdm_op_Write.m_axi.i16P1A, i64 %gmem_addr, i16 %avg_error, i2 3" [PSDMonitor.cpp:47]   --->   Operation 65 'write' 'write_ln47' <Predicate = (icmp_ln27 & icmp_ln43)> <Delay = 5.84> <CoreInst = "m_axi">   --->   Core 111 'm_axi' <Latency = 0> <II = 1> <Delay = 1.00> <Adapter> <Opcode : 'read' 'write' 'readreq' 'writereq' 'writeresp'>

State 5 <SV = 4> <Delay = 5.84>
ST_5 : Operation 66 [5/5] (5.84ns)   --->   "%gmem_addr_resp = writeresp i1 @_ssdm_op_WriteResp.m_axi.i16P1A, i64 %gmem_addr" [PSDMonitor.cpp:47]   --->   Operation 66 'writeresp' 'gmem_addr_resp' <Predicate = (icmp_ln27 & icmp_ln43)> <Delay = 5.84> <CoreInst = "m_axi">   --->   Core 111 'm_axi' <Latency = 0> <II = 1> <Delay = 1.00> <Adapter> <Opcode : 'read' 'write' 'readreq' 'writereq' 'writeresp'>

State 6 <SV = 5> <Delay = 5.84>
ST_6 : Operation 67 [4/5] (5.84ns)   --->   "%gmem_addr_resp = writeresp i1 @_ssdm_op_WriteResp.m_axi.i16P1A, i64 %gmem_addr" [PSDMonitor.cpp:47]   --->   Operation 67 'writeresp' 'gmem_addr_resp' <Predicate = (icmp_ln27 & icmp_ln43)> <Delay = 5.84> <CoreInst = "m_axi">   --->   Core 111 'm_axi' <Latency = 0> <II = 1> <Delay = 1.00> <Adapter> <Opcode : 'read' 'write' 'readreq' 'writereq' 'writeresp'>

State 7 <SV = 6> <Delay = 5.84>
ST_7 : Operation 68 [3/5] (5.84ns)   --->   "%gmem_addr_resp = writeresp i1 @_ssdm_op_WriteResp.m_axi.i16P1A, i64 %gmem_addr" [PSDMonitor.cpp:47]   --->   Operation 68 'writeresp' 'gmem_addr_resp' <Predicate = (icmp_ln27 & icmp_ln43)> <Delay = 5.84> <CoreInst = "m_axi">   --->   Core 111 'm_axi' <Latency = 0> <II = 1> <Delay = 1.00> <Adapter> <Opcode : 'read' 'write' 'readreq' 'writereq' 'writeresp'>

State 8 <SV = 7> <Delay = 5.84>
ST_8 : Operation 69 [2/5] (5.84ns)   --->   "%gmem_addr_resp = writeresp i1 @_ssdm_op_WriteResp.m_axi.i16P1A, i64 %gmem_addr" [PSDMonitor.cpp:47]   --->   Operation 69 'writeresp' 'gmem_addr_resp' <Predicate = (icmp_ln27 & icmp_ln43)> <Delay = 5.84> <CoreInst = "m_axi">   --->   Core 111 'm_axi' <Latency = 0> <II = 1> <Delay = 1.00> <Adapter> <Opcode : 'read' 'write' 'readreq' 'writereq' 'writeresp'>
ST_8 : Operation 71 [1/1] (0.00ns)   --->   "%error_accum_loc_0_load_1 = load i32 %error_accum_loc_0"   --->   Operation 71 'load' 'error_accum_loc_0_load_1' <Predicate = (!icmp_ln27)> <Delay = 0.00>
ST_8 : Operation 72 [1/1] (0.00ns)   --->   "%write_ln0 = write void @_ssdm_op_Write.ap_auto.i1P0A, i1 %error_accum_flag_0_out, i1 %error_accum_flag_0"   --->   Operation 72 'write' 'write_ln0' <Predicate = (!icmp_ln27)> <Delay = 0.00>
ST_8 : Operation 73 [1/1] (0.00ns)   --->   "%write_ln0 = write void @_ssdm_op_Write.ap_auto.i32P0A, i32 %error_accum_loc_0_out, i32 %error_accum_loc_0_load_1"   --->   Operation 73 'write' 'write_ln0' <Predicate = (!icmp_ln27)> <Delay = 0.00>
ST_8 : Operation 74 [1/1] (1.58ns)   --->   "%ret_ln0 = ret"   --->   Operation 74 'ret' 'ret_ln0' <Predicate = (!icmp_ln27)> <Delay = 1.58>

State 9 <SV = 8> <Delay = 5.84>
ST_9 : Operation 70 [1/5] (5.84ns)   --->   "%gmem_addr_resp = writeresp i1 @_ssdm_op_WriteResp.m_axi.i16P1A, i64 %gmem_addr" [PSDMonitor.cpp:47]   --->   Operation 70 'writeresp' 'gmem_addr_resp' <Predicate = (icmp_ln27 & icmp_ln43)> <Delay = 5.84> <CoreInst = "m_axi">   --->   Core 111 'm_axi' <Latency = 0> <II = 1> <Delay = 1.00> <Adapter> <Opcode : 'read' 'write' 'readreq' 'writereq' 'writeresp'>


============================================================
+ Verbose Summary: Binding
============================================================
STG Binding: 
---------------- STG Properties BEGIN ----------------
- Is combinational: 0
- Is one-state seq: 0
- Is datapath-only: 0
- Is pipelined: 0
- Is top level: 0
Port [ Return ] is wired: 1; IO mode=ap_ctrl_hs:ce=0
Port [ error_accum_load]:  wired=1; compound=0; hidden=0; nouse=0; global=0; static=0; extern=0; dir=0; type=0; pingpong=0; private_global=0; IO mode=ap_none:ce=0
Port [ gmem]:  wired=1; compound=1; hidden=0; nouse=0; global=0; static=0; extern=0; dir=1; type=4; pingpong=0; private_global=0; IO mode=m_axi:ce=0
Port [ max_samples]:  wired=1; compound=0; hidden=0; nouse=0; global=0; static=0; extern=0; dir=0; type=0; pingpong=0; private_global=0; IO mode=ap_none:ce=0
Port [ ram_buffer]:  wired=1; compound=0; hidden=0; nouse=0; global=0; static=0; extern=0; dir=0; type=0; pingpong=0; private_global=0; IO mode=ap_none:ce=0
Port [ adc_in_V_data_V]:  wired=1; compound=1; hidden=0; nouse=0; global=0; static=0; extern=0; dir=0; type=0; pingpong=0; private_global=0; IO mode=axis:ce=0
Port [ adc_in_V_keep_V]:  wired=1; compound=1; hidden=0; nouse=0; global=0; static=0; extern=0; dir=0; type=0; pingpong=0; private_global=0; IO mode=axis:ce=0
Port [ adc_in_V_strb_V]:  wired=1; compound=1; hidden=0; nouse=0; global=0; static=0; extern=0; dir=0; type=0; pingpong=0; private_global=0; IO mode=axis:ce=0
Port [ adc_in_V_last_V]:  wired=1; compound=1; hidden=0; nouse=0; global=0; static=0; extern=0; dir=0; type=0; pingpong=0; private_global=0; IO mode=axis:ce=0
Port [ error_accum_flag_0_out]:  wired=1; compound=0; hidden=0; nouse=0; global=0; static=0; extern=0; dir=1; type=0; pingpong=0; private_global=0; IO mode=ap_vld:ce=0
Port [ error_accum_loc_0_out]:  wired=1; compound=0; hidden=0; nouse=0; global=0; static=0; extern=0; dir=1; type=0; pingpong=0; private_global=0; IO mode=ap_vld:ce=0
Port [ counter]:  wired=0; compound=0; hidden=1; nouse=0; global=1; static=1; extern=0; dir=2; type=0; pingpong=0; private_global=1; IO mode=ap_ovld:ce=0
Port [ fake_counter]:  wired=0; compound=0; hidden=1; nouse=0; global=1; static=1; extern=0; dir=2; type=0; pingpong=0; private_global=1; IO mode=ap_ovld:ce=0
---------------- STG Properties END ------------------

---------------- Datapath Model BEGIN ----------------

<LifeTime>
<method=bitvector/>
error_accum_loc_0        (alloca             ) [ 0111111110]
mem_idx                  (alloca             ) [ 0100000000]
specaxissidechannel_ln0  (specaxissidechannel) [ 0000000000]
specinterface_ln0        (specinterface      ) [ 0000000000]
specinterface_ln0        (specinterface      ) [ 0000000000]
ram_buffer_read          (read               ) [ 0000000000]
max_samples_read         (read               ) [ 0000000000]
error_accum_load_read    (read               ) [ 0000000000]
store_ln27               (store              ) [ 0000000000]
store_ln0                (store              ) [ 0000000000]
br_ln27                  (br                 ) [ 0000000000]
error_accum_flag_0       (phi                ) [ 0111111110]
mem_idx_2                (load               ) [ 0000000000]
specbitsmap_ln0          (specbitsmap        ) [ 0000000000]
icmp_ln27                (icmp               ) [ 0111111111]
br_ln27                  (br                 ) [ 0000000000]
specpipeline_ln28        (specpipeline       ) [ 0000000000]
specloopname_ln27        (specloopname       ) [ 0000000000]
empty                    (nbread             ) [ 0000000000]
p_vld                    (extractvalue       ) [ 0111111111]
val_adc_data             (extractvalue       ) [ 0000000000]
br_ln33                  (br                 ) [ 0000000000]
val_adc1                 (trunc              ) [ 0111000000]
counter_load             (load               ) [ 0000000000]
icmp_ln43                (icmp               ) [ 0111111111]
br_ln43                  (br                 ) [ 0000000000]
add_ln54                 (add                ) [ 0000000000]
br_ln0                   (br                 ) [ 0000000000]
shl_ln                   (bitconcatenate     ) [ 0000000000]
zext_ln47                (zext               ) [ 0000000000]
add_ln47                 (add                ) [ 0000000000]
trunc_ln                 (partselect         ) [ 0000000000]
sext_ln47                (sext               ) [ 0000000000]
gmem_addr                (getelementptr      ) [ 0111111111]
mem_idx_3                (add                ) [ 0000000000]
store_ln27               (store              ) [ 0000000000]
br_ln53                  (br                 ) [ 0000000000]
storemerge               (phi                ) [ 0000000000]
store_ln52               (store              ) [ 0000000000]
br_ln27                  (br                 ) [ 0100000000]
val_adc1_1               (load               ) [ 0111000000]
add_ln38                 (add                ) [ 0000000000]
store_ln38               (store              ) [ 0000000000]
br_ln0                   (br                 ) [ 0111000000]
br_ln35                  (br                 ) [ 0111000000]
val_adc1_2               (phi                ) [ 0101000000]
error_accum_loc_0_load   (load               ) [ 0000000000]
sext_ln41                (sext               ) [ 0000000000]
add_ln41                 (add                ) [ 0000000000]
store_ln41               (store              ) [ 0000000000]
avg_error                (partselect         ) [ 0100100000]
gmem_addr_req            (writereq           ) [ 0000000000]
store_ln0                (store              ) [ 0000000000]
write_ln47               (write              ) [ 0000000000]
gmem_addr_resp           (writeresp          ) [ 0000000000]
error_accum_loc_0_load_1 (load               ) [ 0000000000]
write_ln0                (write              ) [ 0000000000]
write_ln0                (write              ) [ 0000000000]
ret_ln0                  (ret                ) [ 0000000000]
</LifeTime>

<model>

<comp_list>
<comp id="0" class="1000" name="error_accum_load">
<pin_list>
<pin id="1" dir="1" index="0" bw="1" slack="0"/>
</pin_list>
<bind>
<StgValue><ssdm name="error_accum_load"/></StgValue>
</bind>
</comp>

<comp id="2" class="1000" name="gmem">
<pin_list>
<pin id="3" dir="1" index="0" bw="1" slack="0"/>
</pin_list>
<bind>
<StgValue><ssdm name="gmem"/></StgValue>
</bind>
</comp>

<comp id="4" class="1000" name="max_samples">
<pin_list>
<pin id="5" dir="1" index="0" bw="1" slack="0"/>
</pin_list>
<bind>
<StgValue><ssdm name="max_samples"/></StgValue>
</bind>
</comp>

<comp id="6" class="1000" name="ram_buffer">
<pin_list>
<pin id="7" dir="1" index="0" bw="1" slack="0"/>
</pin_list>
<bind>
<StgValue><ssdm name="ram_buffer"/></StgValue>
</bind>
</comp>

<comp id="8" class="1000" name="adc_in_V_data_V">
<pin_list>
<pin id="9" dir="1" index="0" bw="1" slack="0"/>
</pin_list>
<bind>
<StgValue><ssdm name="adc_in_V_data_V"/></StgValue>
</bind>
</comp>

<comp id="10" class="1000" name="adc_in_V_keep_V">
<pin_list>
<pin id="11" dir="1" index="0" bw="1" slack="0"/>
</pin_list>
<bind>
<StgValue><ssdm name="adc_in_V_keep_V"/></StgValue>
</bind>
</comp>

<comp id="12" class="1000" name="adc_in_V_strb_V">
<pin_list>
<pin id="13" dir="1" index="0" bw="1" slack="0"/>
</pin_list>
<bind>
<StgValue><ssdm name="adc_in_V_strb_V"/></StgValue>
</bind>
</comp>

<comp id="14" class="1000" name="adc_in_V_last_V">
<pin_list>
<pin id="15" dir="1" index="0" bw="1" slack="0"/>
</pin_list>
<bind>
<StgValue><ssdm name="adc_in_V_last_V"/></StgValue>
</bind>
</comp>

<comp id="16" class="1000" name="error_accum_flag_0_out">
<pin_list>
<pin id="17" dir="1" index="0" bw="1" slack="0"/>
</pin_list>
<bind>
<StgValue><ssdm name="error_accum_flag_0_out"/></StgValue>
</bind>
</comp>

<comp id="18" class="1000" name="error_accum_loc_0_out">
<pin_list>
<pin id="19" dir="1" index="0" bw="1" slack="0"/>
</pin_list>
<bind>
<StgValue><ssdm name="error_accum_loc_0_out"/></StgValue>
</bind>
</comp>

<comp id="20" class="1000" name="counter">
<pin_list>
<pin id="21" dir="1" index="0" bw="1" slack="0"/>
</pin_list>
<bind>
<StgValue><ssdm name="counter"/></StgValue>
</bind>
</comp>

<comp id="22" class="1000" name="fake_counter">
<pin_list>
<pin id="23" dir="1" index="0" bw="1" slack="0"/>
</pin_list>
<bind>
<StgValue><ssdm name="fake_counter"/></StgValue>
</bind>
</comp>

<comp id="24" class="1001" name="const_24">
<pin_list>
<pin id="25" dir="1" index="0" bw="1" slack="0"/>
</pin_list>
<bind>
<StgValue><ssdm name=""/></StgValue>
</bind>
</comp>

<comp id="26" class="1001" name="const_26">
<pin_list>
<pin id="27" dir="1" index="0" bw="1" slack="2147483647"/>
</pin_list>
<bind>
<StgValue><ssdm name="_ssdm_op_SpecAXISSideChannel"/></StgValue>
</bind>
</comp>

<comp id="28" class="1001" name="const_28">
<pin_list>
<pin id="29" dir="1" index="0" bw="1" slack="2147483647"/>
</pin_list>
<bind>
<StgValue><ssdm name=""/></StgValue>
</bind>
</comp>

<comp id="30" class="1001" name="const_30">
<pin_list>
<pin id="31" dir="1" index="0" bw="1" slack="2147483647"/>
</pin_list>
<bind>
<StgValue><ssdm name="empty_4"/></StgValue>
</bind>
</comp>

<comp id="32" class="1001" name="const_32">
<pin_list>
<pin id="33" dir="1" index="0" bw="1" slack="2147483647"/>
</pin_list>
<bind>
<StgValue><ssdm name="_ssdm_op_SpecInterface"/></StgValue>
</bind>
</comp>

<comp id="34" class="1001" name="const_34">
<pin_list>
<pin id="35" dir="1" index="0" bw="1" slack="2147483647"/>
</pin_list>
<bind>
<StgValue><ssdm name="empty_7"/></StgValue>
</bind>
</comp>

<comp id="36" class="1001" name="const_36">
<pin_list>
<pin id="37" dir="1" index="0" bw="1" slack="0"/>
</pin_list>
<bind>
<StgValue><ssdm name=""/></StgValue>
</bind>
</comp>

<comp id="38" class="1001" name="const_38">
<pin_list>
<pin id="39" dir="1" index="0" bw="1" slack="2147483647"/>
</pin_list>
<bind>
<StgValue><ssdm name="empty_6"/></StgValue>
</bind>
</comp>

<comp id="40" class="1001" name="const_40">
<pin_list>
<pin id="41" dir="1" index="0" bw="1" slack="2147483647"/>
</pin_list>
<bind>
<StgValue><ssdm name="empty_1"/></StgValue>
</bind>
</comp>

<comp id="42" class="1001" name="const_42">
<pin_list>
<pin id="43" dir="1" index="0" bw="1" slack="2147483647"/>
</pin_list>
<bind>
<StgValue><ssdm name=""/></StgValue>
</bind>
</comp>

<comp id="44" class="1001" name="const_44">
<pin_list>
<pin id="45" dir="1" index="0" bw="1" slack="2147483647"/>
</pin_list>
<bind>
<StgValue><ssdm name="empty_0"/></StgValue>
</bind>
</comp>

<comp id="46" class="1001" name="const_46">
<pin_list>
<pin id="47" dir="1" index="0" bw="1" slack="2147483647"/>
</pin_list>
<bind>
<StgValue><ssdm name=""/></StgValue>
</bind>
</comp>

<comp id="48" class="1001" name="const_48">
<pin_list>
<pin id="49" dir="1" index="0" bw="1" slack="2147483647"/>
</pin_list>
<bind>
<StgValue><ssdm name="empty_2"/></StgValue>
</bind>
</comp>

<comp id="50" class="1001" name="const_50">
<pin_list>
<pin id="51" dir="1" index="0" bw="1" slack="2147483647"/>
</pin_list>
<bind>
<StgValue><ssdm name="empty_3"/></StgValue>
</bind>
</comp>

<comp id="52" class="1001" name="const_52">
<pin_list>
<pin id="53" dir="1" index="0" bw="1" slack="2147483647"/>
</pin_list>
<bind>
<StgValue><ssdm name=""/></StgValue>
</bind>
</comp>

<comp id="54" class="1001" name="const_54">
<pin_list>
<pin id="55" dir="1" index="0" bw="1" slack="0"/>
</pin_list>
<bind>
<StgValue><ssdm name="_ssdm_op_Read.ap_auto.i64"/></StgValue>
</bind>
</comp>

<comp id="56" class="1001" name="const_56">
<pin_list>
<pin id="57" dir="1" index="0" bw="1" slack="0"/>
</pin_list>
<bind>
<StgValue><ssdm name="_ssdm_op_Read.ap_auto.i32"/></StgValue>
</bind>
</comp>

<comp id="58" class="1001" name="const_58">
<pin_list>
<pin id="59" dir="1" index="0" bw="1" slack="0"/>
</pin_list>
<bind>
<StgValue><ssdm name=""/></StgValue>
</bind>
</comp>

<comp id="60" class="1001" name="const_60">
<pin_list>
<pin id="61" dir="1" index="0" bw="1" slack="0"/>
</pin_list>
<bind>
<StgValue><ssdm name=""/></StgValue>
</bind>
</comp>

<comp id="62" class="1001" name="const_62">
<pin_list>
<pin id="63" dir="1" index="0" bw="1" slack="2147483647"/>
</pin_list>
<bind>
<StgValue><ssdm name="_ssdm_op_SpecBitsMap"/></StgValue>
</bind>
</comp>

<comp id="64" class="1001" name="const_64">
<pin_list>
<pin id="65" dir="1" index="0" bw="1" slack="2147483647"/>
</pin_list>
<bind>
<StgValue><ssdm name="_ssdm_op_SpecPipeline"/></StgValue>
</bind>
</comp>

<comp id="66" class="1001" name="const_66">
<pin_list>
<pin id="67" dir="1" index="0" bw="1" slack="2147483647"/>
</pin_list>
<bind>
<StgValue><ssdm name="_ssdm_op_SpecLoopName"/></StgValue>
</bind>
</comp>

<comp id="68" class="1001" name="const_68">
<pin_list>
<pin id="69" dir="1" index="0" bw="1" slack="2147483647"/>
</pin_list>
<bind>
<StgValue><ssdm name="empty_9"/></StgValue>
</bind>
</comp>

<comp id="70" class="1001" name="const_70">
<pin_list>
<pin id="71" dir="1" index="0" bw="1" slack="0"/>
</pin_list>
<bind>
<StgValue><ssdm name="_ssdm_op_NbRead.axis.volatile.i32P0A.i4P0A.i4P0A.i1P0A"/></StgValue>
</bind>
</comp>

<comp id="72" class="1001" name="const_72">
<pin_list>
<pin id="73" dir="1" index="0" bw="1" slack="0"/>
</pin_list>
<bind>
<StgValue><ssdm name=""/></StgValue>
</bind>
</comp>

<comp id="74" class="1001" name="const_74">
<pin_list>
<pin id="75" dir="1" index="0" bw="1" slack="0"/>
</pin_list>
<bind>
<StgValue><ssdm name=""/></StgValue>
</bind>
</comp>

<comp id="76" class="1001" name="const_76">
<pin_list>
<pin id="77" dir="1" index="0" bw="1" slack="0"/>
</pin_list>
<bind>
<StgValue><ssdm name="_ssdm_op_BitConcatenate.i33.i32.i1"/></StgValue>
</bind>
</comp>

<comp id="78" class="1001" name="const_78">
<pin_list>
<pin id="79" dir="1" index="0" bw="1" slack="0"/>
</pin_list>
<bind>
<StgValue><ssdm name="_ssdm_op_PartSelect.i63.i64.i32.i32"/></StgValue>
</bind>
</comp>

<comp id="80" class="1001" name="const_80">
<pin_list>
<pin id="81" dir="1" index="0" bw="1" slack="0"/>
</pin_list>
<bind>
<StgValue><ssdm name=""/></StgValue>
</bind>
</comp>

<comp id="82" class="1001" name="const_82">
<pin_list>
<pin id="83" dir="1" index="0" bw="1" slack="0"/>
</pin_list>
<bind>
<StgValue><ssdm name=""/></StgValue>
</bind>
</comp>

<comp id="84" class="1001" name="const_84">
<pin_list>
<pin id="85" dir="1" index="0" bw="1" slack="0"/>
</pin_list>
<bind>
<StgValue><ssdm name=""/></StgValue>
</bind>
</comp>

<comp id="86" class="1001" name="const_86">
<pin_list>
<pin id="87" dir="1" index="0" bw="1" slack="0"/>
</pin_list>
<bind>
<StgValue><ssdm name="_ssdm_op_PartSelect.i16.i32.i32.i32"/></StgValue>
</bind>
</comp>

<comp id="88" class="1001" name="const_88">
<pin_list>
<pin id="89" dir="1" index="0" bw="1" slack="0"/>
</pin_list>
<bind>
<StgValue><ssdm name=""/></StgValue>
</bind>
</comp>

<comp id="90" class="1001" name="const_90">
<pin_list>
<pin id="91" dir="1" index="0" bw="1" slack="0"/>
</pin_list>
<bind>
<StgValue><ssdm name=""/></StgValue>
</bind>
</comp>

<comp id="92" class="1001" name="const_92">
<pin_list>
<pin id="93" dir="1" index="0" bw="1" slack="0"/>
</pin_list>
<bind>
<StgValue><ssdm name="_ssdm_op_WriteReq.m_axi.i16P1A"/></StgValue>
</bind>
</comp>

<comp id="94" class="1001" name="const_94">
<pin_list>
<pin id="95" dir="1" index="0" bw="1" slack="0"/>
</pin_list>
<bind>
<StgValue><ssdm name=""/></StgValue>
</bind>
</comp>

<comp id="96" class="1001" name="const_96">
<pin_list>
<pin id="97" dir="1" index="0" bw="1" slack="0"/>
</pin_list>
<bind>
<StgValue><ssdm name="_ssdm_op_Write.m_axi.i16P1A"/></StgValue>
</bind>
</comp>

<comp id="98" class="1001" name="const_98">
<pin_list>
<pin id="99" dir="1" index="0" bw="1" slack="0"/>
</pin_list>
<bind>
<StgValue><ssdm name=""/></StgValue>
</bind>
</comp>

<comp id="100" class="1001" name="const_100">
<pin_list>
<pin id="101" dir="1" index="0" bw="1" slack="0"/>
</pin_list>
<bind>
<StgValue><ssdm name="_ssdm_op_WriteResp.m_axi.i16P1A"/></StgValue>
</bind>
</comp>

<comp id="102" class="1001" name="const_102">
<pin_list>
<pin id="103" dir="1" index="0" bw="1" slack="0"/>
</pin_list>
<bind>
<StgValue><ssdm name="_ssdm_op_Write.ap_auto.i1P0A"/></StgValue>
</bind>
</comp>

<comp id="104" class="1001" name="const_104">
<pin_list>
<pin id="105" dir="1" index="0" bw="1" slack="0"/>
</pin_list>
<bind>
<StgValue><ssdm name="_ssdm_op_Write.ap_auto.i32P0A"/></StgValue>
</bind>
</comp>

<comp id="106" class="1004" name="error_accum_loc_0_fu_106">
<pin_list>
<pin id="107" dir="0" index="0" bw="1" slack="0"/>
<pin id="108" dir="1" index="1" bw="32" slack="0"/>
</pin_list>
<bind>
<opcode="alloca(26) " fcode="alloca"/>
<opset="error_accum_loc_0/1 "/>
</bind>
</comp>

<comp id="110" class="1004" name="mem_idx_fu_110">
<pin_list>
<pin id="111" dir="0" index="0" bw="1" slack="0"/>
<pin id="112" dir="1" index="1" bw="32" slack="0"/>
</pin_list>
<bind>
<opcode="alloca(26) " fcode="alloca"/>
<opset="mem_idx/1 "/>
</bind>
</comp>

<comp id="114" class="1004" name="ram_buffer_read_read_fu_114">
<pin_list>
<pin id="115" dir="0" index="0" bw="64" slack="0"/>
<pin id="116" dir="0" index="1" bw="64" slack="0"/>
<pin id="117" dir="1" index="2" bw="64" slack="0"/>
</pin_list>
<bind>
<opcode="read(1150) " fcode="read"/>
<opset="ram_buffer_read/1 "/>
</bind>
</comp>

<comp id="120" class="1004" name="max_samples_read_read_fu_120">
<pin_list>
<pin id="121" dir="0" index="0" bw="32" slack="0"/>
<pin id="122" dir="0" index="1" bw="32" slack="0"/>
<pin id="123" dir="1" index="2" bw="32" slack="0"/>
</pin_list>
<bind>
<opcode="read(1150) " fcode="read"/>
<opset="max_samples_read/1 "/>
</bind>
</comp>

<comp id="126" class="1004" name="error_accum_load_read_read_fu_126">
<pin_list>
<pin id="127" dir="0" index="0" bw="32" slack="0"/>
<pin id="128" dir="0" index="1" bw="32" slack="0"/>
<pin id="129" dir="1" index="2" bw="32" slack="0"/>
</pin_list>
<bind>
<opcode="read(1150) " fcode="read"/>
<opset="error_accum_load_read/1 "/>
</bind>
</comp>

<comp id="132" class="1004" name="empty_nbread_fu_132">
<pin_list>
<pin id="133" dir="0" index="0" bw="42" slack="0"/>
<pin id="134" dir="0" index="1" bw="32" slack="0"/>
<pin id="135" dir="0" index="2" bw="4" slack="0"/>
<pin id="136" dir="0" index="3" bw="4" slack="0"/>
<pin id="137" dir="0" index="4" bw="1" slack="0"/>
<pin id="138" dir="1" index="5" bw="42" slack="0"/>
</pin_list>
<bind>
<opcode="nbread(1152) " fcode="nbread"/>
<opset="empty/1 "/>
</bind>
</comp>

<comp id="144" class="1004" name="grp_writeresp_fu_144">
<pin_list>
<pin id="145" dir="0" index="0" bw="1" slack="0"/>
<pin id="146" dir="0" index="1" bw="16" slack="2"/>
<pin id="147" dir="0" index="2" bw="1" slack="0"/>
<pin id="148" dir="1" index="3" bw="1" slack="2147483647"/>
</pin_list>
<bind>
<opcode="writereq(1155) writeresp(1158) " fcode="writeresp"/>
<opset="gmem_addr_req/3 gmem_addr_resp/5 "/>
</bind>
</comp>

<comp id="151" class="1004" name="write_ln47_write_fu_151">
<pin_list>
<pin id="152" dir="0" index="0" bw="0" slack="0"/>
<pin id="153" dir="0" index="1" bw="16" slack="3"/>
<pin id="154" dir="0" index="2" bw="16" slack="1"/>
<pin id="155" dir="0" index="3" bw="1" slack="0"/>
<pin id="156" dir="1" index="4" bw="0" slack="2147483647"/>
</pin_list>
<bind>
<opcode="write(1151) " fcode="write"/>
<opset="write_ln47/4 "/>
</bind>
</comp>

<comp id="160" class="1004" name="write_ln0_write_fu_160">
<pin_list>
<pin id="161" dir="0" index="0" bw="0" slack="0"/>
<pin id="162" dir="0" index="1" bw="1" slack="0"/>
<pin id="163" dir="0" index="2" bw="1" slack="7"/>
<pin id="164" dir="1" index="3" bw="0" slack="2147483647"/>
</pin_list>
<bind>
<opcode="write(1151) " fcode="write"/>
<opset="write_ln0/8 "/>
</bind>
</comp>

<comp id="167" class="1004" name="write_ln0_write_fu_167">
<pin_list>
<pin id="168" dir="0" index="0" bw="0" slack="0"/>
<pin id="169" dir="0" index="1" bw="32" slack="0"/>
<pin id="170" dir="0" index="2" bw="32" slack="0"/>
<pin id="171" dir="1" index="3" bw="0" slack="2147483647"/>
</pin_list>
<bind>
<opcode="write(1151) " fcode="write"/>
<opset="write_ln0/8 "/>
</bind>
</comp>

<comp id="174" class="1005" name="error_accum_flag_0_reg_174">
<pin_list>
<pin id="175" dir="0" index="0" bw="1" slack="7"/>
<pin id="176" dir="1" index="1" bw="1" slack="7"/>
</pin_list>
<bind>
<opset="error_accum_flag_0 (phireg) "/>
</bind>
</comp>

<comp id="178" class="1004" name="error_accum_flag_0_phi_fu_178">
<pin_list>
<pin id="179" dir="0" index="0" bw="1" slack="0"/>
<pin id="180" dir="0" index="1" bw="0" slack="2147483647"/>
<pin id="181" dir="0" index="2" bw="1" slack="0"/>
<pin id="182" dir="0" index="3" bw="0" slack="2147483647"/>
<pin id="183" dir="1" index="4" bw="1" slack="7"/>
</pin_list>
<bind>
<opcode="phi(47) " fcode="phi"/>
<opset="error_accum_flag_0/1 "/>
</bind>
</comp>

<comp id="187" class="1005" name="storemerge_reg_187">
<pin_list>
<pin id="188" dir="0" index="0" bw="11" slack="2147483647"/>
<pin id="189" dir="1" index="1" bw="11" slack="2147483647"/>
</pin_list>
<bind>
<opset="storemerge (phireg) "/>
</bind>
</comp>

<comp id="190" class="1004" name="storemerge_phi_fu_190">
<pin_list>
<pin id="191" dir="0" index="0" bw="1" slack="0"/>
<pin id="192" dir="0" index="1" bw="0" slack="2147483647"/>
<pin id="193" dir="0" index="2" bw="11" slack="0"/>
<pin id="194" dir="0" index="3" bw="0" slack="2147483647"/>
<pin id="195" dir="1" index="4" bw="11" slack="0"/>
</pin_list>
<bind>
<opcode="phi(47) " fcode="phi"/>
<opset="storemerge/1 "/>
</bind>
</comp>

<comp id="197" class="1005" name="val_adc1_2_reg_197">
<pin_list>
<pin id="198" dir="0" index="0" bw="16" slack="2147483647"/>
<pin id="199" dir="1" index="1" bw="16" slack="2147483647"/>
</pin_list>
<bind>
<opset="val_adc1_2 (phireg) "/>
</bind>
</comp>

<comp id="200" class="1004" name="val_adc1_2_phi_fu_200">
<pin_list>
<pin id="201" dir="0" index="0" bw="16" slack="2"/>
<pin id="202" dir="0" index="1" bw="0" slack="2147483647"/>
<pin id="203" dir="0" index="2" bw="16" slack="1"/>
<pin id="204" dir="0" index="3" bw="0" slack="2147483647"/>
<pin id="205" dir="1" index="4" bw="16" slack="0"/>
</pin_list>
<bind>
<opcode="phi(47) " fcode="phi"/>
<opset="val_adc1_2/3 "/>
</bind>
</comp>

<comp id="206" class="1004" name="store_ln27_store_fu_206">
<pin_list>
<pin id="207" dir="0" index="0" bw="1" slack="0"/>
<pin id="208" dir="0" index="1" bw="32" slack="0"/>
<pin id="209" dir="1" index="2" bw="0" slack="2147483647"/>
</pin_list>
<bind>
<opcode="store(28) " fcode="store"/>
<opset="store_ln27/1 "/>
</bind>
</comp>

<comp id="211" class="1004" name="store_ln0_store_fu_211">
<pin_list>
<pin id="212" dir="0" index="0" bw="32" slack="0"/>
<pin id="213" dir="0" index="1" bw="32" slack="0"/>
<pin id="214" dir="1" index="2" bw="0" slack="2147483647"/>
</pin_list>
<bind>
<opcode="store(28) " fcode="store"/>
<opset="store_ln0/1 "/>
</bind>
</comp>

<comp id="216" class="1004" name="mem_idx_2_load_fu_216">
<pin_list>
<pin id="217" dir="0" index="0" bw="32" slack="0"/>
<pin id="218" dir="1" index="1" bw="32" slack="0"/>
</pin_list>
<bind>
<opcode="load(27) " fcode="load"/>
<opset="mem_idx_2/1 "/>
</bind>
</comp>

<comp id="219" class="1004" name="icmp_ln27_fu_219">
<pin_list>
<pin id="220" dir="0" index="0" bw="32" slack="0"/>
<pin id="221" dir="0" index="1" bw="32" slack="0"/>
<pin id="222" dir="1" index="2" bw="1" slack="1"/>
</pin_list>
<bind>
<opcode="icmp(45) " fcode="icmp"/>
<opset="icmp_ln27/1 "/>
</bind>
</comp>

<comp id="225" class="1004" name="p_vld_fu_225">
<pin_list>
<pin id="226" dir="0" index="0" bw="42" slack="0"/>
<pin id="227" dir="1" index="1" bw="1" slack="1"/>
</pin_list>
<bind>
<opcode="extractvalue(56) " fcode="extractvalue"/>
<opset="p_vld/1 "/>
</bind>
</comp>

<comp id="229" class="1004" name="val_adc_data_fu_229">
<pin_list>
<pin id="230" dir="0" index="0" bw="42" slack="0"/>
<pin id="231" dir="1" index="1" bw="32" slack="0"/>
</pin_list>
<bind>
<opcode="extractvalue(56) " fcode="extractvalue"/>
<opset="val_adc_data/1 "/>
</bind>
</comp>

<comp id="233" class="1004" name="val_adc1_fu_233">
<pin_list>
<pin id="234" dir="0" index="0" bw="32" slack="0"/>
<pin id="235" dir="1" index="1" bw="16" slack="2"/>
</pin_list>
<bind>
<opcode="trunc(33) " fcode="trunc"/>
<opset="val_adc1/1 "/>
</bind>
</comp>

<comp id="237" class="1004" name="counter_load_load_fu_237">
<pin_list>
<pin id="238" dir="0" index="0" bw="11" slack="0"/>
<pin id="239" dir="1" index="1" bw="11" slack="0"/>
</pin_list>
<bind>
<opcode="load(27) " fcode="load"/>
<opset="counter_load/1 "/>
</bind>
</comp>

<comp id="241" class="1004" name="icmp_ln43_fu_241">
<pin_list>
<pin id="242" dir="0" index="0" bw="11" slack="0"/>
<pin id="243" dir="0" index="1" bw="11" slack="0"/>
<pin id="244" dir="1" index="2" bw="1" slack="1"/>
</pin_list>
<bind>
<opcode="icmp(45) " fcode="icmp"/>
<opset="icmp_ln43/1 "/>
</bind>
</comp>

<comp id="247" class="1004" name="add_ln54_fu_247">
<pin_list>
<pin id="248" dir="0" index="0" bw="11" slack="0"/>
<pin id="249" dir="0" index="1" bw="1" slack="0"/>
<pin id="250" dir="1" index="2" bw="11" slack="0"/>
</pin_list>
<bind>
<opcode="add(8) " fcode="add"/>
<opset="add_ln54/1 "/>
</bind>
</comp>

<comp id="254" class="1004" name="shl_ln_fu_254">
<pin_list>
<pin id="255" dir="0" index="0" bw="33" slack="0"/>
<pin id="256" dir="0" index="1" bw="32" slack="0"/>
<pin id="257" dir="0" index="2" bw="1" slack="0"/>
<pin id="258" dir="1" index="3" bw="33" slack="0"/>
</pin_list>
<bind>
<opcode="bitconcatenate(1004) " fcode="bitconcatenate"/>
<opset="shl_ln/1 "/>
</bind>
</comp>

<comp id="262" class="1004" name="zext_ln47_fu_262">
<pin_list>
<pin id="263" dir="0" index="0" bw="33" slack="0"/>
<pin id="264" dir="1" index="1" bw="64" slack="0"/>
</pin_list>
<bind>
<opcode="zext(34) " fcode="zext"/>
<opset="zext_ln47/1 "/>
</bind>
</comp>

<comp id="266" class="1004" name="add_ln47_fu_266">
<pin_list>
<pin id="267" dir="0" index="0" bw="33" slack="0"/>
<pin id="268" dir="0" index="1" bw="64" slack="0"/>
<pin id="269" dir="1" index="2" bw="64" slack="0"/>
</pin_list>
<bind>
<opcode="add(8) " fcode="add"/>
<opset="add_ln47/1 "/>
</bind>
</comp>

<comp id="272" class="1004" name="trunc_ln_fu_272">
<pin_list>
<pin id="273" dir="0" index="0" bw="63" slack="0"/>
<pin id="274" dir="0" index="1" bw="64" slack="0"/>
<pin id="275" dir="0" index="2" bw="1" slack="0"/>
<pin id="276" dir="0" index="3" bw="7" slack="0"/>
<pin id="277" dir="1" index="4" bw="63" slack="0"/>
</pin_list>
<bind>
<opcode="partselect(1002) " fcode="partselect"/>
<opset="trunc_ln/1 "/>
</bind>
</comp>

<comp id="282" class="1004" name="sext_ln47_fu_282">
<pin_list>
<pin id="283" dir="0" index="0" bw="63" slack="0"/>
<pin id="284" dir="1" index="1" bw="64" slack="0"/>
</pin_list>
<bind>
<opcode="sext(35) " fcode="sext"/>
<opset="sext_ln47/1 "/>
</bind>
</comp>

<comp id="286" class="1004" name="gmem_addr_fu_286">
<pin_list>
<pin id="287" dir="0" index="0" bw="64" slack="0"/>
<pin id="288" dir="0" index="1" bw="64" slack="0"/>
<pin id="289" dir="1" index="2" bw="64" slack="2"/>
</pin_list>
<bind>
<opcode="getelementptr(29) " fcode="getelementptr"/>
<opset="gmem_addr/1 "/>
</bind>
</comp>

<comp id="292" class="1004" name="mem_idx_3_fu_292">
<pin_list>
<pin id="293" dir="0" index="0" bw="32" slack="0"/>
<pin id="294" dir="0" index="1" bw="1" slack="0"/>
<pin id="295" dir="1" index="2" bw="32" slack="0"/>
</pin_list>
<bind>
<opcode="add(8) " fcode="add"/>
<opset="mem_idx_3/1 "/>
</bind>
</comp>

<comp id="298" class="1004" name="store_ln27_store_fu_298">
<pin_list>
<pin id="299" dir="0" index="0" bw="32" slack="0"/>
<pin id="300" dir="0" index="1" bw="32" slack="0"/>
<pin id="301" dir="1" index="2" bw="0" slack="2147483647"/>
</pin_list>
<bind>
<opcode="store(28) " fcode="store"/>
<opset="store_ln27/1 "/>
</bind>
</comp>

<comp id="303" class="1004" name="store_ln52_store_fu_303">
<pin_list>
<pin id="304" dir="0" index="0" bw="11" slack="0"/>
<pin id="305" dir="0" index="1" bw="11" slack="0"/>
<pin id="306" dir="1" index="2" bw="0" slack="2147483647"/>
</pin_list>
<bind>
<opcode="store(28) " fcode="store"/>
<opset="store_ln52/1 "/>
</bind>
</comp>

<comp id="309" class="1004" name="val_adc1_1_load_fu_309">
<pin_list>
<pin id="310" dir="0" index="0" bw="16" slack="0"/>
<pin id="311" dir="1" index="1" bw="16" slack="0"/>
</pin_list>
<bind>
<opcode="load(27) " fcode="load"/>
<opset="val_adc1_1/2 "/>
</bind>
</comp>

<comp id="313" class="1004" name="add_ln38_fu_313">
<pin_list>
<pin id="314" dir="0" index="0" bw="16" slack="0"/>
<pin id="315" dir="0" index="1" bw="8" slack="0"/>
<pin id="316" dir="1" index="2" bw="16" slack="0"/>
</pin_list>
<bind>
<opcode="add(8) " fcode="add"/>
<opset="add_ln38/2 "/>
</bind>
</comp>

<comp id="319" class="1004" name="store_ln38_store_fu_319">
<pin_list>
<pin id="320" dir="0" index="0" bw="16" slack="0"/>
<pin id="321" dir="0" index="1" bw="16" slack="0"/>
<pin id="322" dir="1" index="2" bw="0" slack="2147483647"/>
</pin_list>
<bind>
<opcode="store(28) " fcode="store"/>
<opset="store_ln38/2 "/>
</bind>
</comp>

<comp id="325" class="1004" name="error_accum_loc_0_load_load_fu_325">
<pin_list>
<pin id="326" dir="0" index="0" bw="32" slack="2"/>
<pin id="327" dir="1" index="1" bw="32" slack="0"/>
</pin_list>
<bind>
<opcode="load(27) " fcode="load"/>
<opset="error_accum_loc_0_load/3 "/>
</bind>
</comp>

<comp id="328" class="1004" name="sext_ln41_fu_328">
<pin_list>
<pin id="329" dir="0" index="0" bw="16" slack="0"/>
<pin id="330" dir="1" index="1" bw="32" slack="0"/>
</pin_list>
<bind>
<opcode="sext(35) " fcode="sext"/>
<opset="sext_ln41/3 "/>
</bind>
</comp>

<comp id="332" class="1004" name="add_ln41_fu_332">
<pin_list>
<pin id="333" dir="0" index="0" bw="32" slack="0"/>
<pin id="334" dir="0" index="1" bw="16" slack="0"/>
<pin id="335" dir="1" index="2" bw="32" slack="0"/>
</pin_list>
<bind>
<opcode="add(8) " fcode="add"/>
<opset="add_ln41/3 "/>
</bind>
</comp>

<comp id="338" class="1004" name="store_ln41_store_fu_338">
<pin_list>
<pin id="339" dir="0" index="0" bw="32" slack="0"/>
<pin id="340" dir="0" index="1" bw="32" slack="2"/>
<pin id="341" dir="1" index="2" bw="0" slack="2147483647"/>
</pin_list>
<bind>
<opcode="store(28) " fcode="store"/>
<opset="store_ln41/3 "/>
</bind>
</comp>

<comp id="343" class="1004" name="avg_error_fu_343">
<pin_list>
<pin id="344" dir="0" index="0" bw="16" slack="0"/>
<pin id="345" dir="0" index="1" bw="32" slack="0"/>
<pin id="346" dir="0" index="2" bw="5" slack="0"/>
<pin id="347" dir="0" index="3" bw="6" slack="0"/>
<pin id="348" dir="1" index="4" bw="16" slack="1"/>
</pin_list>
<bind>
<opcode="partselect(1002) " fcode="partselect"/>
<opset="avg_error/3 "/>
</bind>
</comp>

<comp id="353" class="1004" name="store_ln0_store_fu_353">
<pin_list>
<pin id="354" dir="0" index="0" bw="1" slack="0"/>
<pin id="355" dir="0" index="1" bw="32" slack="2"/>
<pin id="356" dir="1" index="2" bw="0" slack="2147483647"/>
</pin_list>
<bind>
<opcode="store(28) " fcode="store"/>
<opset="store_ln0/3 "/>
</bind>
</comp>

<comp id="358" class="1004" name="error_accum_loc_0_load_1_load_fu_358">
<pin_list>
<pin id="359" dir="0" index="0" bw="32" slack="7"/>
<pin id="360" dir="1" index="1" bw="32" slack="0"/>
</pin_list>
<bind>
<opcode="load(27) " fcode="load"/>
<opset="error_accum_loc_0_load_1/8 "/>
</bind>
</comp>

<comp id="362" class="1005" name="error_accum_loc_0_reg_362">
<pin_list>
<pin id="363" dir="0" index="0" bw="32" slack="0"/>
<pin id="364" dir="1" index="1" bw="32" slack="0"/>
</pin_list>
<bind>
<opset="error_accum_loc_0 "/>
</bind>
</comp>

<comp id="371" class="1005" name="mem_idx_reg_371">
<pin_list>
<pin id="372" dir="0" index="0" bw="32" slack="0"/>
<pin id="373" dir="1" index="1" bw="32" slack="0"/>
</pin_list>
<bind>
<opset="mem_idx "/>
</bind>
</comp>

<comp id="378" class="1005" name="icmp_ln27_reg_378">
<pin_list>
<pin id="379" dir="0" index="0" bw="1" slack="1"/>
<pin id="380" dir="1" index="1" bw="1" slack="2147483647"/>
</pin_list>
<bind>
<opset="icmp_ln27 "/>
</bind>
</comp>

<comp id="382" class="1005" name="p_vld_reg_382">
<pin_list>
<pin id="383" dir="0" index="0" bw="1" slack="1"/>
<pin id="384" dir="1" index="1" bw="1" slack="2147483647"/>
</pin_list>
<bind>
<opset="p_vld "/>
</bind>
</comp>

<comp id="386" class="1005" name="val_adc1_reg_386">
<pin_list>
<pin id="387" dir="0" index="0" bw="16" slack="2"/>
<pin id="388" dir="1" index="1" bw="16" slack="2"/>
</pin_list>
<bind>
<opset="val_adc1 "/>
</bind>
</comp>

<comp id="391" class="1005" name="icmp_ln43_reg_391">
<pin_list>
<pin id="392" dir="0" index="0" bw="1" slack="1"/>
<pin id="393" dir="1" index="1" bw="1" slack="2147483647"/>
</pin_list>
<bind>
<opset="icmp_ln43 "/>
</bind>
</comp>

<comp id="395" class="1005" name="gmem_addr_reg_395">
<pin_list>
<pin id="396" dir="0" index="0" bw="16" slack="2"/>
<pin id="397" dir="1" index="1" bw="16" slack="2"/>
</pin_list>
<bind>
<opset="gmem_addr "/>
</bind>
</comp>

<comp id="401" class="1005" name="val_adc1_1_reg_401">
<pin_list>
<pin id="402" dir="0" index="0" bw="16" slack="1"/>
<pin id="403" dir="1" index="1" bw="16" slack="1"/>
</pin_list>
<bind>
<opset="val_adc1_1 "/>
</bind>
</comp>

<comp id="406" class="1005" name="avg_error_reg_406">
<pin_list>
<pin id="407" dir="0" index="0" bw="16" slack="1"/>
<pin id="408" dir="1" index="1" bw="16" slack="1"/>
</pin_list>
<bind>
<opset="avg_error "/>
</bind>
</comp>

</comp_list>

<net_list>
<net id="109"><net_src comp="24" pin="0"/><net_sink comp="106" pin=0"/></net>

<net id="113"><net_src comp="24" pin="0"/><net_sink comp="110" pin=0"/></net>

<net id="118"><net_src comp="54" pin="0"/><net_sink comp="114" pin=0"/></net>

<net id="119"><net_src comp="6" pin="0"/><net_sink comp="114" pin=1"/></net>

<net id="124"><net_src comp="56" pin="0"/><net_sink comp="120" pin=0"/></net>

<net id="125"><net_src comp="4" pin="0"/><net_sink comp="120" pin=1"/></net>

<net id="130"><net_src comp="56" pin="0"/><net_sink comp="126" pin=0"/></net>

<net id="131"><net_src comp="0" pin="0"/><net_sink comp="126" pin=1"/></net>

<net id="139"><net_src comp="70" pin="0"/><net_sink comp="132" pin=0"/></net>

<net id="140"><net_src comp="8" pin="0"/><net_sink comp="132" pin=1"/></net>

<net id="141"><net_src comp="10" pin="0"/><net_sink comp="132" pin=2"/></net>

<net id="142"><net_src comp="12" pin="0"/><net_sink comp="132" pin=3"/></net>

<net id="143"><net_src comp="14" pin="0"/><net_sink comp="132" pin=4"/></net>

<net id="149"><net_src comp="92" pin="0"/><net_sink comp="144" pin=0"/></net>

<net id="150"><net_src comp="94" pin="0"/><net_sink comp="144" pin=2"/></net>

<net id="157"><net_src comp="96" pin="0"/><net_sink comp="151" pin=0"/></net>

<net id="158"><net_src comp="98" pin="0"/><net_sink comp="151" pin=3"/></net>

<net id="159"><net_src comp="100" pin="0"/><net_sink comp="144" pin=0"/></net>

<net id="165"><net_src comp="102" pin="0"/><net_sink comp="160" pin=0"/></net>

<net id="166"><net_src comp="16" pin="0"/><net_sink comp="160" pin=1"/></net>

<net id="172"><net_src comp="104" pin="0"/><net_sink comp="167" pin=0"/></net>

<net id="173"><net_src comp="18" pin="0"/><net_sink comp="167" pin=1"/></net>

<net id="177"><net_src comp="174" pin="1"/><net_sink comp="160" pin=2"/></net>

<net id="184"><net_src comp="58" pin="0"/><net_sink comp="178" pin=0"/></net>

<net id="185"><net_src comp="60" pin="0"/><net_sink comp="178" pin=2"/></net>

<net id="186"><net_src comp="178" pin="4"/><net_sink comp="174" pin=0"/></net>

<net id="196"><net_src comp="82" pin="0"/><net_sink comp="190" pin=0"/></net>

<net id="210"><net_src comp="36" pin="0"/><net_sink comp="206" pin=0"/></net>

<net id="215"><net_src comp="126" pin="2"/><net_sink comp="211" pin=0"/></net>

<net id="223"><net_src comp="216" pin="1"/><net_sink comp="219" pin=0"/></net>

<net id="224"><net_src comp="120" pin="2"/><net_sink comp="219" pin=1"/></net>

<net id="228"><net_src comp="132" pin="5"/><net_sink comp="225" pin=0"/></net>

<net id="232"><net_src comp="132" pin="5"/><net_sink comp="229" pin=0"/></net>

<net id="236"><net_src comp="229" pin="1"/><net_sink comp="233" pin=0"/></net>

<net id="240"><net_src comp="20" pin="0"/><net_sink comp="237" pin=0"/></net>

<net id="245"><net_src comp="237" pin="1"/><net_sink comp="241" pin=0"/></net>

<net id="246"><net_src comp="72" pin="0"/><net_sink comp="241" pin=1"/></net>

<net id="251"><net_src comp="237" pin="1"/><net_sink comp="247" pin=0"/></net>

<net id="252"><net_src comp="74" pin="0"/><net_sink comp="247" pin=1"/></net>

<net id="253"><net_src comp="247" pin="2"/><net_sink comp="190" pin=2"/></net>

<net id="259"><net_src comp="76" pin="0"/><net_sink comp="254" pin=0"/></net>

<net id="260"><net_src comp="216" pin="1"/><net_sink comp="254" pin=1"/></net>

<net id="261"><net_src comp="58" pin="0"/><net_sink comp="254" pin=2"/></net>

<net id="265"><net_src comp="254" pin="3"/><net_sink comp="262" pin=0"/></net>

<net id="270"><net_src comp="262" pin="1"/><net_sink comp="266" pin=0"/></net>

<net id="271"><net_src comp="114" pin="2"/><net_sink comp="266" pin=1"/></net>

<net id="278"><net_src comp="78" pin="0"/><net_sink comp="272" pin=0"/></net>

<net id="279"><net_src comp="266" pin="2"/><net_sink comp="272" pin=1"/></net>

<net id="280"><net_src comp="24" pin="0"/><net_sink comp="272" pin=2"/></net>

<net id="281"><net_src comp="80" pin="0"/><net_sink comp="272" pin=3"/></net>

<net id="285"><net_src comp="272" pin="4"/><net_sink comp="282" pin=0"/></net>

<net id="290"><net_src comp="2" pin="0"/><net_sink comp="286" pin=0"/></net>

<net id="291"><net_src comp="282" pin="1"/><net_sink comp="286" pin=1"/></net>

<net id="296"><net_src comp="216" pin="1"/><net_sink comp="292" pin=0"/></net>

<net id="297"><net_src comp="24" pin="0"/><net_sink comp="292" pin=1"/></net>

<net id="302"><net_src comp="292" pin="2"/><net_sink comp="298" pin=0"/></net>

<net id="307"><net_src comp="190" pin="4"/><net_sink comp="303" pin=0"/></net>

<net id="308"><net_src comp="20" pin="0"/><net_sink comp="303" pin=1"/></net>

<net id="312"><net_src comp="22" pin="0"/><net_sink comp="309" pin=0"/></net>

<net id="317"><net_src comp="309" pin="1"/><net_sink comp="313" pin=0"/></net>

<net id="318"><net_src comp="84" pin="0"/><net_sink comp="313" pin=1"/></net>

<net id="323"><net_src comp="313" pin="2"/><net_sink comp="319" pin=0"/></net>

<net id="324"><net_src comp="22" pin="0"/><net_sink comp="319" pin=1"/></net>

<net id="331"><net_src comp="200" pin="4"/><net_sink comp="328" pin=0"/></net>

<net id="336"><net_src comp="325" pin="1"/><net_sink comp="332" pin=0"/></net>

<net id="337"><net_src comp="328" pin="1"/><net_sink comp="332" pin=1"/></net>

<net id="342"><net_src comp="332" pin="2"/><net_sink comp="338" pin=0"/></net>

<net id="349"><net_src comp="86" pin="0"/><net_sink comp="343" pin=0"/></net>

<net id="350"><net_src comp="332" pin="2"/><net_sink comp="343" pin=1"/></net>

<net id="351"><net_src comp="88" pin="0"/><net_sink comp="343" pin=2"/></net>

<net id="352"><net_src comp="90" pin="0"/><net_sink comp="343" pin=3"/></net>

<net id="357"><net_src comp="36" pin="0"/><net_sink comp="353" pin=0"/></net>

<net id="361"><net_src comp="358" pin="1"/><net_sink comp="167" pin=2"/></net>

<net id="365"><net_src comp="106" pin="1"/><net_sink comp="362" pin=0"/></net>

<net id="366"><net_src comp="362" pin="1"/><net_sink comp="211" pin=1"/></net>

<net id="367"><net_src comp="362" pin="1"/><net_sink comp="325" pin=0"/></net>

<net id="368"><net_src comp="362" pin="1"/><net_sink comp="338" pin=1"/></net>

<net id="369"><net_src comp="362" pin="1"/><net_sink comp="353" pin=1"/></net>

<net id="370"><net_src comp="362" pin="1"/><net_sink comp="358" pin=0"/></net>

<net id="374"><net_src comp="110" pin="1"/><net_sink comp="371" pin=0"/></net>

<net id="375"><net_src comp="371" pin="1"/><net_sink comp="206" pin=1"/></net>

<net id="376"><net_src comp="371" pin="1"/><net_sink comp="216" pin=0"/></net>

<net id="377"><net_src comp="371" pin="1"/><net_sink comp="298" pin=1"/></net>

<net id="381"><net_src comp="219" pin="2"/><net_sink comp="378" pin=0"/></net>

<net id="385"><net_src comp="225" pin="1"/><net_sink comp="382" pin=0"/></net>

<net id="389"><net_src comp="233" pin="1"/><net_sink comp="386" pin=0"/></net>

<net id="390"><net_src comp="386" pin="1"/><net_sink comp="200" pin=0"/></net>

<net id="394"><net_src comp="241" pin="2"/><net_sink comp="391" pin=0"/></net>

<net id="398"><net_src comp="286" pin="2"/><net_sink comp="395" pin=0"/></net>

<net id="399"><net_src comp="395" pin="1"/><net_sink comp="144" pin=1"/></net>

<net id="400"><net_src comp="395" pin="1"/><net_sink comp="151" pin=1"/></net>

<net id="404"><net_src comp="309" pin="1"/><net_sink comp="401" pin=0"/></net>

<net id="405"><net_src comp="401" pin="1"/><net_sink comp="200" pin=2"/></net>

<net id="409"><net_src comp="343" pin="4"/><net_sink comp="406" pin=0"/></net>

<net id="410"><net_src comp="406" pin="1"/><net_sink comp="151" pin=2"/></net>

</net_list>

</model> 
---------------- Datapath Model END ------------------

* FSMD analyzer results:
  - Output states:
	Port: gmem | {3 4 5 6 7 8 9 }
	Port: adc_in_V_data_V | {}
	Port: adc_in_V_keep_V | {}
	Port: adc_in_V_strb_V | {}
	Port: adc_in_V_last_V | {}
	Port: error_accum_flag_0_out | {8 }
	Port: error_accum_loc_0_out | {8 }
	Port: counter | {1 }
	Port: fake_counter | {2 }
 - Input state : 
	Port: PSDMonitorTop_Pipeline_VITIS_LOOP_27_1 : error_accum_load | {1 }
	Port: PSDMonitorTop_Pipeline_VITIS_LOOP_27_1 : gmem | {}
	Port: PSDMonitorTop_Pipeline_VITIS_LOOP_27_1 : max_samples | {1 }
	Port: PSDMonitorTop_Pipeline_VITIS_LOOP_27_1 : ram_buffer | {1 }
	Port: PSDMonitorTop_Pipeline_VITIS_LOOP_27_1 : adc_in_V_data_V | {1 }
	Port: PSDMonitorTop_Pipeline_VITIS_LOOP_27_1 : adc_in_V_keep_V | {1 }
	Port: PSDMonitorTop_Pipeline_VITIS_LOOP_27_1 : adc_in_V_strb_V | {1 }
	Port: PSDMonitorTop_Pipeline_VITIS_LOOP_27_1 : adc_in_V_last_V | {1 }
	Port: PSDMonitorTop_Pipeline_VITIS_LOOP_27_1 : counter | {1 }
	Port: PSDMonitorTop_Pipeline_VITIS_LOOP_27_1 : fake_counter | {2 }
  - Chain level:
	State 1
		store_ln27 : 1
		error_accum_flag_0 : 1
		mem_idx_2 : 1
		icmp_ln27 : 2
		br_ln27 : 3
		br_ln33 : 1
		val_adc1 : 1
		icmp_ln43 : 1
		br_ln43 : 2
		add_ln54 : 1
		shl_ln : 2
		zext_ln47 : 3
		add_ln47 : 4
		trunc_ln : 5
		sext_ln47 : 6
		gmem_addr : 7
		mem_idx_3 : 2
		store_ln27 : 3
		storemerge : 2
		store_ln52 : 3
	State 2
		add_ln38 : 1
		store_ln38 : 2
	State 3
		sext_ln41 : 1
		add_ln41 : 2
		store_ln41 : 3
		avg_error : 3
	State 4
	State 5
	State 6
	State 7
	State 8
		write_ln0 : 1
	State 9


============================================================
+ Verbose Summary: Datapath Resource usage 
============================================================

* Functional unit list:
|----------|-----------------------------------|---------|---------|
| Operation|          Functional Unit          |    FF   |   LUT   |
|----------|-----------------------------------|---------|---------|
|          |          add_ln54_fu_247          |    0    |    12   |
|          |          add_ln47_fu_266          |    0    |    71   |
|    add   |          mem_idx_3_fu_292         |    0    |    39   |
|          |          add_ln38_fu_313          |    0    |    23   |
|          |          add_ln41_fu_332          |    0    |    39   |
|----------|-----------------------------------|---------|---------|
|   icmp   |          icmp_ln27_fu_219         |    0    |    39   |
|          |          icmp_ln43_fu_241         |    0    |    12   |
|----------|-----------------------------------|---------|---------|
|          |    ram_buffer_read_read_fu_114    |    0    |    0    |
|   read   |    max_samples_read_read_fu_120   |    0    |    0    |
|          | error_accum_load_read_read_fu_126 |    0    |    0    |
|----------|-----------------------------------|---------|---------|
|  nbread  |        empty_nbread_fu_132        |    0    |    0    |
|----------|-----------------------------------|---------|---------|
| writeresp|        grp_writeresp_fu_144       |    0    |    0    |
|----------|-----------------------------------|---------|---------|
|          |      write_ln47_write_fu_151      |    0    |    0    |
|   write  |       write_ln0_write_fu_160      |    0    |    0    |
|          |       write_ln0_write_fu_167      |    0    |    0    |
|----------|-----------------------------------|---------|---------|
|extractvalue|            p_vld_fu_225           |    0    |    0    |
|          |        val_adc_data_fu_229        |    0    |    0    |
|----------|-----------------------------------|---------|---------|
|   trunc  |          val_adc1_fu_233          |    0    |    0    |
|----------|-----------------------------------|---------|---------|
|bitconcatenate|           shl_ln_fu_254           |    0    |    0    |
|----------|-----------------------------------|---------|---------|
|   zext   |          zext_ln47_fu_262         |    0    |    0    |
|----------|-----------------------------------|---------|---------|
|partselect|          trunc_ln_fu_272          |    0    |    0    |
|          |          avg_error_fu_343         |    0    |    0    |
|----------|-----------------------------------|---------|---------|
|   sext   |          sext_ln47_fu_282         |    0    |    0    |
|          |          sext_ln41_fu_328         |    0    |    0    |
|----------|-----------------------------------|---------|---------|
|   Total  |                                   |    0    |   235   |
|----------|-----------------------------------|---------|---------|

Memories:
N/A

* Register list:
+--------------------------+--------+
|                          |   FF   |
+--------------------------+--------+
|     avg_error_reg_406    |   16   |
|error_accum_flag_0_reg_174|    1   |
| error_accum_loc_0_reg_362|   32   |
|     gmem_addr_reg_395    |   16   |
|     icmp_ln27_reg_378    |    1   |
|     icmp_ln43_reg_391    |    1   |
|      mem_idx_reg_371     |   32   |
|       p_vld_reg_382      |    1   |
|    storemerge_reg_187    |   11   |
|    val_adc1_1_reg_401    |   16   |
|    val_adc1_2_reg_197    |   16   |
|     val_adc1_reg_386     |   16   |
+--------------------------+--------+
|           Total          |   159  |
+--------------------------+--------+

* Multiplexer (MUX) list: 
|----------------------|------|------|------|--------||---------|
|         Comp         |  Pin | Size |  BW  | S x BW ||  Delay  |
|----------------------|------|------|------|--------||---------|
| grp_writeresp_fu_144 |  p0  |   2  |   1  |    2   |
|----------------------|------|------|------|--------||---------|
|         Total        |      |      |      |    2   ||  1.588  |
|----------------------|------|------|------|--------||---------|



* Summary:
+-----------+--------+--------+--------+
|           |  Delay |   FF   |   LUT  |
+-----------+--------+--------+--------+
|  Function |    -   |    0   |   235  |
|   Memory  |    -   |    -   |    -   |
|Multiplexer|    1   |    -   |    -   |
|  Register |    -   |   159  |    -   |
+-----------+--------+--------+--------+
|   Total   |    1   |   159  |   235  |
+-----------+--------+--------+--------+
