

================================================================
== Vitis HLS Report for 'PSDMonitorTop'
================================================================
* Date:           Mon Apr 20 15:20:09 2026

* Version:        2024.1 (Build 5069499 on May 21 2024)
* Project:        PSDMonitorTop
* Solution:       hls (Vivado IP Flow Target)
* Product family: zynq
* Target device:  xc7z010-clg400-1


================================================================
== Performance Estimates
================================================================
+ Timing: 
    * Summary: 
    +--------+---------+----------+------------+
    |  Clock |  Target | Estimated| Uncertainty|
    +--------+---------+----------+------------+
    |ap_clk  |  8.00 ns|  5.840 ns|     2.16 ns|
    +--------+---------+----------+------------+

+ Latency: 
    * Summary: 
    +---------+---------+-----------+-----------+-----+-----+---------+
    |  Latency (cycles) |   Latency (absolute)  |  Interval | Pipeline|
    |   min   |   max   |    min    |    max    | min | max |   Type  |
    +---------+---------+-----------+-----------+-----+-----+---------+
    |        8|        8|  64.000 ns|  64.000 ns|    1|    1|      yes|
    +---------+---------+-----------+-----------+-----+-----+---------+

    + Detail: 
        * Instance: 
        N/A

        * Loop: 
        N/A

============================================================
+ Verbose Summary: Synthesis Manager
============================================================
InlineROM: 1
ExposeGlobal: 0
============================================================
+ Verbose Summary: CDFG Model
============================================================
IsTopModel: 1
ResetActiveHigh: 1
IsCombinational: 0
IsDatapathOnly: 0
HasWiredReturn: 1
HasMFsm: 2
HasVarLatency: 0
IsPipeline: 1
IsRtlPipelined: 1
IsInstanceOverlapped: 0
IsDontTouch: 0
HasImplIP: 0
IsGatedGlobalClock: 0

+ Individual pipeline summary: 
  * Pipeline-0: initiation interval (II) = 1, depth = 9


============================================================
+ Verbose Summary: Schedule
============================================================
* Number of FSM states : 9
* Pipeline : 1
  Pipeline-0 : II = 1, D = 9, States = { 1 2 3 4 5 6 7 8 9 }
* Dataflow Pipeline: 0

* FSM state transitions: 
1 --> 2 
2 --> 3 
3 --> 4 
4 --> 5 
5 --> 6 
6 --> 7 
7 --> 8 
8 --> 9 
9 --> 

* FSM state operations: 

State 1 <SV = 0> <Delay = 2.58>
ST_1 : Operation 10 [1/1] (0.00ns)   --->   "%specpipeline_ln16 = specpipeline void @_ssdm_op_SpecPipeline, i32 1, i32 0, i32 0, i32 0, void @empty_2" [PSDMonitor.cpp:16]   --->   Operation 10 'specpipeline' 'specpipeline_ln16' <Predicate = true> <Delay = 0.00>
ST_1 : Operation 11 [1/1] (0.00ns)   --->   "%spectopmodule_ln11 = spectopmodule void @_ssdm_op_SpecTopModule, void @empty_11" [PSDMonitor.cpp:11]   --->   Operation 11 'spectopmodule' 'spectopmodule_ln11' <Predicate = true> <Delay = 0.00>
ST_1 : Operation 12 [1/1] (0.00ns)   --->   "%specinterface_ln11 = specinterface void @_ssdm_op_SpecInterface, i32 0, void @empty_12, i32 0, i32 0, void @empty_2, i32 0, i32 0, void @empty_2, void @empty_2, void @empty_2, i32 0, i32 0, i32 0, i32 0, void @empty_2, void @empty_2, i32 4294967295, i32 0, i32 0" [PSDMonitor.cpp:11]   --->   Operation 12 'specinterface' 'specinterface_ln11' <Predicate = true> <Delay = 0.00>
ST_1 : Operation 13 [1/1] (0.00ns)   --->   "%specinterface_ln0 = specinterface void @_ssdm_op_SpecInterface, i16 %gmem, void @empty_1, i32 0, i32 0, void @empty_2, i32 0, i32 2000000, void @empty_3, void @empty_8, void @empty_2, i32 16, i32 16, i32 16, i32 16, void @empty_2, void @empty_2, i32 4294967295, i32 0, i32 0"   --->   Operation 13 'specinterface' 'specinterface_ln0' <Predicate = true> <Delay = 0.00>
ST_1 : Operation 14 [1/1] (0.00ns)   --->   "%specbitsmap_ln0 = specbitsmap void @_ssdm_op_SpecBitsMap, i16 %gmem"   --->   Operation 14 'specbitsmap' 'specbitsmap_ln0' <Predicate = true> <Delay = 0.00>
ST_1 : Operation 15 [1/1] (0.00ns)   --->   "%specinterface_ln0 = specinterface void @_ssdm_op_SpecInterface, i32 %adc_in_V_data_V, i4 %adc_in_V_keep_V, i4 %adc_in_V_strb_V, i1 %adc_in_V_last_V, void @empty_4, i32 1, i32 1, void @empty_7, i32 0, i32 0, void @empty_2, void @empty_2, void @empty_2, i32 0, i32 0, i32 0, i32 0, void @empty_2, void @empty_2, i32 4294967295, i32 0, i32 0"   --->   Operation 15 'specinterface' 'specinterface_ln0' <Predicate = true> <Delay = 0.00>
ST_1 : Operation 16 [1/1] (0.00ns)   --->   "%specbitsmap_ln0 = specbitsmap void @_ssdm_op_SpecBitsMap, i32 %adc_in_V_data_V"   --->   Operation 16 'specbitsmap' 'specbitsmap_ln0' <Predicate = true> <Delay = 0.00>
ST_1 : Operation 17 [1/1] (0.00ns)   --->   "%specbitsmap_ln0 = specbitsmap void @_ssdm_op_SpecBitsMap, i4 %adc_in_V_keep_V"   --->   Operation 17 'specbitsmap' 'specbitsmap_ln0' <Predicate = true> <Delay = 0.00>
ST_1 : Operation 18 [1/1] (0.00ns)   --->   "%specbitsmap_ln0 = specbitsmap void @_ssdm_op_SpecBitsMap, i4 %adc_in_V_strb_V"   --->   Operation 18 'specbitsmap' 'specbitsmap_ln0' <Predicate = true> <Delay = 0.00>
ST_1 : Operation 19 [1/1] (0.00ns)   --->   "%specbitsmap_ln0 = specbitsmap void @_ssdm_op_SpecBitsMap, i1 %adc_in_V_last_V"   --->   Operation 19 'specbitsmap' 'specbitsmap_ln0' <Predicate = true> <Delay = 0.00>
ST_1 : Operation 20 [1/1] (0.00ns)   --->   "%specinterface_ln0 = specinterface void @_ssdm_op_SpecInterface, i64 %ram_buffer, void @empty_13, i32 4294967295, i32 4294967295, void @empty_7, i32 0, i32 0, void @empty_14, void @empty_5, void @empty_2, i32 0, i32 0, i32 0, i32 0, void @empty_2, void @empty_6, i32 4294967295, i32 0, i32 0"   --->   Operation 20 'specinterface' 'specinterface_ln0' <Predicate = true> <Delay = 0.00>
ST_1 : Operation 21 [1/1] (0.00ns)   --->   "%specinterface_ln0 = specinterface void @_ssdm_op_SpecInterface, i64 %ram_buffer, void @empty_0, i32 4294967295, i32 4294967295, void @empty_2, i32 0, i32 0, void @empty_2, void @empty_2, void @empty_2, i32 0, i32 0, i32 0, i32 0, void @empty_2, void @empty_6, i32 4294967295, i32 0, i32 0"   --->   Operation 21 'specinterface' 'specinterface_ln0' <Predicate = true> <Delay = 0.00>
ST_1 : Operation 22 [1/1] (0.00ns)   --->   "%specbitsmap_ln0 = specbitsmap void @_ssdm_op_SpecBitsMap, i32 %max_samples"   --->   Operation 22 'specbitsmap' 'specbitsmap_ln0' <Predicate = true> <Delay = 0.00>
ST_1 : Operation 23 [1/1] (0.00ns)   --->   "%specinterface_ln0 = specinterface void @_ssdm_op_SpecInterface, i32 %max_samples, void @empty_13, i32 4294967295, i32 4294967295, void @empty_7, i32 0, i32 0, void @empty_14, void @empty, void @empty_2, i32 0, i32 0, i32 0, i32 0, void @empty_2, void @empty_2, i32 4294967295, i32 0, i32 0"   --->   Operation 23 'specinterface' 'specinterface_ln0' <Predicate = true> <Delay = 0.00>
ST_1 : Operation 24 [1/1] (0.00ns)   --->   "%specinterface_ln0 = specinterface void @_ssdm_op_SpecInterface, i32 %max_samples, void @empty_0, i32 4294967295, i32 4294967295, void @empty_2, i32 0, i32 0, void @empty_2, void @empty_2, void @empty_2, i32 0, i32 0, i32 0, i32 0, void @empty_2, void @empty_2, i32 4294967295, i32 0, i32 0"   --->   Operation 24 'specinterface' 'specinterface_ln0' <Predicate = true> <Delay = 0.00>
ST_1 : Operation 25 [1/1] (0.00ns)   --->   "%specbitsmap_ln0 = specbitsmap void @_ssdm_op_SpecBitsMap, i1 %en_logging"   --->   Operation 25 'specbitsmap' 'specbitsmap_ln0' <Predicate = true> <Delay = 0.00>
ST_1 : Operation 26 [1/1] (0.00ns)   --->   "%specinterface_ln0 = specinterface void @_ssdm_op_SpecInterface, i1 %en_logging, void @empty_13, i32 4294967295, i32 4294967295, void @empty_7, i32 0, i32 0, void @empty_14, void @empty_9, void @empty_2, i32 0, i32 0, i32 0, i32 0, void @empty_2, void @empty_2, i32 4294967295, i32 0, i32 0"   --->   Operation 26 'specinterface' 'specinterface_ln0' <Predicate = true> <Delay = 0.00>
ST_1 : Operation 27 [1/1] (0.00ns)   --->   "%specinterface_ln0 = specinterface void @_ssdm_op_SpecInterface, i1 %en_logging, void @empty_0, i32 4294967295, i32 4294967295, void @empty_2, i32 0, i32 0, void @empty_2, void @empty_2, void @empty_2, i32 0, i32 0, i32 0, i32 0, void @empty_2, void @empty_2, i32 4294967295, i32 0, i32 0"   --->   Operation 27 'specinterface' 'specinterface_ln0' <Predicate = true> <Delay = 0.00>
ST_1 : Operation 28 [1/1] (1.00ns)   --->   "%en_logging_read = read i1 @_ssdm_op_Read.s_axilite.i1, i1 %en_logging"   --->   Operation 28 'read' 'en_logging_read' <Predicate = true> <Delay = 1.00> <CoreInst = "s_axilite">   --->   Core 112 's_axilite' <Latency = 0> <II = 1> <Delay = 1.00> <Adapter> <Opcode : 'read' 'write'>
ST_1 : Operation 29 [1/1] (1.00ns)   --->   "%max_samples_read = read i32 @_ssdm_op_Read.s_axilite.i32, i32 %max_samples"   --->   Operation 29 'read' 'max_samples_read' <Predicate = true> <Delay = 1.00> <CoreInst = "s_axilite">   --->   Core 112 's_axilite' <Latency = 0> <II = 1> <Delay = 1.00> <Adapter> <Opcode : 'read' 'write'>
ST_1 : Operation 30 [1/1] (1.00ns)   --->   "%ram_buffer_read = read i64 @_ssdm_op_Read.s_axilite.i64, i64 %ram_buffer"   --->   Operation 30 'read' 'ram_buffer_read' <Predicate = true> <Delay = 1.00> <CoreInst = "s_axilite">   --->   Core 112 's_axilite' <Latency = 0> <II = 1> <Delay = 1.00> <Adapter> <Opcode : 'read' 'write'>
ST_1 : Operation 31 [1/1] (0.51ns)   --->   "%empty = nbread i42 @_ssdm_op_NbRead.axis.volatile.i32P0A.i4P0A.i4P0A.i1P0A, i32 %adc_in_V_data_V, i4 %adc_in_V_keep_V, i4 %adc_in_V_strb_V, i1 %adc_in_V_last_V" [PSDMonitor.cpp:32]   --->   Operation 31 'nbread' 'empty' <Predicate = true> <Delay = 0.51> <CoreInst = "regslice">   --->   Core 136 'regslice' <Latency = 0> <II = 1> <Delay = 1.86> <Adapter> <Opcode : 'read' 'write'>
ST_1 : Operation 32 [1/1] (0.00ns)   --->   "%p_vld = extractvalue i42 %empty" [PSDMonitor.cpp:32]   --->   Operation 32 'extractvalue' 'p_vld' <Predicate = true> <Delay = 0.00>
ST_1 : Operation 33 [1/1] (0.00ns)   --->   "%specaxissidechannel_ln32 = specaxissidechannel void @_ssdm_op_SpecAXISSideChannel, i32 %adc_in_V_data_V, i4 %adc_in_V_keep_V, i4 %adc_in_V_strb_V, i1 0, i1 %adc_in_V_last_V, i1 0, i1 0, void @empty_10" [PSDMonitor.cpp:32]   --->   Operation 33 'specaxissidechannel' 'specaxissidechannel_ln32' <Predicate = true> <Delay = 0.00>
ST_1 : Operation 34 [1/1] (1.58ns)   --->   "%br_ln32 = br i1 %p_vld, void %if.else, void %if.end" [PSDMonitor.cpp:32]   --->   Operation 34 'br' 'br_ln32' <Predicate = true> <Delay = 1.58>
ST_1 : Operation 35 [1/1] (0.00ns)   --->   "%val_adc1 = load i16 %fake_counter" [PSDMonitor.cpp:36]   --->   Operation 35 'load' 'val_adc1' <Predicate = (!p_vld)> <Delay = 0.00>
ST_1 : Operation 36 [1/1] (2.07ns)   --->   "%add_ln37 = add i16 %val_adc1, i16 100" [PSDMonitor.cpp:37]   --->   Operation 36 'add' 'add_ln37' <Predicate = (!p_vld)> <Delay = 2.07> <CoreInst = "Adder">   --->   Core 1 'Adder' <Latency = 0> <II = 1> <Delay = 2.07> <FuncUnit> <Opcode : 'add' 'sub'> <InPorts = 2> <OutPorts = 1>
ST_1 : Operation 37 [1/1] (0.00ns)   --->   "%store_ln37 = store i16 %add_ln37, i16 %fake_counter" [PSDMonitor.cpp:37]   --->   Operation 37 'store' 'store_ln37' <Predicate = (!p_vld)> <Delay = 0.00>
ST_1 : Operation 38 [1/1] (1.58ns)   --->   "%br_ln0 = br void %if.end"   --->   Operation 38 'br' 'br_ln0' <Predicate = (!p_vld)> <Delay = 1.58>
ST_1 : Operation 39 [1/1] (0.00ns)   --->   "%br_ln41 = br i1 %en_logging_read, void %if.else15, void %if.then5" [PSDMonitor.cpp:41]   --->   Operation 39 'br' 'br_ln41' <Predicate = true> <Delay = 0.00>
ST_1 : Operation 40 [1/1] (1.58ns)   --->   "%br_ln0 = br void %if.end17"   --->   Operation 40 'br' 'br_ln0' <Predicate = (!en_logging_read)> <Delay = 1.58>

State 2 <SV = 1> <Delay = 4.14>
ST_2 : Operation 41 [1/1] (0.00ns)   --->   "%val_adc1_1 = phi i16 %val_adc1, void %if.else, i16 0, void %entry"   --->   Operation 41 'phi' 'val_adc1_1' <Predicate = true> <Delay = 0.00>
ST_2 : Operation 42 [1/1] (0.00ns)   --->   "%error_accum_load = load i32 %error_accum" [PSDMonitor.cpp:42]   --->   Operation 42 'load' 'error_accum_load' <Predicate = true> <Delay = 0.00>
ST_2 : Operation 43 [1/1] (0.00ns)   --->   "%mem_idx_load = load i32 %mem_idx" [PSDMonitor.cpp:47]   --->   Operation 43 'load' 'mem_idx_load' <Predicate = true> <Delay = 0.00>
ST_2 : Operation 44 [1/1] (1.58ns)   --->   "%store_ln58 = store i32 0, i32 %mem_idx" [PSDMonitor.cpp:58]   --->   Operation 44 'store' 'store_ln58' <Predicate = (!en_logging_read)> <Delay = 1.58>
ST_2 : Operation 45 [1/1] (0.00ns)   --->   "%sext_ln42 = sext i16 %val_adc1_1" [PSDMonitor.cpp:42]   --->   Operation 45 'sext' 'sext_ln42' <Predicate = (en_logging_read)> <Delay = 0.00>
ST_2 : Operation 46 [1/1] (2.55ns)   --->   "%add_ln42 = add i32 %error_accum_load, i32 %sext_ln42" [PSDMonitor.cpp:42]   --->   Operation 46 'add' 'add_ln42' <Predicate = (en_logging_read)> <Delay = 2.55> <CoreInst = "Adder">   --->   Core 1 'Adder' <Latency = 0> <II = 1> <Delay = 2.55> <FuncUnit> <Opcode : 'add' 'sub'> <InPorts = 2> <OutPorts = 1>
ST_2 : Operation 47 [1/1] (0.00ns)   --->   "%counter_load = load i11 %counter" [PSDMonitor.cpp:44]   --->   Operation 47 'load' 'counter_load' <Predicate = (en_logging_read)> <Delay = 0.00>
ST_2 : Operation 48 [1/1] (1.63ns)   --->   "%icmp_ln44 = icmp_eq  i11 %counter_load, i11 1023" [PSDMonitor.cpp:44]   --->   Operation 48 'icmp' 'icmp_ln44' <Predicate = (en_logging_read)> <Delay = 1.63> <CoreInst = "Cmp">   --->   Core 9 'Cmp' <Latency = 0> <II = 1> <Delay = 1.63> <FuncUnit> <Opcode : 'seteq' 'setne' 'setle' 'setge' 'setlt' 'setgt'> <InPorts = 2> <OutPorts = 1>
ST_2 : Operation 49 [1/1] (0.00ns)   --->   "%br_ln44 = br i1 %icmp_ln44, void %if.else12, void %if.then9" [PSDMonitor.cpp:44]   --->   Operation 49 'br' 'br_ln44' <Predicate = (en_logging_read)> <Delay = 0.00>
ST_2 : Operation 50 [1/1] (1.63ns)   --->   "%add_ln55 = add i11 %counter_load, i11 1" [PSDMonitor.cpp:55]   --->   Operation 50 'add' 'add_ln55' <Predicate = (en_logging_read & !icmp_ln44)> <Delay = 1.63> <CoreInst = "Adder">   --->   Core 1 'Adder' <Latency = 0> <II = 1> <Delay = 1.63> <FuncUnit> <Opcode : 'add' 'sub'> <InPorts = 2> <OutPorts = 1>
ST_2 : Operation 51 [1/1] (1.58ns)   --->   "%br_ln0 = br void %if.end17"   --->   Operation 51 'br' 'br_ln0' <Predicate = (en_logging_read & !icmp_ln44)> <Delay = 1.58>
ST_2 : Operation 52 [1/1] (0.00ns)   --->   "%avg_error = partselect i16 @_ssdm_op_PartSelect.i16.i32.i32.i32, i32 %add_ln42, i32 10, i32 25" [PSDMonitor.cpp:45]   --->   Operation 52 'partselect' 'avg_error' <Predicate = (en_logging_read & icmp_ln44)> <Delay = 0.00>
ST_2 : Operation 53 [1/1] (2.55ns)   --->   "%icmp_ln47 = icmp_ult  i32 %mem_idx_load, i32 %max_samples_read" [PSDMonitor.cpp:47]   --->   Operation 53 'icmp' 'icmp_ln47' <Predicate = (en_logging_read & icmp_ln44)> <Delay = 2.55> <CoreInst = "Cmp">   --->   Core 9 'Cmp' <Latency = 0> <II = 1> <Delay = 2.55> <FuncUnit> <Opcode : 'seteq' 'setne' 'setle' 'setge' 'setlt' 'setgt'> <InPorts = 2> <OutPorts = 1>
ST_2 : Operation 54 [1/1] (0.00ns)   --->   "%br_ln47 = br i1 %icmp_ln47, void %if.end11, void %if.then10" [PSDMonitor.cpp:47]   --->   Operation 54 'br' 'br_ln47' <Predicate = (en_logging_read & icmp_ln44)> <Delay = 0.00>
ST_2 : Operation 55 [1/1] (0.00ns)   --->   "%shl_ln = bitconcatenate i33 @_ssdm_op_BitConcatenate.i33.i32.i1, i32 %mem_idx_load, i1 0" [PSDMonitor.cpp:48]   --->   Operation 55 'bitconcatenate' 'shl_ln' <Predicate = (en_logging_read & icmp_ln44 & icmp_ln47)> <Delay = 0.00>
ST_2 : Operation 56 [1/1] (0.00ns)   --->   "%zext_ln48 = zext i33 %shl_ln" [PSDMonitor.cpp:48]   --->   Operation 56 'zext' 'zext_ln48' <Predicate = (en_logging_read & icmp_ln44 & icmp_ln47)> <Delay = 0.00>
ST_2 : Operation 57 [1/1] (3.52ns)   --->   "%add_ln48 = add i64 %zext_ln48, i64 %ram_buffer_read" [PSDMonitor.cpp:48]   --->   Operation 57 'add' 'add_ln48' <Predicate = (en_logging_read & icmp_ln44 & icmp_ln47)> <Delay = 3.52> <CoreInst = "Adder">   --->   Core 1 'Adder' <Latency = 0> <II = 1> <Delay = 3.52> <FuncUnit> <Opcode : 'add' 'sub'> <InPorts = 2> <OutPorts = 1>
ST_2 : Operation 58 [1/1] (0.00ns)   --->   "%trunc_ln = partselect i63 @_ssdm_op_PartSelect.i63.i64.i32.i32, i64 %add_ln48, i32 1, i32 63" [PSDMonitor.cpp:48]   --->   Operation 58 'partselect' 'trunc_ln' <Predicate = (en_logging_read & icmp_ln44 & icmp_ln47)> <Delay = 0.00>
ST_2 : Operation 59 [1/1] (0.00ns)   --->   "%sext_ln48 = sext i63 %trunc_ln" [PSDMonitor.cpp:48]   --->   Operation 59 'sext' 'sext_ln48' <Predicate = (en_logging_read & icmp_ln44 & icmp_ln47)> <Delay = 0.00>
ST_2 : Operation 60 [1/1] (0.00ns)   --->   "%gmem_addr = getelementptr i16 %gmem, i64 %sext_ln48" [PSDMonitor.cpp:48]   --->   Operation 60 'getelementptr' 'gmem_addr' <Predicate = (en_logging_read & icmp_ln44 & icmp_ln47)> <Delay = 0.00>
ST_2 : Operation 61 [1/1] (2.55ns)   --->   "%add_ln49 = add i32 %mem_idx_load, i32 1" [PSDMonitor.cpp:49]   --->   Operation 61 'add' 'add_ln49' <Predicate = (en_logging_read & icmp_ln44 & icmp_ln47)> <Delay = 2.55> <CoreInst = "Adder">   --->   Core 1 'Adder' <Latency = 0> <II = 1> <Delay = 2.55> <FuncUnit> <Opcode : 'add' 'sub'> <InPorts = 2> <OutPorts = 1>
ST_2 : Operation 62 [1/1] (1.58ns)   --->   "%store_ln49 = store i32 %add_ln49, i32 %mem_idx" [PSDMonitor.cpp:49]   --->   Operation 62 'store' 'store_ln49' <Predicate = (en_logging_read & icmp_ln44 & icmp_ln47)> <Delay = 1.58>
ST_2 : Operation 63 [1/1] (1.58ns)   --->   "%br_ln54 = br void %if.end17" [PSDMonitor.cpp:54]   --->   Operation 63 'br' 'br_ln54' <Predicate = (en_logging_read & icmp_ln44)> <Delay = 1.58>
ST_2 : Operation 64 [1/1] (0.00ns)   --->   "%error_accum_new_0 = phi i32 0, void %if.end11, i32 %add_ln42, void %if.else12, i32 0, void %if.else15" [PSDMonitor.cpp:42]   --->   Operation 64 'phi' 'error_accum_new_0' <Predicate = true> <Delay = 0.00>
ST_2 : Operation 65 [1/1] (0.00ns)   --->   "%storemerge1 = phi i11 0, void %if.end11, i11 %add_ln55, void %if.else12, i11 0, void %if.else15" [PSDMonitor.cpp:55]   --->   Operation 65 'phi' 'storemerge1' <Predicate = true> <Delay = 0.00>
ST_2 : Operation 66 [1/1] (0.00ns)   --->   "%store_ln60 = store i11 %storemerge1, i11 %counter" [PSDMonitor.cpp:60]   --->   Operation 66 'store' 'store_ln60' <Predicate = true> <Delay = 0.00>
ST_2 : Operation 67 [1/1] (0.00ns)   --->   "%store_ln42 = store i32 %error_accum_new_0, i32 %error_accum" [PSDMonitor.cpp:42]   --->   Operation 67 'store' 'store_ln42' <Predicate = true> <Delay = 0.00>

State 3 <SV = 2> <Delay = 5.84>
ST_3 : Operation 68 [1/1] (5.84ns)   --->   "%gmem_addr_req = writereq i1 @_ssdm_op_WriteReq.m_axi.i16P1A, i16 %gmem_addr, i64 1" [PSDMonitor.cpp:48]   --->   Operation 68 'writereq' 'gmem_addr_req' <Predicate = (en_logging_read & icmp_ln44 & icmp_ln47)> <Delay = 5.84> <CoreInst = "m_axi">   --->   Core 111 'm_axi' <Latency = 0> <II = 1> <Delay = 1.00> <Adapter> <Opcode : 'read' 'write' 'readreq' 'writereq' 'writeresp'>

State 4 <SV = 3> <Delay = 5.84>
ST_4 : Operation 69 [1/1] (5.84ns)   --->   "%write_ln48 = write void @_ssdm_op_Write.m_axi.i16P1A, i16 %gmem_addr, i16 %avg_error, i2 3" [PSDMonitor.cpp:48]   --->   Operation 69 'write' 'write_ln48' <Predicate = (en_logging_read & icmp_ln44 & icmp_ln47)> <Delay = 5.84> <CoreInst = "m_axi">   --->   Core 111 'm_axi' <Latency = 0> <II = 1> <Delay = 1.00> <Adapter> <Opcode : 'read' 'write' 'readreq' 'writereq' 'writeresp'>

State 5 <SV = 4> <Delay = 5.84>
ST_5 : Operation 70 [5/5] (5.84ns)   --->   "%gmem_addr_resp = writeresp i1 @_ssdm_op_WriteResp.m_axi.i16P1A, i16 %gmem_addr" [PSDMonitor.cpp:48]   --->   Operation 70 'writeresp' 'gmem_addr_resp' <Predicate = (en_logging_read & icmp_ln44 & icmp_ln47)> <Delay = 5.84> <CoreInst = "m_axi">   --->   Core 111 'm_axi' <Latency = 0> <II = 1> <Delay = 1.00> <Adapter> <Opcode : 'read' 'write' 'readreq' 'writereq' 'writeresp'>

State 6 <SV = 5> <Delay = 5.84>
ST_6 : Operation 71 [4/5] (5.84ns)   --->   "%gmem_addr_resp = writeresp i1 @_ssdm_op_WriteResp.m_axi.i16P1A, i16 %gmem_addr" [PSDMonitor.cpp:48]   --->   Operation 71 'writeresp' 'gmem_addr_resp' <Predicate = (en_logging_read & icmp_ln44 & icmp_ln47)> <Delay = 5.84> <CoreInst = "m_axi">   --->   Core 111 'm_axi' <Latency = 0> <II = 1> <Delay = 1.00> <Adapter> <Opcode : 'read' 'write' 'readreq' 'writereq' 'writeresp'>

State 7 <SV = 6> <Delay = 5.84>
ST_7 : Operation 72 [3/5] (5.84ns)   --->   "%gmem_addr_resp = writeresp i1 @_ssdm_op_WriteResp.m_axi.i16P1A, i16 %gmem_addr" [PSDMonitor.cpp:48]   --->   Operation 72 'writeresp' 'gmem_addr_resp' <Predicate = (en_logging_read & icmp_ln44 & icmp_ln47)> <Delay = 5.84> <CoreInst = "m_axi">   --->   Core 111 'm_axi' <Latency = 0> <II = 1> <Delay = 1.00> <Adapter> <Opcode : 'read' 'write' 'readreq' 'writereq' 'writeresp'>

State 8 <SV = 7> <Delay = 5.84>
ST_8 : Operation 73 [2/5] (5.84ns)   --->   "%gmem_addr_resp = writeresp i1 @_ssdm_op_WriteResp.m_axi.i16P1A, i16 %gmem_addr" [PSDMonitor.cpp:48]   --->   Operation 73 'writeresp' 'gmem_addr_resp' <Predicate = (en_logging_read & icmp_ln44 & icmp_ln47)> <Delay = 5.84> <CoreInst = "m_axi">   --->   Core 111 'm_axi' <Latency = 0> <II = 1> <Delay = 1.00> <Adapter> <Opcode : 'read' 'write' 'readreq' 'writereq' 'writeresp'>

State 9 <SV = 8> <Delay = 5.84>
ST_9 : Operation 74 [1/5] (5.84ns)   --->   "%gmem_addr_resp = writeresp i1 @_ssdm_op_WriteResp.m_axi.i16P1A, i16 %gmem_addr" [PSDMonitor.cpp:48]   --->   Operation 74 'writeresp' 'gmem_addr_resp' <Predicate = (en_logging_read & icmp_ln44 & icmp_ln47)> <Delay = 5.84> <CoreInst = "m_axi">   --->   Core 111 'm_axi' <Latency = 0> <II = 1> <Delay = 1.00> <Adapter> <Opcode : 'read' 'write' 'readreq' 'writereq' 'writeresp'>
ST_9 : Operation 75 [1/1] (0.00ns)   --->   "%br_ln50 = br void %if.end11" [PSDMonitor.cpp:50]   --->   Operation 75 'br' 'br_ln50' <Predicate = (en_logging_read & icmp_ln44 & icmp_ln47)> <Delay = 0.00>
ST_9 : Operation 76 [1/1] (0.00ns)   --->   "%ret_ln62 = ret" [PSDMonitor.cpp:62]   --->   Operation 76 'ret' 'ret_ln62' <Predicate = true> <Delay = 0.00>


============================================================
+ Verbose Summary: Binding
============================================================
STG Binding: 
---------------- STG Properties BEGIN ----------------
- Is combinational: 0
- Is one-state seq: 0
- Is datapath-only: 0
- Is pipelined: 1
- Is top level: 1
Port [ Return ] is wired: 1; IO mode=ap_ctrl_none:ce=0
Port [ gmem]:  wired=1; compound=1; hidden=0; nouse=0; global=0; static=0; extern=0; dir=1; type=4; pingpong=0; private_global=0; IO mode=m_axi:ce=0
Port [ adc_in_V_data_V]:  wired=1; compound=1; hidden=0; nouse=0; global=0; static=0; extern=0; dir=0; type=0; pingpong=0; private_global=0; IO mode=axis:ce=0
Port [ adc_in_V_keep_V]:  wired=1; compound=1; hidden=0; nouse=0; global=0; static=0; extern=0; dir=0; type=0; pingpong=0; private_global=0; IO mode=axis:ce=0
Port [ adc_in_V_strb_V]:  wired=1; compound=1; hidden=0; nouse=0; global=0; static=0; extern=0; dir=0; type=0; pingpong=0; private_global=0; IO mode=axis:ce=0
Port [ adc_in_V_last_V]:  wired=1; compound=1; hidden=0; nouse=0; global=0; static=0; extern=0; dir=0; type=0; pingpong=0; private_global=0; IO mode=axis:ce=0
Port [ ram_buffer]:  wired=1; compound=0; hidden=0; nouse=0; global=0; static=0; extern=0; dir=0; type=0; pingpong=0; private_global=0; IO mode=ap_none:ce=0
Port [ max_samples]:  wired=1; compound=0; hidden=0; nouse=0; global=0; static=0; extern=0; dir=0; type=0; pingpong=0; private_global=0; IO mode=ap_none:ce=0
Port [ en_logging]:  wired=1; compound=0; hidden=0; nouse=0; global=0; static=0; extern=0; dir=0; type=0; pingpong=0; private_global=0; IO mode=ap_none:ce=0
Port [ fake_counter]:  wired=0; compound=0; hidden=1; nouse=0; global=1; static=1; extern=0; dir=2; type=0; pingpong=0; private_global=1; IO mode=ap_ovld:ce=0
Port [ error_accum]:  wired=0; compound=0; hidden=1; nouse=0; global=1; static=1; extern=0; dir=2; type=0; pingpong=0; private_global=1; IO mode=ap_ovld:ce=0
Port [ mem_idx]:  wired=0; compound=0; hidden=1; nouse=0; global=1; static=1; extern=0; dir=2; type=0; pingpong=0; private_global=1; IO mode=ap_ovld:ce=0
Port [ counter]:  wired=0; compound=0; hidden=1; nouse=0; global=1; static=1; extern=0; dir=2; type=0; pingpong=0; private_global=1; IO mode=ap_ovld:ce=0
---------------- STG Properties END ------------------

---------------- Datapath Model BEGIN ----------------

<LifeTime>
<method=bitvector/>
specpipeline_ln16        (specpipeline       ) [ 0000000000]
spectopmodule_ln11       (spectopmodule      ) [ 0000000000]
specinterface_ln11       (specinterface      ) [ 0000000000]
specinterface_ln0        (specinterface      ) [ 0000000000]
specbitsmap_ln0          (specbitsmap        ) [ 0000000000]
specinterface_ln0        (specinterface      ) [ 0000000000]
specbitsmap_ln0          (specbitsmap        ) [ 0000000000]
specbitsmap_ln0          (specbitsmap        ) [ 0000000000]
specbitsmap_ln0          (specbitsmap        ) [ 0000000000]
specbitsmap_ln0          (specbitsmap        ) [ 0000000000]
specinterface_ln0        (specinterface      ) [ 0000000000]
specinterface_ln0        (specinterface      ) [ 0000000000]
specbitsmap_ln0          (specbitsmap        ) [ 0000000000]
specinterface_ln0        (specinterface      ) [ 0000000000]
specinterface_ln0        (specinterface      ) [ 0000000000]
specbitsmap_ln0          (specbitsmap        ) [ 0000000000]
specinterface_ln0        (specinterface      ) [ 0000000000]
specinterface_ln0        (specinterface      ) [ 0000000000]
en_logging_read          (read               ) [ 0111111111]
max_samples_read         (read               ) [ 0110000000]
ram_buffer_read          (read               ) [ 0110000000]
empty                    (nbread             ) [ 0000000000]
p_vld                    (extractvalue       ) [ 0100000000]
specaxissidechannel_ln32 (specaxissidechannel) [ 0000000000]
br_ln32                  (br                 ) [ 0110000000]
val_adc1                 (load               ) [ 0110000000]
add_ln37                 (add                ) [ 0000000000]
store_ln37               (store              ) [ 0000000000]
br_ln0                   (br                 ) [ 0110000000]
br_ln41                  (br                 ) [ 0000000000]
br_ln0                   (br                 ) [ 0110000000]
val_adc1_1               (phi                ) [ 0110000000]
error_accum_load         (load               ) [ 0000000000]
mem_idx_load             (load               ) [ 0000000000]
store_ln58               (store              ) [ 0000000000]
sext_ln42                (sext               ) [ 0000000000]
add_ln42                 (add                ) [ 0000000000]
counter_load             (load               ) [ 0000000000]
icmp_ln44                (icmp               ) [ 0111111111]
br_ln44                  (br                 ) [ 0000000000]
add_ln55                 (add                ) [ 0000000000]
br_ln0                   (br                 ) [ 0000000000]
avg_error                (partselect         ) [ 0101100000]
icmp_ln47                (icmp               ) [ 0111111111]
br_ln47                  (br                 ) [ 0000000000]
shl_ln                   (bitconcatenate     ) [ 0000000000]
zext_ln48                (zext               ) [ 0000000000]
add_ln48                 (add                ) [ 0000000000]
trunc_ln                 (partselect         ) [ 0000000000]
sext_ln48                (sext               ) [ 0000000000]
gmem_addr                (getelementptr      ) [ 0101111111]
add_ln49                 (add                ) [ 0000000000]
store_ln49               (store              ) [ 0000000000]
br_ln54                  (br                 ) [ 0000000000]
error_accum_new_0        (phi                ) [ 0110000000]
storemerge1              (phi                ) [ 0110000000]
store_ln60               (store              ) [ 0000000000]
store_ln42               (store              ) [ 0000000000]
gmem_addr_req            (writereq           ) [ 0000000000]
write_ln48               (write              ) [ 0000000000]
gmem_addr_resp           (writeresp          ) [ 0000000000]
br_ln50                  (br                 ) [ 0000000000]
ret_ln62                 (ret                ) [ 0000000000]
</LifeTime>

<model>

<comp_list>
<comp id="0" class="1000" name="gmem">
<pin_list>
<pin id="1" dir="1" index="0" bw="1" slack="0"/>
</pin_list>
<bind>
<StgValue><ssdm name="gmem"/></StgValue>
</bind>
</comp>

<comp id="2" class="1000" name="adc_in_V_data_V">
<pin_list>
<pin id="3" dir="1" index="0" bw="1" slack="0"/>
</pin_list>
<bind>
<StgValue><ssdm name="adc_in_V_data_V"/></StgValue>
</bind>
</comp>

<comp id="4" class="1000" name="adc_in_V_keep_V">
<pin_list>
<pin id="5" dir="1" index="0" bw="1" slack="0"/>
</pin_list>
<bind>
<StgValue><ssdm name="adc_in_V_keep_V"/></StgValue>
</bind>
</comp>

<comp id="6" class="1000" name="adc_in_V_strb_V">
<pin_list>
<pin id="7" dir="1" index="0" bw="1" slack="0"/>
</pin_list>
<bind>
<StgValue><ssdm name="adc_in_V_strb_V"/></StgValue>
</bind>
</comp>

<comp id="8" class="1000" name="adc_in_V_last_V">
<pin_list>
<pin id="9" dir="1" index="0" bw="1" slack="0"/>
</pin_list>
<bind>
<StgValue><ssdm name="adc_in_V_last_V"/></StgValue>
</bind>
</comp>

<comp id="10" class="1000" name="ram_buffer">
<pin_list>
<pin id="11" dir="1" index="0" bw="1" slack="0"/>
</pin_list>
<bind>
<StgValue><ssdm name="ram_buffer"/></StgValue>
</bind>
</comp>

<comp id="12" class="1000" name="max_samples">
<pin_list>
<pin id="13" dir="1" index="0" bw="1" slack="0"/>
</pin_list>
<bind>
<StgValue><ssdm name="max_samples"/></StgValue>
</bind>
</comp>

<comp id="14" class="1000" name="en_logging">
<pin_list>
<pin id="15" dir="1" index="0" bw="1" slack="0"/>
</pin_list>
<bind>
<StgValue><ssdm name="en_logging"/></StgValue>
</bind>
</comp>

<comp id="16" class="1000" name="fake_counter">
<pin_list>
<pin id="17" dir="1" index="0" bw="1" slack="0"/>
</pin_list>
<bind>
<StgValue><ssdm name="fake_counter"/></StgValue>
</bind>
</comp>

<comp id="18" class="1000" name="error_accum">
<pin_list>
<pin id="19" dir="1" index="0" bw="1" slack="0"/>
</pin_list>
<bind>
<StgValue><ssdm name="error_accum"/></StgValue>
</bind>
</comp>

<comp id="20" class="1000" name="mem_idx">
<pin_list>
<pin id="21" dir="1" index="0" bw="1" slack="0"/>
</pin_list>
<bind>
<StgValue><ssdm name="mem_idx"/></StgValue>
</bind>
</comp>

<comp id="22" class="1000" name="counter">
<pin_list>
<pin id="23" dir="1" index="0" bw="1" slack="0"/>
</pin_list>
<bind>
<StgValue><ssdm name="counter"/></StgValue>
</bind>
</comp>

<comp id="24" class="1001" name="const_24">
<pin_list>
<pin id="25" dir="1" index="0" bw="1" slack="2147483647"/>
</pin_list>
<bind>
<StgValue><ssdm name="_ssdm_op_SpecPipeline"/></StgValue>
</bind>
</comp>

<comp id="26" class="1001" name="const_26">
<pin_list>
<pin id="27" dir="1" index="0" bw="1" slack="0"/>
</pin_list>
<bind>
<StgValue><ssdm name=""/></StgValue>
</bind>
</comp>

<comp id="28" class="1001" name="const_28">
<pin_list>
<pin id="29" dir="1" index="0" bw="1" slack="0"/>
</pin_list>
<bind>
<StgValue><ssdm name=""/></StgValue>
</bind>
</comp>

<comp id="30" class="1001" name="const_30">
<pin_list>
<pin id="31" dir="1" index="0" bw="1" slack="2147483647"/>
</pin_list>
<bind>
<StgValue><ssdm name="empty_2"/></StgValue>
</bind>
</comp>

<comp id="32" class="1001" name="const_32">
<pin_list>
<pin id="33" dir="1" index="0" bw="1" slack="2147483647"/>
</pin_list>
<bind>
<StgValue><ssdm name="_ssdm_op_SpecTopModule"/></StgValue>
</bind>
</comp>

<comp id="34" class="1001" name="const_34">
<pin_list>
<pin id="35" dir="1" index="0" bw="1" slack="2147483647"/>
</pin_list>
<bind>
<StgValue><ssdm name="empty_11"/></StgValue>
</bind>
</comp>

<comp id="36" class="1001" name="const_36">
<pin_list>
<pin id="37" dir="1" index="0" bw="1" slack="2147483647"/>
</pin_list>
<bind>
<StgValue><ssdm name="_ssdm_op_SpecInterface"/></StgValue>
</bind>
</comp>

<comp id="38" class="1001" name="const_38">
<pin_list>
<pin id="39" dir="1" index="0" bw="1" slack="2147483647"/>
</pin_list>
<bind>
<StgValue><ssdm name="empty_12"/></StgValue>
</bind>
</comp>

<comp id="40" class="1001" name="const_40">
<pin_list>
<pin id="41" dir="1" index="0" bw="1" slack="2147483647"/>
</pin_list>
<bind>
<StgValue><ssdm name=""/></StgValue>
</bind>
</comp>

<comp id="42" class="1001" name="const_42">
<pin_list>
<pin id="43" dir="1" index="0" bw="1" slack="2147483647"/>
</pin_list>
<bind>
<StgValue><ssdm name="empty_1"/></StgValue>
</bind>
</comp>

<comp id="44" class="1001" name="const_44">
<pin_list>
<pin id="45" dir="1" index="0" bw="1" slack="2147483647"/>
</pin_list>
<bind>
<StgValue><ssdm name=""/></StgValue>
</bind>
</comp>

<comp id="46" class="1001" name="const_46">
<pin_list>
<pin id="47" dir="1" index="0" bw="1" slack="2147483647"/>
</pin_list>
<bind>
<StgValue><ssdm name="empty_3"/></StgValue>
</bind>
</comp>

<comp id="48" class="1001" name="const_48">
<pin_list>
<pin id="49" dir="1" index="0" bw="1" slack="2147483647"/>
</pin_list>
<bind>
<StgValue><ssdm name="empty_8"/></StgValue>
</bind>
</comp>

<comp id="50" class="1001" name="const_50">
<pin_list>
<pin id="51" dir="1" index="0" bw="1" slack="2147483647"/>
</pin_list>
<bind>
<StgValue><ssdm name=""/></StgValue>
</bind>
</comp>

<comp id="52" class="1001" name="const_52">
<pin_list>
<pin id="53" dir="1" index="0" bw="1" slack="2147483647"/>
</pin_list>
<bind>
<StgValue><ssdm name="_ssdm_op_SpecBitsMap"/></StgValue>
</bind>
</comp>

<comp id="54" class="1001" name="const_54">
<pin_list>
<pin id="55" dir="1" index="0" bw="1" slack="2147483647"/>
</pin_list>
<bind>
<StgValue><ssdm name="empty_4"/></StgValue>
</bind>
</comp>

<comp id="56" class="1001" name="const_56">
<pin_list>
<pin id="57" dir="1" index="0" bw="1" slack="2147483647"/>
</pin_list>
<bind>
<StgValue><ssdm name="empty_7"/></StgValue>
</bind>
</comp>

<comp id="58" class="1001" name="const_58">
<pin_list>
<pin id="59" dir="1" index="0" bw="1" slack="2147483647"/>
</pin_list>
<bind>
<StgValue><ssdm name="empty_13"/></StgValue>
</bind>
</comp>

<comp id="60" class="1001" name="const_60">
<pin_list>
<pin id="61" dir="1" index="0" bw="1" slack="2147483647"/>
</pin_list>
<bind>
<StgValue><ssdm name="empty_14"/></StgValue>
</bind>
</comp>

<comp id="62" class="1001" name="const_62">
<pin_list>
<pin id="63" dir="1" index="0" bw="1" slack="2147483647"/>
</pin_list>
<bind>
<StgValue><ssdm name="empty_5"/></StgValue>
</bind>
</comp>

<comp id="64" class="1001" name="const_64">
<pin_list>
<pin id="65" dir="1" index="0" bw="1" slack="2147483647"/>
</pin_list>
<bind>
<StgValue><ssdm name="empty_6"/></StgValue>
</bind>
</comp>

<comp id="66" class="1001" name="const_66">
<pin_list>
<pin id="67" dir="1" index="0" bw="1" slack="2147483647"/>
</pin_list>
<bind>
<StgValue><ssdm name="empty_0"/></StgValue>
</bind>
</comp>

<comp id="68" class="1001" name="const_68">
<pin_list>
<pin id="69" dir="1" index="0" bw="1" slack="2147483647"/>
</pin_list>
<bind>
<StgValue><ssdm name="empty"/></StgValue>
</bind>
</comp>

<comp id="70" class="1001" name="const_70">
<pin_list>
<pin id="71" dir="1" index="0" bw="1" slack="2147483647"/>
</pin_list>
<bind>
<StgValue><ssdm name="empty_9"/></StgValue>
</bind>
</comp>

<comp id="72" class="1001" name="const_72">
<pin_list>
<pin id="73" dir="1" index="0" bw="1" slack="0"/>
</pin_list>
<bind>
<StgValue><ssdm name="_ssdm_op_Read.s_axilite.i1"/></StgValue>
</bind>
</comp>

<comp id="74" class="1001" name="const_74">
<pin_list>
<pin id="75" dir="1" index="0" bw="1" slack="0"/>
</pin_list>
<bind>
<StgValue><ssdm name="_ssdm_op_Read.s_axilite.i32"/></StgValue>
</bind>
</comp>

<comp id="76" class="1001" name="const_76">
<pin_list>
<pin id="77" dir="1" index="0" bw="1" slack="0"/>
</pin_list>
<bind>
<StgValue><ssdm name="_ssdm_op_Read.s_axilite.i64"/></StgValue>
</bind>
</comp>

<comp id="78" class="1001" name="const_78">
<pin_list>
<pin id="79" dir="1" index="0" bw="1" slack="0"/>
</pin_list>
<bind>
<StgValue><ssdm name="_ssdm_op_NbRead.axis.volatile.i32P0A.i4P0A.i4P0A.i1P0A"/></StgValue>
</bind>
</comp>

<comp id="80" class="1001" name="const_80">
<pin_list>
<pin id="81" dir="1" index="0" bw="1" slack="2147483647"/>
</pin_list>
<bind>
<StgValue><ssdm name="_ssdm_op_SpecAXISSideChannel"/></StgValue>
</bind>
</comp>

<comp id="82" class="1001" name="const_82">
<pin_list>
<pin id="83" dir="1" index="0" bw="1" slack="2147483647"/>
</pin_list>
<bind>
<StgValue><ssdm name=""/></StgValue>
</bind>
</comp>

<comp id="84" class="1001" name="const_84">
<pin_list>
<pin id="85" dir="1" index="0" bw="1" slack="2147483647"/>
</pin_list>
<bind>
<StgValue><ssdm name="empty_10"/></StgValue>
</bind>
</comp>

<comp id="86" class="1001" name="const_86">
<pin_list>
<pin id="87" dir="1" index="0" bw="1" slack="0"/>
</pin_list>
<bind>
<StgValue><ssdm name=""/></StgValue>
</bind>
</comp>

<comp id="88" class="1001" name="const_88">
<pin_list>
<pin id="89" dir="1" index="0" bw="1" slack="1"/>
</pin_list>
<bind>
<StgValue><ssdm name=""/></StgValue>
</bind>
</comp>

<comp id="90" class="1001" name="const_90">
<pin_list>
<pin id="91" dir="1" index="0" bw="1" slack="0"/>
</pin_list>
<bind>
<StgValue><ssdm name=""/></StgValue>
</bind>
</comp>

<comp id="92" class="1001" name="const_92">
<pin_list>
<pin id="93" dir="1" index="0" bw="1" slack="0"/>
</pin_list>
<bind>
<StgValue><ssdm name=""/></StgValue>
</bind>
</comp>

<comp id="94" class="1001" name="const_94">
<pin_list>
<pin id="95" dir="1" index="0" bw="1" slack="0"/>
</pin_list>
<bind>
<StgValue><ssdm name="_ssdm_op_PartSelect.i16.i32.i32.i32"/></StgValue>
</bind>
</comp>

<comp id="96" class="1001" name="const_96">
<pin_list>
<pin id="97" dir="1" index="0" bw="1" slack="0"/>
</pin_list>
<bind>
<StgValue><ssdm name=""/></StgValue>
</bind>
</comp>

<comp id="98" class="1001" name="const_98">
<pin_list>
<pin id="99" dir="1" index="0" bw="1" slack="0"/>
</pin_list>
<bind>
<StgValue><ssdm name=""/></StgValue>
</bind>
</comp>

<comp id="100" class="1001" name="const_100">
<pin_list>
<pin id="101" dir="1" index="0" bw="1" slack="0"/>
</pin_list>
<bind>
<StgValue><ssdm name="_ssdm_op_BitConcatenate.i33.i32.i1"/></StgValue>
</bind>
</comp>

<comp id="102" class="1001" name="const_102">
<pin_list>
<pin id="103" dir="1" index="0" bw="1" slack="0"/>
</pin_list>
<bind>
<StgValue><ssdm name=""/></StgValue>
</bind>
</comp>

<comp id="104" class="1001" name="const_104">
<pin_list>
<pin id="105" dir="1" index="0" bw="1" slack="0"/>
</pin_list>
<bind>
<StgValue><ssdm name="_ssdm_op_PartSelect.i63.i64.i32.i32"/></StgValue>
</bind>
</comp>

<comp id="106" class="1001" name="const_106">
<pin_list>
<pin id="107" dir="1" index="0" bw="1" slack="0"/>
</pin_list>
<bind>
<StgValue><ssdm name=""/></StgValue>
</bind>
</comp>

<comp id="108" class="1001" name="const_108">
<pin_list>
<pin id="109" dir="1" index="0" bw="1" slack="0"/>
</pin_list>
<bind>
<StgValue><ssdm name=""/></StgValue>
</bind>
</comp>

<comp id="110" class="1001" name="const_110">
<pin_list>
<pin id="111" dir="1" index="0" bw="1" slack="0"/>
</pin_list>
<bind>
<StgValue><ssdm name="_ssdm_op_WriteReq.m_axi.i16P1A"/></StgValue>
</bind>
</comp>

<comp id="112" class="1001" name="const_112">
<pin_list>
<pin id="113" dir="1" index="0" bw="1" slack="0"/>
</pin_list>
<bind>
<StgValue><ssdm name=""/></StgValue>
</bind>
</comp>

<comp id="114" class="1001" name="const_114">
<pin_list>
<pin id="115" dir="1" index="0" bw="1" slack="0"/>
</pin_list>
<bind>
<StgValue><ssdm name="_ssdm_op_Write.m_axi.i16P1A"/></StgValue>
</bind>
</comp>

<comp id="116" class="1001" name="const_116">
<pin_list>
<pin id="117" dir="1" index="0" bw="1" slack="0"/>
</pin_list>
<bind>
<StgValue><ssdm name=""/></StgValue>
</bind>
</comp>

<comp id="118" class="1001" name="const_118">
<pin_list>
<pin id="119" dir="1" index="0" bw="1" slack="0"/>
</pin_list>
<bind>
<StgValue><ssdm name="_ssdm_op_WriteResp.m_axi.i16P1A"/></StgValue>
</bind>
</comp>

<comp id="120" class="1004" name="en_logging_read_read_fu_120">
<pin_list>
<pin id="121" dir="0" index="0" bw="1" slack="0"/>
<pin id="122" dir="0" index="1" bw="1" slack="0"/>
<pin id="123" dir="1" index="2" bw="1" slack="1"/>
</pin_list>
<bind>
<opcode="read(1150) " fcode="read"/>
<opset="en_logging_read/1 "/>
</bind>
</comp>

<comp id="126" class="1004" name="max_samples_read_read_fu_126">
<pin_list>
<pin id="127" dir="0" index="0" bw="32" slack="0"/>
<pin id="128" dir="0" index="1" bw="32" slack="0"/>
<pin id="129" dir="1" index="2" bw="32" slack="1"/>
</pin_list>
<bind>
<opcode="read(1150) " fcode="read"/>
<opset="max_samples_read/1 "/>
</bind>
</comp>

<comp id="132" class="1004" name="ram_buffer_read_read_fu_132">
<pin_list>
<pin id="133" dir="0" index="0" bw="64" slack="0"/>
<pin id="134" dir="0" index="1" bw="64" slack="0"/>
<pin id="135" dir="1" index="2" bw="64" slack="1"/>
</pin_list>
<bind>
<opcode="read(1150) " fcode="read"/>
<opset="ram_buffer_read/1 "/>
</bind>
</comp>

<comp id="138" class="1004" name="empty_nbread_fu_138">
<pin_list>
<pin id="139" dir="0" index="0" bw="42" slack="0"/>
<pin id="140" dir="0" index="1" bw="32" slack="0"/>
<pin id="141" dir="0" index="2" bw="4" slack="0"/>
<pin id="142" dir="0" index="3" bw="4" slack="0"/>
<pin id="143" dir="0" index="4" bw="1" slack="0"/>
<pin id="144" dir="1" index="5" bw="42" slack="0"/>
</pin_list>
<bind>
<opcode="nbread(1152) " fcode="nbread"/>
<opset="empty/1 "/>
</bind>
</comp>

<comp id="150" class="1004" name="grp_writeresp_fu_150">
<pin_list>
<pin id="151" dir="0" index="0" bw="1" slack="0"/>
<pin id="152" dir="0" index="1" bw="16" slack="1"/>
<pin id="153" dir="0" index="2" bw="1" slack="0"/>
<pin id="154" dir="1" index="3" bw="1" slack="2147483647"/>
</pin_list>
<bind>
<opcode="writereq(1155) writeresp(1158) " fcode="writeresp"/>
<opset="gmem_addr_req/3 gmem_addr_resp/5 "/>
</bind>
</comp>

<comp id="157" class="1004" name="write_ln48_write_fu_157">
<pin_list>
<pin id="158" dir="0" index="0" bw="0" slack="0"/>
<pin id="159" dir="0" index="1" bw="16" slack="2"/>
<pin id="160" dir="0" index="2" bw="16" slack="2"/>
<pin id="161" dir="0" index="3" bw="1" slack="0"/>
<pin id="162" dir="1" index="4" bw="0" slack="2147483647"/>
</pin_list>
<bind>
<opcode="write(1151) " fcode="write"/>
<opset="write_ln48/4 "/>
</bind>
</comp>

<comp id="166" class="1005" name="val_adc1_1_reg_166">
<pin_list>
<pin id="167" dir="0" index="0" bw="16" slack="1"/>
<pin id="168" dir="1" index="1" bw="16" slack="1"/>
</pin_list>
<bind>
<opset="val_adc1_1 (phireg) "/>
</bind>
</comp>

<comp id="170" class="1004" name="val_adc1_1_phi_fu_170">
<pin_list>
<pin id="171" dir="0" index="0" bw="16" slack="1"/>
<pin id="172" dir="0" index="1" bw="0" slack="2147483647"/>
<pin id="173" dir="0" index="2" bw="1" slack="1"/>
<pin id="174" dir="0" index="3" bw="0" slack="2147483647"/>
<pin id="175" dir="1" index="4" bw="16" slack="0"/>
</pin_list>
<bind>
<opcode="phi(47) " fcode="phi"/>
<opset="val_adc1_1/2 "/>
</bind>
</comp>

<comp id="177" class="1005" name="error_accum_new_0_reg_177">
<pin_list>
<pin id="178" dir="0" index="0" bw="32" slack="1"/>
<pin id="179" dir="1" index="1" bw="32" slack="1"/>
</pin_list>
<bind>
<opset="error_accum_new_0 (phireg) "/>
</bind>
</comp>

<comp id="181" class="1004" name="error_accum_new_0_phi_fu_181">
<pin_list>
<pin id="182" dir="0" index="0" bw="1" slack="0"/>
<pin id="183" dir="0" index="1" bw="0" slack="2147483647"/>
<pin id="184" dir="0" index="2" bw="32" slack="0"/>
<pin id="185" dir="0" index="3" bw="0" slack="2147483647"/>
<pin id="186" dir="0" index="4" bw="1" slack="1"/>
<pin id="187" dir="0" index="5" bw="0" slack="2147483647"/>
<pin id="188" dir="1" index="6" bw="32" slack="0"/>
</pin_list>
<bind>
<opcode="phi(47) " fcode="phi"/>
<opset="error_accum_new_0/2 "/>
</bind>
</comp>

<comp id="191" class="1005" name="storemerge1_reg_191">
<pin_list>
<pin id="192" dir="0" index="0" bw="11" slack="1"/>
<pin id="193" dir="1" index="1" bw="11" slack="1"/>
</pin_list>
<bind>
<opset="storemerge1 (phireg) "/>
</bind>
</comp>

<comp id="195" class="1004" name="storemerge1_phi_fu_195">
<pin_list>
<pin id="196" dir="0" index="0" bw="1" slack="0"/>
<pin id="197" dir="0" index="1" bw="0" slack="2147483647"/>
<pin id="198" dir="0" index="2" bw="11" slack="0"/>
<pin id="199" dir="0" index="3" bw="0" slack="2147483647"/>
<pin id="200" dir="0" index="4" bw="1" slack="1"/>
<pin id="201" dir="0" index="5" bw="0" slack="2147483647"/>
<pin id="202" dir="1" index="6" bw="11" slack="0"/>
</pin_list>
<bind>
<opcode="phi(47) " fcode="phi"/>
<opset="storemerge1/2 "/>
</bind>
</comp>

<comp id="205" class="1004" name="p_vld_fu_205">
<pin_list>
<pin id="206" dir="0" index="0" bw="42" slack="0"/>
<pin id="207" dir="1" index="1" bw="1" slack="2147483647"/>
</pin_list>
<bind>
<opcode="extractvalue(56) " fcode="extractvalue"/>
<opset="p_vld/1 "/>
</bind>
</comp>

<comp id="209" class="1004" name="val_adc1_load_fu_209">
<pin_list>
<pin id="210" dir="0" index="0" bw="16" slack="0"/>
<pin id="211" dir="1" index="1" bw="16" slack="0"/>
</pin_list>
<bind>
<opcode="load(27) " fcode="load"/>
<opset="val_adc1/1 "/>
</bind>
</comp>

<comp id="213" class="1004" name="add_ln37_fu_213">
<pin_list>
<pin id="214" dir="0" index="0" bw="16" slack="0"/>
<pin id="215" dir="0" index="1" bw="8" slack="0"/>
<pin id="216" dir="1" index="2" bw="16" slack="0"/>
</pin_list>
<bind>
<opcode="add(8) " fcode="add"/>
<opset="add_ln37/1 "/>
</bind>
</comp>

<comp id="219" class="1004" name="store_ln37_store_fu_219">
<pin_list>
<pin id="220" dir="0" index="0" bw="16" slack="0"/>
<pin id="221" dir="0" index="1" bw="16" slack="0"/>
<pin id="222" dir="1" index="2" bw="0" slack="2147483647"/>
</pin_list>
<bind>
<opcode="store(28) " fcode="store"/>
<opset="store_ln37/1 "/>
</bind>
</comp>

<comp id="225" class="1004" name="error_accum_load_load_fu_225">
<pin_list>
<pin id="226" dir="0" index="0" bw="32" slack="0"/>
<pin id="227" dir="1" index="1" bw="32" slack="0"/>
</pin_list>
<bind>
<opcode="load(27) " fcode="load"/>
<opset="error_accum_load/2 "/>
</bind>
</comp>

<comp id="229" class="1004" name="mem_idx_load_load_fu_229">
<pin_list>
<pin id="230" dir="0" index="0" bw="32" slack="0"/>
<pin id="231" dir="1" index="1" bw="32" slack="0"/>
</pin_list>
<bind>
<opcode="load(27) " fcode="load"/>
<opset="mem_idx_load/2 "/>
</bind>
</comp>

<comp id="233" class="1004" name="store_ln58_store_fu_233">
<pin_list>
<pin id="234" dir="0" index="0" bw="1" slack="0"/>
<pin id="235" dir="0" index="1" bw="32" slack="0"/>
<pin id="236" dir="1" index="2" bw="0" slack="2147483647"/>
</pin_list>
<bind>
<opcode="store(28) " fcode="store"/>
<opset="store_ln58/2 "/>
</bind>
</comp>

<comp id="239" class="1004" name="sext_ln42_fu_239">
<pin_list>
<pin id="240" dir="0" index="0" bw="16" slack="0"/>
<pin id="241" dir="1" index="1" bw="32" slack="0"/>
</pin_list>
<bind>
<opcode="sext(35) " fcode="sext"/>
<opset="sext_ln42/2 "/>
</bind>
</comp>

<comp id="243" class="1004" name="add_ln42_fu_243">
<pin_list>
<pin id="244" dir="0" index="0" bw="32" slack="0"/>
<pin id="245" dir="0" index="1" bw="16" slack="0"/>
<pin id="246" dir="1" index="2" bw="32" slack="0"/>
</pin_list>
<bind>
<opcode="add(8) " fcode="add"/>
<opset="add_ln42/2 "/>
</bind>
</comp>

<comp id="250" class="1004" name="counter_load_load_fu_250">
<pin_list>
<pin id="251" dir="0" index="0" bw="11" slack="0"/>
<pin id="252" dir="1" index="1" bw="11" slack="0"/>
</pin_list>
<bind>
<opcode="load(27) " fcode="load"/>
<opset="counter_load/2 "/>
</bind>
</comp>

<comp id="254" class="1004" name="icmp_ln44_fu_254">
<pin_list>
<pin id="255" dir="0" index="0" bw="11" slack="0"/>
<pin id="256" dir="0" index="1" bw="11" slack="0"/>
<pin id="257" dir="1" index="2" bw="1" slack="1"/>
</pin_list>
<bind>
<opcode="icmp(45) " fcode="icmp"/>
<opset="icmp_ln44/2 "/>
</bind>
</comp>

<comp id="260" class="1004" name="add_ln55_fu_260">
<pin_list>
<pin id="261" dir="0" index="0" bw="11" slack="0"/>
<pin id="262" dir="0" index="1" bw="1" slack="0"/>
<pin id="263" dir="1" index="2" bw="11" slack="0"/>
</pin_list>
<bind>
<opcode="add(8) " fcode="add"/>
<opset="add_ln55/2 "/>
</bind>
</comp>

<comp id="267" class="1004" name="avg_error_fu_267">
<pin_list>
<pin id="268" dir="0" index="0" bw="16" slack="0"/>
<pin id="269" dir="0" index="1" bw="32" slack="0"/>
<pin id="270" dir="0" index="2" bw="5" slack="0"/>
<pin id="271" dir="0" index="3" bw="6" slack="0"/>
<pin id="272" dir="1" index="4" bw="16" slack="2"/>
</pin_list>
<bind>
<opcode="partselect(1002) " fcode="partselect"/>
<opset="avg_error/2 "/>
</bind>
</comp>

<comp id="277" class="1004" name="icmp_ln47_fu_277">
<pin_list>
<pin id="278" dir="0" index="0" bw="32" slack="0"/>
<pin id="279" dir="0" index="1" bw="32" slack="1"/>
<pin id="280" dir="1" index="2" bw="1" slack="1"/>
</pin_list>
<bind>
<opcode="icmp(45) " fcode="icmp"/>
<opset="icmp_ln47/2 "/>
</bind>
</comp>

<comp id="282" class="1004" name="shl_ln_fu_282">
<pin_list>
<pin id="283" dir="0" index="0" bw="33" slack="0"/>
<pin id="284" dir="0" index="1" bw="32" slack="0"/>
<pin id="285" dir="0" index="2" bw="1" slack="0"/>
<pin id="286" dir="1" index="3" bw="33" slack="0"/>
</pin_list>
<bind>
<opcode="bitconcatenate(1004) " fcode="bitconcatenate"/>
<opset="shl_ln/2 "/>
</bind>
</comp>

<comp id="290" class="1004" name="zext_ln48_fu_290">
<pin_list>
<pin id="291" dir="0" index="0" bw="33" slack="0"/>
<pin id="292" dir="1" index="1" bw="64" slack="0"/>
</pin_list>
<bind>
<opcode="zext(34) " fcode="zext"/>
<opset="zext_ln48/2 "/>
</bind>
</comp>

<comp id="294" class="1004" name="add_ln48_fu_294">
<pin_list>
<pin id="295" dir="0" index="0" bw="33" slack="0"/>
<pin id="296" dir="0" index="1" bw="64" slack="1"/>
<pin id="297" dir="1" index="2" bw="64" slack="0"/>
</pin_list>
<bind>
<opcode="add(8) " fcode="add"/>
<opset="add_ln48/2 "/>
</bind>
</comp>

<comp id="299" class="1004" name="trunc_ln_fu_299">
<pin_list>
<pin id="300" dir="0" index="0" bw="63" slack="0"/>
<pin id="301" dir="0" index="1" bw="64" slack="0"/>
<pin id="302" dir="0" index="2" bw="1" slack="0"/>
<pin id="303" dir="0" index="3" bw="7" slack="0"/>
<pin id="304" dir="1" index="4" bw="63" slack="0"/>
</pin_list>
<bind>
<opcode="partselect(1002) " fcode="partselect"/>
<opset="trunc_ln/2 "/>
</bind>
</comp>

<comp id="309" class="1004" name="sext_ln48_fu_309">
<pin_list>
<pin id="310" dir="0" index="0" bw="63" slack="0"/>
<pin id="311" dir="1" index="1" bw="64" slack="0"/>
</pin_list>
<bind>
<opcode="sext(35) " fcode="sext"/>
<opset="sext_ln48/2 "/>
</bind>
</comp>

<comp id="313" class="1004" name="gmem_addr_fu_313">
<pin_list>
<pin id="314" dir="0" index="0" bw="16" slack="0"/>
<pin id="315" dir="0" index="1" bw="63" slack="0"/>
<pin id="316" dir="1" index="2" bw="16" slack="1"/>
</pin_list>
<bind>
<opcode="getelementptr(29) " fcode="getelementptr"/>
<opset="gmem_addr/2 "/>
</bind>
</comp>

<comp id="319" class="1004" name="add_ln49_fu_319">
<pin_list>
<pin id="320" dir="0" index="0" bw="32" slack="0"/>
<pin id="321" dir="0" index="1" bw="1" slack="0"/>
<pin id="322" dir="1" index="2" bw="32" slack="0"/>
</pin_list>
<bind>
<opcode="add(8) " fcode="add"/>
<opset="add_ln49/2 "/>
</bind>
</comp>

<comp id="325" class="1004" name="store_ln49_store_fu_325">
<pin_list>
<pin id="326" dir="0" index="0" bw="32" slack="0"/>
<pin id="327" dir="0" index="1" bw="32" slack="0"/>
<pin id="328" dir="1" index="2" bw="0" slack="2147483647"/>
</pin_list>
<bind>
<opcode="store(28) " fcode="store"/>
<opset="store_ln49/2 "/>
</bind>
</comp>

<comp id="331" class="1004" name="store_ln60_store_fu_331">
<pin_list>
<pin id="332" dir="0" index="0" bw="11" slack="0"/>
<pin id="333" dir="0" index="1" bw="11" slack="0"/>
<pin id="334" dir="1" index="2" bw="0" slack="2147483647"/>
</pin_list>
<bind>
<opcode="store(28) " fcode="store"/>
<opset="store_ln60/2 "/>
</bind>
</comp>

<comp id="337" class="1004" name="store_ln42_store_fu_337">
<pin_list>
<pin id="338" dir="0" index="0" bw="32" slack="0"/>
<pin id="339" dir="0" index="1" bw="32" slack="0"/>
<pin id="340" dir="1" index="2" bw="0" slack="2147483647"/>
</pin_list>
<bind>
<opcode="store(28) " fcode="store"/>
<opset="store_ln42/2 "/>
</bind>
</comp>

<comp id="343" class="1005" name="en_logging_read_reg_343">
<pin_list>
<pin id="344" dir="0" index="0" bw="1" slack="1"/>
<pin id="345" dir="1" index="1" bw="1" slack="2147483647"/>
</pin_list>
<bind>
<opset="en_logging_read "/>
</bind>
</comp>

<comp id="347" class="1005" name="max_samples_read_reg_347">
<pin_list>
<pin id="348" dir="0" index="0" bw="32" slack="1"/>
<pin id="349" dir="1" index="1" bw="32" slack="1"/>
</pin_list>
<bind>
<opset="max_samples_read "/>
</bind>
</comp>

<comp id="352" class="1005" name="ram_buffer_read_reg_352">
<pin_list>
<pin id="353" dir="0" index="0" bw="64" slack="1"/>
<pin id="354" dir="1" index="1" bw="64" slack="1"/>
</pin_list>
<bind>
<opset="ram_buffer_read "/>
</bind>
</comp>

<comp id="360" class="1005" name="val_adc1_reg_360">
<pin_list>
<pin id="361" dir="0" index="0" bw="16" slack="1"/>
<pin id="362" dir="1" index="1" bw="16" slack="1"/>
</pin_list>
<bind>
<opset="val_adc1 "/>
</bind>
</comp>

<comp id="365" class="1005" name="icmp_ln44_reg_365">
<pin_list>
<pin id="366" dir="0" index="0" bw="1" slack="1"/>
<pin id="367" dir="1" index="1" bw="1" slack="2147483647"/>
</pin_list>
<bind>
<opset="icmp_ln44 "/>
</bind>
</comp>

<comp id="369" class="1005" name="avg_error_reg_369">
<pin_list>
<pin id="370" dir="0" index="0" bw="16" slack="2"/>
<pin id="371" dir="1" index="1" bw="16" slack="2"/>
</pin_list>
<bind>
<opset="avg_error "/>
</bind>
</comp>

<comp id="374" class="1005" name="icmp_ln47_reg_374">
<pin_list>
<pin id="375" dir="0" index="0" bw="1" slack="1"/>
<pin id="376" dir="1" index="1" bw="1" slack="2147483647"/>
</pin_list>
<bind>
<opset="icmp_ln47 "/>
</bind>
</comp>

<comp id="378" class="1005" name="gmem_addr_reg_378">
<pin_list>
<pin id="379" dir="0" index="0" bw="16" slack="1"/>
<pin id="380" dir="1" index="1" bw="16" slack="1"/>
</pin_list>
<bind>
<opset="gmem_addr "/>
</bind>
</comp>

</comp_list>

<net_list>
<net id="124"><net_src comp="72" pin="0"/><net_sink comp="120" pin=0"/></net>

<net id="125"><net_src comp="14" pin="0"/><net_sink comp="120" pin=1"/></net>

<net id="130"><net_src comp="74" pin="0"/><net_sink comp="126" pin=0"/></net>

<net id="131"><net_src comp="12" pin="0"/><net_sink comp="126" pin=1"/></net>

<net id="136"><net_src comp="76" pin="0"/><net_sink comp="132" pin=0"/></net>

<net id="137"><net_src comp="10" pin="0"/><net_sink comp="132" pin=1"/></net>

<net id="145"><net_src comp="78" pin="0"/><net_sink comp="138" pin=0"/></net>

<net id="146"><net_src comp="2" pin="0"/><net_sink comp="138" pin=1"/></net>

<net id="147"><net_src comp="4" pin="0"/><net_sink comp="138" pin=2"/></net>

<net id="148"><net_src comp="6" pin="0"/><net_sink comp="138" pin=3"/></net>

<net id="149"><net_src comp="8" pin="0"/><net_sink comp="138" pin=4"/></net>

<net id="155"><net_src comp="110" pin="0"/><net_sink comp="150" pin=0"/></net>

<net id="156"><net_src comp="112" pin="0"/><net_sink comp="150" pin=2"/></net>

<net id="163"><net_src comp="114" pin="0"/><net_sink comp="157" pin=0"/></net>

<net id="164"><net_src comp="116" pin="0"/><net_sink comp="157" pin=3"/></net>

<net id="165"><net_src comp="118" pin="0"/><net_sink comp="150" pin=0"/></net>

<net id="169"><net_src comp="88" pin="0"/><net_sink comp="166" pin=0"/></net>

<net id="176"><net_src comp="166" pin="1"/><net_sink comp="170" pin=2"/></net>

<net id="180"><net_src comp="28" pin="0"/><net_sink comp="177" pin=0"/></net>

<net id="189"><net_src comp="28" pin="0"/><net_sink comp="181" pin=0"/></net>

<net id="190"><net_src comp="177" pin="1"/><net_sink comp="181" pin=4"/></net>

<net id="194"><net_src comp="108" pin="0"/><net_sink comp="191" pin=0"/></net>

<net id="203"><net_src comp="108" pin="0"/><net_sink comp="195" pin=0"/></net>

<net id="204"><net_src comp="191" pin="1"/><net_sink comp="195" pin=4"/></net>

<net id="208"><net_src comp="138" pin="5"/><net_sink comp="205" pin=0"/></net>

<net id="212"><net_src comp="16" pin="0"/><net_sink comp="209" pin=0"/></net>

<net id="217"><net_src comp="209" pin="1"/><net_sink comp="213" pin=0"/></net>

<net id="218"><net_src comp="86" pin="0"/><net_sink comp="213" pin=1"/></net>

<net id="223"><net_src comp="213" pin="2"/><net_sink comp="219" pin=0"/></net>

<net id="224"><net_src comp="16" pin="0"/><net_sink comp="219" pin=1"/></net>

<net id="228"><net_src comp="18" pin="0"/><net_sink comp="225" pin=0"/></net>

<net id="232"><net_src comp="20" pin="0"/><net_sink comp="229" pin=0"/></net>

<net id="237"><net_src comp="28" pin="0"/><net_sink comp="233" pin=0"/></net>

<net id="238"><net_src comp="20" pin="0"/><net_sink comp="233" pin=1"/></net>

<net id="242"><net_src comp="170" pin="4"/><net_sink comp="239" pin=0"/></net>

<net id="247"><net_src comp="225" pin="1"/><net_sink comp="243" pin=0"/></net>

<net id="248"><net_src comp="239" pin="1"/><net_sink comp="243" pin=1"/></net>

<net id="249"><net_src comp="243" pin="2"/><net_sink comp="181" pin=2"/></net>

<net id="253"><net_src comp="22" pin="0"/><net_sink comp="250" pin=0"/></net>

<net id="258"><net_src comp="250" pin="1"/><net_sink comp="254" pin=0"/></net>

<net id="259"><net_src comp="90" pin="0"/><net_sink comp="254" pin=1"/></net>

<net id="264"><net_src comp="250" pin="1"/><net_sink comp="260" pin=0"/></net>

<net id="265"><net_src comp="92" pin="0"/><net_sink comp="260" pin=1"/></net>

<net id="266"><net_src comp="260" pin="2"/><net_sink comp="195" pin=2"/></net>

<net id="273"><net_src comp="94" pin="0"/><net_sink comp="267" pin=0"/></net>

<net id="274"><net_src comp="243" pin="2"/><net_sink comp="267" pin=1"/></net>

<net id="275"><net_src comp="96" pin="0"/><net_sink comp="267" pin=2"/></net>

<net id="276"><net_src comp="98" pin="0"/><net_sink comp="267" pin=3"/></net>

<net id="281"><net_src comp="229" pin="1"/><net_sink comp="277" pin=0"/></net>

<net id="287"><net_src comp="100" pin="0"/><net_sink comp="282" pin=0"/></net>

<net id="288"><net_src comp="229" pin="1"/><net_sink comp="282" pin=1"/></net>

<net id="289"><net_src comp="102" pin="0"/><net_sink comp="282" pin=2"/></net>

<net id="293"><net_src comp="282" pin="3"/><net_sink comp="290" pin=0"/></net>

<net id="298"><net_src comp="290" pin="1"/><net_sink comp="294" pin=0"/></net>

<net id="305"><net_src comp="104" pin="0"/><net_sink comp="299" pin=0"/></net>

<net id="306"><net_src comp="294" pin="2"/><net_sink comp="299" pin=1"/></net>

<net id="307"><net_src comp="26" pin="0"/><net_sink comp="299" pin=2"/></net>

<net id="308"><net_src comp="106" pin="0"/><net_sink comp="299" pin=3"/></net>

<net id="312"><net_src comp="299" pin="4"/><net_sink comp="309" pin=0"/></net>

<net id="317"><net_src comp="0" pin="0"/><net_sink comp="313" pin=0"/></net>

<net id="318"><net_src comp="309" pin="1"/><net_sink comp="313" pin=1"/></net>

<net id="323"><net_src comp="229" pin="1"/><net_sink comp="319" pin=0"/></net>

<net id="324"><net_src comp="26" pin="0"/><net_sink comp="319" pin=1"/></net>

<net id="329"><net_src comp="319" pin="2"/><net_sink comp="325" pin=0"/></net>

<net id="330"><net_src comp="20" pin="0"/><net_sink comp="325" pin=1"/></net>

<net id="335"><net_src comp="195" pin="6"/><net_sink comp="331" pin=0"/></net>

<net id="336"><net_src comp="22" pin="0"/><net_sink comp="331" pin=1"/></net>

<net id="341"><net_src comp="181" pin="6"/><net_sink comp="337" pin=0"/></net>

<net id="342"><net_src comp="18" pin="0"/><net_sink comp="337" pin=1"/></net>

<net id="346"><net_src comp="120" pin="2"/><net_sink comp="343" pin=0"/></net>

<net id="350"><net_src comp="126" pin="2"/><net_sink comp="347" pin=0"/></net>

<net id="351"><net_src comp="347" pin="1"/><net_sink comp="277" pin=1"/></net>

<net id="355"><net_src comp="132" pin="2"/><net_sink comp="352" pin=0"/></net>

<net id="356"><net_src comp="352" pin="1"/><net_sink comp="294" pin=1"/></net>

<net id="363"><net_src comp="209" pin="1"/><net_sink comp="360" pin=0"/></net>

<net id="364"><net_src comp="360" pin="1"/><net_sink comp="170" pin=0"/></net>

<net id="368"><net_src comp="254" pin="2"/><net_sink comp="365" pin=0"/></net>

<net id="372"><net_src comp="267" pin="4"/><net_sink comp="369" pin=0"/></net>

<net id="373"><net_src comp="369" pin="1"/><net_sink comp="157" pin=2"/></net>

<net id="377"><net_src comp="277" pin="2"/><net_sink comp="374" pin=0"/></net>

<net id="381"><net_src comp="313" pin="2"/><net_sink comp="378" pin=0"/></net>

<net id="382"><net_src comp="378" pin="1"/><net_sink comp="150" pin=1"/></net>

<net id="383"><net_src comp="378" pin="1"/><net_sink comp="157" pin=1"/></net>

</net_list>

</model> 
---------------- Datapath Model END ------------------

* FSMD analyzer results:
  - Output states:
	Port: gmem | {3 4 5 6 7 8 9 }
	Port: fake_counter | {1 }
	Port: error_accum | {2 }
	Port: mem_idx | {2 }
	Port: counter | {2 }
 - Input state : 
	Port: PSDMonitorTop : adc_in_V_data_V | {1 }
	Port: PSDMonitorTop : adc_in_V_keep_V | {1 }
	Port: PSDMonitorTop : adc_in_V_strb_V | {1 }
	Port: PSDMonitorTop : adc_in_V_last_V | {1 }
	Port: PSDMonitorTop : ram_buffer | {1 }
	Port: PSDMonitorTop : max_samples | {1 }
	Port: PSDMonitorTop : en_logging | {1 }
	Port: PSDMonitorTop : fake_counter | {1 }
	Port: PSDMonitorTop : error_accum | {2 }
	Port: PSDMonitorTop : mem_idx | {2 }
	Port: PSDMonitorTop : counter | {2 }
  - Chain level:
	State 1
		br_ln32 : 1
		add_ln37 : 1
		store_ln37 : 2
	State 2
		sext_ln42 : 1
		add_ln42 : 2
		icmp_ln44 : 1
		br_ln44 : 2
		add_ln55 : 1
		avg_error : 3
		icmp_ln47 : 1
		br_ln47 : 2
		shl_ln : 1
		zext_ln48 : 2
		add_ln48 : 3
		trunc_ln : 4
		sext_ln48 : 5
		gmem_addr : 6
		add_ln49 : 1
		store_ln49 : 2
		error_accum_new_0 : 3
		storemerge1 : 2
		store_ln60 : 3
		store_ln42 : 4
	State 3
	State 4
	State 5
	State 6
	State 7
	State 8
	State 9


============================================================
+ Verbose Summary: Datapath Resource usage 
============================================================

* Functional unit list:
|----------|------------------------------|---------|---------|
| Operation|        Functional Unit       |    FF   |   LUT   |
|----------|------------------------------|---------|---------|
|          |        add_ln37_fu_213       |    0    |    23   |
|          |        add_ln42_fu_243       |    0    |    39   |
|    add   |        add_ln55_fu_260       |    0    |    12   |
|          |        add_ln48_fu_294       |    0    |    71   |
|          |        add_ln49_fu_319       |    0    |    39   |
|----------|------------------------------|---------|---------|
|   icmp   |       icmp_ln44_fu_254       |    0    |    12   |
|          |       icmp_ln47_fu_277       |    0    |    39   |
|----------|------------------------------|---------|---------|
|          |  en_logging_read_read_fu_120 |    0    |    0    |
|   read   | max_samples_read_read_fu_126 |    0    |    0    |
|          |  ram_buffer_read_read_fu_132 |    0    |    0    |
|----------|------------------------------|---------|---------|
|  nbread  |      empty_nbread_fu_138     |    0    |    0    |
|----------|------------------------------|---------|---------|
| writeresp|     grp_writeresp_fu_150     |    0    |    0    |
|----------|------------------------------|---------|---------|
|   write  |    write_ln48_write_fu_157   |    0    |    0    |
|----------|------------------------------|---------|---------|
|extractvalue|         p_vld_fu_205         |    0    |    0    |
|----------|------------------------------|---------|---------|
|   sext   |       sext_ln42_fu_239       |    0    |    0    |
|          |       sext_ln48_fu_309       |    0    |    0    |
|----------|------------------------------|---------|---------|
|partselect|       avg_error_fu_267       |    0    |    0    |
|          |        trunc_ln_fu_299       |    0    |    0    |
|----------|------------------------------|---------|---------|
|bitconcatenate|         shl_ln_fu_282        |    0    |    0    |
|----------|------------------------------|---------|---------|
|   zext   |       zext_ln48_fu_290       |    0    |    0    |
|----------|------------------------------|---------|---------|
|   Total  |                              |    0    |   235   |
|----------|------------------------------|---------|---------|

Memories:
N/A

* Register list:
+-------------------------+--------+
|                         |   FF   |
+-------------------------+--------+
|    avg_error_reg_369    |   16   |
| en_logging_read_reg_343 |    1   |
|error_accum_new_0_reg_177|   32   |
|    gmem_addr_reg_378    |   16   |
|    icmp_ln44_reg_365    |    1   |
|    icmp_ln47_reg_374    |    1   |
| max_samples_read_reg_347|   32   |
| ram_buffer_read_reg_352 |   64   |
|   storemerge1_reg_191   |   11   |
|    val_adc1_1_reg_166   |   16   |
|     val_adc1_reg_360    |   16   |
+-------------------------+--------+
|          Total          |   206  |
+-------------------------+--------+

* Multiplexer (MUX) list: 
|----------------------|------|------|------|--------||---------|
|         Comp         |  Pin | Size |  BW  | S x BW ||  Delay  |
|----------------------|------|------|------|--------||---------|
| grp_writeresp_fu_150 |  p0  |   2  |   1  |    2   |
|----------------------|------|------|------|--------||---------|
|         Total        |      |      |      |    2   ||  1.588  |
|----------------------|------|------|------|--------||---------|



* Summary:
+-----------+--------+--------+--------+
|           |  Delay |   FF   |   LUT  |
+-----------+--------+--------+--------+
|  Function |    -   |    0   |   235  |
|   Memory  |    -   |    -   |    -   |
|Multiplexer|    1   |    -   |    -   |
|  Register |    -   |   206  |    -   |
+-----------+--------+--------+--------+
|   Total   |    1   |   206  |   235  |
+-----------+--------+--------+--------+
