

================================================================
== Vitis HLS Report for 'PSDMonitorTop'
================================================================
* Date:           Mon Apr 20 11:58:29 2026

* Version:        2024.1 (Build 5069499 on May 21 2024)
* Project:        PSDMonitorTop
* Solution:       hls (Vivado IP Flow Target)
* Product family: zynq
* Target device:  xc7z020-clg400-1


================================================================
== Performance Estimates
================================================================
+ Timing: 
    * Summary: 
    +--------+---------+----------+------------+
    |  Clock |  Target | Estimated| Uncertainty|
    +--------+---------+----------+------------+
    |ap_clk  |  8.00 ns|  5.840 ns|     2.16 ns|
    +--------+---------+----------+------------+

+ Latency: 
    * Summary: 
    +---------+---------+-----------+-----------+-----+-----+---------+
    |  Latency (cycles) |   Latency (absolute)  |  Interval | Pipeline|
    |   min   |   max   |    min    |    max    | min | max |   Type  |
    +---------+---------+-----------+-----------+-----+-----+---------+
    |        7|        7|  56.000 ns|  56.000 ns|    1|    1|      yes|
    +---------+---------+-----------+-----------+-----+-----+---------+

    + Detail: 
        * Instance: 
        N/A

        * Loop: 
        N/A



================================================================
== Utilization Estimates
================================================================
* Summary: 
+-----------------+---------+-----+--------+-------+-----+
|       Name      | BRAM_18K| DSP |   FF   |  LUT  | URAM|
+-----------------+---------+-----+--------+-------+-----+
|DSP              |        -|    -|       -|      -|    -|
|Expression       |        -|    -|       0|    234|    -|
|FIFO             |        -|    -|       -|      -|    -|
|Instance         |        1|    -|     835|    977|    -|
|Memory           |        -|    -|       -|      -|    -|
|Multiplexer      |        -|    -|       0|     73|    -|
|Register         |        -|    -|     374|     96|    -|
+-----------------+---------+-----+--------+-------+-----+
|Total            |        1|    0|    1209|   1380|    0|
+-----------------+---------+-----+--------+-------+-----+
|Available        |      280|  220|  106400|  53200|    0|
+-----------------+---------+-----+--------+-------+-----+
|Utilization (%)  |       ~0|    0|       1|      2|    0|
+-----------------+---------+-----+--------+-------+-----+

+ Detail: 
    * Instance: 
    +--------------+------------+---------+----+-----+-----+-----+
    |   Instance   |   Module   | BRAM_18K| DSP|  FF | LUT | URAM|
    +--------------+------------+---------+----+-----+-----+-----+
    |CTRL_s_axi_U  |CTRL_s_axi  |        0|   0|  145|  234|    0|
    |gmem_m_axi_U  |gmem_m_axi  |        1|   0|  690|  743|    0|
    +--------------+------------+---------+----+-----+-----+-----+
    |Total         |            |        1|   0|  835|  977|    0|
    +--------------+------------+---------+----+-----+-----+-----+

    * DSP: 
    N/A

    * Memory: 
    N/A

    * FIFO: 
    N/A

    * Expression: 
    +------------------------------------+----------+----+---+----+------------+------------+
    |            Variable Name           | Operation| DSP| FF| LUT| Bitwidth P0| Bitwidth P1|
    +------------------------------------+----------+----+---+----+------------+------------+
    |add_ln33_fu_212_p2                  |         +|   0|  0|  39|          32|          32|
    |add_ln39_fu_264_p2                  |         +|   0|  0|  71|          64|          64|
    |add_ln40_fu_290_p2                  |         +|   0|  0|  39|          32|           1|
    |add_ln46_fu_229_p2                  |         +|   0|  0|  12|          11|           1|
    |ap_block_state2_io                  |       and|   0|  0|   2|           1|           1|
    |ap_block_state3_io                  |       and|   0|  0|   2|           1|           1|
    |ap_block_state8_pp0_stage0_iter7    |       and|   0|  0|   2|           1|           1|
    |ap_condition_323                    |       and|   0|  0|   2|           1|           1|
    |ap_condition_342                    |       and|   0|  0|   2|           1|           1|
    |ap_predicate_op62_writereq_state2   |       and|   0|  0|   2|           1|           1|
    |ap_predicate_op63_write_state3      |       and|   0|  0|   2|           1|           1|
    |ap_predicate_op68_writeresp_state8  |       and|   0|  0|   2|           1|           1|
    |icmp_ln35_fu_223_p2                 |      icmp|   0|  0|  12|          11|          10|
    |icmp_ln38_fu_246_p2                 |      icmp|   0|  0|  39|          32|          32|
    |ap_block_pp0_stage0_01001           |        or|   0|  0|   2|           1|           1|
    |ap_block_pp0_stage0_11001           |        or|   0|  0|   2|           1|           1|
    |ap_enable_pp0                       |       xor|   0|  0|   2|           1|           2|
    +------------------------------------+----------+----+---+----+------------+------------+
    |Total                               |          |   0|  0| 234|         193|         152|
    +------------------------------------+----------+----+---+----+------------+------------+

    * Multiplexer: 
    +--------------------------------------------+----+-----------+-----+-----------+
    |                    Name                    | LUT| Input Size| Bits| Total Bits|
    +--------------------------------------------+----+-----------+-----+-----------+
    |adc_in_TDATA_blk_n                          |   9|          2|    1|          2|
    |ap_phi_mux_error_accum_new_0_phi_fu_163_p6  |  14|          3|   32|         96|
    |ap_phi_mux_storemerge1_phi_fu_176_p6        |  14|          3|   11|         33|
    |gmem_blk_n_AW                               |   9|          2|    1|          2|
    |gmem_blk_n_B                                |   9|          2|    1|          2|
    |gmem_blk_n_W                                |   9|          2|    1|          2|
    |mem_idx                                     |   9|          2|   32|         64|
    +--------------------------------------------+----+-----------+-----+-----------+
    |Total                                       |  73|         16|   79|        201|
    +--------------------------------------------+----+-----------+-----+-----------+

    * Register: 
    +---------------------------------+----+----+-----+-----------+
    |               Name              | FF | LUT| Bits| Const Bits|
    +---------------------------------+----+----+-----+-----------+
    |ap_CS_fsm                        |   1|   0|    1|          0|
    |ap_enable_reg_pp0_iter1          |   1|   0|    1|          0|
    |ap_enable_reg_pp0_iter2          |   1|   0|    1|          0|
    |ap_enable_reg_pp0_iter3          |   1|   0|    1|          0|
    |ap_enable_reg_pp0_iter4          |   1|   0|    1|          0|
    |ap_enable_reg_pp0_iter5          |   1|   0|    1|          0|
    |ap_enable_reg_pp0_iter6          |   1|   0|    1|          0|
    |ap_enable_reg_pp0_iter7          |   1|   0|    1|          0|
    |avg_error_reg_322                |  16|   0|   16|          0|
    |avg_error_reg_322_pp0_iter1_reg  |  16|   0|   16|          0|
    |counter                          |  11|   0|   11|          0|
    |en_logging_read_reg_314          |   1|   0|    1|          0|
    |error_accum                      |  32|   0|   32|          0|
    |gmem_addr_reg_331                |  64|   0|   64|          0|
    |icmp_ln35_reg_318                |   1|   0|    1|          0|
    |icmp_ln38_reg_327                |   1|   0|    1|          0|
    |mem_idx                          |  32|   0|   32|          0|
    |en_logging_read_reg_314          |  64|  32|    1|          0|
    |icmp_ln35_reg_318                |  64|  32|    1|          0|
    |icmp_ln38_reg_327                |  64|  32|    1|          0|
    +---------------------------------+----+----+-----+-----------+
    |Total                            | 374|  96|  185|          0|
    +---------------------------------+----+----+-----+-----------+



================================================================
== Interface
================================================================
* Summary: 
+---------------------+-----+-----+--------------+-----------------+--------------+
|      RTL Ports      | Dir | Bits|   Protocol   |  Source Object  |    C Type    |
+---------------------+-----+-----+--------------+-----------------+--------------+
|s_axi_CTRL_AWVALID   |   in|    1|         s_axi|             CTRL|        scalar|
|s_axi_CTRL_AWREADY   |  out|    1|         s_axi|             CTRL|        scalar|
|s_axi_CTRL_AWADDR    |   in|    6|         s_axi|             CTRL|        scalar|
|s_axi_CTRL_WVALID    |   in|    1|         s_axi|             CTRL|        scalar|
|s_axi_CTRL_WREADY    |  out|    1|         s_axi|             CTRL|        scalar|
|s_axi_CTRL_WDATA     |   in|   32|         s_axi|             CTRL|        scalar|
|s_axi_CTRL_WSTRB     |   in|    4|         s_axi|             CTRL|        scalar|
|s_axi_CTRL_ARVALID   |   in|    1|         s_axi|             CTRL|        scalar|
|s_axi_CTRL_ARREADY   |  out|    1|         s_axi|             CTRL|        scalar|
|s_axi_CTRL_ARADDR    |   in|    6|         s_axi|             CTRL|        scalar|
|s_axi_CTRL_RVALID    |  out|    1|         s_axi|             CTRL|        scalar|
|s_axi_CTRL_RREADY    |   in|    1|         s_axi|             CTRL|        scalar|
|s_axi_CTRL_RDATA     |  out|   32|         s_axi|             CTRL|        scalar|
|s_axi_CTRL_RRESP     |  out|    2|         s_axi|             CTRL|        scalar|
|s_axi_CTRL_BVALID    |  out|    1|         s_axi|             CTRL|        scalar|
|s_axi_CTRL_BREADY    |   in|    1|         s_axi|             CTRL|        scalar|
|s_axi_CTRL_BRESP     |  out|    2|         s_axi|             CTRL|        scalar|
|ap_clk               |   in|    1|  ap_ctrl_none|    PSDMonitorTop|  return value|
|ap_rst_n             |   in|    1|  ap_ctrl_none|    PSDMonitorTop|  return value|
|m_axi_gmem_AWVALID   |  out|    1|         m_axi|             gmem|       pointer|
|m_axi_gmem_AWREADY   |   in|    1|         m_axi|             gmem|       pointer|
|m_axi_gmem_AWADDR    |  out|   64|         m_axi|             gmem|       pointer|
|m_axi_gmem_AWID      |  out|    1|         m_axi|             gmem|       pointer|
|m_axi_gmem_AWLEN     |  out|    8|         m_axi|             gmem|       pointer|
|m_axi_gmem_AWSIZE    |  out|    3|         m_axi|             gmem|       pointer|
|m_axi_gmem_AWBURST   |  out|    2|         m_axi|             gmem|       pointer|
|m_axi_gmem_AWLOCK    |  out|    2|         m_axi|             gmem|       pointer|
|m_axi_gmem_AWCACHE   |  out|    4|         m_axi|             gmem|       pointer|
|m_axi_gmem_AWPROT    |  out|    3|         m_axi|             gmem|       pointer|
|m_axi_gmem_AWQOS     |  out|    4|         m_axi|             gmem|       pointer|
|m_axi_gmem_AWREGION  |  out|    4|         m_axi|             gmem|       pointer|
|m_axi_gmem_AWUSER    |  out|    1|         m_axi|             gmem|       pointer|
|m_axi_gmem_WVALID    |  out|    1|         m_axi|             gmem|       pointer|
|m_axi_gmem_WREADY    |   in|    1|         m_axi|             gmem|       pointer|
|m_axi_gmem_WDATA     |  out|   32|         m_axi|             gmem|       pointer|
|m_axi_gmem_WSTRB     |  out|    4|         m_axi|             gmem|       pointer|
|m_axi_gmem_WLAST     |  out|    1|         m_axi|             gmem|       pointer|
|m_axi_gmem_WID       |  out|    1|         m_axi|             gmem|       pointer|
|m_axi_gmem_WUSER     |  out|    1|         m_axi|             gmem|       pointer|
|m_axi_gmem_ARVALID   |  out|    1|         m_axi|             gmem|       pointer|
|m_axi_gmem_ARREADY   |   in|    1|         m_axi|             gmem|       pointer|
|m_axi_gmem_ARADDR    |  out|   64|         m_axi|             gmem|       pointer|
|m_axi_gmem_ARID      |  out|    1|         m_axi|             gmem|       pointer|
|m_axi_gmem_ARLEN     |  out|    8|         m_axi|             gmem|       pointer|
|m_axi_gmem_ARSIZE    |  out|    3|         m_axi|             gmem|       pointer|
|m_axi_gmem_ARBURST   |  out|    2|         m_axi|             gmem|       pointer|
|m_axi_gmem_ARLOCK    |  out|    2|         m_axi|             gmem|       pointer|
|m_axi_gmem_ARCACHE   |  out|    4|         m_axi|             gmem|       pointer|
|m_axi_gmem_ARPROT    |  out|    3|         m_axi|             gmem|       pointer|
|m_axi_gmem_ARQOS     |  out|    4|         m_axi|             gmem|       pointer|
|m_axi_gmem_ARREGION  |  out|    4|         m_axi|             gmem|       pointer|
|m_axi_gmem_ARUSER    |  out|    1|         m_axi|             gmem|       pointer|
|m_axi_gmem_RVALID    |   in|    1|         m_axi|             gmem|       pointer|
|m_axi_gmem_RREADY    |  out|    1|         m_axi|             gmem|       pointer|
|m_axi_gmem_RDATA     |   in|   32|         m_axi|             gmem|       pointer|
|m_axi_gmem_RLAST     |   in|    1|         m_axi|             gmem|       pointer|
|m_axi_gmem_RID       |   in|    1|         m_axi|             gmem|       pointer|
|m_axi_gmem_RUSER     |   in|    1|         m_axi|             gmem|       pointer|
|m_axi_gmem_RRESP     |   in|    2|         m_axi|             gmem|       pointer|
|m_axi_gmem_BVALID    |   in|    1|         m_axi|             gmem|       pointer|
|m_axi_gmem_BREADY    |  out|    1|         m_axi|             gmem|       pointer|
|m_axi_gmem_BRESP     |   in|    2|         m_axi|             gmem|       pointer|
|m_axi_gmem_BID       |   in|    1|         m_axi|             gmem|       pointer|
|m_axi_gmem_BUSER     |   in|    1|         m_axi|             gmem|       pointer|
|adc_in_TDATA         |   in|   32|          axis|  adc_in_V_data_V|       pointer|
|adc_in_TVALID        |   in|    1|          axis|  adc_in_V_last_V|       pointer|
|adc_in_TREADY        |  out|    1|          axis|  adc_in_V_last_V|       pointer|
|adc_in_TLAST         |   in|    1|          axis|  adc_in_V_last_V|       pointer|
|adc_in_TKEEP         |   in|    4|          axis|  adc_in_V_keep_V|       pointer|
|adc_in_TSTRB         |   in|    4|          axis|  adc_in_V_strb_V|       pointer|
+---------------------+-----+-----+--------------+-----------------+--------------+

============================================================
+ Verbose Summary: Synthesis Manager
============================================================
InlineROM: 1
ExposeGlobal: 0
============================================================
+ Verbose Summary: CDFG Model
============================================================
IsTopModel: 1
ResetActiveHigh: 1
IsCombinational: 2
IsDatapathOnly: 2
HasWiredReturn: 1
HasMFsm: 2
HasVarLatency: 0
IsPipeline: 1
IsRtlPipelined: 1
IsInstanceOverlapped: 0
IsDontTouch: 0
HasImplIP: 0
IsGatedGlobalClock: 0

+ Individual pipeline summary: 
  * Pipeline-0: initiation interval (II) = 1, depth = 8


============================================================
+ Verbose Summary: Schedule
============================================================
* Number of FSM states : 8
* Pipeline : 1
  Pipeline-0 : II = 1, D = 8, States = { 1 2 3 4 5 6 7 8 }
* Dataflow Pipeline: 0

* FSM state transitions: 
1 --> 2 
2 --> 3 
3 --> 4 
4 --> 5 
5 --> 6 
6 --> 7 
7 --> 8 
8 --> 

* FSM state operations: 

State 1 <SV = 0> <Delay = 5.14>
ST_1 : Operation 9 [1/1] (0.00ns)   --->   "%specpipeline_ln16 = specpipeline void @_ssdm_op_SpecPipeline, i32 1, i32 0, i32 0, i32 0, void @empty_1" [PSDMonitor.cpp:16]   --->   Operation 9 'specpipeline' 'specpipeline_ln16' <Predicate = true> <Delay = 0.00>
ST_1 : Operation 10 [1/1] (0.00ns)   --->   "%spectopmodule_ln11 = spectopmodule void @_ssdm_op_SpecTopModule, void @empty_10" [PSDMonitor.cpp:11]   --->   Operation 10 'spectopmodule' 'spectopmodule_ln11' <Predicate = true> <Delay = 0.00>
ST_1 : Operation 11 [1/1] (0.00ns)   --->   "%specinterface_ln11 = specinterface void @_ssdm_op_SpecInterface, i32 0, void @empty_11, i32 0, i32 0, void @empty_1, i32 0, i32 0, void @empty_1, void @empty_1, void @empty_1, i32 0, i32 0, i32 0, i32 0, void @empty_1, void @empty_1, i32 4294967295, i32 0, i32 0" [PSDMonitor.cpp:11]   --->   Operation 11 'specinterface' 'specinterface_ln11' <Predicate = true> <Delay = 0.00>
ST_1 : Operation 12 [1/1] (0.00ns)   --->   "%specinterface_ln0 = specinterface void @_ssdm_op_SpecInterface, i16 %gmem, void @empty_0, i32 0, i32 0, void @empty_1, i32 0, i32 2000000, void @empty_2, void @empty_3, void @empty_1, i32 16, i32 16, i32 16, i32 16, void @empty_1, void @empty_1, i32 4294967295, i32 0, i32 0"   --->   Operation 12 'specinterface' 'specinterface_ln0' <Predicate = true> <Delay = 0.00>
ST_1 : Operation 13 [1/1] (0.00ns)   --->   "%specbitsmap_ln0 = specbitsmap void @_ssdm_op_SpecBitsMap, i16 %gmem"   --->   Operation 13 'specbitsmap' 'specbitsmap_ln0' <Predicate = true> <Delay = 0.00>
ST_1 : Operation 14 [1/1] (0.00ns)   --->   "%specinterface_ln0 = specinterface void @_ssdm_op_SpecInterface, i32 %adc_in_V_data_V, i4 %adc_in_V_keep_V, i4 %adc_in_V_strb_V, i1 %adc_in_V_last_V, void @empty_8, i32 1, i32 1, void @empty_4, i32 0, i32 0, void @empty_1, void @empty_1, void @empty_1, i32 0, i32 0, i32 0, i32 0, void @empty_1, void @empty_1, i32 4294967295, i32 0, i32 0"   --->   Operation 14 'specinterface' 'specinterface_ln0' <Predicate = true> <Delay = 0.00>
ST_1 : Operation 15 [1/1] (0.00ns)   --->   "%specbitsmap_ln0 = specbitsmap void @_ssdm_op_SpecBitsMap, i32 %adc_in_V_data_V"   --->   Operation 15 'specbitsmap' 'specbitsmap_ln0' <Predicate = true> <Delay = 0.00>
ST_1 : Operation 16 [1/1] (0.00ns)   --->   "%specbitsmap_ln0 = specbitsmap void @_ssdm_op_SpecBitsMap, i4 %adc_in_V_keep_V"   --->   Operation 16 'specbitsmap' 'specbitsmap_ln0' <Predicate = true> <Delay = 0.00>
ST_1 : Operation 17 [1/1] (0.00ns)   --->   "%specbitsmap_ln0 = specbitsmap void @_ssdm_op_SpecBitsMap, i4 %adc_in_V_strb_V"   --->   Operation 17 'specbitsmap' 'specbitsmap_ln0' <Predicate = true> <Delay = 0.00>
ST_1 : Operation 18 [1/1] (0.00ns)   --->   "%specbitsmap_ln0 = specbitsmap void @_ssdm_op_SpecBitsMap, i1 %adc_in_V_last_V"   --->   Operation 18 'specbitsmap' 'specbitsmap_ln0' <Predicate = true> <Delay = 0.00>
ST_1 : Operation 19 [1/1] (0.00ns)   --->   "%specinterface_ln0 = specinterface void @_ssdm_op_SpecInterface, i64 %ram_buffer, void @empty_12, i32 4294967295, i32 4294967295, void @empty_4, i32 0, i32 0, void @empty_13, void @empty_14, void @empty_1, i32 0, i32 0, i32 0, i32 0, void @empty_1, void @empty_5, i32 4294967295, i32 0, i32 0"   --->   Operation 19 'specinterface' 'specinterface_ln0' <Predicate = true> <Delay = 0.00>
ST_1 : Operation 20 [1/1] (0.00ns)   --->   "%specinterface_ln0 = specinterface void @_ssdm_op_SpecInterface, i64 %ram_buffer, void @empty_6, i32 4294967295, i32 4294967295, void @empty_1, i32 0, i32 0, void @empty_1, void @empty_1, void @empty_1, i32 0, i32 0, i32 0, i32 0, void @empty_1, void @empty_5, i32 4294967295, i32 0, i32 0"   --->   Operation 20 'specinterface' 'specinterface_ln0' <Predicate = true> <Delay = 0.00>
ST_1 : Operation 21 [1/1] (0.00ns)   --->   "%specbitsmap_ln0 = specbitsmap void @_ssdm_op_SpecBitsMap, i32 %max_samples"   --->   Operation 21 'specbitsmap' 'specbitsmap_ln0' <Predicate = true> <Delay = 0.00>
ST_1 : Operation 22 [1/1] (0.00ns)   --->   "%specinterface_ln0 = specinterface void @_ssdm_op_SpecInterface, i32 %max_samples, void @empty_12, i32 4294967295, i32 4294967295, void @empty_4, i32 0, i32 0, void @empty_13, void @empty, void @empty_1, i32 0, i32 0, i32 0, i32 0, void @empty_1, void @empty_1, i32 4294967295, i32 0, i32 0"   --->   Operation 22 'specinterface' 'specinterface_ln0' <Predicate = true> <Delay = 0.00>
ST_1 : Operation 23 [1/1] (0.00ns)   --->   "%specinterface_ln0 = specinterface void @_ssdm_op_SpecInterface, i32 %max_samples, void @empty_6, i32 4294967295, i32 4294967295, void @empty_1, i32 0, i32 0, void @empty_1, void @empty_1, void @empty_1, i32 0, i32 0, i32 0, i32 0, void @empty_1, void @empty_1, i32 4294967295, i32 0, i32 0"   --->   Operation 23 'specinterface' 'specinterface_ln0' <Predicate = true> <Delay = 0.00>
ST_1 : Operation 24 [1/1] (0.00ns)   --->   "%specbitsmap_ln0 = specbitsmap void @_ssdm_op_SpecBitsMap, i1 %en_logging"   --->   Operation 24 'specbitsmap' 'specbitsmap_ln0' <Predicate = true> <Delay = 0.00>
ST_1 : Operation 25 [1/1] (0.00ns)   --->   "%specinterface_ln0 = specinterface void @_ssdm_op_SpecInterface, i1 %en_logging, void @empty_12, i32 4294967295, i32 4294967295, void @empty_4, i32 0, i32 0, void @empty_13, void @empty_7, void @empty_1, i32 0, i32 0, i32 0, i32 0, void @empty_1, void @empty_1, i32 4294967295, i32 0, i32 0"   --->   Operation 25 'specinterface' 'specinterface_ln0' <Predicate = true> <Delay = 0.00>
ST_1 : Operation 26 [1/1] (0.00ns)   --->   "%specinterface_ln0 = specinterface void @_ssdm_op_SpecInterface, i1 %en_logging, void @empty_6, i32 4294967295, i32 4294967295, void @empty_1, i32 0, i32 0, void @empty_1, void @empty_1, void @empty_1, i32 0, i32 0, i32 0, i32 0, void @empty_1, void @empty_1, i32 4294967295, i32 0, i32 0"   --->   Operation 26 'specinterface' 'specinterface_ln0' <Predicate = true> <Delay = 0.00>
ST_1 : Operation 27 [1/1] (1.00ns)   --->   "%en_logging_read = read i1 @_ssdm_op_Read.s_axilite.i1, i1 %en_logging"   --->   Operation 27 'read' 'en_logging_read' <Predicate = true> <Delay = 1.00> <CoreInst = "s_axilite">   --->   Core 112 's_axilite' <Latency = 0> <II = 1> <Delay = 1.00> <Adapter> <Opcode : 'read' 'write'>
ST_1 : Operation 28 [1/1] (1.00ns)   --->   "%max_samples_read = read i32 @_ssdm_op_Read.s_axilite.i32, i32 %max_samples"   --->   Operation 28 'read' 'max_samples_read' <Predicate = true> <Delay = 1.00> <CoreInst = "s_axilite">   --->   Core 112 's_axilite' <Latency = 0> <II = 1> <Delay = 1.00> <Adapter> <Opcode : 'read' 'write'>
ST_1 : Operation 29 [1/1] (1.00ns)   --->   "%ram_buffer_read = read i64 @_ssdm_op_Read.s_axilite.i64, i64 %ram_buffer"   --->   Operation 29 'read' 'ram_buffer_read' <Predicate = true> <Delay = 1.00> <CoreInst = "s_axilite">   --->   Core 112 's_axilite' <Latency = 0> <II = 1> <Delay = 1.00> <Adapter> <Opcode : 'read' 'write'>
ST_1 : Operation 30 [1/1] (0.51ns)   --->   "%empty = read i41 @_ssdm_op_Read.axis.volatile.i32P0A.i4P0A.i4P0A.i1P0A, i32 %adc_in_V_data_V, i4 %adc_in_V_keep_V, i4 %adc_in_V_strb_V, i1 %adc_in_V_last_V" [PSDMonitor.cpp:29]   --->   Operation 30 'read' 'empty' <Predicate = true> <Delay = 0.51> <CoreInst = "regslice">   --->   Core 136 'regslice' <Latency = 0> <II = 1> <Delay = 1.86> <Adapter> <Opcode : 'read' 'write'>
ST_1 : Operation 31 [1/1] (0.00ns)   --->   "%val_adc_data = extractvalue i41 %empty" [PSDMonitor.cpp:29]   --->   Operation 31 'extractvalue' 'val_adc_data' <Predicate = true> <Delay = 0.00>
ST_1 : Operation 32 [1/1] (0.00ns)   --->   "%val_adc1 = trunc i32 %val_adc_data" [PSDMonitor.cpp:30]   --->   Operation 32 'trunc' 'val_adc1' <Predicate = true> <Delay = 0.00>
ST_1 : Operation 33 [1/1] (0.00ns)   --->   "%specaxissidechannel_ln32 = specaxissidechannel void @_ssdm_op_SpecAXISSideChannel, i32 %adc_in_V_data_V, i4 %adc_in_V_keep_V, i4 %adc_in_V_strb_V, i1 0, i1 %adc_in_V_last_V, i1 0, i1 0, void @empty_9" [PSDMonitor.cpp:32]   --->   Operation 33 'specaxissidechannel' 'specaxissidechannel_ln32' <Predicate = true> <Delay = 0.00>
ST_1 : Operation 34 [1/1] (0.00ns)   --->   "%error_accum_load = load i32 %error_accum" [PSDMonitor.cpp:33]   --->   Operation 34 'load' 'error_accum_load' <Predicate = true> <Delay = 0.00>
ST_1 : Operation 35 [1/1] (0.00ns)   --->   "%mem_idx_load = load i32 %mem_idx" [PSDMonitor.cpp:38]   --->   Operation 35 'load' 'mem_idx_load' <Predicate = true> <Delay = 0.00>
ST_1 : Operation 36 [1/1] (0.00ns)   --->   "%br_ln32 = br i1 %en_logging_read, void %if.else7, void %if.then" [PSDMonitor.cpp:32]   --->   Operation 36 'br' 'br_ln32' <Predicate = true> <Delay = 0.00>
ST_1 : Operation 37 [1/1] (1.58ns)   --->   "%store_ln49 = store i32 0, i32 %mem_idx" [PSDMonitor.cpp:49]   --->   Operation 37 'store' 'store_ln49' <Predicate = (!en_logging_read)> <Delay = 1.58>
ST_1 : Operation 38 [1/1] (1.58ns)   --->   "%br_ln0 = br void %if.end9"   --->   Operation 38 'br' 'br_ln0' <Predicate = (!en_logging_read)> <Delay = 1.58>
ST_1 : Operation 39 [1/1] (0.00ns)   --->   "%sext_ln33 = sext i16 %val_adc1" [PSDMonitor.cpp:33]   --->   Operation 39 'sext' 'sext_ln33' <Predicate = (en_logging_read)> <Delay = 0.00>
ST_1 : Operation 40 [1/1] (2.55ns)   --->   "%add_ln33 = add i32 %error_accum_load, i32 %sext_ln33" [PSDMonitor.cpp:33]   --->   Operation 40 'add' 'add_ln33' <Predicate = (en_logging_read)> <Delay = 2.55> <CoreInst = "Adder">   --->   Core 1 'Adder' <Latency = 0> <II = 1> <Delay = 2.55> <FuncUnit> <Opcode : 'add' 'sub'> <InPorts = 2> <OutPorts = 1>
ST_1 : Operation 41 [1/1] (0.00ns)   --->   "%counter_load = load i11 %counter" [PSDMonitor.cpp:35]   --->   Operation 41 'load' 'counter_load' <Predicate = (en_logging_read)> <Delay = 0.00>
ST_1 : Operation 42 [1/1] (1.63ns)   --->   "%icmp_ln35 = icmp_eq  i11 %counter_load, i11 1023" [PSDMonitor.cpp:35]   --->   Operation 42 'icmp' 'icmp_ln35' <Predicate = (en_logging_read)> <Delay = 1.63> <CoreInst = "Cmp">   --->   Core 9 'Cmp' <Latency = 0> <II = 1> <Delay = 1.63> <FuncUnit> <Opcode : 'seteq' 'setne' 'setle' 'setge' 'setlt' 'setgt'> <InPorts = 2> <OutPorts = 1>
ST_1 : Operation 43 [1/1] (0.00ns)   --->   "%br_ln35 = br i1 %icmp_ln35, void %if.else, void %if.then3" [PSDMonitor.cpp:35]   --->   Operation 43 'br' 'br_ln35' <Predicate = (en_logging_read)> <Delay = 0.00>
ST_1 : Operation 44 [1/1] (1.63ns)   --->   "%add_ln46 = add i11 %counter_load, i11 1" [PSDMonitor.cpp:46]   --->   Operation 44 'add' 'add_ln46' <Predicate = (en_logging_read & !icmp_ln35)> <Delay = 1.63> <CoreInst = "Adder">   --->   Core 1 'Adder' <Latency = 0> <II = 1> <Delay = 1.63> <FuncUnit> <Opcode : 'add' 'sub'> <InPorts = 2> <OutPorts = 1>
ST_1 : Operation 45 [1/1] (1.58ns)   --->   "%br_ln0 = br void %if.end9"   --->   Operation 45 'br' 'br_ln0' <Predicate = (en_logging_read & !icmp_ln35)> <Delay = 1.58>
ST_1 : Operation 46 [1/1] (0.00ns)   --->   "%avg_error = partselect i16 @_ssdm_op_PartSelect.i16.i32.i32.i32, i32 %add_ln33, i32 10, i32 25" [PSDMonitor.cpp:36]   --->   Operation 46 'partselect' 'avg_error' <Predicate = (en_logging_read & icmp_ln35)> <Delay = 0.00>
ST_1 : Operation 47 [1/1] (2.55ns)   --->   "%icmp_ln38 = icmp_ult  i32 %mem_idx_load, i32 %max_samples_read" [PSDMonitor.cpp:38]   --->   Operation 47 'icmp' 'icmp_ln38' <Predicate = (en_logging_read & icmp_ln35)> <Delay = 2.55> <CoreInst = "Cmp">   --->   Core 9 'Cmp' <Latency = 0> <II = 1> <Delay = 2.55> <FuncUnit> <Opcode : 'seteq' 'setne' 'setle' 'setge' 'setlt' 'setgt'> <InPorts = 2> <OutPorts = 1>
ST_1 : Operation 48 [1/1] (0.00ns)   --->   "%br_ln38 = br i1 %icmp_ln38, void %if.end, void %if.then4" [PSDMonitor.cpp:38]   --->   Operation 48 'br' 'br_ln38' <Predicate = (en_logging_read & icmp_ln35)> <Delay = 0.00>
ST_1 : Operation 49 [1/1] (0.00ns)   --->   "%shl_ln = bitconcatenate i33 @_ssdm_op_BitConcatenate.i33.i32.i1, i32 %mem_idx_load, i1 0" [PSDMonitor.cpp:39]   --->   Operation 49 'bitconcatenate' 'shl_ln' <Predicate = (en_logging_read & icmp_ln35 & icmp_ln38)> <Delay = 0.00>
ST_1 : Operation 50 [1/1] (0.00ns)   --->   "%zext_ln39 = zext i33 %shl_ln" [PSDMonitor.cpp:39]   --->   Operation 50 'zext' 'zext_ln39' <Predicate = (en_logging_read & icmp_ln35 & icmp_ln38)> <Delay = 0.00>
ST_1 : Operation 51 [1/1] (3.52ns)   --->   "%add_ln39 = add i64 %zext_ln39, i64 %ram_buffer_read" [PSDMonitor.cpp:39]   --->   Operation 51 'add' 'add_ln39' <Predicate = (en_logging_read & icmp_ln35 & icmp_ln38)> <Delay = 3.52> <CoreInst = "Adder">   --->   Core 1 'Adder' <Latency = 0> <II = 1> <Delay = 3.52> <FuncUnit> <Opcode : 'add' 'sub'> <InPorts = 2> <OutPorts = 1>
ST_1 : Operation 52 [1/1] (0.00ns)   --->   "%trunc_ln = partselect i63 @_ssdm_op_PartSelect.i63.i64.i32.i32, i64 %add_ln39, i32 1, i32 63" [PSDMonitor.cpp:39]   --->   Operation 52 'partselect' 'trunc_ln' <Predicate = (en_logging_read & icmp_ln35 & icmp_ln38)> <Delay = 0.00>
ST_1 : Operation 53 [1/1] (0.00ns)   --->   "%sext_ln39 = sext i63 %trunc_ln" [PSDMonitor.cpp:39]   --->   Operation 53 'sext' 'sext_ln39' <Predicate = (en_logging_read & icmp_ln35 & icmp_ln38)> <Delay = 0.00>
ST_1 : Operation 54 [1/1] (0.00ns)   --->   "%gmem_addr = getelementptr i16 %gmem, i64 %sext_ln39" [PSDMonitor.cpp:39]   --->   Operation 54 'getelementptr' 'gmem_addr' <Predicate = (en_logging_read & icmp_ln35 & icmp_ln38)> <Delay = 0.00>
ST_1 : Operation 55 [1/1] (2.55ns)   --->   "%add_ln40 = add i32 %mem_idx_load, i32 1" [PSDMonitor.cpp:40]   --->   Operation 55 'add' 'add_ln40' <Predicate = (en_logging_read & icmp_ln35 & icmp_ln38)> <Delay = 2.55> <CoreInst = "Adder">   --->   Core 1 'Adder' <Latency = 0> <II = 1> <Delay = 2.55> <FuncUnit> <Opcode : 'add' 'sub'> <InPorts = 2> <OutPorts = 1>
ST_1 : Operation 56 [1/1] (1.58ns)   --->   "%store_ln40 = store i32 %add_ln40, i32 %mem_idx" [PSDMonitor.cpp:40]   --->   Operation 56 'store' 'store_ln40' <Predicate = (en_logging_read & icmp_ln35 & icmp_ln38)> <Delay = 1.58>
ST_1 : Operation 57 [1/1] (1.58ns)   --->   "%br_ln45 = br void %if.end9" [PSDMonitor.cpp:45]   --->   Operation 57 'br' 'br_ln45' <Predicate = (en_logging_read & icmp_ln35)> <Delay = 1.58>
ST_1 : Operation 58 [1/1] (0.00ns)   --->   "%error_accum_new_0 = phi i32 0, void %if.end, i32 %add_ln33, void %if.else, i32 0, void %if.else7" [PSDMonitor.cpp:33]   --->   Operation 58 'phi' 'error_accum_new_0' <Predicate = true> <Delay = 0.00>
ST_1 : Operation 59 [1/1] (0.00ns)   --->   "%storemerge1 = phi i11 0, void %if.end, i11 %add_ln46, void %if.else, i11 0, void %if.else7" [PSDMonitor.cpp:46]   --->   Operation 59 'phi' 'storemerge1' <Predicate = true> <Delay = 0.00>
ST_1 : Operation 60 [1/1] (0.00ns)   --->   "%store_ln51 = store i11 %storemerge1, i11 %counter" [PSDMonitor.cpp:51]   --->   Operation 60 'store' 'store_ln51' <Predicate = true> <Delay = 0.00>
ST_1 : Operation 61 [1/1] (0.00ns)   --->   "%store_ln33 = store i32 %error_accum_new_0, i32 %error_accum" [PSDMonitor.cpp:33]   --->   Operation 61 'store' 'store_ln33' <Predicate = true> <Delay = 0.00>

State 2 <SV = 1> <Delay = 5.84>
ST_2 : Operation 62 [1/1] (5.84ns)   --->   "%gmem_addr_req = writereq i1 @_ssdm_op_WriteReq.m_axi.i16P1A, i64 %gmem_addr, i64 1" [PSDMonitor.cpp:39]   --->   Operation 62 'writereq' 'gmem_addr_req' <Predicate = (en_logging_read & icmp_ln35 & icmp_ln38)> <Delay = 5.84> <CoreInst = "m_axi">   --->   Core 111 'm_axi' <Latency = 0> <II = 1> <Delay = 1.00> <Adapter> <Opcode : 'read' 'write' 'readreq' 'writereq' 'writeresp'>

State 3 <SV = 2> <Delay = 5.84>
ST_3 : Operation 63 [1/1] (5.84ns)   --->   "%write_ln39 = write void @_ssdm_op_Write.m_axi.i16P1A, i64 %gmem_addr, i16 %avg_error, i2 3" [PSDMonitor.cpp:39]   --->   Operation 63 'write' 'write_ln39' <Predicate = (en_logging_read & icmp_ln35 & icmp_ln38)> <Delay = 5.84> <CoreInst = "m_axi">   --->   Core 111 'm_axi' <Latency = 0> <II = 1> <Delay = 1.00> <Adapter> <Opcode : 'read' 'write' 'readreq' 'writereq' 'writeresp'>

State 4 <SV = 3> <Delay = 5.84>
ST_4 : Operation 64 [5/5] (5.84ns)   --->   "%gmem_addr_resp = writeresp i1 @_ssdm_op_WriteResp.m_axi.i16P1A, i64 %gmem_addr" [PSDMonitor.cpp:39]   --->   Operation 64 'writeresp' 'gmem_addr_resp' <Predicate = (en_logging_read & icmp_ln35 & icmp_ln38)> <Delay = 5.84> <CoreInst = "m_axi">   --->   Core 111 'm_axi' <Latency = 0> <II = 1> <Delay = 1.00> <Adapter> <Opcode : 'read' 'write' 'readreq' 'writereq' 'writeresp'>

State 5 <SV = 4> <Delay = 5.84>
ST_5 : Operation 65 [4/5] (5.84ns)   --->   "%gmem_addr_resp = writeresp i1 @_ssdm_op_WriteResp.m_axi.i16P1A, i64 %gmem_addr" [PSDMonitor.cpp:39]   --->   Operation 65 'writeresp' 'gmem_addr_resp' <Predicate = (en_logging_read & icmp_ln35 & icmp_ln38)> <Delay = 5.84> <CoreInst = "m_axi">   --->   Core 111 'm_axi' <Latency = 0> <II = 1> <Delay = 1.00> <Adapter> <Opcode : 'read' 'write' 'readreq' 'writereq' 'writeresp'>

State 6 <SV = 5> <Delay = 5.84>
ST_6 : Operation 66 [3/5] (5.84ns)   --->   "%gmem_addr_resp = writeresp i1 @_ssdm_op_WriteResp.m_axi.i16P1A, i64 %gmem_addr" [PSDMonitor.cpp:39]   --->   Operation 66 'writeresp' 'gmem_addr_resp' <Predicate = (en_logging_read & icmp_ln35 & icmp_ln38)> <Delay = 5.84> <CoreInst = "m_axi">   --->   Core 111 'm_axi' <Latency = 0> <II = 1> <Delay = 1.00> <Adapter> <Opcode : 'read' 'write' 'readreq' 'writereq' 'writeresp'>

State 7 <SV = 6> <Delay = 5.84>
ST_7 : Operation 67 [2/5] (5.84ns)   --->   "%gmem_addr_resp = writeresp i1 @_ssdm_op_WriteResp.m_axi.i16P1A, i64 %gmem_addr" [PSDMonitor.cpp:39]   --->   Operation 67 'writeresp' 'gmem_addr_resp' <Predicate = (en_logging_read & icmp_ln35 & icmp_ln38)> <Delay = 5.84> <CoreInst = "m_axi">   --->   Core 111 'm_axi' <Latency = 0> <II = 1> <Delay = 1.00> <Adapter> <Opcode : 'read' 'write' 'readreq' 'writereq' 'writeresp'>

State 8 <SV = 7> <Delay = 5.84>
ST_8 : Operation 68 [1/5] (5.84ns)   --->   "%gmem_addr_resp = writeresp i1 @_ssdm_op_WriteResp.m_axi.i16P1A, i64 %gmem_addr" [PSDMonitor.cpp:39]   --->   Operation 68 'writeresp' 'gmem_addr_resp' <Predicate = (en_logging_read & icmp_ln35 & icmp_ln38)> <Delay = 5.84> <CoreInst = "m_axi">   --->   Core 111 'm_axi' <Latency = 0> <II = 1> <Delay = 1.00> <Adapter> <Opcode : 'read' 'write' 'readreq' 'writereq' 'writeresp'>
ST_8 : Operation 69 [1/1] (0.00ns)   --->   "%br_ln41 = br void %if.end" [PSDMonitor.cpp:41]   --->   Operation 69 'br' 'br_ln41' <Predicate = (en_logging_read & icmp_ln35 & icmp_ln38)> <Delay = 0.00>
ST_8 : Operation 70 [1/1] (0.00ns)   --->   "%ret_ln53 = ret" [PSDMonitor.cpp:53]   --->   Operation 70 'ret' 'ret_ln53' <Predicate = true> <Delay = 0.00>


============================================================
+ Verbose Summary: Binding
============================================================
STG Binding: 
---------------- STG Properties BEGIN ----------------
- Is combinational: 0
- Is one-state seq: 0
- Is datapath-only: 0
- Is pipelined: 1
- Is top level: 1
Port [ Return ] is wired: 1; IO mode=ap_ctrl_none:ce=0
Port [ gmem]:  wired=1; compound=1; hidden=0; nouse=0; global=0; static=0; extern=0; dir=1; type=4; pingpong=0; private_global=0; IO mode=m_axi:ce=0
Port [ adc_in_V_data_V]:  wired=1; compound=1; hidden=0; nouse=0; global=0; static=0; extern=0; dir=0; type=0; pingpong=0; private_global=0; IO mode=axis:ce=0
Port [ adc_in_V_keep_V]:  wired=1; compound=1; hidden=0; nouse=0; global=0; static=0; extern=0; dir=0; type=0; pingpong=0; private_global=0; IO mode=axis:ce=0
Port [ adc_in_V_strb_V]:  wired=1; compound=1; hidden=0; nouse=0; global=0; static=0; extern=0; dir=0; type=0; pingpong=0; private_global=0; IO mode=axis:ce=0
Port [ adc_in_V_last_V]:  wired=1; compound=1; hidden=0; nouse=0; global=0; static=0; extern=0; dir=0; type=0; pingpong=0; private_global=0; IO mode=axis:ce=0
Port [ ram_buffer]:  wired=1; compound=0; hidden=0; nouse=0; global=0; static=0; extern=0; dir=0; type=0; pingpong=0; private_global=0; IO mode=ap_none:ce=0
Port [ max_samples]:  wired=1; compound=0; hidden=0; nouse=0; global=0; static=0; extern=0; dir=0; type=0; pingpong=0; private_global=0; IO mode=ap_none:ce=0
Port [ en_logging]:  wired=1; compound=0; hidden=0; nouse=0; global=0; static=0; extern=0; dir=0; type=0; pingpong=0; private_global=0; IO mode=ap_none:ce=0
Port [ error_accum]:  wired=0; compound=0; hidden=1; nouse=0; global=1; static=1; extern=0; dir=2; type=0; pingpong=0; private_global=1; IO mode=ap_ovld:ce=0
Port [ mem_idx]:  wired=0; compound=0; hidden=1; nouse=0; global=1; static=1; extern=0; dir=2; type=0; pingpong=0; private_global=1; IO mode=ap_ovld:ce=0
Port [ counter]:  wired=0; compound=0; hidden=1; nouse=0; global=1; static=1; extern=0; dir=2; type=0; pingpong=0; private_global=1; IO mode=ap_ovld:ce=0
---------------- STG Properties END ------------------

---------------- Datapath Model BEGIN ----------------

<LifeTime>
<method=bitvector/>
specpipeline_ln16        (specpipeline       ) [ 000000000]
spectopmodule_ln11       (spectopmodule      ) [ 000000000]
specinterface_ln11       (specinterface      ) [ 000000000]
specinterface_ln0        (specinterface      ) [ 000000000]
specbitsmap_ln0          (specbitsmap        ) [ 000000000]
specinterface_ln0        (specinterface      ) [ 000000000]
specbitsmap_ln0          (specbitsmap        ) [ 000000000]
specbitsmap_ln0          (specbitsmap        ) [ 000000000]
specbitsmap_ln0          (specbitsmap        ) [ 000000000]
specbitsmap_ln0          (specbitsmap        ) [ 000000000]
specinterface_ln0        (specinterface      ) [ 000000000]
specinterface_ln0        (specinterface      ) [ 000000000]
specbitsmap_ln0          (specbitsmap        ) [ 000000000]
specinterface_ln0        (specinterface      ) [ 000000000]
specinterface_ln0        (specinterface      ) [ 000000000]
specbitsmap_ln0          (specbitsmap        ) [ 000000000]
specinterface_ln0        (specinterface      ) [ 000000000]
specinterface_ln0        (specinterface      ) [ 000000000]
en_logging_read          (read               ) [ 011111111]
max_samples_read         (read               ) [ 000000000]
ram_buffer_read          (read               ) [ 000000000]
empty                    (read               ) [ 000000000]
val_adc_data             (extractvalue       ) [ 000000000]
val_adc1                 (trunc              ) [ 000000000]
specaxissidechannel_ln32 (specaxissidechannel) [ 000000000]
error_accum_load         (load               ) [ 000000000]
mem_idx_load             (load               ) [ 000000000]
br_ln32                  (br                 ) [ 000000000]
store_ln49               (store              ) [ 000000000]
br_ln0                   (br                 ) [ 000000000]
sext_ln33                (sext               ) [ 000000000]
add_ln33                 (add                ) [ 000000000]
counter_load             (load               ) [ 000000000]
icmp_ln35                (icmp               ) [ 011111111]
br_ln35                  (br                 ) [ 000000000]
add_ln46                 (add                ) [ 000000000]
br_ln0                   (br                 ) [ 000000000]
avg_error                (partselect         ) [ 011100000]
icmp_ln38                (icmp               ) [ 011111111]
br_ln38                  (br                 ) [ 000000000]
shl_ln                   (bitconcatenate     ) [ 000000000]
zext_ln39                (zext               ) [ 000000000]
add_ln39                 (add                ) [ 000000000]
trunc_ln                 (partselect         ) [ 000000000]
sext_ln39                (sext               ) [ 000000000]
gmem_addr                (getelementptr      ) [ 011111111]
add_ln40                 (add                ) [ 000000000]
store_ln40               (store              ) [ 000000000]
br_ln45                  (br                 ) [ 000000000]
error_accum_new_0        (phi                ) [ 000000000]
storemerge1              (phi                ) [ 000000000]
store_ln51               (store              ) [ 000000000]
store_ln33               (store              ) [ 000000000]
gmem_addr_req            (writereq           ) [ 000000000]
write_ln39               (write              ) [ 000000000]
gmem_addr_resp           (writeresp          ) [ 000000000]
br_ln41                  (br                 ) [ 000000000]
ret_ln53                 (ret                ) [ 000000000]
</LifeTime>

<model>

<comp_list>
<comp id="0" class="1000" name="gmem">
<pin_list>
<pin id="1" dir="1" index="0" bw="1" slack="0"/>
</pin_list>
<bind>
<StgValue><ssdm name="gmem"/></StgValue>
</bind>
</comp>

<comp id="2" class="1000" name="adc_in_V_data_V">
<pin_list>
<pin id="3" dir="1" index="0" bw="1" slack="0"/>
</pin_list>
<bind>
<StgValue><ssdm name="adc_in_V_data_V"/></StgValue>
</bind>
</comp>

<comp id="4" class="1000" name="adc_in_V_keep_V">
<pin_list>
<pin id="5" dir="1" index="0" bw="1" slack="0"/>
</pin_list>
<bind>
<StgValue><ssdm name="adc_in_V_keep_V"/></StgValue>
</bind>
</comp>

<comp id="6" class="1000" name="adc_in_V_strb_V">
<pin_list>
<pin id="7" dir="1" index="0" bw="1" slack="0"/>
</pin_list>
<bind>
<StgValue><ssdm name="adc_in_V_strb_V"/></StgValue>
</bind>
</comp>

<comp id="8" class="1000" name="adc_in_V_last_V">
<pin_list>
<pin id="9" dir="1" index="0" bw="1" slack="0"/>
</pin_list>
<bind>
<StgValue><ssdm name="adc_in_V_last_V"/></StgValue>
</bind>
</comp>

<comp id="10" class="1000" name="ram_buffer">
<pin_list>
<pin id="11" dir="1" index="0" bw="1" slack="0"/>
</pin_list>
<bind>
<StgValue><ssdm name="ram_buffer"/></StgValue>
</bind>
</comp>

<comp id="12" class="1000" name="max_samples">
<pin_list>
<pin id="13" dir="1" index="0" bw="1" slack="0"/>
</pin_list>
<bind>
<StgValue><ssdm name="max_samples"/></StgValue>
</bind>
</comp>

<comp id="14" class="1000" name="en_logging">
<pin_list>
<pin id="15" dir="1" index="0" bw="1" slack="0"/>
</pin_list>
<bind>
<StgValue><ssdm name="en_logging"/></StgValue>
</bind>
</comp>

<comp id="16" class="1000" name="error_accum">
<pin_list>
<pin id="17" dir="1" index="0" bw="1" slack="0"/>
</pin_list>
<bind>
<StgValue><ssdm name="error_accum"/></StgValue>
</bind>
</comp>

<comp id="18" class="1000" name="mem_idx">
<pin_list>
<pin id="19" dir="1" index="0" bw="1" slack="0"/>
</pin_list>
<bind>
<StgValue><ssdm name="mem_idx"/></StgValue>
</bind>
</comp>

<comp id="20" class="1000" name="counter">
<pin_list>
<pin id="21" dir="1" index="0" bw="1" slack="0"/>
</pin_list>
<bind>
<StgValue><ssdm name="counter"/></StgValue>
</bind>
</comp>

<comp id="22" class="1001" name="const_22">
<pin_list>
<pin id="23" dir="1" index="0" bw="1" slack="2147483647"/>
</pin_list>
<bind>
<StgValue><ssdm name="_ssdm_op_SpecPipeline"/></StgValue>
</bind>
</comp>

<comp id="24" class="1001" name="const_24">
<pin_list>
<pin id="25" dir="1" index="0" bw="1" slack="0"/>
</pin_list>
<bind>
<StgValue><ssdm name=""/></StgValue>
</bind>
</comp>

<comp id="26" class="1001" name="const_26">
<pin_list>
<pin id="27" dir="1" index="0" bw="1" slack="0"/>
</pin_list>
<bind>
<StgValue><ssdm name=""/></StgValue>
</bind>
</comp>

<comp id="28" class="1001" name="const_28">
<pin_list>
<pin id="29" dir="1" index="0" bw="1" slack="2147483647"/>
</pin_list>
<bind>
<StgValue><ssdm name="empty_1"/></StgValue>
</bind>
</comp>

<comp id="30" class="1001" name="const_30">
<pin_list>
<pin id="31" dir="1" index="0" bw="1" slack="2147483647"/>
</pin_list>
<bind>
<StgValue><ssdm name="_ssdm_op_SpecTopModule"/></StgValue>
</bind>
</comp>

<comp id="32" class="1001" name="const_32">
<pin_list>
<pin id="33" dir="1" index="0" bw="1" slack="2147483647"/>
</pin_list>
<bind>
<StgValue><ssdm name="empty_10"/></StgValue>
</bind>
</comp>

<comp id="34" class="1001" name="const_34">
<pin_list>
<pin id="35" dir="1" index="0" bw="1" slack="2147483647"/>
</pin_list>
<bind>
<StgValue><ssdm name="_ssdm_op_SpecInterface"/></StgValue>
</bind>
</comp>

<comp id="36" class="1001" name="const_36">
<pin_list>
<pin id="37" dir="1" index="0" bw="1" slack="2147483647"/>
</pin_list>
<bind>
<StgValue><ssdm name="empty_11"/></StgValue>
</bind>
</comp>

<comp id="38" class="1001" name="const_38">
<pin_list>
<pin id="39" dir="1" index="0" bw="1" slack="2147483647"/>
</pin_list>
<bind>
<StgValue><ssdm name=""/></StgValue>
</bind>
</comp>

<comp id="40" class="1001" name="const_40">
<pin_list>
<pin id="41" dir="1" index="0" bw="1" slack="2147483647"/>
</pin_list>
<bind>
<StgValue><ssdm name="empty_0"/></StgValue>
</bind>
</comp>

<comp id="42" class="1001" name="const_42">
<pin_list>
<pin id="43" dir="1" index="0" bw="1" slack="2147483647"/>
</pin_list>
<bind>
<StgValue><ssdm name=""/></StgValue>
</bind>
</comp>

<comp id="44" class="1001" name="const_44">
<pin_list>
<pin id="45" dir="1" index="0" bw="1" slack="2147483647"/>
</pin_list>
<bind>
<StgValue><ssdm name="empty_2"/></StgValue>
</bind>
</comp>

<comp id="46" class="1001" name="const_46">
<pin_list>
<pin id="47" dir="1" index="0" bw="1" slack="2147483647"/>
</pin_list>
<bind>
<StgValue><ssdm name="empty_3"/></StgValue>
</bind>
</comp>

<comp id="48" class="1001" name="const_48">
<pin_list>
<pin id="49" dir="1" index="0" bw="1" slack="2147483647"/>
</pin_list>
<bind>
<StgValue><ssdm name=""/></StgValue>
</bind>
</comp>

<comp id="50" class="1001" name="const_50">
<pin_list>
<pin id="51" dir="1" index="0" bw="1" slack="2147483647"/>
</pin_list>
<bind>
<StgValue><ssdm name="_ssdm_op_SpecBitsMap"/></StgValue>
</bind>
</comp>

<comp id="52" class="1001" name="const_52">
<pin_list>
<pin id="53" dir="1" index="0" bw="1" slack="2147483647"/>
</pin_list>
<bind>
<StgValue><ssdm name="empty_8"/></StgValue>
</bind>
</comp>

<comp id="54" class="1001" name="const_54">
<pin_list>
<pin id="55" dir="1" index="0" bw="1" slack="2147483647"/>
</pin_list>
<bind>
<StgValue><ssdm name="empty_4"/></StgValue>
</bind>
</comp>

<comp id="56" class="1001" name="const_56">
<pin_list>
<pin id="57" dir="1" index="0" bw="1" slack="2147483647"/>
</pin_list>
<bind>
<StgValue><ssdm name="empty_12"/></StgValue>
</bind>
</comp>

<comp id="58" class="1001" name="const_58">
<pin_list>
<pin id="59" dir="1" index="0" bw="1" slack="2147483647"/>
</pin_list>
<bind>
<StgValue><ssdm name="empty_13"/></StgValue>
</bind>
</comp>

<comp id="60" class="1001" name="const_60">
<pin_list>
<pin id="61" dir="1" index="0" bw="1" slack="2147483647"/>
</pin_list>
<bind>
<StgValue><ssdm name="empty_14"/></StgValue>
</bind>
</comp>

<comp id="62" class="1001" name="const_62">
<pin_list>
<pin id="63" dir="1" index="0" bw="1" slack="2147483647"/>
</pin_list>
<bind>
<StgValue><ssdm name="empty_5"/></StgValue>
</bind>
</comp>

<comp id="64" class="1001" name="const_64">
<pin_list>
<pin id="65" dir="1" index="0" bw="1" slack="2147483647"/>
</pin_list>
<bind>
<StgValue><ssdm name="empty_6"/></StgValue>
</bind>
</comp>

<comp id="66" class="1001" name="const_66">
<pin_list>
<pin id="67" dir="1" index="0" bw="1" slack="2147483647"/>
</pin_list>
<bind>
<StgValue><ssdm name="empty"/></StgValue>
</bind>
</comp>

<comp id="68" class="1001" name="const_68">
<pin_list>
<pin id="69" dir="1" index="0" bw="1" slack="2147483647"/>
</pin_list>
<bind>
<StgValue><ssdm name="empty_7"/></StgValue>
</bind>
</comp>

<comp id="70" class="1001" name="const_70">
<pin_list>
<pin id="71" dir="1" index="0" bw="1" slack="0"/>
</pin_list>
<bind>
<StgValue><ssdm name="_ssdm_op_Read.s_axilite.i1"/></StgValue>
</bind>
</comp>

<comp id="72" class="1001" name="const_72">
<pin_list>
<pin id="73" dir="1" index="0" bw="1" slack="0"/>
</pin_list>
<bind>
<StgValue><ssdm name="_ssdm_op_Read.s_axilite.i32"/></StgValue>
</bind>
</comp>

<comp id="74" class="1001" name="const_74">
<pin_list>
<pin id="75" dir="1" index="0" bw="1" slack="0"/>
</pin_list>
<bind>
<StgValue><ssdm name="_ssdm_op_Read.s_axilite.i64"/></StgValue>
</bind>
</comp>

<comp id="76" class="1001" name="const_76">
<pin_list>
<pin id="77" dir="1" index="0" bw="1" slack="0"/>
</pin_list>
<bind>
<StgValue><ssdm name="_ssdm_op_Read.axis.volatile.i32P0A.i4P0A.i4P0A.i1P0A"/></StgValue>
</bind>
</comp>

<comp id="78" class="1001" name="const_78">
<pin_list>
<pin id="79" dir="1" index="0" bw="1" slack="2147483647"/>
</pin_list>
<bind>
<StgValue><ssdm name="_ssdm_op_SpecAXISSideChannel"/></StgValue>
</bind>
</comp>

<comp id="80" class="1001" name="const_80">
<pin_list>
<pin id="81" dir="1" index="0" bw="1" slack="2147483647"/>
</pin_list>
<bind>
<StgValue><ssdm name=""/></StgValue>
</bind>
</comp>

<comp id="82" class="1001" name="const_82">
<pin_list>
<pin id="83" dir="1" index="0" bw="1" slack="2147483647"/>
</pin_list>
<bind>
<StgValue><ssdm name="empty_9"/></StgValue>
</bind>
</comp>

<comp id="84" class="1001" name="const_84">
<pin_list>
<pin id="85" dir="1" index="0" bw="1" slack="0"/>
</pin_list>
<bind>
<StgValue><ssdm name=""/></StgValue>
</bind>
</comp>

<comp id="86" class="1001" name="const_86">
<pin_list>
<pin id="87" dir="1" index="0" bw="1" slack="0"/>
</pin_list>
<bind>
<StgValue><ssdm name=""/></StgValue>
</bind>
</comp>

<comp id="88" class="1001" name="const_88">
<pin_list>
<pin id="89" dir="1" index="0" bw="1" slack="0"/>
</pin_list>
<bind>
<StgValue><ssdm name="_ssdm_op_PartSelect.i16.i32.i32.i32"/></StgValue>
</bind>
</comp>

<comp id="90" class="1001" name="const_90">
<pin_list>
<pin id="91" dir="1" index="0" bw="1" slack="0"/>
</pin_list>
<bind>
<StgValue><ssdm name=""/></StgValue>
</bind>
</comp>

<comp id="92" class="1001" name="const_92">
<pin_list>
<pin id="93" dir="1" index="0" bw="1" slack="0"/>
</pin_list>
<bind>
<StgValue><ssdm name=""/></StgValue>
</bind>
</comp>

<comp id="94" class="1001" name="const_94">
<pin_list>
<pin id="95" dir="1" index="0" bw="1" slack="0"/>
</pin_list>
<bind>
<StgValue><ssdm name="_ssdm_op_BitConcatenate.i33.i32.i1"/></StgValue>
</bind>
</comp>

<comp id="96" class="1001" name="const_96">
<pin_list>
<pin id="97" dir="1" index="0" bw="1" slack="0"/>
</pin_list>
<bind>
<StgValue><ssdm name=""/></StgValue>
</bind>
</comp>

<comp id="98" class="1001" name="const_98">
<pin_list>
<pin id="99" dir="1" index="0" bw="1" slack="0"/>
</pin_list>
<bind>
<StgValue><ssdm name="_ssdm_op_PartSelect.i63.i64.i32.i32"/></StgValue>
</bind>
</comp>

<comp id="100" class="1001" name="const_100">
<pin_list>
<pin id="101" dir="1" index="0" bw="1" slack="0"/>
</pin_list>
<bind>
<StgValue><ssdm name=""/></StgValue>
</bind>
</comp>

<comp id="102" class="1001" name="const_102">
<pin_list>
<pin id="103" dir="1" index="0" bw="1" slack="0"/>
</pin_list>
<bind>
<StgValue><ssdm name=""/></StgValue>
</bind>
</comp>

<comp id="104" class="1001" name="const_104">
<pin_list>
<pin id="105" dir="1" index="0" bw="1" slack="0"/>
</pin_list>
<bind>
<StgValue><ssdm name="_ssdm_op_WriteReq.m_axi.i16P1A"/></StgValue>
</bind>
</comp>

<comp id="106" class="1001" name="const_106">
<pin_list>
<pin id="107" dir="1" index="0" bw="1" slack="0"/>
</pin_list>
<bind>
<StgValue><ssdm name=""/></StgValue>
</bind>
</comp>

<comp id="108" class="1001" name="const_108">
<pin_list>
<pin id="109" dir="1" index="0" bw="1" slack="0"/>
</pin_list>
<bind>
<StgValue><ssdm name="_ssdm_op_Write.m_axi.i16P1A"/></StgValue>
</bind>
</comp>

<comp id="110" class="1001" name="const_110">
<pin_list>
<pin id="111" dir="1" index="0" bw="1" slack="0"/>
</pin_list>
<bind>
<StgValue><ssdm name=""/></StgValue>
</bind>
</comp>

<comp id="112" class="1001" name="const_112">
<pin_list>
<pin id="113" dir="1" index="0" bw="1" slack="0"/>
</pin_list>
<bind>
<StgValue><ssdm name="_ssdm_op_WriteResp.m_axi.i16P1A"/></StgValue>
</bind>
</comp>

<comp id="114" class="1004" name="en_logging_read_read_fu_114">
<pin_list>
<pin id="115" dir="0" index="0" bw="1" slack="0"/>
<pin id="116" dir="0" index="1" bw="1" slack="0"/>
<pin id="117" dir="1" index="2" bw="1" slack="1"/>
</pin_list>
<bind>
<opcode="read(1150) " fcode="read"/>
<opset="en_logging_read/1 "/>
</bind>
</comp>

<comp id="120" class="1004" name="max_samples_read_read_fu_120">
<pin_list>
<pin id="121" dir="0" index="0" bw="32" slack="0"/>
<pin id="122" dir="0" index="1" bw="32" slack="0"/>
<pin id="123" dir="1" index="2" bw="32" slack="0"/>
</pin_list>
<bind>
<opcode="read(1150) " fcode="read"/>
<opset="max_samples_read/1 "/>
</bind>
</comp>

<comp id="126" class="1004" name="ram_buffer_read_read_fu_126">
<pin_list>
<pin id="127" dir="0" index="0" bw="64" slack="0"/>
<pin id="128" dir="0" index="1" bw="64" slack="0"/>
<pin id="129" dir="1" index="2" bw="64" slack="0"/>
</pin_list>
<bind>
<opcode="read(1150) " fcode="read"/>
<opset="ram_buffer_read/1 "/>
</bind>
</comp>

<comp id="132" class="1004" name="empty_read_fu_132">
<pin_list>
<pin id="133" dir="0" index="0" bw="41" slack="0"/>
<pin id="134" dir="0" index="1" bw="32" slack="0"/>
<pin id="135" dir="0" index="2" bw="4" slack="0"/>
<pin id="136" dir="0" index="3" bw="4" slack="0"/>
<pin id="137" dir="0" index="4" bw="1" slack="0"/>
<pin id="138" dir="1" index="5" bw="41" slack="0"/>
</pin_list>
<bind>
<opcode="read(1150) " fcode="read"/>
<opset="empty/1 "/>
</bind>
</comp>

<comp id="144" class="1004" name="grp_writeresp_fu_144">
<pin_list>
<pin id="145" dir="0" index="0" bw="1" slack="0"/>
<pin id="146" dir="0" index="1" bw="16" slack="1"/>
<pin id="147" dir="0" index="2" bw="1" slack="0"/>
<pin id="148" dir="1" index="3" bw="1" slack="2147483647"/>
</pin_list>
<bind>
<opcode="writereq(1155) writeresp(1158) " fcode="writeresp"/>
<opset="gmem_addr_req/2 gmem_addr_resp/4 "/>
</bind>
</comp>

<comp id="151" class="1004" name="write_ln39_write_fu_151">
<pin_list>
<pin id="152" dir="0" index="0" bw="0" slack="0"/>
<pin id="153" dir="0" index="1" bw="16" slack="2"/>
<pin id="154" dir="0" index="2" bw="16" slack="2"/>
<pin id="155" dir="0" index="3" bw="1" slack="0"/>
<pin id="156" dir="1" index="4" bw="0" slack="2147483647"/>
</pin_list>
<bind>
<opcode="write(1151) " fcode="write"/>
<opset="write_ln39/3 "/>
</bind>
</comp>

<comp id="160" class="1005" name="error_accum_new_0_reg_160">
<pin_list>
<pin id="161" dir="0" index="0" bw="32" slack="2147483647"/>
<pin id="162" dir="1" index="1" bw="32" slack="2147483647"/>
</pin_list>
<bind>
<opset="error_accum_new_0 (phireg) "/>
</bind>
</comp>

<comp id="163" class="1004" name="error_accum_new_0_phi_fu_163">
<pin_list>
<pin id="164" dir="0" index="0" bw="1" slack="0"/>
<pin id="165" dir="0" index="1" bw="0" slack="2147483647"/>
<pin id="166" dir="0" index="2" bw="32" slack="0"/>
<pin id="167" dir="0" index="3" bw="0" slack="2147483647"/>
<pin id="168" dir="0" index="4" bw="1" slack="0"/>
<pin id="169" dir="0" index="5" bw="0" slack="2147483647"/>
<pin id="170" dir="1" index="6" bw="32" slack="0"/>
</pin_list>
<bind>
<opcode="phi(47) " fcode="phi"/>
<opset="error_accum_new_0/1 "/>
</bind>
</comp>

<comp id="173" class="1005" name="storemerge1_reg_173">
<pin_list>
<pin id="174" dir="0" index="0" bw="11" slack="2147483647"/>
<pin id="175" dir="1" index="1" bw="11" slack="2147483647"/>
</pin_list>
<bind>
<opset="storemerge1 (phireg) "/>
</bind>
</comp>

<comp id="176" class="1004" name="storemerge1_phi_fu_176">
<pin_list>
<pin id="177" dir="0" index="0" bw="1" slack="0"/>
<pin id="178" dir="0" index="1" bw="0" slack="2147483647"/>
<pin id="179" dir="0" index="2" bw="11" slack="0"/>
<pin id="180" dir="0" index="3" bw="0" slack="2147483647"/>
<pin id="181" dir="0" index="4" bw="1" slack="0"/>
<pin id="182" dir="0" index="5" bw="0" slack="2147483647"/>
<pin id="183" dir="1" index="6" bw="11" slack="0"/>
</pin_list>
<bind>
<opcode="phi(47) " fcode="phi"/>
<opset="storemerge1/1 "/>
</bind>
</comp>

<comp id="186" class="1004" name="val_adc_data_fu_186">
<pin_list>
<pin id="187" dir="0" index="0" bw="41" slack="0"/>
<pin id="188" dir="1" index="1" bw="32" slack="0"/>
</pin_list>
<bind>
<opcode="extractvalue(56) " fcode="extractvalue"/>
<opset="val_adc_data/1 "/>
</bind>
</comp>

<comp id="190" class="1004" name="val_adc1_fu_190">
<pin_list>
<pin id="191" dir="0" index="0" bw="32" slack="0"/>
<pin id="192" dir="1" index="1" bw="16" slack="0"/>
</pin_list>
<bind>
<opcode="trunc(33) " fcode="trunc"/>
<opset="val_adc1/1 "/>
</bind>
</comp>

<comp id="194" class="1004" name="error_accum_load_load_fu_194">
<pin_list>
<pin id="195" dir="0" index="0" bw="32" slack="0"/>
<pin id="196" dir="1" index="1" bw="32" slack="0"/>
</pin_list>
<bind>
<opcode="load(27) " fcode="load"/>
<opset="error_accum_load/1 "/>
</bind>
</comp>

<comp id="198" class="1004" name="mem_idx_load_load_fu_198">
<pin_list>
<pin id="199" dir="0" index="0" bw="32" slack="0"/>
<pin id="200" dir="1" index="1" bw="32" slack="0"/>
</pin_list>
<bind>
<opcode="load(27) " fcode="load"/>
<opset="mem_idx_load/1 "/>
</bind>
</comp>

<comp id="202" class="1004" name="store_ln49_store_fu_202">
<pin_list>
<pin id="203" dir="0" index="0" bw="1" slack="0"/>
<pin id="204" dir="0" index="1" bw="32" slack="0"/>
<pin id="205" dir="1" index="2" bw="0" slack="2147483647"/>
</pin_list>
<bind>
<opcode="store(28) " fcode="store"/>
<opset="store_ln49/1 "/>
</bind>
</comp>

<comp id="208" class="1004" name="sext_ln33_fu_208">
<pin_list>
<pin id="209" dir="0" index="0" bw="16" slack="0"/>
<pin id="210" dir="1" index="1" bw="32" slack="0"/>
</pin_list>
<bind>
<opcode="sext(35) " fcode="sext"/>
<opset="sext_ln33/1 "/>
</bind>
</comp>

<comp id="212" class="1004" name="add_ln33_fu_212">
<pin_list>
<pin id="213" dir="0" index="0" bw="32" slack="0"/>
<pin id="214" dir="0" index="1" bw="16" slack="0"/>
<pin id="215" dir="1" index="2" bw="32" slack="0"/>
</pin_list>
<bind>
<opcode="add(8) " fcode="add"/>
<opset="add_ln33/1 "/>
</bind>
</comp>

<comp id="219" class="1004" name="counter_load_load_fu_219">
<pin_list>
<pin id="220" dir="0" index="0" bw="11" slack="0"/>
<pin id="221" dir="1" index="1" bw="11" slack="0"/>
</pin_list>
<bind>
<opcode="load(27) " fcode="load"/>
<opset="counter_load/1 "/>
</bind>
</comp>

<comp id="223" class="1004" name="icmp_ln35_fu_223">
<pin_list>
<pin id="224" dir="0" index="0" bw="11" slack="0"/>
<pin id="225" dir="0" index="1" bw="11" slack="0"/>
<pin id="226" dir="1" index="2" bw="1" slack="1"/>
</pin_list>
<bind>
<opcode="icmp(45) " fcode="icmp"/>
<opset="icmp_ln35/1 "/>
</bind>
</comp>

<comp id="229" class="1004" name="add_ln46_fu_229">
<pin_list>
<pin id="230" dir="0" index="0" bw="11" slack="0"/>
<pin id="231" dir="0" index="1" bw="1" slack="0"/>
<pin id="232" dir="1" index="2" bw="11" slack="0"/>
</pin_list>
<bind>
<opcode="add(8) " fcode="add"/>
<opset="add_ln46/1 "/>
</bind>
</comp>

<comp id="236" class="1004" name="avg_error_fu_236">
<pin_list>
<pin id="237" dir="0" index="0" bw="16" slack="0"/>
<pin id="238" dir="0" index="1" bw="32" slack="0"/>
<pin id="239" dir="0" index="2" bw="5" slack="0"/>
<pin id="240" dir="0" index="3" bw="6" slack="0"/>
<pin id="241" dir="1" index="4" bw="16" slack="2"/>
</pin_list>
<bind>
<opcode="partselect(1002) " fcode="partselect"/>
<opset="avg_error/1 "/>
</bind>
</comp>

<comp id="246" class="1004" name="icmp_ln38_fu_246">
<pin_list>
<pin id="247" dir="0" index="0" bw="32" slack="0"/>
<pin id="248" dir="0" index="1" bw="32" slack="0"/>
<pin id="249" dir="1" index="2" bw="1" slack="1"/>
</pin_list>
<bind>
<opcode="icmp(45) " fcode="icmp"/>
<opset="icmp_ln38/1 "/>
</bind>
</comp>

<comp id="252" class="1004" name="shl_ln_fu_252">
<pin_list>
<pin id="253" dir="0" index="0" bw="33" slack="0"/>
<pin id="254" dir="0" index="1" bw="32" slack="0"/>
<pin id="255" dir="0" index="2" bw="1" slack="0"/>
<pin id="256" dir="1" index="3" bw="33" slack="0"/>
</pin_list>
<bind>
<opcode="bitconcatenate(1004) " fcode="bitconcatenate"/>
<opset="shl_ln/1 "/>
</bind>
</comp>

<comp id="260" class="1004" name="zext_ln39_fu_260">
<pin_list>
<pin id="261" dir="0" index="0" bw="33" slack="0"/>
<pin id="262" dir="1" index="1" bw="64" slack="0"/>
</pin_list>
<bind>
<opcode="zext(34) " fcode="zext"/>
<opset="zext_ln39/1 "/>
</bind>
</comp>

<comp id="264" class="1004" name="add_ln39_fu_264">
<pin_list>
<pin id="265" dir="0" index="0" bw="33" slack="0"/>
<pin id="266" dir="0" index="1" bw="64" slack="0"/>
<pin id="267" dir="1" index="2" bw="64" slack="0"/>
</pin_list>
<bind>
<opcode="add(8) " fcode="add"/>
<opset="add_ln39/1 "/>
</bind>
</comp>

<comp id="270" class="1004" name="trunc_ln_fu_270">
<pin_list>
<pin id="271" dir="0" index="0" bw="63" slack="0"/>
<pin id="272" dir="0" index="1" bw="64" slack="0"/>
<pin id="273" dir="0" index="2" bw="1" slack="0"/>
<pin id="274" dir="0" index="3" bw="7" slack="0"/>
<pin id="275" dir="1" index="4" bw="63" slack="0"/>
</pin_list>
<bind>
<opcode="partselect(1002) " fcode="partselect"/>
<opset="trunc_ln/1 "/>
</bind>
</comp>

<comp id="280" class="1004" name="sext_ln39_fu_280">
<pin_list>
<pin id="281" dir="0" index="0" bw="63" slack="0"/>
<pin id="282" dir="1" index="1" bw="64" slack="0"/>
</pin_list>
<bind>
<opcode="sext(35) " fcode="sext"/>
<opset="sext_ln39/1 "/>
</bind>
</comp>

<comp id="284" class="1004" name="gmem_addr_fu_284">
<pin_list>
<pin id="285" dir="0" index="0" bw="64" slack="0"/>
<pin id="286" dir="0" index="1" bw="64" slack="0"/>
<pin id="287" dir="1" index="2" bw="64" slack="1"/>
</pin_list>
<bind>
<opcode="getelementptr(29) " fcode="getelementptr"/>
<opset="gmem_addr/1 "/>
</bind>
</comp>

<comp id="290" class="1004" name="add_ln40_fu_290">
<pin_list>
<pin id="291" dir="0" index="0" bw="32" slack="0"/>
<pin id="292" dir="0" index="1" bw="1" slack="0"/>
<pin id="293" dir="1" index="2" bw="32" slack="0"/>
</pin_list>
<bind>
<opcode="add(8) " fcode="add"/>
<opset="add_ln40/1 "/>
</bind>
</comp>

<comp id="296" class="1004" name="store_ln40_store_fu_296">
<pin_list>
<pin id="297" dir="0" index="0" bw="32" slack="0"/>
<pin id="298" dir="0" index="1" bw="32" slack="0"/>
<pin id="299" dir="1" index="2" bw="0" slack="2147483647"/>
</pin_list>
<bind>
<opcode="store(28) " fcode="store"/>
<opset="store_ln40/1 "/>
</bind>
</comp>

<comp id="302" class="1004" name="store_ln51_store_fu_302">
<pin_list>
<pin id="303" dir="0" index="0" bw="11" slack="0"/>
<pin id="304" dir="0" index="1" bw="11" slack="0"/>
<pin id="305" dir="1" index="2" bw="0" slack="2147483647"/>
</pin_list>
<bind>
<opcode="store(28) " fcode="store"/>
<opset="store_ln51/1 "/>
</bind>
</comp>

<comp id="308" class="1004" name="store_ln33_store_fu_308">
<pin_list>
<pin id="309" dir="0" index="0" bw="32" slack="0"/>
<pin id="310" dir="0" index="1" bw="32" slack="0"/>
<pin id="311" dir="1" index="2" bw="0" slack="2147483647"/>
</pin_list>
<bind>
<opcode="store(28) " fcode="store"/>
<opset="store_ln33/1 "/>
</bind>
</comp>

<comp id="314" class="1005" name="en_logging_read_reg_314">
<pin_list>
<pin id="315" dir="0" index="0" bw="1" slack="1"/>
<pin id="316" dir="1" index="1" bw="1" slack="2147483647"/>
</pin_list>
<bind>
<opset="en_logging_read "/>
</bind>
</comp>

<comp id="318" class="1005" name="icmp_ln35_reg_318">
<pin_list>
<pin id="319" dir="0" index="0" bw="1" slack="1"/>
<pin id="320" dir="1" index="1" bw="1" slack="2147483647"/>
</pin_list>
<bind>
<opset="icmp_ln35 "/>
</bind>
</comp>

<comp id="322" class="1005" name="avg_error_reg_322">
<pin_list>
<pin id="323" dir="0" index="0" bw="16" slack="2"/>
<pin id="324" dir="1" index="1" bw="16" slack="2"/>
</pin_list>
<bind>
<opset="avg_error "/>
</bind>
</comp>

<comp id="327" class="1005" name="icmp_ln38_reg_327">
<pin_list>
<pin id="328" dir="0" index="0" bw="1" slack="1"/>
<pin id="329" dir="1" index="1" bw="1" slack="2147483647"/>
</pin_list>
<bind>
<opset="icmp_ln38 "/>
</bind>
</comp>

<comp id="331" class="1005" name="gmem_addr_reg_331">
<pin_list>
<pin id="332" dir="0" index="0" bw="16" slack="1"/>
<pin id="333" dir="1" index="1" bw="16" slack="1"/>
</pin_list>
<bind>
<opset="gmem_addr "/>
</bind>
</comp>

</comp_list>

<net_list>
<net id="118"><net_src comp="70" pin="0"/><net_sink comp="114" pin=0"/></net>

<net id="119"><net_src comp="14" pin="0"/><net_sink comp="114" pin=1"/></net>

<net id="124"><net_src comp="72" pin="0"/><net_sink comp="120" pin=0"/></net>

<net id="125"><net_src comp="12" pin="0"/><net_sink comp="120" pin=1"/></net>

<net id="130"><net_src comp="74" pin="0"/><net_sink comp="126" pin=0"/></net>

<net id="131"><net_src comp="10" pin="0"/><net_sink comp="126" pin=1"/></net>

<net id="139"><net_src comp="76" pin="0"/><net_sink comp="132" pin=0"/></net>

<net id="140"><net_src comp="2" pin="0"/><net_sink comp="132" pin=1"/></net>

<net id="141"><net_src comp="4" pin="0"/><net_sink comp="132" pin=2"/></net>

<net id="142"><net_src comp="6" pin="0"/><net_sink comp="132" pin=3"/></net>

<net id="143"><net_src comp="8" pin="0"/><net_sink comp="132" pin=4"/></net>

<net id="149"><net_src comp="104" pin="0"/><net_sink comp="144" pin=0"/></net>

<net id="150"><net_src comp="106" pin="0"/><net_sink comp="144" pin=2"/></net>

<net id="157"><net_src comp="108" pin="0"/><net_sink comp="151" pin=0"/></net>

<net id="158"><net_src comp="110" pin="0"/><net_sink comp="151" pin=3"/></net>

<net id="159"><net_src comp="112" pin="0"/><net_sink comp="144" pin=0"/></net>

<net id="171"><net_src comp="26" pin="0"/><net_sink comp="163" pin=0"/></net>

<net id="172"><net_src comp="26" pin="0"/><net_sink comp="163" pin=4"/></net>

<net id="184"><net_src comp="102" pin="0"/><net_sink comp="176" pin=0"/></net>

<net id="185"><net_src comp="102" pin="0"/><net_sink comp="176" pin=4"/></net>

<net id="189"><net_src comp="132" pin="5"/><net_sink comp="186" pin=0"/></net>

<net id="193"><net_src comp="186" pin="1"/><net_sink comp="190" pin=0"/></net>

<net id="197"><net_src comp="16" pin="0"/><net_sink comp="194" pin=0"/></net>

<net id="201"><net_src comp="18" pin="0"/><net_sink comp="198" pin=0"/></net>

<net id="206"><net_src comp="26" pin="0"/><net_sink comp="202" pin=0"/></net>

<net id="207"><net_src comp="18" pin="0"/><net_sink comp="202" pin=1"/></net>

<net id="211"><net_src comp="190" pin="1"/><net_sink comp="208" pin=0"/></net>

<net id="216"><net_src comp="194" pin="1"/><net_sink comp="212" pin=0"/></net>

<net id="217"><net_src comp="208" pin="1"/><net_sink comp="212" pin=1"/></net>

<net id="218"><net_src comp="212" pin="2"/><net_sink comp="163" pin=2"/></net>

<net id="222"><net_src comp="20" pin="0"/><net_sink comp="219" pin=0"/></net>

<net id="227"><net_src comp="219" pin="1"/><net_sink comp="223" pin=0"/></net>

<net id="228"><net_src comp="84" pin="0"/><net_sink comp="223" pin=1"/></net>

<net id="233"><net_src comp="219" pin="1"/><net_sink comp="229" pin=0"/></net>

<net id="234"><net_src comp="86" pin="0"/><net_sink comp="229" pin=1"/></net>

<net id="235"><net_src comp="229" pin="2"/><net_sink comp="176" pin=2"/></net>

<net id="242"><net_src comp="88" pin="0"/><net_sink comp="236" pin=0"/></net>

<net id="243"><net_src comp="212" pin="2"/><net_sink comp="236" pin=1"/></net>

<net id="244"><net_src comp="90" pin="0"/><net_sink comp="236" pin=2"/></net>

<net id="245"><net_src comp="92" pin="0"/><net_sink comp="236" pin=3"/></net>

<net id="250"><net_src comp="198" pin="1"/><net_sink comp="246" pin=0"/></net>

<net id="251"><net_src comp="120" pin="2"/><net_sink comp="246" pin=1"/></net>

<net id="257"><net_src comp="94" pin="0"/><net_sink comp="252" pin=0"/></net>

<net id="258"><net_src comp="198" pin="1"/><net_sink comp="252" pin=1"/></net>

<net id="259"><net_src comp="96" pin="0"/><net_sink comp="252" pin=2"/></net>

<net id="263"><net_src comp="252" pin="3"/><net_sink comp="260" pin=0"/></net>

<net id="268"><net_src comp="260" pin="1"/><net_sink comp="264" pin=0"/></net>

<net id="269"><net_src comp="126" pin="2"/><net_sink comp="264" pin=1"/></net>

<net id="276"><net_src comp="98" pin="0"/><net_sink comp="270" pin=0"/></net>

<net id="277"><net_src comp="264" pin="2"/><net_sink comp="270" pin=1"/></net>

<net id="278"><net_src comp="24" pin="0"/><net_sink comp="270" pin=2"/></net>

<net id="279"><net_src comp="100" pin="0"/><net_sink comp="270" pin=3"/></net>

<net id="283"><net_src comp="270" pin="4"/><net_sink comp="280" pin=0"/></net>

<net id="288"><net_src comp="0" pin="0"/><net_sink comp="284" pin=0"/></net>

<net id="289"><net_src comp="280" pin="1"/><net_sink comp="284" pin=1"/></net>

<net id="294"><net_src comp="198" pin="1"/><net_sink comp="290" pin=0"/></net>

<net id="295"><net_src comp="24" pin="0"/><net_sink comp="290" pin=1"/></net>

<net id="300"><net_src comp="290" pin="2"/><net_sink comp="296" pin=0"/></net>

<net id="301"><net_src comp="18" pin="0"/><net_sink comp="296" pin=1"/></net>

<net id="306"><net_src comp="176" pin="6"/><net_sink comp="302" pin=0"/></net>

<net id="307"><net_src comp="20" pin="0"/><net_sink comp="302" pin=1"/></net>

<net id="312"><net_src comp="163" pin="6"/><net_sink comp="308" pin=0"/></net>

<net id="313"><net_src comp="16" pin="0"/><net_sink comp="308" pin=1"/></net>

<net id="317"><net_src comp="114" pin="2"/><net_sink comp="314" pin=0"/></net>

<net id="321"><net_src comp="223" pin="2"/><net_sink comp="318" pin=0"/></net>

<net id="325"><net_src comp="236" pin="4"/><net_sink comp="322" pin=0"/></net>

<net id="326"><net_src comp="322" pin="1"/><net_sink comp="151" pin=2"/></net>

<net id="330"><net_src comp="246" pin="2"/><net_sink comp="327" pin=0"/></net>

<net id="334"><net_src comp="284" pin="2"/><net_sink comp="331" pin=0"/></net>

<net id="335"><net_src comp="331" pin="1"/><net_sink comp="144" pin=1"/></net>

<net id="336"><net_src comp="331" pin="1"/><net_sink comp="151" pin=1"/></net>

</net_list>

</model> 
---------------- Datapath Model END ------------------

* FSMD analyzer results:
  - Output states:
	Port: gmem | {2 3 4 5 6 7 8 }
	Port: error_accum | {1 }
	Port: mem_idx | {1 }
	Port: counter | {1 }
 - Input state : 
	Port: PSDMonitorTop : adc_in_V_data_V | {1 }
	Port: PSDMonitorTop : adc_in_V_keep_V | {1 }
	Port: PSDMonitorTop : adc_in_V_strb_V | {1 }
	Port: PSDMonitorTop : adc_in_V_last_V | {1 }
	Port: PSDMonitorTop : ram_buffer | {1 }
	Port: PSDMonitorTop : max_samples | {1 }
	Port: PSDMonitorTop : en_logging | {1 }
	Port: PSDMonitorTop : error_accum | {1 }
	Port: PSDMonitorTop : mem_idx | {1 }
	Port: PSDMonitorTop : counter | {1 }
  - Chain level:
	State 1
		val_adc1 : 1
		sext_ln33 : 2
		add_ln33 : 3
		icmp_ln35 : 1
		br_ln35 : 2
		add_ln46 : 1
		avg_error : 4
		icmp_ln38 : 1
		br_ln38 : 2
		shl_ln : 1
		zext_ln39 : 2
		add_ln39 : 3
		trunc_ln : 4
		sext_ln39 : 5
		gmem_addr : 6
		add_ln40 : 1
		store_ln40 : 2
		error_accum_new_0 : 4
		storemerge1 : 2
		store_ln51 : 3
		store_ln33 : 5
	State 2
	State 3
	State 4
	State 5
	State 6
	State 7
	State 8


============================================================
+ Verbose Summary: Datapath Resource usage 
============================================================

* Functional unit list:
|----------|------------------------------|---------|---------|
| Operation|        Functional Unit       |    FF   |   LUT   |
|----------|------------------------------|---------|---------|
|          |        add_ln33_fu_212       |    0    |    39   |
|    add   |        add_ln46_fu_229       |    0    |    12   |
|          |        add_ln39_fu_264       |    0    |    71   |
|          |        add_ln40_fu_290       |    0    |    39   |
|----------|------------------------------|---------|---------|
|   icmp   |       icmp_ln35_fu_223       |    0    |    12   |
|          |       icmp_ln38_fu_246       |    0    |    39   |
|----------|------------------------------|---------|---------|
|          |  en_logging_read_read_fu_114 |    0    |    0    |
|   read   | max_samples_read_read_fu_120 |    0    |    0    |
|          |  ram_buffer_read_read_fu_126 |    0    |    0    |
|          |       empty_read_fu_132      |    0    |    0    |
|----------|------------------------------|---------|---------|
| writeresp|     grp_writeresp_fu_144     |    0    |    0    |
|----------|------------------------------|---------|---------|
|   write  |    write_ln39_write_fu_151   |    0    |    0    |
|----------|------------------------------|---------|---------|
|extractvalue|      val_adc_data_fu_186     |    0    |    0    |
|----------|------------------------------|---------|---------|
|   trunc  |        val_adc1_fu_190       |    0    |    0    |
|----------|------------------------------|---------|---------|
|   sext   |       sext_ln33_fu_208       |    0    |    0    |
|          |       sext_ln39_fu_280       |    0    |    0    |
|----------|------------------------------|---------|---------|
|partselect|       avg_error_fu_236       |    0    |    0    |
|          |        trunc_ln_fu_270       |    0    |    0    |
|----------|------------------------------|---------|---------|
|bitconcatenate|         shl_ln_fu_252        |    0    |    0    |
|----------|------------------------------|---------|---------|
|   zext   |       zext_ln39_fu_260       |    0    |    0    |
|----------|------------------------------|---------|---------|
|   Total  |                              |    0    |   212   |
|----------|------------------------------|---------|---------|

Memories:
N/A

* Register list:
+-------------------------+--------+
|                         |   FF   |
+-------------------------+--------+
|    avg_error_reg_322    |   16   |
| en_logging_read_reg_314 |    1   |
|error_accum_new_0_reg_160|   32   |
|    gmem_addr_reg_331    |   16   |
|    icmp_ln35_reg_318    |    1   |
|    icmp_ln38_reg_327    |    1   |
|   storemerge1_reg_173   |   11   |
+-------------------------+--------+
|          Total          |   78   |
+-------------------------+--------+

* Multiplexer (MUX) list: 
|----------------------|------|------|------|--------||---------|
|         Comp         |  Pin | Size |  BW  | S x BW ||  Delay  |
|----------------------|------|------|------|--------||---------|
| grp_writeresp_fu_144 |  p0  |   2  |   1  |    2   |
|----------------------|------|------|------|--------||---------|
|         Total        |      |      |      |    2   ||  1.588  |
|----------------------|------|------|------|--------||---------|



* Summary:
+-----------+--------+--------+--------+
|           |  Delay |   FF   |   LUT  |
+-----------+--------+--------+--------+
|  Function |    -   |    0   |   212  |
|   Memory  |    -   |    -   |    -   |
|Multiplexer|    1   |    -   |    -   |
|  Register |    -   |   78   |    -   |
+-----------+--------+--------+--------+
|   Total   |    1   |   78   |   212  |
+-----------+--------+--------+--------+
