

================================================================
== Vitis HLS Report for 'PSDMonitorTop_Pipeline_VITIS_LOOP_27_1'
================================================================
* Date:           Mon Apr 20 16:09:49 2026

* Version:        2024.1 (Build 5069499 on May 21 2024)
* Project:        PSDMonitorTop
* Solution:       hls (Vivado IP Flow Target)
* Product family: zynq
* Target device:  xc7z010-clg400-1


================================================================
== Performance Estimates
================================================================
+ Timing: 
    * Summary: 
    +--------+---------+----------+------------+
    |  Clock |  Target | Estimated| Uncertainty|
    +--------+---------+----------+------------+
    |ap_clk  |  8.00 ns|  5.840 ns|     2.16 ns|
    +--------+---------+----------+------------+

+ Latency: 
    * Summary: 
    +---------+---------+----------+----------+-----+-----+-----------------------------------------------+
    |  Latency (cycles) |  Latency (absolute) |  Interval |                    Pipeline                   |
    |   min   |   max   |    min   |    max   | min | max |                      Type                     |
    +---------+---------+----------+----------+-----+-----+-----------------------------------------------+
    |        ?|        ?|         ?|         ?|    0|    0|  loop auto-rewind stp(delay=0 clock cycles(s))|
    +---------+---------+----------+----------+-----+-----+-----------------------------------------------+

    + Detail: 
        * Instance: 
        N/A

        * Loop: 
        +-------------------+---------+---------+----------+-----------+-----------+------+----------+
        |                   |  Latency (cycles) | Iteration|  Initiation Interval  | Trip |          |
        |     Loop Name     |   min   |   max   |  Latency |  achieved |   target  | Count| Pipelined|
        +-------------------+---------+---------+----------+-----------+-----------+------+----------+
        |- VITIS_LOOP_27_1  |        ?|        ?|         9|          1|          1|     ?|       yes|
        +-------------------+---------+---------+----------+-----------+-----------+------+----------+

============================================================
+ Verbose Summary: Synthesis Manager
============================================================
InlineROM: 1
ExposeGlobal: 0
============================================================
+ Verbose Summary: CDFG Model
============================================================
IsTopModel: 0
ResetActiveHigh: 1
IsCombinational: 0
IsDatapathOnly: 0
HasWiredReturn: 1
HasMFsm: 2
HasVarLatency: 1
IsPipeline: 0
IsRtlPipelined: 0
IsInstanceOverlapped: 0
IsDontTouch: 0
HasImplIP: 0
IsGatedGlobalClock: 0

+ Individual pipeline summary: 
  * Pipeline-0: initiation interval (II) = 1, depth = 9


============================================================
+ Verbose Summary: Schedule
============================================================
* Number of FSM states : 9
* Pipeline : 1
  Pipeline-0 : II = 1, D = 9, States = { 1 2 3 4 5 6 7 8 9 }
* Dataflow Pipeline: 0

* FSM state transitions: 
1 --> 2 
2 --> 3 
3 --> 4 
4 --> 5 
5 --> 6 
6 --> 7 
7 --> 8 
8 --> 9 
9 --> 

* FSM state operations: 

State 1 <SV = 0> <Delay = 5.72>
ST_1 : Operation 12 [1/1] (0.00ns)   --->   "%error_accum_loc_0 = alloca i32 1"   --->   Operation 12 'alloca' 'error_accum_loc_0' <Predicate = true> <Delay = 0.00>
ST_1 : Operation 13 [1/1] (0.00ns)   --->   "%mem_idx = alloca i32 1" [PSDMonitor.cpp:27]   --->   Operation 13 'alloca' 'mem_idx' <Predicate = true> <Delay = 0.00>
ST_1 : Operation 14 [1/1] (0.00ns)   --->   "%specaxissidechannel_ln0 = specaxissidechannel void @_ssdm_op_SpecAXISSideChannel, i32 %adc_in_V_data_V, i4 %adc_in_V_keep_V, i4 %adc_in_V_strb_V, i1 0, i1 %adc_in_V_last_V, i1 0, i1 0, void @empty_4"   --->   Operation 14 'specaxissidechannel' 'specaxissidechannel_ln0' <Predicate = true> <Delay = 0.00>
ST_1 : Operation 15 [1/1] (0.00ns)   --->   "%specinterface_ln0 = specinterface void @_ssdm_op_SpecInterface, i1 %adc_in_V_last_V, i4 %adc_in_V_strb_V, i4 %adc_in_V_keep_V, i32 %adc_in_V_data_V, void @empty_7, i32 0, i32 0, void @empty_6, i32 0, i32 0, void @empty_1, void @empty_1, void @empty_1, i32 0, i32 0, i32 0, i32 0, void @empty_1, void @empty_1, i32 4294967295, i32 0, i32 0"   --->   Operation 15 'specinterface' 'specinterface_ln0' <Predicate = true> <Delay = 0.00>
ST_1 : Operation 16 [1/1] (0.00ns)   --->   "%specinterface_ln0 = specinterface void @_ssdm_op_SpecInterface, i16 %gmem, void @empty_0, i32 0, i32 0, void @empty_1, i32 0, i32 2000000, void @empty_2, void @empty_3, void @empty_1, i32 16, i32 16, i32 16, i32 16, void @empty_1, void @empty_1, i32 4294967295, i32 0, i32 0"   --->   Operation 16 'specinterface' 'specinterface_ln0' <Predicate = true> <Delay = 0.00>
ST_1 : Operation 17 [1/1] (0.00ns)   --->   "%ram_buffer_read = read i64 @_ssdm_op_Read.ap_auto.i64, i64 %ram_buffer"   --->   Operation 17 'read' 'ram_buffer_read' <Predicate = true> <Delay = 0.00>
ST_1 : Operation 18 [1/1] (0.00ns)   --->   "%max_samples_read = read i32 @_ssdm_op_Read.ap_auto.i32, i32 %max_samples"   --->   Operation 18 'read' 'max_samples_read' <Predicate = true> <Delay = 0.00>
ST_1 : Operation 19 [1/1] (0.00ns)   --->   "%error_accum_load_read = read i32 @_ssdm_op_Read.ap_auto.i32, i32 %error_accum_load"   --->   Operation 19 'read' 'error_accum_load_read' <Predicate = true> <Delay = 0.00>
ST_1 : Operation 20 [1/1] (1.58ns)   --->   "%store_ln27 = store i32 0, i32 %mem_idx" [PSDMonitor.cpp:27]   --->   Operation 20 'store' 'store_ln27' <Predicate = true> <Delay = 1.58>
ST_1 : Operation 21 [1/1] (1.70ns)   --->   "%store_ln0 = store i32 %error_accum_load_read, i32 %error_accum_loc_0"   --->   Operation 21 'store' 'store_ln0' <Predicate = true> <Delay = 1.70>
ST_1 : Operation 22 [1/1] (1.58ns)   --->   "%br_ln27 = br void %for.cond" [PSDMonitor.cpp:27]   --->   Operation 22 'br' 'br_ln27' <Predicate = true> <Delay = 1.58>
ST_1 : Operation 23 [1/1] (0.00ns)   --->   "%error_accum_flag_0 = phi i1 0, void %newFuncRoot, i1 1, void %if.end13"   --->   Operation 23 'phi' 'error_accum_flag_0' <Predicate = true> <Delay = 0.00>
ST_1 : Operation 24 [1/1] (0.00ns)   --->   "%mem_idx_2 = load i32 %mem_idx" [PSDMonitor.cpp:48]   --->   Operation 24 'load' 'mem_idx_2' <Predicate = true> <Delay = 0.00>
ST_1 : Operation 25 [1/1] (0.00ns)   --->   "%specbitsmap_ln0 = specbitsmap void @_ssdm_op_SpecBitsMap, i16 %gmem"   --->   Operation 25 'specbitsmap' 'specbitsmap_ln0' <Predicate = true> <Delay = 0.00>
ST_1 : Operation 26 [1/1] (2.55ns)   --->   "%icmp_ln27 = icmp_ult  i32 %mem_idx_2, i32 %max_samples_read" [PSDMonitor.cpp:27]   --->   Operation 26 'icmp' 'icmp_ln27' <Predicate = true> <Delay = 2.55> <CoreInst = "Cmp">   --->   Core 9 'Cmp' <Latency = 0> <II = 1> <Delay = 2.55> <FuncUnit> <Opcode : 'seteq' 'setne' 'setle' 'setge' 'setlt' 'setgt'> <InPorts = 2> <OutPorts = 1>
ST_1 : Operation 27 [1/1] (0.00ns)   --->   "%br_ln27 = br i1 %icmp_ln27, void %for.end.exitStub, void %for.body" [PSDMonitor.cpp:27]   --->   Operation 27 'br' 'br_ln27' <Predicate = true> <Delay = 0.00>
ST_1 : Operation 28 [1/1] (0.00ns)   --->   "%specpipeline_ln28 = specpipeline void @_ssdm_op_SpecPipeline, i32 1, i32 0, i32 0, i32 0, void @empty_1" [PSDMonitor.cpp:28]   --->   Operation 28 'specpipeline' 'specpipeline_ln28' <Predicate = (icmp_ln27)> <Delay = 0.00>
ST_1 : Operation 29 [1/1] (0.00ns)   --->   "%specloopname_ln27 = specloopname void @_ssdm_op_SpecLoopName, void @empty_9" [PSDMonitor.cpp:27]   --->   Operation 29 'specloopname' 'specloopname_ln27' <Predicate = (icmp_ln27)> <Delay = 0.00>
ST_1 : Operation 30 [1/1] (0.51ns)   --->   "%empty = nbread i42 @_ssdm_op_NbRead.axis.volatile.i32P0A.i4P0A.i4P0A.i1P0A, i32 %adc_in_V_data_V, i4 %adc_in_V_keep_V, i4 %adc_in_V_strb_V, i1 %adc_in_V_last_V" [PSDMonitor.cpp:33]   --->   Operation 30 'nbread' 'empty' <Predicate = (icmp_ln27)> <Delay = 0.51> <CoreInst = "regslice">   --->   Core 136 'regslice' <Latency = 0> <II = 1> <Delay = 1.86> <Adapter> <Opcode : 'read' 'write'>
ST_1 : Operation 31 [1/1] (0.00ns)   --->   "%p_vld = extractvalue i42 %empty" [PSDMonitor.cpp:33]   --->   Operation 31 'extractvalue' 'p_vld' <Predicate = (icmp_ln27)> <Delay = 0.00>
ST_1 : Operation 32 [1/1] (0.00ns)   --->   "%val_adc_data = extractvalue i42 %empty" [PSDMonitor.cpp:33]   --->   Operation 32 'extractvalue' 'val_adc_data' <Predicate = (icmp_ln27)> <Delay = 0.00>
ST_1 : Operation 33 [1/1] (0.00ns)   --->   "%br_ln33 = br i1 %p_vld, void %if.else, void %if.then" [PSDMonitor.cpp:33]   --->   Operation 33 'br' 'br_ln33' <Predicate = (icmp_ln27)> <Delay = 0.00>
ST_1 : Operation 34 [1/1] (0.00ns)   --->   "%val_adc1 = trunc i32 %val_adc_data" [PSDMonitor.cpp:34]   --->   Operation 34 'trunc' 'val_adc1' <Predicate = (icmp_ln27 & p_vld)> <Delay = 0.00>
ST_1 : Operation 35 [1/1] (0.00ns)   --->   "%counter_load = load i11 %counter" [PSDMonitor.cpp:43]   --->   Operation 35 'load' 'counter_load' <Predicate = (icmp_ln27)> <Delay = 0.00>
ST_1 : Operation 36 [1/1] (1.63ns)   --->   "%icmp_ln43 = icmp_eq  i11 %counter_load, i11 1023" [PSDMonitor.cpp:43]   --->   Operation 36 'icmp' 'icmp_ln43' <Predicate = (icmp_ln27)> <Delay = 1.63> <CoreInst = "Cmp">   --->   Core 9 'Cmp' <Latency = 0> <II = 1> <Delay = 1.63> <FuncUnit> <Opcode : 'seteq' 'setne' 'setle' 'setge' 'setlt' 'setgt'> <InPorts = 2> <OutPorts = 1>
ST_1 : Operation 37 [1/1] (0.00ns)   --->   "%br_ln43 = br i1 %icmp_ln43, void %if.else11, void %if.then7" [PSDMonitor.cpp:43]   --->   Operation 37 'br' 'br_ln43' <Predicate = (icmp_ln27)> <Delay = 0.00>
ST_1 : Operation 38 [1/1] (1.63ns)   --->   "%add_ln54 = add i11 %counter_load, i11 1" [PSDMonitor.cpp:54]   --->   Operation 38 'add' 'add_ln54' <Predicate = (icmp_ln27 & !icmp_ln43)> <Delay = 1.63> <CoreInst = "Adder">   --->   Core 1 'Adder' <Latency = 0> <II = 1> <Delay = 1.63> <FuncUnit> <Opcode : 'add' 'sub'> <InPorts = 2> <OutPorts = 1>
ST_1 : Operation 39 [1/1] (1.58ns)   --->   "%br_ln0 = br void %if.end13"   --->   Operation 39 'br' 'br_ln0' <Predicate = (icmp_ln27 & !icmp_ln43)> <Delay = 1.58>
ST_1 : Operation 40 [1/1] (0.00ns)   --->   "%shl_ln = bitconcatenate i33 @_ssdm_op_BitConcatenate.i33.i32.i1, i32 %mem_idx_2, i1 0" [PSDMonitor.cpp:47]   --->   Operation 40 'bitconcatenate' 'shl_ln' <Predicate = (icmp_ln27 & icmp_ln43)> <Delay = 0.00>
ST_1 : Operation 41 [1/1] (0.00ns)   --->   "%zext_ln47 = zext i33 %shl_ln" [PSDMonitor.cpp:47]   --->   Operation 41 'zext' 'zext_ln47' <Predicate = (icmp_ln27 & icmp_ln43)> <Delay = 0.00>
ST_1 : Operation 42 [1/1] (3.52ns)   --->   "%add_ln47 = add i64 %zext_ln47, i64 %ram_buffer_read" [PSDMonitor.cpp:47]   --->   Operation 42 'add' 'add_ln47' <Predicate = (icmp_ln27 & icmp_ln43)> <Delay = 3.52> <CoreInst = "Adder">   --->   Core 1 'Adder' <Latency = 0> <II = 1> <Delay = 3.52> <FuncUnit> <Opcode : 'add' 'sub'> <InPorts = 2> <OutPorts = 1>
ST_1 : Operation 43 [1/1] (0.00ns)   --->   "%trunc_ln = partselect i63 @_ssdm_op_PartSelect.i63.i64.i32.i32, i64 %add_ln47, i32 1, i32 63" [PSDMonitor.cpp:47]   --->   Operation 43 'partselect' 'trunc_ln' <Predicate = (icmp_ln27 & icmp_ln43)> <Delay = 0.00>
ST_1 : Operation 44 [1/1] (0.00ns)   --->   "%sext_ln47 = sext i63 %trunc_ln" [PSDMonitor.cpp:47]   --->   Operation 44 'sext' 'sext_ln47' <Predicate = (icmp_ln27 & icmp_ln43)> <Delay = 0.00>
ST_1 : Operation 45 [1/1] (0.00ns)   --->   "%gmem_addr = getelementptr i16 %gmem, i64 %sext_ln47" [PSDMonitor.cpp:47]   --->   Operation 45 'getelementptr' 'gmem_addr' <Predicate = (icmp_ln27 & icmp_ln43)> <Delay = 0.00>
ST_1 : Operation 46 [1/1] (2.55ns)   --->   "%mem_idx_3 = add i32 %mem_idx_2, i32 1" [PSDMonitor.cpp:48]   --->   Operation 46 'add' 'mem_idx_3' <Predicate = (icmp_ln27 & icmp_ln43)> <Delay = 2.55> <CoreInst = "Adder">   --->   Core 1 'Adder' <Latency = 0> <II = 1> <Delay = 2.55> <FuncUnit> <Opcode : 'add' 'sub'> <InPorts = 2> <OutPorts = 1>
ST_1 : Operation 47 [1/1] (1.58ns)   --->   "%store_ln27 = store i32 %mem_idx_3, i32 %mem_idx" [PSDMonitor.cpp:27]   --->   Operation 47 'store' 'store_ln27' <Predicate = (icmp_ln27 & icmp_ln43)> <Delay = 1.58>
ST_1 : Operation 48 [1/1] (1.58ns)   --->   "%br_ln53 = br void %if.end13" [PSDMonitor.cpp:53]   --->   Operation 48 'br' 'br_ln53' <Predicate = (icmp_ln27 & icmp_ln43)> <Delay = 1.58>
ST_1 : Operation 49 [1/1] (0.00ns)   --->   "%storemerge = phi i11 0, void %if.then7, i11 %add_ln54, void %if.else11" [PSDMonitor.cpp:54]   --->   Operation 49 'phi' 'storemerge' <Predicate = (icmp_ln27)> <Delay = 0.00>
ST_1 : Operation 50 [1/1] (0.00ns)   --->   "%store_ln52 = store i11 %storemerge, i11 %counter" [PSDMonitor.cpp:52]   --->   Operation 50 'store' 'store_ln52' <Predicate = (icmp_ln27)> <Delay = 0.00>
ST_1 : Operation 51 [1/1] (0.00ns)   --->   "%br_ln27 = br void %for.cond" [PSDMonitor.cpp:27]   --->   Operation 51 'br' 'br_ln27' <Predicate = (icmp_ln27)> <Delay = 0.00>

State 2 <SV = 1> <Delay = 2.07>
ST_2 : Operation 52 [1/1] (0.00ns)   --->   "%val_adc1_1 = load i16 %fake_counter" [PSDMonitor.cpp:37]   --->   Operation 52 'load' 'val_adc1_1' <Predicate = (icmp_ln27 & !p_vld)> <Delay = 0.00>
ST_2 : Operation 53 [1/1] (2.07ns)   --->   "%add_ln38 = add i16 %val_adc1_1, i16 100" [PSDMonitor.cpp:38]   --->   Operation 53 'add' 'add_ln38' <Predicate = (icmp_ln27 & !p_vld)> <Delay = 2.07> <CoreInst = "Adder">   --->   Core 1 'Adder' <Latency = 0> <II = 1> <Delay = 2.07> <FuncUnit> <Opcode : 'add' 'sub'> <InPorts = 2> <OutPorts = 1>
ST_2 : Operation 54 [1/1] (0.00ns)   --->   "%store_ln38 = store i16 %add_ln38, i16 %fake_counter" [PSDMonitor.cpp:38]   --->   Operation 54 'store' 'store_ln38' <Predicate = (icmp_ln27 & !p_vld)> <Delay = 0.00>
ST_2 : Operation 55 [1/1] (1.58ns)   --->   "%br_ln0 = br void %if.end"   --->   Operation 55 'br' 'br_ln0' <Predicate = (icmp_ln27 & !p_vld)> <Delay = 1.58>
ST_2 : Operation 56 [1/1] (1.58ns)   --->   "%br_ln35 = br void %if.end" [PSDMonitor.cpp:35]   --->   Operation 56 'br' 'br_ln35' <Predicate = (icmp_ln27 & p_vld)> <Delay = 1.58>

State 3 <SV = 2> <Delay = 5.84>
ST_3 : Operation 57 [1/1] (0.00ns) (grouped into LUT with out node add_ln41)   --->   "%val_adc1_2 = phi i16 %val_adc1, void %if.then, i16 %val_adc1_1, void %if.else"   --->   Operation 57 'phi' 'val_adc1_2' <Predicate = (icmp_ln27)> <Delay = 0.00>
ST_3 : Operation 58 [1/1] (0.00ns)   --->   "%error_accum_loc_0_load = load i32 %error_accum_loc_0" [PSDMonitor.cpp:41]   --->   Operation 58 'load' 'error_accum_loc_0_load' <Predicate = (icmp_ln27)> <Delay = 0.00>
ST_3 : Operation 59 [1/1] (0.00ns) (grouped into LUT with out node add_ln41)   --->   "%sext_ln41 = sext i16 %val_adc1_2" [PSDMonitor.cpp:41]   --->   Operation 59 'sext' 'sext_ln41' <Predicate = (icmp_ln27)> <Delay = 0.00>
ST_3 : Operation 60 [1/1] (2.55ns) (out node of the LUT)   --->   "%add_ln41 = add i32 %error_accum_loc_0_load, i32 %sext_ln41" [PSDMonitor.cpp:41]   --->   Operation 60 'add' 'add_ln41' <Predicate = (icmp_ln27)> <Delay = 2.55> <CoreInst = "Adder">   --->   Core 1 'Adder' <Latency = 0> <II = 1> <Delay = 2.55> <FuncUnit> <Opcode : 'add' 'sub'> <InPorts = 2> <OutPorts = 1>
ST_3 : Operation 61 [1/1] (1.70ns)   --->   "%store_ln41 = store i32 %add_ln41, i32 %error_accum_loc_0" [PSDMonitor.cpp:41]   --->   Operation 61 'store' 'store_ln41' <Predicate = (icmp_ln27 & !icmp_ln43)> <Delay = 1.70>
ST_3 : Operation 62 [1/1] (0.00ns)   --->   "%avg_error = partselect i16 @_ssdm_op_PartSelect.i16.i32.i32.i32, i32 %add_ln41, i32 10, i32 25" [PSDMonitor.cpp:44]   --->   Operation 62 'partselect' 'avg_error' <Predicate = (icmp_ln27 & icmp_ln43)> <Delay = 0.00>
ST_3 : Operation 63 [1/1] (5.84ns)   --->   "%gmem_addr_req = writereq i1 @_ssdm_op_WriteReq.m_axi.i16P1A, i16 %gmem_addr, i64 1" [PSDMonitor.cpp:47]   --->   Operation 63 'writereq' 'gmem_addr_req' <Predicate = (icmp_ln27 & icmp_ln43)> <Delay = 5.84> <CoreInst = "m_axi">   --->   Core 111 'm_axi' <Latency = 0> <II = 1> <Delay = 1.00> <Adapter> <Opcode : 'read' 'write' 'readreq' 'writereq' 'writeresp'>
ST_3 : Operation 64 [1/1] (1.70ns)   --->   "%store_ln0 = store i32 0, i32 %error_accum_loc_0"   --->   Operation 64 'store' 'store_ln0' <Predicate = (icmp_ln27 & icmp_ln43)> <Delay = 1.70>

State 4 <SV = 3> <Delay = 5.84>
ST_4 : Operation 65 [1/1] (5.84ns)   --->   "%write_ln47 = write void @_ssdm_op_Write.m_axi.i16P1A, i16 %gmem_addr, i16 %avg_error, i2 3" [PSDMonitor.cpp:47]   --->   Operation 65 'write' 'write_ln47' <Predicate = (icmp_ln27 & icmp_ln43)> <Delay = 5.84> <CoreInst = "m_axi">   --->   Core 111 'm_axi' <Latency = 0> <II = 1> <Delay = 1.00> <Adapter> <Opcode : 'read' 'write' 'readreq' 'writereq' 'writeresp'>

State 5 <SV = 4> <Delay = 5.84>
ST_5 : Operation 66 [5/5] (5.84ns)   --->   "%gmem_addr_resp = writeresp i1 @_ssdm_op_WriteResp.m_axi.i16P1A, i16 %gmem_addr" [PSDMonitor.cpp:47]   --->   Operation 66 'writeresp' 'gmem_addr_resp' <Predicate = (icmp_ln27 & icmp_ln43)> <Delay = 5.84> <CoreInst = "m_axi">   --->   Core 111 'm_axi' <Latency = 0> <II = 1> <Delay = 1.00> <Adapter> <Opcode : 'read' 'write' 'readreq' 'writereq' 'writeresp'>

State 6 <SV = 5> <Delay = 5.84>
ST_6 : Operation 67 [4/5] (5.84ns)   --->   "%gmem_addr_resp = writeresp i1 @_ssdm_op_WriteResp.m_axi.i16P1A, i16 %gmem_addr" [PSDMonitor.cpp:47]   --->   Operation 67 'writeresp' 'gmem_addr_resp' <Predicate = (icmp_ln27 & icmp_ln43)> <Delay = 5.84> <CoreInst = "m_axi">   --->   Core 111 'm_axi' <Latency = 0> <II = 1> <Delay = 1.00> <Adapter> <Opcode : 'read' 'write' 'readreq' 'writereq' 'writeresp'>

State 7 <SV = 6> <Delay = 5.84>
ST_7 : Operation 68 [3/5] (5.84ns)   --->   "%gmem_addr_resp = writeresp i1 @_ssdm_op_WriteResp.m_axi.i16P1A, i16 %gmem_addr" [PSDMonitor.cpp:47]   --->   Operation 68 'writeresp' 'gmem_addr_resp' <Predicate = (icmp_ln27 & icmp_ln43)> <Delay = 5.84> <CoreInst = "m_axi">   --->   Core 111 'm_axi' <Latency = 0> <II = 1> <Delay = 1.00> <Adapter> <Opcode : 'read' 'write' 'readreq' 'writereq' 'writeresp'>

State 8 <SV = 7> <Delay = 5.84>
ST_8 : Operation 69 [2/5] (5.84ns)   --->   "%gmem_addr_resp = writeresp i1 @_ssdm_op_WriteResp.m_axi.i16P1A, i16 %gmem_addr" [PSDMonitor.cpp:47]   --->   Operation 69 'writeresp' 'gmem_addr_resp' <Predicate = (icmp_ln27 & icmp_ln43)> <Delay = 5.84> <CoreInst = "m_axi">   --->   Core 111 'm_axi' <Latency = 0> <II = 1> <Delay = 1.00> <Adapter> <Opcode : 'read' 'write' 'readreq' 'writereq' 'writeresp'>
ST_8 : Operation 71 [1/1] (0.00ns)   --->   "%error_accum_loc_0_load_1 = load i32 %error_accum_loc_0"   --->   Operation 71 'load' 'error_accum_loc_0_load_1' <Predicate = (!icmp_ln27)> <Delay = 0.00>
ST_8 : Operation 72 [1/1] (0.00ns)   --->   "%write_ln0 = write void @_ssdm_op_Write.ap_auto.i1P0A, i1 %error_accum_flag_0_out, i1 %error_accum_flag_0"   --->   Operation 72 'write' 'write_ln0' <Predicate = (!icmp_ln27)> <Delay = 0.00>
ST_8 : Operation 73 [1/1] (0.00ns)   --->   "%write_ln0 = write void @_ssdm_op_Write.ap_auto.i32P0A, i32 %error_accum_loc_0_out, i32 %error_accum_loc_0_load_1"   --->   Operation 73 'write' 'write_ln0' <Predicate = (!icmp_ln27)> <Delay = 0.00>
ST_8 : Operation 74 [1/1] (1.58ns)   --->   "%ret_ln0 = ret"   --->   Operation 74 'ret' 'ret_ln0' <Predicate = (!icmp_ln27)> <Delay = 1.58>

State 9 <SV = 8> <Delay = 5.84>
ST_9 : Operation 70 [1/5] (5.84ns)   --->   "%gmem_addr_resp = writeresp i1 @_ssdm_op_WriteResp.m_axi.i16P1A, i16 %gmem_addr" [PSDMonitor.cpp:47]   --->   Operation 70 'writeresp' 'gmem_addr_resp' <Predicate = (icmp_ln27 & icmp_ln43)> <Delay = 5.84> <CoreInst = "m_axi">   --->   Core 111 'm_axi' <Latency = 0> <II = 1> <Delay = 1.00> <Adapter> <Opcode : 'read' 'write' 'readreq' 'writereq' 'writeresp'>


============================================================
+ Verbose Summary: Timing violations
============================================================
Target clock period: 8.000ns, clock uncertainty: 2.160ns.

 <State 1>: 5.728ns
The critical path consists of the following:
	'store' operation 0 bit ('store_ln27', PSDMonitor.cpp:27) of constant 0 on local variable 'mem_idx', PSDMonitor.cpp:27 [21]  (1.588 ns)
	'load' operation 32 bit ('mem_idx', PSDMonitor.cpp:48) on local variable 'mem_idx', PSDMonitor.cpp:27 [26]  (0.000 ns)
	'icmp' operation 1 bit ('icmp_ln27', PSDMonitor.cpp:27) [28]  (2.552 ns)
	multiplexor before 'phi' operation 11 bit ('storemerge', PSDMonitor.cpp:54) with incoming values : ('add_ln54', PSDMonitor.cpp:54) [73]  (1.588 ns)
	'phi' operation 11 bit ('storemerge', PSDMonitor.cpp:54) with incoming values : ('add_ln54', PSDMonitor.cpp:54) [73]  (0.000 ns)

 <State 2>: 2.077ns
The critical path consists of the following:
	'load' operation 16 bit ('val_adc1', PSDMonitor.cpp:37) on static variable 'fake_counter' [38]  (0.000 ns)
	'add' operation 16 bit ('add_ln38', PSDMonitor.cpp:38) [39]  (2.077 ns)

 <State 3>: 5.840ns
The critical path consists of the following:
	bus request operation ('gmem_addr_req', PSDMonitor.cpp:47) on port 'gmem' (PSDMonitor.cpp:47) [65]  (5.840 ns)

 <State 4>: 5.840ns
The critical path consists of the following:
	bus write operation ('write_ln47', PSDMonitor.cpp:47) on port 'gmem' (PSDMonitor.cpp:47) [66]  (5.840 ns)

 <State 5>: 5.840ns
The critical path consists of the following:
	bus response operation ('gmem_addr_resp', PSDMonitor.cpp:47) on port 'gmem' (PSDMonitor.cpp:47) [67]  (5.840 ns)

 <State 6>: 5.840ns
The critical path consists of the following:
	bus response operation ('gmem_addr_resp', PSDMonitor.cpp:47) on port 'gmem' (PSDMonitor.cpp:47) [67]  (5.840 ns)

 <State 7>: 5.840ns
The critical path consists of the following:
	bus response operation ('gmem_addr_resp', PSDMonitor.cpp:47) on port 'gmem' (PSDMonitor.cpp:47) [67]  (5.840 ns)

 <State 8>: 5.840ns
The critical path consists of the following:
	bus response operation ('gmem_addr_resp', PSDMonitor.cpp:47) on port 'gmem' (PSDMonitor.cpp:47) [67]  (5.840 ns)

 <State 9>: 5.840ns
The critical path consists of the following:
	bus response operation ('gmem_addr_resp', PSDMonitor.cpp:47) on port 'gmem' (PSDMonitor.cpp:47) [67]  (5.840 ns)


============================================================
+ Verbose Summary: Binding
============================================================
N/A
* FSMD analyzer results:
  - Output states:
 - Input state : 
  - Chain level:
	State 1
	State 2
	State 3
	State 4
	State 5
	State 6
	State 7
	State 8
	State 9


============================================================
+ Verbose Summary: Datapath Resource usage 
============================================================
N/A
